2025-02-05 10:12:47,375 [INFO] Activator:176 - 


2025-02-05 10:12:47,380 [INFO] Activator:177 - !SESSION log4j initialized
2025-02-05 10:12:50,928 [INFO] LogOutputStream:77 - [STDOUT_REDIRECT] 
2025-02-05 10:12:56,968 [INFO] ApplicationProperties:184 - Using Application install path: C:\ST\STM32CubeIDE_1.13.2\STM32CubeIDE\plugins\com.st.stm32cube.common.mx_6.9.2.202309101412
2025-02-05 10:12:56,983 [INFO] DbMcusXml:78 - Set database path to: C:\ST\STM32CubeIDE_1.13.2\STM32CubeIDE\plugins\com.st.stm32cube.common.mx_6.9.2.202309101412\\db\/mcu/
2025-02-05 10:12:56,983 [INFO] ApiDb:274 - Set plugin database path to: C:\ST\STM32CubeIDE_1.13.2\STM32CubeIDE\plugins\com.st.stm32cube.common.mx_6.9.2.202309101412\\db\/plugins/boardmanager/
2025-02-05 10:12:56,983 [WARN] ApiDb:259 - Overriding images path with different value:  => C:\ST\STM32CubeIDE_1.13.2\STM32CubeIDE\plugins\com.st.stm32cube.common.mx_6.9.2.202309101412\\db\/plugins/mcufinder/images/
2025-02-05 10:12:56,997 [INFO] ApiDb:250 - Set database path to: C:\Users\KkangJun\.stmcufinder\plugins\mcufinder//mcu/
2025-02-05 10:12:56,998 [INFO] DbMcusAds:125 - Set database path to: C:\Users\KkangJun\.stmcufinder\plugins\mcufinder//mcu/
2025-02-05 10:12:57,000 [INFO] CrossReferenceDbSqlite:203 - Set database path to: C:\Users\KkangJun\.stmcufinder\plugins\mcufinder//mcu/cs/
2025-02-05 10:12:57,069 [INFO] RulesReader:64 - Compatibility file has been processed (293 Rules)
2025-02-05 10:12:57,123 [INFO] DbMcusXml:78 - Set database path to: C:\ST\STM32CubeIDE_1.13.2\STM32CubeIDE\plugins\com.st.stm32cube.common.mx_6.9.2.202309101412\\db\/mcu/
2025-02-05 10:12:57,124 [INFO] ApiDb:274 - Set plugin database path to: C:\ST\STM32CubeIDE_1.13.2\STM32CubeIDE\plugins\com.st.stm32cube.common.mx_6.9.2.202309101412\\db\/plugins/boardmanager/
2025-02-05 10:12:57,124 [INFO] ApiDb:261 - Set plugin images path to: C:\ST\STM32CubeIDE_1.13.2\STM32CubeIDE\plugins\com.st.stm32cube.common.mx_6.9.2.202309101412\\db\/plugins/mcufinder/images/
2025-02-05 10:12:57,124 [WARN] DbFile:41 - Overriding database path with different value: C:\Users\KkangJun\.stmcufinder\plugins\mcufinder/ => C:\Users\KkangJun\.stmcufinder\plugins\mcufinder
2025-02-05 10:12:57,124 [INFO] ApiDb:250 - Set database path to: C:\Users\KkangJun\.stmcufinder\plugins\mcufinder//mcu/
2025-02-05 10:12:57,124 [WARN] DbFile:41 - Overriding database path with different value: C:\Users\KkangJun\.stmcufinder\plugins\mcufinder/ => C:\Users\KkangJun\.stmcufinder\plugins\mcufinder
2025-02-05 10:12:57,124 [INFO] DbMcusAds:125 - Set database path to: C:\Users\KkangJun\.stmcufinder\plugins\mcufinder//mcu/
2025-02-05 10:12:57,124 [WARN] DbFile:41 - Overriding database path with different value: C:\Users\KkangJun\.stmcufinder\plugins\mcufinder/ => C:\Users\KkangJun\.stmcufinder\plugins\mcufinder
2025-02-05 10:12:57,124 [WARN] DbFile:41 - Overriding database path with different value: C:\Users\KkangJun\.stmcufinder\plugins\mcufinder/ => C:\Users\KkangJun\.stmcufinder\plugins\mcufinder
2025-02-05 10:12:57,124 [INFO] CrossReferenceDbSqlite:203 - Set database path to: C:\Users\KkangJun\.stmcufinder\plugins\mcufinder//mcu/cs/
2025-02-05 10:12:57,202 [INFO] MainPanel:262 - HeapMemory: 268435456
2025-02-05 10:12:57,339 [INFO] DbMcusXml:78 - Set database path to: C:\ST\STM32CubeIDE_1.13.2\STM32CubeIDE\plugins\com.st.stm32cube.common.mx_6.9.2.202309101412\\db\/mcu/
2025-02-05 10:12:57,339 [INFO] ApiDb:274 - Set plugin database path to: C:\ST\STM32CubeIDE_1.13.2\STM32CubeIDE\plugins\com.st.stm32cube.common.mx_6.9.2.202309101412\\db\/plugins/boardmanager/
2025-02-05 10:12:57,339 [INFO] ApiDb:261 - Set plugin images path to: C:\ST\STM32CubeIDE_1.13.2\STM32CubeIDE\plugins\com.st.stm32cube.common.mx_6.9.2.202309101412\\db\/plugins/mcufinder/images/
2025-02-05 10:12:57,340 [WARN] DbFile:41 - Overriding database path with different value: C:\Users\KkangJun\.stmcufinder\plugins\mcufinder/ => C:\Users\KkangJun\.stmcufinder\plugins\mcufinder
2025-02-05 10:12:57,340 [INFO] ApiDb:250 - Set database path to: C:\Users\KkangJun\.stmcufinder\plugins\mcufinder//mcu/
2025-02-05 10:12:57,340 [WARN] DbFile:41 - Overriding database path with different value: C:\Users\KkangJun\.stmcufinder\plugins\mcufinder/ => C:\Users\KkangJun\.stmcufinder\plugins\mcufinder
2025-02-05 10:12:57,340 [INFO] DbMcusAds:125 - Set database path to: C:\Users\KkangJun\.stmcufinder\plugins\mcufinder//mcu/
2025-02-05 10:12:57,340 [WARN] DbFile:41 - Overriding database path with different value: C:\Users\KkangJun\.stmcufinder\plugins\mcufinder/ => C:\Users\KkangJun\.stmcufinder\plugins\mcufinder
2025-02-05 10:12:57,340 [WARN] DbFile:41 - Overriding database path with different value: C:\Users\KkangJun\.stmcufinder\plugins\mcufinder/ => C:\Users\KkangJun\.stmcufinder\plugins\mcufinder
2025-02-05 10:12:57,340 [INFO] CrossReferenceDbSqlite:203 - Set database path to: C:\Users\KkangJun\.stmcufinder\plugins\mcufinder//mcu/cs/
2025-02-05 10:12:57,356 [INFO] ApplicationProperties:184 - Using Application install path: C:\ST\STM32CubeIDE_1.13.2\STM32CubeIDE\plugins\com.st.stm32cube.common.mx_6.9.2.202309101412
2025-02-05 10:12:57,356 [INFO] PluginManage:196 - Search for loadable plugins [exclusion list=, ]
2025-02-05 10:12:57,358 [INFO] PluginManage:310 - Check plugin analytics
2025-02-05 10:13:02,376 [INFO] AnalyticsPlugin:253 - Accepted Software Licenses: STM32CubeMX.6.12.0
2025-02-05 10:13:02,377 [INFO] AnalyticsPlugin:255 - Accepted CMSIS Pack Licenses: 
2025-02-05 10:13:02,377 [INFO] AnalyticsPlugin:257 - Accepted Firmware Licenses: FW.F4.1.27.0,FW.F4.1.28.0
2025-02-05 10:13:02,378 [INFO] PluginManage:359 - Loaded plugin analytics (category:tool,tabindex:-1)
2025-02-05 10:13:02,379 [INFO] PluginManage:310 - Check plugin cadmodel
2025-02-05 10:13:02,384 [INFO] CADModel:105 - Init CAD model plugin
2025-02-05 10:13:02,384 [INFO] PluginManage:359 - Loaded plugin cadmodel (category:power,tabindex:5)
2025-02-05 10:13:02,384 [INFO] PluginManage:310 - Check plugin clock
2025-02-05 10:13:02,393 [INFO] PluginManage:359 - Loaded plugin clock (category:base,tabindex:2)
2025-02-05 10:13:02,393 [INFO] PluginManage:310 - Check plugin ddr
2025-02-05 10:13:02,395 [INFO] PluginManage:359 - Loaded plugin ddr (category:tool,tabindex:6)
2025-02-05 10:13:02,395 [INFO] PluginManage:310 - Check plugin filemanager
2025-02-05 10:13:02,492 [INFO] PluginManage:359 - Loaded plugin filemanager (category:base,tabindex:10)
2025-02-05 10:13:02,492 [INFO] PluginManage:310 - Check plugin ipmanager
2025-02-05 10:13:02,498 [INFO] PluginManage:359 - Loaded plugin ipmanager (category:base,tabindex:5)
2025-02-05 10:13:02,498 [INFO] PluginManage:310 - Check plugin lpbam
2025-02-05 10:13:02,503 [INFO] PluginManage:359 - Loaded plugin lpbam (category:base,tabindex:0)
2025-02-05 10:13:02,504 [INFO] PluginManage:310 - Check plugin memorymap
2025-02-05 10:13:02,515 [INFO] PluginManage:359 - Loaded plugin memorymap (category:base,tabindex:4)
2025-02-05 10:13:02,515 [INFO] PluginManage:310 - Check plugin pinoutandconfiguration
2025-02-05 10:13:02,522 [INFO] PluginManage:359 - Loaded plugin pinoutandconfiguration (category:base,tabindex:1)
2025-02-05 10:13:02,522 [INFO] PluginManage:310 - Check plugin pinoutconfig
2025-02-05 10:13:02,578 [WARN] SupportedApi:132 - Cannot load RTOS API schema: s4s-elt-must-match.1: The content of 'definitions' must match (annotation?, (simpleType | complexType)?, (unique | key | keyref)*)). A problem was found starting at: attribute.
2025-02-05 10:13:02,672 [INFO] PluginManage:359 - Loaded plugin pinoutconfig (category:base,tabindex:0)
2025-02-05 10:13:02,672 [INFO] PluginManage:310 - Check plugin power
2025-02-05 10:13:02,682 [INFO] PluginManage:359 - Loaded plugin power (category:power,tabindex:4)
2025-02-05 10:13:02,682 [INFO] PluginManage:310 - Check plugin projectmanager
2025-02-05 10:13:02,691 [INFO] PluginManage:359 - Loaded plugin projectmanager (category:projectmanager,tabindex:3)
2025-02-05 10:13:02,692 [INFO] PluginManage:310 - Check plugin thirdparty
2025-02-05 10:13:02,802 [INFO] PluginManage:359 - Loaded plugin thirdparty (category:base,tabindex:-1)
2025-02-05 10:13:02,802 [INFO] PluginManage:310 - Check plugin tools
2025-02-05 10:13:02,802 [WARN] IntegrityCheckThread:84 - waiting for thirdparty lock release [integrity check]
2025-02-05 10:13:02,802 [INFO] IntegrityCheckThread:86 - entering critical section [integrity check]
2025-02-05 10:13:02,802 [INFO] ThirdPartyUpdaterWithRetryManager:70 - Updater plugin not ready yet. [1/15]
2025-02-05 10:13:02,804 [INFO] PluginManage:359 - Loaded plugin tools (category:base,tabindex:7)
2025-02-05 10:13:02,804 [INFO] PluginManage:310 - Check plugin tutovideos
2025-02-05 10:13:02,943 [INFO] PluginManage:359 - Loaded plugin tutovideos (category:base,tabindex:-1)
2025-02-05 10:13:02,943 [INFO] PluginManage:310 - Check plugin updater
2025-02-05 10:13:02,951 [INFO] PluginManage:359 - Loaded plugin updater (category:base,tabindex:12)
2025-02-05 10:13:02,951 [INFO] PluginManage:310 - Check plugin userauth
2025-02-05 10:13:02,955 [INFO] UserAuth:113 - Init User Auth plugin
2025-02-05 10:13:02,955 [INFO] PluginManage:359 - Loaded plugin userauth (category:base,tabindex:14)
2025-02-05 10:13:02,956 [INFO] PluginManage:283 - PluginManage : Loaded plugins [17]
2025-02-05 10:13:03,114 [INFO] PinOutPanel:1499 - setPackage(No Configuration,No Configuration)
2025-02-05 10:13:03,188 [INFO] CADModel:165 - CPN selected for project level
2025-02-05 10:13:03,188 [INFO] CADModel:114 - Register for checkConnection events
2025-02-05 10:13:03,201 [INFO] IPUIPlugin:80 - create IPUIPlugin
2025-02-05 10:13:03,201 [INFO] PluginManager:220 - loadIPPluginJar : add adc
2025-02-05 10:13:03,203 [INFO] IPUIPlugin:80 - create IPUIPlugin
2025-02-05 10:13:03,203 [INFO] PluginManager:220 - loadIPPluginJar : add aes
2025-02-05 10:13:03,205 [INFO] IPUIPlugin:80 - create IPUIPlugin
2025-02-05 10:13:03,205 [INFO] PluginManager:220 - loadIPPluginJar : add can
2025-02-05 10:13:03,206 [INFO] IPUIPlugin:80 - create IPUIPlugin
2025-02-05 10:13:03,206 [INFO] PluginManager:220 - loadIPPluginJar : add comp
2025-02-05 10:13:03,208 [INFO] IPUIPlugin:80 - create IPUIPlugin
2025-02-05 10:13:03,208 [INFO] PluginManager:220 - loadIPPluginJar : add cryp
2025-02-05 10:13:03,210 [INFO] IPUIPlugin:80 - create IPUIPlugin
2025-02-05 10:13:03,210 [INFO] PluginManager:220 - loadIPPluginJar : add dfsdm
2025-02-05 10:13:03,214 [INFO] IPUIPlugin:80 - create IPUIPlugin
2025-02-05 10:13:03,214 [INFO] PluginManager:220 - loadIPPluginJar : add dma
2025-02-05 10:13:03,216 [INFO] IPUIPlugin:80 - create IPUIPlugin
2025-02-05 10:13:03,217 [INFO] PluginManager:220 - loadIPPluginJar : add dma3
2025-02-05 10:13:03,218 [INFO] IPUIPlugin:80 - create IPUIPlugin
2025-02-05 10:13:03,218 [INFO] PluginManager:220 - loadIPPluginJar : add fatfs
2025-02-05 10:13:03,221 [INFO] IPUIPlugin:80 - create IPUIPlugin
2025-02-05 10:13:03,221 [INFO] PluginManager:220 - loadIPPluginJar : add fmc
2025-02-05 10:13:03,225 [INFO] IPUIPlugin:80 - create IPUIPlugin
2025-02-05 10:13:03,226 [INFO] PluginManager:220 - loadIPPluginJar : add freertos
2025-02-05 10:13:03,227 [INFO] IPUIPlugin:80 - create IPUIPlugin
2025-02-05 10:13:03,227 [INFO] PluginManager:220 - loadIPPluginJar : add genericplugin
2025-02-05 10:13:03,229 [INFO] IPUIPlugin:80 - create IPUIPlugin
2025-02-05 10:13:03,229 [INFO] PluginManager:220 - loadIPPluginJar : add gfxmmu
2025-02-05 10:13:03,232 [INFO] IPUIPlugin:80 - create IPUIPlugin
2025-02-05 10:13:03,233 [INFO] PluginManager:220 - loadIPPluginJar : add gic
2025-02-05 10:13:03,236 [INFO] IPUIPlugin:80 - create IPUIPlugin
2025-02-05 10:13:03,236 [INFO] PluginManager:220 - loadIPPluginJar : add gpio
2025-02-05 10:13:03,239 [INFO] IPUIPlugin:80 - create IPUIPlugin
2025-02-05 10:13:03,239 [INFO] PluginManager:220 - loadIPPluginJar : add gtzc
2025-02-05 10:13:03,240 [INFO] IPUIPlugin:80 - create IPUIPlugin
2025-02-05 10:13:03,240 [INFO] PluginManager:220 - loadIPPluginJar : add hash
2025-02-05 10:13:03,243 [INFO] IPUIPlugin:80 - create IPUIPlugin
2025-02-05 10:13:03,243 [INFO] PluginManager:220 - loadIPPluginJar : add i2c
2025-02-05 10:13:03,245 [INFO] IPUIPlugin:80 - create IPUIPlugin
2025-02-05 10:13:03,245 [INFO] PluginManager:220 - loadIPPluginJar : add i2s
2025-02-05 10:13:03,247 [INFO] IPUIPlugin:80 - create IPUIPlugin
2025-02-05 10:13:03,247 [INFO] PluginManager:220 - loadIPPluginJar : add i3c
2025-02-05 10:13:03,250 [INFO] IPUIPlugin:80 - create IPUIPlugin
2025-02-05 10:13:03,250 [INFO] PluginManager:220 - loadIPPluginJar : add ipddr
2025-02-05 10:13:03,256 [INFO] IPUIPlugin:80 - create IPUIPlugin
2025-02-05 10:13:03,256 [INFO] PluginManager:220 - loadIPPluginJar : add linkedlist
2025-02-05 10:13:03,260 [INFO] IPUIPlugin:80 - create IPUIPlugin
2025-02-05 10:13:03,260 [INFO] PluginManager:220 - loadIPPluginJar : add lorawan
2025-02-05 10:13:03,261 [INFO] IPUIPlugin:80 - create IPUIPlugin
2025-02-05 10:13:03,261 [INFO] PluginManager:220 - loadIPPluginJar : add ltdc
2025-02-05 10:13:03,266 [INFO] IPUIPlugin:80 - create IPUIPlugin
2025-02-05 10:13:03,266 [INFO] PluginManager:220 - loadIPPluginJar : add mdma
2025-02-05 10:13:03,268 [INFO] IPUIPlugin:80 - create IPUIPlugin
2025-02-05 10:13:03,268 [INFO] PluginManager:220 - loadIPPluginJar : add nvic
2025-02-05 10:13:03,270 [INFO] IPUIPlugin:80 - create IPUIPlugin
2025-02-05 10:13:03,270 [INFO] PluginManager:220 - loadIPPluginJar : add opamp
2025-02-05 10:13:03,272 [INFO] IPUIPlugin:80 - create IPUIPlugin
2025-02-05 10:13:03,272 [INFO] PluginManager:220 - loadIPPluginJar : add openamp
2025-02-05 10:13:03,275 [INFO] IPUIPlugin:80 - create IPUIPlugin
2025-02-05 10:13:03,275 [INFO] PluginManager:220 - loadIPPluginJar : add pdm2pcm
2025-02-05 10:13:03,279 [INFO] IPUIPlugin:80 - create IPUIPlugin
2025-02-05 10:13:03,281 [INFO] PluginManager:220 - loadIPPluginJar : add plateformsettings
2025-02-05 10:13:03,282 [INFO] IPUIPlugin:80 - create IPUIPlugin
2025-02-05 10:13:03,282 [INFO] PluginManager:220 - loadIPPluginJar : add quadspi
2025-02-05 10:13:03,285 [INFO] IPUIPlugin:80 - create IPUIPlugin
2025-02-05 10:13:03,285 [INFO] PluginManager:220 - loadIPPluginJar : add resmgrutility
2025-02-05 10:13:03,287 [INFO] IPUIPlugin:80 - create IPUIPlugin
2025-02-05 10:13:03,287 [INFO] PluginManager:220 - loadIPPluginJar : add sai
2025-02-05 10:13:03,289 [INFO] IPUIPlugin:80 - create IPUIPlugin
2025-02-05 10:13:03,289 [INFO] PluginManager:220 - loadIPPluginJar : add spi
2025-02-05 10:13:03,292 [INFO] IPUIPlugin:80 - create IPUIPlugin
2025-02-05 10:13:03,292 [INFO] PluginManager:220 - loadIPPluginJar : add stm32_wpan
2025-02-05 10:13:03,294 [INFO] IPUIPlugin:80 - create IPUIPlugin
2025-02-05 10:13:03,294 [INFO] PluginManager:220 - loadIPPluginJar : add tim
2025-02-05 10:13:03,296 [INFO] IPUIPlugin:80 - create IPUIPlugin
2025-02-05 10:13:03,296 [INFO] PluginManager:220 - loadIPPluginJar : add touchsensing
2025-02-05 10:13:03,298 [INFO] IPUIPlugin:80 - create IPUIPlugin
2025-02-05 10:13:03,298 [INFO] PluginManager:220 - loadIPPluginJar : add tracer_emb
2025-02-05 10:13:03,299 [INFO] IPUIPlugin:80 - create IPUIPlugin
2025-02-05 10:13:03,299 [INFO] PluginManager:220 - loadIPPluginJar : add ts
2025-02-05 10:13:03,300 [INFO] IPUIPlugin:80 - create IPUIPlugin
2025-02-05 10:13:03,300 [INFO] PluginManager:220 - loadIPPluginJar : add tsc
2025-02-05 10:13:03,301 [INFO] IPUIPlugin:80 - create IPUIPlugin
2025-02-05 10:13:03,301 [INFO] PluginManager:220 - loadIPPluginJar : add ucpd
2025-02-05 10:13:03,303 [INFO] IPUIPlugin:80 - create IPUIPlugin
2025-02-05 10:13:03,303 [INFO] PluginManager:220 - loadIPPluginJar : add usart
2025-02-05 10:13:03,305 [INFO] IPUIPlugin:80 - create IPUIPlugin
2025-02-05 10:13:03,305 [INFO] PluginManager:220 - loadIPPluginJar : add usbx
2025-02-05 10:13:03,409 [INFO] CADModel:165 - CPN selected for project level
2025-02-05 10:13:03,409 [INFO] CADModel:114 - Register for checkConnection events
2025-02-05 10:13:03,409 [FATAL] Updater:308 - Updater called before beeing initialized
2025-02-05 10:13:03,409 [ERROR] CADModel:125 - Updater not yet initialized, retry later 
2025-02-05 10:13:03,520 [INFO] CADModel:165 - CPN selected for project level
2025-02-05 10:13:03,520 [INFO] CADModel:114 - Register for checkConnection events
2025-02-05 10:13:03,520 [FATAL] Updater:308 - Updater called before beeing initialized
2025-02-05 10:13:03,521 [ERROR] CADModel:125 - Updater not yet initialized, retry later 
2025-02-05 10:13:03,523 [FATAL] Updater:308 - Updater called before beeing initialized
2025-02-05 10:13:03,599 [FATAL] Updater:308 - Updater called before beeing initialized
2025-02-05 10:13:03,610 [INFO] DbMcusAds:53 - JSON generation date=Wed Dec 18 01:01:15 KST 2024 (1734451275111)
2025-02-05 10:13:03,610 [FATAL] Updater:308 - Updater called before beeing initialized
2025-02-05 10:13:03,643 [WARN] DetailPanel:346 - Failed to get advertising image, set to default
2025-02-05 10:13:03,714 [FATAL] Updater:308 - Updater called before beeing initialized
2025-02-05 10:13:03,716 [FATAL] Updater:308 - Updater called before beeing initialized
2025-02-05 10:13:03,716 [FATAL] Updater:308 - Updater called before beeing initialized
2025-02-05 10:13:03,716 [WARN] DetailPanel:346 - Failed to get advertising image, set to default
2025-02-05 10:13:03,716 [FATAL] Updater:308 - Updater called before beeing initialized
2025-02-05 10:13:03,745 [ERROR] Updater:1120 - MainUpdater not yet initialized. External WinMGr cannot be set.
2025-02-05 10:13:03,747 [INFO] Updater:1056 - Updater Version found : 6.9.2
2025-02-05 10:13:03,762 [INFO] ApplicationProperties:184 - Using Application install path: C:\ST\STM32CubeIDE_1.13.2\STM32CubeIDE\plugins\com.st.stm32cube.common.mx_6.9.2.202309101412
2025-02-05 10:13:04,068 [INFO] MainUpdater:2868 - connection check result : 10
2025-02-05 10:13:04,069 [INFO] MainUpdater:285 - Updater Check For Update Now.
2025-02-05 10:13:04,069 [INFO] MicroXplorer:498 - Change Database Version : DB.6.0.92
2025-02-05 10:13:04,074 [INFO] McuFinderGlobals:63 - Set McuFinder mode to 2 (CubeIDE integrated)
2025-02-05 10:13:04,264 [INFO] CheckServerUpdateThread:120 - End of CheckServer Thread
2025-02-05 10:13:04,602 [ERROR] LogOutputStream:75 - [STDERR_REDIRECT] Feb 05, 2025 10:13:04 AM org.glassfish.grizzly.http.server.NetworkListener start
2025-02-05 10:13:04,603 [ERROR] LogOutputStream:75 - [STDERR_REDIRECT] INFO: Started listener bound to [localhost:1594]
2025-02-05 10:13:04,603 [ERROR] LogOutputStream:75 - [STDERR_REDIRECT] 
2025-02-05 10:13:04,604 [ERROR] LogOutputStream:75 - [STDERR_REDIRECT] Feb 05, 2025 10:13:04 AM org.glassfish.grizzly.http.server.HttpServer start
2025-02-05 10:13:04,604 [ERROR] LogOutputStream:75 - [STDERR_REDIRECT] INFO: [HttpServer] Started.
2025-02-05 10:13:04,604 [ERROR] LogOutputStream:75 - [STDERR_REDIRECT] 
2025-02-05 10:13:05,967 [WARN] PackLoader:240 - Cannot read IP mode file for STMicroelectronics.FP-SNS-MOTENVWB1.1.4.0
2025-02-05 10:13:05,980 [WARN] PackLoader:240 - Cannot read IP mode file for STMicroelectronics.FP-ATR-ASTRA1.2.0.1
2025-02-05 10:13:05,992 [WARN] PackLoader:240 - Cannot read IP mode file for STMicroelectronics.X-CUBE-SMBUS.2.1.0
2025-02-05 10:13:06,004 [WARN] PackLoader:240 - Cannot read IP mode file for STMicroelectronics.X-CUBE-WB05N.1.1.0
2025-02-05 10:13:06,017 [WARN] PackLoader:240 - Cannot read IP mode file for STMicroelectronics.X-CUBE-TOUCHGFX.4.23.0
2025-02-05 10:13:06,027 [WARN] PackLoader:240 - Cannot read IP mode file for STMicroelectronics.X-CUBE-TOUCHGFX.4.23.2
2025-02-05 10:13:06,053 [WARN] PackLoader:240 - Cannot read IP mode file for STMicroelectronics.X-CUBE-AZRTOS-F7.1.1.0
2025-02-05 10:13:06,068 [WARN] PackLoader:240 - Cannot read IP mode file for STMicroelectronics.FP-SNS-MOTENV1.4.3.2
2025-02-05 10:13:06,116 [WARN] PackLoader:240 - Cannot read IP mode file for STMicroelectronics.X-CUBE-MEMS1.11.0.0
2025-02-05 10:13:06,203 [WARN] PackLoader:240 - Cannot read IP mode file for STMicroelectronics.FP-SNS-FLIGHT1.5.0.2
2025-02-05 10:13:06,219 [WARN] PackLoader:240 - Cannot read IP mode file for STMicroelectronics.X-CUBE-DISPLAY.3.0.0
2025-02-05 10:13:06,245 [WARN] PackLoader:240 - Cannot read IP mode file for STMicroelectronics.X-CUBE-BLE1.7.0.0
2025-02-05 10:13:06,264 [WARN] PackLoader:240 - Cannot read IP mode file for STMicroelectronics.X-CUBE-NFC10.1.0.0
2025-02-05 10:13:06,279 [ERROR] Engine:466 - C:\Users\KkangJun\.stm32cubemx\thirdparties\pdsc\STMicroelectronics.X-CUBE-BLEMGR.4.0.0.pdsc: PDSC version is not supported
2025-02-05 10:13:06,293 [WARN] PackLoader:240 - Cannot read IP mode file for emotas.I-CUBE-CANOPEN.1.3.0
2025-02-05 10:13:06,308 [WARN] PackLoader:240 - Cannot read IP mode file for STMicroelectronics.X-CUBE-BLEMGR.3.1.0
2025-02-05 10:13:06,324 [WARN] PackLoader:240 - Cannot read IP mode file for STMicroelectronics.X-CUBE-AI.10.0.0
2025-02-05 10:13:06,338 [WARN] PackLoader:240 - Cannot read IP mode file for STMicroelectronics.FP-SNS-SMARTAG2.1.2.0
2025-02-05 10:13:06,387 [WARN] PackLoader:240 - Cannot read IP mode file for STMicroelectronics.X-CUBE-MEMS1.11.1.0
2025-02-05 10:13:06,467 [INFO] LogOutputStream:77 - [STDOUT_REDIRECT] 1 : Invalid condition id : UX_CORESTACK_Condition cause : null
2025-02-05 10:13:06,467 [INFO] LogOutputStream:77 - [STDOUT_REDIRECT] 1 : Invalid condition id : UX_CORESTACK_Condition cause : null
2025-02-05 10:13:06,468 [INFO] LogOutputStream:77 - [STDOUT_REDIRECT] 1 : Invalid condition id : UX_CORESTACK_Condition cause : null
2025-02-05 10:13:06,468 [INFO] LogOutputStream:77 - [STDOUT_REDIRECT] 1 : Invalid condition id : UX_CORESTACK_Condition cause : null
2025-02-05 10:13:06,469 [INFO] LogOutputStream:77 - [STDOUT_REDIRECT] 1 : Invalid condition id : UX_CORESTACK_Condition cause : null
2025-02-05 10:13:06,470 [WARN] PackLoader:240 - Cannot read IP mode file for STMicroelectronics.X-CUBE-AZRTOS-WL.2.0.0
2025-02-05 10:13:06,483 [WARN] PackLoader:240 - Cannot read IP mode file for STMicroelectronics.FP-SNS-MOTENV1.5.0.0
2025-02-05 10:13:06,496 [WARN] PackLoader:240 - Cannot read IP mode file for wolfSSL.I-CUBE-wolfMQTT.1.19.0
2025-02-05 10:13:06,509 [WARN] PackLoader:240 - Cannot read IP mode file for WES.I-CUBE-Cesium.1.3.0
2025-02-05 10:13:06,523 [WARN] PackLoader:240 - Cannot read IP mode file for STMicroelectronics.X-CUBE-BLE2.3.3.0
2025-02-05 10:13:06,537 [WARN] PackLoader:240 - Cannot read IP mode file for STMicroelectronics.X-CUBE-NFC9.1.0.0
2025-02-05 10:13:06,549 [WARN] PackLoader:240 - Cannot read IP mode file for STMicroelectronics.X-CUBE-TCPP.4.1.0
2025-02-05 10:13:06,562 [WARN] PackLoader:240 - Cannot read IP mode file for STMicroelectronics.X-CUBE-ALGOBUILD.1.3.0
2025-02-05 10:13:06,581 [WARN] PackLoader:240 - Cannot read IP mode file for STMicroelectronics.X-CUBE-AZRTOS-G0.1.1.0
2025-02-05 10:13:06,596 [WARN] PackLoader:240 - Cannot read IP mode file for STMicroelectronics.X-CUBE-SAFEA1.1.2.2
2025-02-05 10:13:06,610 [WARN] PackLoader:240 - Cannot read IP mode file for STMicroelectronics.X-CUBE-NFC4.3.0.0
2025-02-05 10:13:06,625 [ERROR] Engine:466 - C:\Users\KkangJun\.stm32cubemx\thirdparties\pdsc\EmbeddedOffice.I-CUBE-FS-RTOS.1.0.1.pdsc: PDSC version is not supported
2025-02-05 10:13:06,640 [WARN] PackLoader:240 - Cannot read IP mode file for STMicroelectronics.X-CUBE-BLEMGR.3.0.0
2025-02-05 10:13:06,651 [ERROR] Engine:466 - C:\Users\KkangJun\.stm32cubemx\thirdparties\pdsc\STMicroelectronics.X-CUBE-TCPP.4.2.0.pdsc: PDSC version is not supported
2025-02-05 10:13:06,662 [ERROR] Engine:466 - C:\Users\KkangJun\.stm32cubemx\thirdparties\pdsc\RealThread.X-CUBE-RT-Thread_Nano.4.1.1.pdsc: PDSC version is not supported
2025-02-05 10:13:06,673 [WARN] PackLoader:240 - Cannot read IP mode file for STMicroelectronics.FP-ATR-SIGFOX1.3.2.0
2025-02-05 10:13:06,683 [ERROR] Engine:466 - C:\Users\KkangJun\.stm32cubemx\thirdparties\pdsc\quantropi.X-CUBE-qispace-sdk-base.1.9.3.pdsc: PDSC version is not supported
2025-02-05 10:13:06,694 [WARN] PackLoader:240 - Cannot read IP mode file for STMicroelectronics.X-CUBE-EEPRMA1.5.1.0
2025-02-05 10:13:06,717 [WARN] PackLoader:240 - Cannot read IP mode file for SEGGER.I-CUBE-embOS.1.3.1
2025-02-05 10:13:06,746 [WARN] PackLoader:240 - Cannot read IP mode file for STMicroelectronics.X-CUBE-ALGOBUILD.1.4.0
2025-02-05 10:13:06,757 [WARN] PackLoader:240 - Cannot read IP mode file for STMicroelectronics.X-CUBE-AI.9.1.0
2025-02-05 10:13:06,770 [WARN] PackLoader:240 - Cannot read IP mode file for STMicroelectronics.X-CUBE-GNSS1.6.0.0
2025-02-05 10:13:06,789 [WARN] PackLoader:240 - Cannot read IP mode file for STMicroelectronics.X-CUBE-AZRTOS-F4.1.1.0
2025-02-05 10:13:06,803 [WARN] PackLoader:240 - Cannot read IP mode file for STMicroelectronics.X-CUBE-ISPU.2.1.0
2025-02-05 10:13:06,815 [WARN] PackLoader:240 - Cannot read IP mode file for STMicroelectronics.X-CUBE-FREERTOS.1.2.0
2025-02-05 10:13:06,826 [WARN] PackLoader:240 - Cannot read IP mode file for wolfSSL.I-CUBE-wolfSSL.5.6.6
2025-02-05 10:13:06,847 [WARN] PackLoader:240 - Cannot read IP mode file for STMicroelectronics.X-CUBE-AZRTOS-L5.2.0.0
2025-02-05 10:13:06,860 [WARN] PackLoader:240 - Cannot read IP mode file for STMicroelectronics.X-CUBE-EEPRMA1.4.2.0
2025-02-05 10:13:06,873 [WARN] PackLoader:240 - Cannot read IP mode file for STMicroelectronics.X-CUBE-NFC6.3.1.0
2025-02-05 10:13:06,886 [WARN] PackLoader:240 - Cannot read IP mode file for ITTIA_DB.I-CUBE-ITTIADB.8.8.0
2025-02-05 10:13:06,897 [ERROR] Engine:466 - C:\Users\KkangJun\.stm32cubemx\thirdparties\pdsc\STMicroelectronics.X-CUBE-DPower.1.2.0.pdsc: PDSC version is not supported
2025-02-05 10:13:06,909 [WARN] PackLoader:240 - Cannot read IP mode file for STMicroelectronics.X-CUBE-AI.9.0.0
2025-02-05 10:13:06,920 [WARN] PackLoader:240 - Cannot read IP mode file for STMicroelectronics.X-CUBE-FREERTOS.1.3.0
2025-02-05 10:13:06,931 [WARN] PackLoader:240 - Cannot read IP mode file for STMicroelectronics.X-CUBE-NFC7.1.0.1
2025-02-05 10:13:06,942 [WARN] PackLoader:240 - Cannot read IP mode file for wolfSSL.I-CUBE-wolfTPM.3.2.0
2025-02-05 10:13:06,955 [WARN] PackLoader:240 - Cannot read IP mode file for STMicroelectronics.X-CUBE-NFC6.3.0.0
2025-02-05 10:13:06,968 [WARN] PackLoader:240 - Cannot read IP mode file for STMicroelectronics.X-CUBE-AI.8.1.0
2025-02-05 10:13:06,989 [WARN] ConditionMgr:438 - getConditionDescription Invalid condition id : LAN8742 Phy interface Condition cause : null
2025-02-05 10:13:06,989 [WARN] PackLoader:240 - Cannot read IP mode file for STMicroelectronics.X-CUBE-AZRTOS-L4.2.0.0
2025-02-05 10:13:06,991 [WARN] ConditionMgr:1039 - genDependencies : Invalid condition id : LAN8742 Phy interface Condition cause : null
2025-02-05 10:13:06,991 [WARN] ConditionMgr:1039 - genDependencies : Invalid condition id : LAN8742 Phy interface Condition cause : null
2025-02-05 10:13:06,991 [WARN] ConditionMgr:1039 - genDependencies : Invalid condition id : LAN8742 Phy interface Condition cause : null
2025-02-05 10:13:07,004 [WARN] PackLoader:240 - Cannot read IP mode file for STMicroelectronics.X-CUBE-SFXS2LP1.4.0.0
2025-02-05 10:13:07,024 [WARN] PackLoader:240 - Cannot read IP mode file for STMicroelectronics.X-CUBE-AZRTOS-H7.3.3.0
2025-02-05 10:13:07,037 [ERROR] Engine:466 - C:\Users\KkangJun\.stm32cubemx\thirdparties\pdsc\STMicroelectronics.X-CUBE-IPS.3.0.0.pdsc: PDSC version is not supported
2025-02-05 10:13:07,053 [WARN] ConditionMgr:438 - getConditionDescription Invalid condition id : UX DEVICE CLASS RTOS Condition cause : null
2025-02-05 10:13:07,054 [WARN] ConditionMgr:438 - getConditionDescription Invalid condition id : UX DEVICE CLASS RTOS Condition cause : null
2025-02-05 10:13:07,055 [WARN] PackLoader:240 - Cannot read IP mode file for STMicroelectronics.X-CUBE-AZRTOS-WB.2.0.0
2025-02-05 10:13:07,055 [WARN] ConditionMgr:1039 - genDependencies : Invalid condition id : UX DEVICE CLASS RTOS Condition cause : null
2025-02-05 10:13:07,055 [WARN] ConditionMgr:1039 - genDependencies : Invalid condition id : UX DEVICE CLASS RTOS Condition cause : null
2025-02-05 10:13:07,055 [WARN] ConditionMgr:1039 - genDependencies : Invalid condition id : UX DEVICE CLASS RTOS Condition cause : null
2025-02-05 10:13:07,056 [WARN] ConditionMgr:1039 - genDependencies : Invalid condition id : UX DEVICE CLASS RTOS Condition cause : null
2025-02-05 10:13:07,056 [WARN] ConditionMgr:1039 - genDependencies : Invalid condition id : UX DEVICE CLASS RTOS Condition cause : null
2025-02-05 10:13:07,068 [WARN] PackLoader:240 - Cannot read IP mode file for STMicroelectronics.X-CUBE-GNSS1.7.0.0
2025-02-05 10:13:07,079 [WARN] PackLoader:240 - Cannot read IP mode file for STMicroelectronics.X-CUBE-GNSS1.7.0.1
2025-02-05 10:13:07,089 [ERROR] Engine:466 - C:\Users\KkangJun\.stm32cubemx\thirdparties\pdsc\STMicroelectronics.FP-SNS-STBOX1.2.0.0.pdsc: PDSC version is not supported
2025-02-05 10:13:07,102 [WARN] PackLoader:240 - Cannot read IP mode file for STMicroelectronics.X-CUBE-SUBG2.5.0.0
2025-02-05 10:13:07,114 [WARN] PackLoader:240 - Cannot read IP mode file for Cesanta.I-CUBE-Mongoose.7.13.0
2025-02-05 10:13:07,130 [WARN] PackLoader:240 - Cannot read IP mode file for STMicroelectronics.X-CUBE-AZRTOS-G4.2.0.0
2025-02-05 10:13:07,151 [WARN] PackLoader:240 - Cannot read IP mode file for Infineon.AIROC-Wi-Fi-Bluetooth-STM32.1.5.1
2025-02-05 10:13:07,164 [WARN] PackLoader:240 - Cannot read IP mode file for STMicroelectronics.FP-SNS-MOTENVWB1.1.3.1
2025-02-05 10:13:07,175 [WARN] PackLoader:240 - Cannot read IP mode file for STMicroelectronics.X-CUBE-ISPU.2.0.0
2025-02-05 10:13:07,188 [ERROR] Engine:466 - C:\Users\KkangJun\.stm32cubemx\thirdparties\pdsc\STMicroelectronics.X-CUBE-IPS.3.1.0.pdsc: PDSC version is not supported
2025-02-05 10:13:07,200 [WARN] PackLoader:240 - Cannot read IP mode file for STMicroelectronics.X-CUBE-ALS.1.0.2
2025-02-05 10:13:07,233 [WARN] PackLoader:240 - Cannot read IP mode file for STMicroelectronics.X-CUBE-MEMS1.10.0.0
2025-02-05 10:13:07,289 [WARN] PackLoader:240 - Cannot read IP mode file for STMicroelectronics.X-CUBE-FREERTOS.1.1.0
2025-02-05 10:13:07,300 [WARN] PackLoader:240 - Cannot read IP mode file for STMicroelectronics.X-CUBE-TOUCHGFX.4.24.0
2025-02-05 10:13:07,310 [WARN] PackLoader:240 - Cannot read IP mode file for STMicroelectronics.X-CUBE-TOUCHGFX.4.24.2
2025-02-05 10:13:07,320 [WARN] PackLoader:240 - Cannot read IP mode file for STMicroelectronics.X-CUBE-TOUCHGFX.4.24.1
2025-02-05 10:13:07,333 [WARN] PackLoader:240 - Cannot read IP mode file for portGmbH.I-Cube-SoM-uGOAL.1.1.0
2025-02-05 10:13:07,343 [WARN] PackLoader:240 - Cannot read IP mode file for STMicroelectronics.X-CUBE-ALS.1.0.1
2025-02-05 10:13:07,363 [WARN] PackLoader:240 - Cannot read IP mode file for STMicroelectronics.X-CUBE-AZRTOS-H7RS.1.0.0
2025-02-05 10:13:07,373 [WARN] PackLoader:240 - Cannot read IP mode file for STMicroelectronics.FP-ATR-ASTRA1.2.0.0
2025-02-05 10:13:07,384 [ERROR] Engine:466 - C:\Users\KkangJun\.stm32cubemx\thirdparties\pdsc\STMicroelectronics.X-CUBE-TOF1.3.4.2.pdsc: PDSC version is not supported
2025-02-05 10:13:07,400 [WARN] PackLoader:240 - Cannot read IP mode file for STMicroelectronics.X-CUBE-TOF1.3.4.0
2025-02-05 10:13:07,418 [WARN] PackLoader:240 - Cannot read IP mode file for STMicroelectronics.X-CUBE-TOF1.3.4.1
2025-02-05 10:13:07,444 [WARN] PackLoader:240 - Cannot read IP mode file for STMicroelectronics.X-CUBE-AZRTOS-H7.3.2.0
2025-02-05 10:13:07,456 [WARN] PackLoader:240 - Cannot read IP mode file for wolfSSL.I-CUBE-wolfSSH.1.4.17
2025-02-05 10:13:07,456 [INFO] ThirdParty:978 - Integrity check success = true
2025-02-05 10:13:07,456 [INFO] IntegrityCheckThread:100 - exiting critical section [integrity check]
2025-02-05 10:13:07,456 [INFO] IntegrityCheckThread:103 - End integrity checks thread
2025-02-05 10:19:25,286 [ERROR] LogOutputStream:75 - [STDERR_REDIRECT] 
