2025-01-30 15:02:37,466 [INFO] Activator:176 - 


2025-01-30 15:02:37,470 [INFO] Activator:177 - !SESSION log4j initialized
2025-01-30 15:02:41,338 [INFO] LogOutputStream:77 - [STDOUT_REDIRECT] 
2025-01-30 15:02:49,083 [INFO] ApplicationProperties:184 - Using Application install path: C:\ST\STM32CubeIDE_1.13.2\STM32CubeIDE\plugins\com.st.stm32cube.common.mx_6.9.2.202309101412
2025-01-30 15:02:49,101 [INFO] DbMcusXml:78 - Set database path to: C:\ST\STM32CubeIDE_1.13.2\STM32CubeIDE\plugins\com.st.stm32cube.common.mx_6.9.2.202309101412\\db\/mcu/
2025-01-30 15:02:49,101 [INFO] ApiDb:274 - Set plugin database path to: C:\ST\STM32CubeIDE_1.13.2\STM32CubeIDE\plugins\com.st.stm32cube.common.mx_6.9.2.202309101412\\db\/plugins/boardmanager/
2025-01-30 15:02:49,101 [WARN] ApiDb:259 - Overriding images path with different value:  => C:\ST\STM32CubeIDE_1.13.2\STM32CubeIDE\plugins\com.st.stm32cube.common.mx_6.9.2.202309101412\\db\/plugins/mcufinder/images/
2025-01-30 15:02:49,117 [INFO] ApiDb:250 - Set database path to: C:\Users\KkangJun\.stmcufinder\plugins\mcufinder//mcu/
2025-01-30 15:02:49,118 [INFO] DbMcusAds:125 - Set database path to: C:\Users\KkangJun\.stmcufinder\plugins\mcufinder//mcu/
2025-01-30 15:02:49,120 [INFO] CrossReferenceDbSqlite:203 - Set database path to: C:\Users\KkangJun\.stmcufinder\plugins\mcufinder//mcu/cs/
2025-01-30 15:02:49,213 [INFO] RulesReader:64 - Compatibility file has been processed (293 Rules)
2025-01-30 15:02:49,301 [INFO] DbMcusXml:78 - Set database path to: C:\ST\STM32CubeIDE_1.13.2\STM32CubeIDE\plugins\com.st.stm32cube.common.mx_6.9.2.202309101412\\db\/mcu/
2025-01-30 15:02:49,301 [INFO] ApiDb:274 - Set plugin database path to: C:\ST\STM32CubeIDE_1.13.2\STM32CubeIDE\plugins\com.st.stm32cube.common.mx_6.9.2.202309101412\\db\/plugins/boardmanager/
2025-01-30 15:02:49,301 [INFO] ApiDb:261 - Set plugin images path to: C:\ST\STM32CubeIDE_1.13.2\STM32CubeIDE\plugins\com.st.stm32cube.common.mx_6.9.2.202309101412\\db\/plugins/mcufinder/images/
2025-01-30 15:02:49,301 [WARN] DbFile:41 - Overriding database path with different value: C:\Users\KkangJun\.stmcufinder\plugins\mcufinder/ => C:\Users\KkangJun\.stmcufinder\plugins\mcufinder
2025-01-30 15:02:49,301 [INFO] ApiDb:250 - Set database path to: C:\Users\KkangJun\.stmcufinder\plugins\mcufinder//mcu/
2025-01-30 15:02:49,301 [WARN] DbFile:41 - Overriding database path with different value: C:\Users\KkangJun\.stmcufinder\plugins\mcufinder/ => C:\Users\KkangJun\.stmcufinder\plugins\mcufinder
2025-01-30 15:02:49,301 [INFO] DbMcusAds:125 - Set database path to: C:\Users\KkangJun\.stmcufinder\plugins\mcufinder//mcu/
2025-01-30 15:02:49,302 [WARN] DbFile:41 - Overriding database path with different value: C:\Users\KkangJun\.stmcufinder\plugins\mcufinder/ => C:\Users\KkangJun\.stmcufinder\plugins\mcufinder
2025-01-30 15:02:49,302 [WARN] DbFile:41 - Overriding database path with different value: C:\Users\KkangJun\.stmcufinder\plugins\mcufinder/ => C:\Users\KkangJun\.stmcufinder\plugins\mcufinder
2025-01-30 15:02:49,302 [INFO] CrossReferenceDbSqlite:203 - Set database path to: C:\Users\KkangJun\.stmcufinder\plugins\mcufinder//mcu/cs/
2025-01-30 15:02:49,383 [INFO] MainPanel:262 - HeapMemory: 268435456
2025-01-30 15:02:49,491 [INFO] DbMcusXml:78 - Set database path to: C:\ST\STM32CubeIDE_1.13.2\STM32CubeIDE\plugins\com.st.stm32cube.common.mx_6.9.2.202309101412\\db\/mcu/
2025-01-30 15:02:49,492 [INFO] ApiDb:274 - Set plugin database path to: C:\ST\STM32CubeIDE_1.13.2\STM32CubeIDE\plugins\com.st.stm32cube.common.mx_6.9.2.202309101412\\db\/plugins/boardmanager/
2025-01-30 15:02:49,492 [INFO] ApiDb:261 - Set plugin images path to: C:\ST\STM32CubeIDE_1.13.2\STM32CubeIDE\plugins\com.st.stm32cube.common.mx_6.9.2.202309101412\\db\/plugins/mcufinder/images/
2025-01-30 15:02:49,492 [WARN] DbFile:41 - Overriding database path with different value: C:\Users\KkangJun\.stmcufinder\plugins\mcufinder/ => C:\Users\KkangJun\.stmcufinder\plugins\mcufinder
2025-01-30 15:02:49,492 [INFO] ApiDb:250 - Set database path to: C:\Users\KkangJun\.stmcufinder\plugins\mcufinder//mcu/
2025-01-30 15:02:49,492 [WARN] DbFile:41 - Overriding database path with different value: C:\Users\KkangJun\.stmcufinder\plugins\mcufinder/ => C:\Users\KkangJun\.stmcufinder\plugins\mcufinder
2025-01-30 15:02:49,492 [INFO] DbMcusAds:125 - Set database path to: C:\Users\KkangJun\.stmcufinder\plugins\mcufinder//mcu/
2025-01-30 15:02:49,492 [WARN] DbFile:41 - Overriding database path with different value: C:\Users\KkangJun\.stmcufinder\plugins\mcufinder/ => C:\Users\KkangJun\.stmcufinder\plugins\mcufinder
2025-01-30 15:02:49,492 [WARN] DbFile:41 - Overriding database path with different value: C:\Users\KkangJun\.stmcufinder\plugins\mcufinder/ => C:\Users\KkangJun\.stmcufinder\plugins\mcufinder
2025-01-30 15:02:49,493 [INFO] CrossReferenceDbSqlite:203 - Set database path to: C:\Users\KkangJun\.stmcufinder\plugins\mcufinder//mcu/cs/
2025-01-30 15:02:49,512 [INFO] ApplicationProperties:184 - Using Application install path: C:\ST\STM32CubeIDE_1.13.2\STM32CubeIDE\plugins\com.st.stm32cube.common.mx_6.9.2.202309101412
2025-01-30 15:02:49,514 [INFO] PluginManage:196 - Search for loadable plugins [exclusion list=, ]
2025-01-30 15:02:49,515 [INFO] PluginManage:310 - Check plugin analytics
2025-01-30 15:02:54,574 [INFO] AnalyticsPlugin:253 - Accepted Software Licenses: STM32CubeMX.6.12.0
2025-01-30 15:02:54,574 [INFO] AnalyticsPlugin:255 - Accepted CMSIS Pack Licenses: 
2025-01-30 15:02:54,575 [INFO] AnalyticsPlugin:257 - Accepted Firmware Licenses: FW.F4.1.27.0,FW.F4.1.28.0
2025-01-30 15:02:54,577 [INFO] PluginManage:359 - Loaded plugin analytics (category:tool,tabindex:-1)
2025-01-30 15:02:54,577 [INFO] PluginManage:310 - Check plugin cadmodel
2025-01-30 15:02:54,586 [INFO] CADModel:105 - Init CAD model plugin
2025-01-30 15:02:54,587 [INFO] PluginManage:359 - Loaded plugin cadmodel (category:power,tabindex:5)
2025-01-30 15:02:54,587 [INFO] PluginManage:310 - Check plugin clock
2025-01-30 15:02:54,596 [INFO] PluginManage:359 - Loaded plugin clock (category:base,tabindex:2)
2025-01-30 15:02:54,597 [INFO] PluginManage:310 - Check plugin ddr
2025-01-30 15:02:54,599 [INFO] PluginManage:359 - Loaded plugin ddr (category:tool,tabindex:6)
2025-01-30 15:02:54,599 [INFO] PluginManage:310 - Check plugin filemanager
2025-01-30 15:02:54,715 [INFO] PluginManage:359 - Loaded plugin filemanager (category:base,tabindex:10)
2025-01-30 15:02:54,715 [INFO] PluginManage:310 - Check plugin ipmanager
2025-01-30 15:02:54,723 [INFO] PluginManage:359 - Loaded plugin ipmanager (category:base,tabindex:5)
2025-01-30 15:02:54,723 [INFO] PluginManage:310 - Check plugin lpbam
2025-01-30 15:02:54,731 [INFO] PluginManage:359 - Loaded plugin lpbam (category:base,tabindex:0)
2025-01-30 15:02:54,731 [INFO] PluginManage:310 - Check plugin memorymap
2025-01-30 15:02:54,746 [INFO] PluginManage:359 - Loaded plugin memorymap (category:base,tabindex:4)
2025-01-30 15:02:54,746 [INFO] PluginManage:310 - Check plugin pinoutandconfiguration
2025-01-30 15:02:54,754 [INFO] PluginManage:359 - Loaded plugin pinoutandconfiguration (category:base,tabindex:1)
2025-01-30 15:02:54,754 [INFO] PluginManage:310 - Check plugin pinoutconfig
2025-01-30 15:02:54,831 [WARN] SupportedApi:132 - Cannot load RTOS API schema: s4s-elt-must-match.1: The content of 'definitions' must match (annotation?, (simpleType | complexType)?, (unique | key | keyref)*)). A problem was found starting at: attribute.
2025-01-30 15:02:54,962 [INFO] PluginManage:359 - Loaded plugin pinoutconfig (category:base,tabindex:0)
2025-01-30 15:02:54,962 [INFO] PluginManage:310 - Check plugin power
2025-01-30 15:02:54,975 [INFO] PluginManage:359 - Loaded plugin power (category:power,tabindex:4)
2025-01-30 15:02:54,975 [INFO] PluginManage:310 - Check plugin projectmanager
2025-01-30 15:02:54,992 [INFO] PluginManage:359 - Loaded plugin projectmanager (category:projectmanager,tabindex:3)
2025-01-30 15:02:54,992 [INFO] PluginManage:310 - Check plugin thirdparty
2025-01-30 15:02:55,161 [INFO] PluginManage:359 - Loaded plugin thirdparty (category:base,tabindex:-1)
2025-01-30 15:02:55,161 [WARN] IntegrityCheckThread:84 - waiting for thirdparty lock release [integrity check]
2025-01-30 15:02:55,162 [INFO] PluginManage:310 - Check plugin tools
2025-01-30 15:02:55,162 [INFO] IntegrityCheckThread:86 - entering critical section [integrity check]
2025-01-30 15:02:55,162 [INFO] ThirdPartyUpdaterWithRetryManager:70 - Updater plugin not ready yet. [1/15]
2025-01-30 15:02:55,164 [INFO] PluginManage:359 - Loaded plugin tools (category:base,tabindex:7)
2025-01-30 15:02:55,165 [INFO] PluginManage:310 - Check plugin tutovideos
2025-01-30 15:02:55,360 [INFO] PluginManage:359 - Loaded plugin tutovideos (category:base,tabindex:-1)
2025-01-30 15:02:55,360 [INFO] PluginManage:310 - Check plugin updater
2025-01-30 15:02:55,371 [INFO] PluginManage:359 - Loaded plugin updater (category:base,tabindex:12)
2025-01-30 15:02:55,371 [INFO] PluginManage:310 - Check plugin userauth
2025-01-30 15:02:55,378 [INFO] UserAuth:113 - Init User Auth plugin
2025-01-30 15:02:55,378 [INFO] PluginManage:359 - Loaded plugin userauth (category:base,tabindex:14)
2025-01-30 15:02:55,378 [INFO] PluginManage:283 - PluginManage : Loaded plugins [17]
2025-01-30 15:02:55,632 [INFO] PinOutPanel:1499 - setPackage(No Configuration,No Configuration)
2025-01-30 15:02:55,739 [INFO] CADModel:165 - CPN selected for project level
2025-01-30 15:02:55,739 [INFO] CADModel:114 - Register for checkConnection events
2025-01-30 15:02:55,756 [INFO] IPUIPlugin:80 - create IPUIPlugin
2025-01-30 15:02:55,756 [INFO] PluginManager:220 - loadIPPluginJar : add adc
2025-01-30 15:02:55,759 [INFO] IPUIPlugin:80 - create IPUIPlugin
2025-01-30 15:02:55,759 [INFO] PluginManager:220 - loadIPPluginJar : add aes
2025-01-30 15:02:55,761 [INFO] IPUIPlugin:80 - create IPUIPlugin
2025-01-30 15:02:55,761 [INFO] PluginManager:220 - loadIPPluginJar : add can
2025-01-30 15:02:55,763 [INFO] IPUIPlugin:80 - create IPUIPlugin
2025-01-30 15:02:55,763 [INFO] PluginManager:220 - loadIPPluginJar : add comp
2025-01-30 15:02:55,765 [INFO] IPUIPlugin:80 - create IPUIPlugin
2025-01-30 15:02:55,765 [INFO] PluginManager:220 - loadIPPluginJar : add cryp
2025-01-30 15:02:55,767 [INFO] IPUIPlugin:80 - create IPUIPlugin
2025-01-30 15:02:55,767 [INFO] PluginManager:220 - loadIPPluginJar : add dfsdm
2025-01-30 15:02:55,772 [INFO] IPUIPlugin:80 - create IPUIPlugin
2025-01-30 15:02:55,773 [INFO] PluginManager:220 - loadIPPluginJar : add dma
2025-01-30 15:02:55,777 [INFO] IPUIPlugin:80 - create IPUIPlugin
2025-01-30 15:02:55,777 [INFO] PluginManager:220 - loadIPPluginJar : add dma3
2025-01-30 15:02:55,778 [INFO] IPUIPlugin:80 - create IPUIPlugin
2025-01-30 15:02:55,778 [INFO] PluginManager:220 - loadIPPluginJar : add fatfs
2025-01-30 15:02:55,783 [INFO] IPUIPlugin:80 - create IPUIPlugin
2025-01-30 15:02:55,783 [INFO] PluginManager:220 - loadIPPluginJar : add fmc
2025-01-30 15:02:55,790 [INFO] IPUIPlugin:80 - create IPUIPlugin
2025-01-30 15:02:55,790 [INFO] PluginManager:220 - loadIPPluginJar : add freertos
2025-01-30 15:02:55,792 [INFO] IPUIPlugin:80 - create IPUIPlugin
2025-01-30 15:02:55,792 [INFO] PluginManager:220 - loadIPPluginJar : add genericplugin
2025-01-30 15:02:55,796 [INFO] IPUIPlugin:80 - create IPUIPlugin
2025-01-30 15:02:55,796 [INFO] PluginManager:220 - loadIPPluginJar : add gfxmmu
2025-01-30 15:02:55,801 [INFO] IPUIPlugin:80 - create IPUIPlugin
2025-01-30 15:02:55,801 [INFO] PluginManager:220 - loadIPPluginJar : add gic
2025-01-30 15:02:55,806 [INFO] IPUIPlugin:80 - create IPUIPlugin
2025-01-30 15:02:55,806 [INFO] PluginManager:220 - loadIPPluginJar : add gpio
2025-01-30 15:02:55,810 [INFO] IPUIPlugin:80 - create IPUIPlugin
2025-01-30 15:02:55,810 [INFO] PluginManager:220 - loadIPPluginJar : add gtzc
2025-01-30 15:02:55,813 [INFO] IPUIPlugin:80 - create IPUIPlugin
2025-01-30 15:02:55,813 [INFO] PluginManager:220 - loadIPPluginJar : add hash
2025-01-30 15:02:55,816 [INFO] IPUIPlugin:80 - create IPUIPlugin
2025-01-30 15:02:55,816 [INFO] PluginManager:220 - loadIPPluginJar : add i2c
2025-01-30 15:02:55,819 [INFO] IPUIPlugin:80 - create IPUIPlugin
2025-01-30 15:02:55,819 [INFO] PluginManager:220 - loadIPPluginJar : add i2s
2025-01-30 15:02:55,823 [INFO] IPUIPlugin:80 - create IPUIPlugin
2025-01-30 15:02:55,823 [INFO] PluginManager:220 - loadIPPluginJar : add i3c
2025-01-30 15:02:55,827 [INFO] IPUIPlugin:80 - create IPUIPlugin
2025-01-30 15:02:55,827 [INFO] PluginManager:220 - loadIPPluginJar : add ipddr
2025-01-30 15:02:55,836 [INFO] IPUIPlugin:80 - create IPUIPlugin
2025-01-30 15:02:55,836 [INFO] PluginManager:220 - loadIPPluginJar : add linkedlist
2025-01-30 15:02:55,839 [INFO] IPUIPlugin:80 - create IPUIPlugin
2025-01-30 15:02:55,839 [INFO] PluginManager:220 - loadIPPluginJar : add lorawan
2025-01-30 15:02:55,842 [INFO] IPUIPlugin:80 - create IPUIPlugin
2025-01-30 15:02:55,842 [INFO] PluginManager:220 - loadIPPluginJar : add ltdc
2025-01-30 15:02:55,849 [INFO] IPUIPlugin:80 - create IPUIPlugin
2025-01-30 15:02:55,849 [INFO] PluginManager:220 - loadIPPluginJar : add mdma
2025-01-30 15:02:55,853 [INFO] IPUIPlugin:80 - create IPUIPlugin
2025-01-30 15:02:55,853 [INFO] PluginManager:220 - loadIPPluginJar : add nvic
2025-01-30 15:02:55,856 [INFO] IPUIPlugin:80 - create IPUIPlugin
2025-01-30 15:02:55,857 [INFO] PluginManager:220 - loadIPPluginJar : add opamp
2025-01-30 15:02:55,860 [INFO] IPUIPlugin:80 - create IPUIPlugin
2025-01-30 15:02:55,861 [INFO] PluginManager:220 - loadIPPluginJar : add openamp
2025-01-30 15:02:55,864 [INFO] IPUIPlugin:80 - create IPUIPlugin
2025-01-30 15:02:55,864 [INFO] PluginManager:220 - loadIPPluginJar : add pdm2pcm
2025-01-30 15:02:55,872 [INFO] IPUIPlugin:80 - create IPUIPlugin
2025-01-30 15:02:55,875 [INFO] PluginManager:220 - loadIPPluginJar : add plateformsettings
2025-01-30 15:02:55,878 [INFO] IPUIPlugin:80 - create IPUIPlugin
2025-01-30 15:02:55,878 [INFO] PluginManager:220 - loadIPPluginJar : add quadspi
2025-01-30 15:02:55,883 [INFO] IPUIPlugin:80 - create IPUIPlugin
2025-01-30 15:02:55,883 [INFO] PluginManager:220 - loadIPPluginJar : add resmgrutility
2025-01-30 15:02:55,887 [INFO] IPUIPlugin:80 - create IPUIPlugin
2025-01-30 15:02:55,888 [INFO] PluginManager:220 - loadIPPluginJar : add sai
2025-01-30 15:02:55,893 [INFO] IPUIPlugin:80 - create IPUIPlugin
2025-01-30 15:02:55,893 [INFO] PluginManager:220 - loadIPPluginJar : add spi
2025-01-30 15:02:55,898 [INFO] IPUIPlugin:80 - create IPUIPlugin
2025-01-30 15:02:55,898 [INFO] PluginManager:220 - loadIPPluginJar : add stm32_wpan
2025-01-30 15:02:55,901 [INFO] IPUIPlugin:80 - create IPUIPlugin
2025-01-30 15:02:55,901 [INFO] PluginManager:220 - loadIPPluginJar : add tim
2025-01-30 15:02:55,905 [INFO] IPUIPlugin:80 - create IPUIPlugin
2025-01-30 15:02:55,905 [INFO] PluginManager:220 - loadIPPluginJar : add touchsensing
2025-01-30 15:02:55,908 [INFO] IPUIPlugin:80 - create IPUIPlugin
2025-01-30 15:02:55,909 [INFO] PluginManager:220 - loadIPPluginJar : add tracer_emb
2025-01-30 15:02:55,912 [INFO] IPUIPlugin:80 - create IPUIPlugin
2025-01-30 15:02:55,912 [INFO] PluginManager:220 - loadIPPluginJar : add ts
2025-01-30 15:02:55,913 [INFO] IPUIPlugin:80 - create IPUIPlugin
2025-01-30 15:02:55,913 [INFO] PluginManager:220 - loadIPPluginJar : add tsc
2025-01-30 15:02:55,916 [INFO] IPUIPlugin:80 - create IPUIPlugin
2025-01-30 15:02:55,916 [INFO] PluginManager:220 - loadIPPluginJar : add ucpd
2025-01-30 15:02:55,920 [INFO] IPUIPlugin:80 - create IPUIPlugin
2025-01-30 15:02:55,920 [INFO] PluginManager:220 - loadIPPluginJar : add usart
2025-01-30 15:02:55,924 [INFO] IPUIPlugin:80 - create IPUIPlugin
2025-01-30 15:02:55,924 [INFO] PluginManager:220 - loadIPPluginJar : add usbx
2025-01-30 15:02:56,064 [INFO] CADModel:165 - CPN selected for project level
2025-01-30 15:02:56,064 [INFO] CADModel:114 - Register for checkConnection events
2025-01-30 15:02:56,064 [FATAL] Updater:308 - Updater called before beeing initialized
2025-01-30 15:02:56,064 [ERROR] CADModel:125 - Updater not yet initialized, retry later 
2025-01-30 15:02:56,234 [INFO] CADModel:165 - CPN selected for project level
2025-01-30 15:02:56,235 [INFO] CADModel:114 - Register for checkConnection events
2025-01-30 15:02:56,235 [FATAL] Updater:308 - Updater called before beeing initialized
2025-01-30 15:02:56,235 [ERROR] CADModel:125 - Updater not yet initialized, retry later 
2025-01-30 15:02:56,238 [FATAL] Updater:308 - Updater called before beeing initialized
2025-01-30 15:02:56,356 [FATAL] Updater:308 - Updater called before beeing initialized
2025-01-30 15:02:56,369 [INFO] DbMcusAds:53 - JSON generation date=Wed Dec 18 01:01:15 KST 2024 (1734451275222)
2025-01-30 15:02:56,370 [FATAL] Updater:308 - Updater called before beeing initialized
2025-01-30 15:02:56,416 [WARN] DetailPanel:346 - Failed to get advertising image, set to default
2025-01-30 15:02:56,513 [FATAL] Updater:308 - Updater called before beeing initialized
2025-01-30 15:02:56,515 [FATAL] Updater:308 - Updater called before beeing initialized
2025-01-30 15:02:56,515 [FATAL] Updater:308 - Updater called before beeing initialized
2025-01-30 15:02:56,516 [WARN] DetailPanel:346 - Failed to get advertising image, set to default
2025-01-30 15:02:56,516 [FATAL] Updater:308 - Updater called before beeing initialized
2025-01-30 15:02:56,575 [ERROR] Updater:1120 - MainUpdater not yet initialized. External WinMGr cannot be set.
2025-01-30 15:02:56,579 [INFO] Updater:1056 - Updater Version found : 6.9.2
2025-01-30 15:02:56,605 [INFO] ApplicationProperties:184 - Using Application install path: C:\ST\STM32CubeIDE_1.13.2\STM32CubeIDE\plugins\com.st.stm32cube.common.mx_6.9.2.202309101412
2025-01-30 15:02:56,907 [INFO] MainUpdater:2868 - connection check result : 10
2025-01-30 15:02:56,908 [INFO] MainUpdater:285 - Updater Check For Update Now.
2025-01-30 15:02:56,908 [INFO] MicroXplorer:498 - Change Database Version : DB.6.0.92
2025-01-30 15:02:56,915 [INFO] McuFinderGlobals:63 - Set McuFinder mode to 2 (CubeIDE integrated)
2025-01-30 15:02:57,166 [INFO] CheckServerUpdateThread:120 - End of CheckServer Thread
2025-01-30 15:02:57,524 [ERROR] LogOutputStream:75 - [STDERR_REDIRECT] Jan 30, 2025 3:02:57 PM org.glassfish.grizzly.http.server.NetworkListener start
2025-01-30 15:02:57,525 [ERROR] LogOutputStream:75 - [STDERR_REDIRECT] INFO: Started listener bound to [localhost:1596]
2025-01-30 15:02:57,525 [ERROR] LogOutputStream:75 - [STDERR_REDIRECT] 
2025-01-30 15:02:57,527 [ERROR] LogOutputStream:75 - [STDERR_REDIRECT] Jan 30, 2025 3:02:57 PM org.glassfish.grizzly.http.server.HttpServer start
2025-01-30 15:02:57,528 [ERROR] LogOutputStream:75 - [STDERR_REDIRECT] INFO: [HttpServer] Started.
2025-01-30 15:02:57,528 [ERROR] LogOutputStream:75 - [STDERR_REDIRECT] 
2025-01-30 15:02:58,396 [WARN] PackLoader:240 - Cannot read IP mode file for STMicroelectronics.FP-SNS-MOTENVWB1.1.4.0
2025-01-30 15:02:58,409 [WARN] PackLoader:240 - Cannot read IP mode file for STMicroelectronics.FP-ATR-ASTRA1.2.0.1
2025-01-30 15:02:58,423 [WARN] PackLoader:240 - Cannot read IP mode file for STMicroelectronics.X-CUBE-SMBUS.2.1.0
2025-01-30 15:02:58,439 [WARN] PackLoader:240 - Cannot read IP mode file for STMicroelectronics.X-CUBE-WB05N.1.1.0
2025-01-30 15:02:58,451 [WARN] PackLoader:240 - Cannot read IP mode file for STMicroelectronics.X-CUBE-TOUCHGFX.4.23.0
2025-01-30 15:02:58,463 [WARN] PackLoader:240 - Cannot read IP mode file for STMicroelectronics.X-CUBE-TOUCHGFX.4.23.2
2025-01-30 15:02:58,498 [WARN] PackLoader:240 - Cannot read IP mode file for STMicroelectronics.X-CUBE-AZRTOS-F7.1.1.0
2025-01-30 15:02:58,519 [WARN] PackLoader:240 - Cannot read IP mode file for STMicroelectronics.FP-SNS-MOTENV1.4.3.2
2025-01-30 15:02:58,578 [WARN] PackLoader:240 - Cannot read IP mode file for STMicroelectronics.X-CUBE-MEMS1.11.0.0
2025-01-30 15:02:58,705 [WARN] PackLoader:240 - Cannot read IP mode file for STMicroelectronics.FP-SNS-FLIGHT1.5.0.2
2025-01-30 15:02:58,723 [WARN] PackLoader:240 - Cannot read IP mode file for STMicroelectronics.X-CUBE-DISPLAY.3.0.0
2025-01-30 15:02:58,738 [WARN] PackLoader:240 - Cannot read IP mode file for STMicroelectronics.X-CUBE-BLE1.7.0.0
2025-01-30 15:02:58,753 [WARN] PackLoader:240 - Cannot read IP mode file for STMicroelectronics.X-CUBE-NFC10.1.0.0
2025-01-30 15:02:58,773 [ERROR] Engine:466 - C:\Users\KkangJun\.stm32cubemx\thirdparties\pdsc\STMicroelectronics.X-CUBE-BLEMGR.4.0.0.pdsc: PDSC version is not supported
2025-01-30 15:02:58,789 [WARN] PackLoader:240 - Cannot read IP mode file for emotas.I-CUBE-CANOPEN.1.3.0
2025-01-30 15:02:58,806 [WARN] PackLoader:240 - Cannot read IP mode file for STMicroelectronics.X-CUBE-BLEMGR.3.1.0
2025-01-30 15:02:58,827 [WARN] PackLoader:240 - Cannot read IP mode file for STMicroelectronics.X-CUBE-AI.10.0.0
2025-01-30 15:02:58,842 [WARN] PackLoader:240 - Cannot read IP mode file for STMicroelectronics.FP-SNS-SMARTAG2.1.2.0
2025-01-30 15:02:58,916 [WARN] PackLoader:240 - Cannot read IP mode file for STMicroelectronics.X-CUBE-MEMS1.11.1.0
2025-01-30 15:02:59,026 [INFO] LogOutputStream:77 - [STDOUT_REDIRECT] 1 : Invalid condition id : UX_CORESTACK_Condition cause : null
2025-01-30 15:02:59,026 [INFO] LogOutputStream:77 - [STDOUT_REDIRECT] 1 : Invalid condition id : UX_CORESTACK_Condition cause : null
2025-01-30 15:02:59,028 [INFO] LogOutputStream:77 - [STDOUT_REDIRECT] 1 : Invalid condition id : UX_CORESTACK_Condition cause : null
2025-01-30 15:02:59,028 [INFO] LogOutputStream:77 - [STDOUT_REDIRECT] 1 : Invalid condition id : UX_CORESTACK_Condition cause : null
2025-01-30 15:02:59,029 [INFO] LogOutputStream:77 - [STDOUT_REDIRECT] 1 : Invalid condition id : UX_CORESTACK_Condition cause : null
2025-01-30 15:02:59,031 [WARN] PackLoader:240 - Cannot read IP mode file for STMicroelectronics.X-CUBE-AZRTOS-WL.2.0.0
2025-01-30 15:02:59,048 [WARN] PackLoader:240 - Cannot read IP mode file for STMicroelectronics.FP-SNS-MOTENV1.5.0.0
2025-01-30 15:02:59,065 [WARN] PackLoader:240 - Cannot read IP mode file for wolfSSL.I-CUBE-wolfMQTT.1.19.0
2025-01-30 15:02:59,080 [WARN] PackLoader:240 - Cannot read IP mode file for WES.I-CUBE-Cesium.1.3.0
2025-01-30 15:02:59,094 [WARN] PackLoader:240 - Cannot read IP mode file for STMicroelectronics.X-CUBE-BLE2.3.3.0
2025-01-30 15:02:59,109 [WARN] PackLoader:240 - Cannot read IP mode file for STMicroelectronics.X-CUBE-NFC9.1.0.0
2025-01-30 15:02:59,126 [WARN] PackLoader:240 - Cannot read IP mode file for STMicroelectronics.X-CUBE-TCPP.4.1.0
2025-01-30 15:02:59,140 [WARN] PackLoader:240 - Cannot read IP mode file for STMicroelectronics.X-CUBE-ALGOBUILD.1.3.0
2025-01-30 15:02:59,164 [WARN] PackLoader:240 - Cannot read IP mode file for STMicroelectronics.X-CUBE-AZRTOS-G0.1.1.0
2025-01-30 15:02:59,185 [WARN] PackLoader:240 - Cannot read IP mode file for STMicroelectronics.X-CUBE-SAFEA1.1.2.2
2025-01-30 15:02:59,202 [WARN] PackLoader:240 - Cannot read IP mode file for STMicroelectronics.X-CUBE-NFC4.3.0.0
2025-01-30 15:02:59,217 [ERROR] Engine:466 - C:\Users\KkangJun\.stm32cubemx\thirdparties\pdsc\EmbeddedOffice.I-CUBE-FS-RTOS.1.0.1.pdsc: PDSC version is not supported
2025-01-30 15:02:59,234 [WARN] PackLoader:240 - Cannot read IP mode file for STMicroelectronics.X-CUBE-BLEMGR.3.0.0
2025-01-30 15:02:59,248 [ERROR] Engine:466 - C:\Users\KkangJun\.stm32cubemx\thirdparties\pdsc\STMicroelectronics.X-CUBE-TCPP.4.2.0.pdsc: PDSC version is not supported
2025-01-30 15:02:59,261 [ERROR] Engine:466 - C:\Users\KkangJun\.stm32cubemx\thirdparties\pdsc\RealThread.X-CUBE-RT-Thread_Nano.4.1.1.pdsc: PDSC version is not supported
2025-01-30 15:02:59,272 [WARN] PackLoader:240 - Cannot read IP mode file for STMicroelectronics.FP-ATR-SIGFOX1.3.2.0
2025-01-30 15:02:59,282 [ERROR] Engine:466 - C:\Users\KkangJun\.stm32cubemx\thirdparties\pdsc\quantropi.X-CUBE-qispace-sdk-base.1.9.3.pdsc: PDSC version is not supported
2025-01-30 15:02:59,296 [WARN] PackLoader:240 - Cannot read IP mode file for STMicroelectronics.X-CUBE-EEPRMA1.5.1.0
2025-01-30 15:02:59,332 [WARN] PackLoader:240 - Cannot read IP mode file for SEGGER.I-CUBE-embOS.1.3.1
2025-01-30 15:02:59,368 [WARN] PackLoader:240 - Cannot read IP mode file for STMicroelectronics.X-CUBE-ALGOBUILD.1.4.0
2025-01-30 15:02:59,382 [WARN] PackLoader:240 - Cannot read IP mode file for STMicroelectronics.X-CUBE-AI.9.1.0
2025-01-30 15:02:59,399 [WARN] PackLoader:240 - Cannot read IP mode file for STMicroelectronics.X-CUBE-GNSS1.6.0.0
2025-01-30 15:02:59,425 [WARN] PackLoader:240 - Cannot read IP mode file for STMicroelectronics.X-CUBE-AZRTOS-F4.1.1.0
2025-01-30 15:02:59,439 [WARN] PackLoader:240 - Cannot read IP mode file for STMicroelectronics.X-CUBE-ISPU.2.1.0
2025-01-30 15:02:59,452 [WARN] PackLoader:240 - Cannot read IP mode file for STMicroelectronics.X-CUBE-FREERTOS.1.2.0
2025-01-30 15:02:59,463 [WARN] PackLoader:240 - Cannot read IP mode file for wolfSSL.I-CUBE-wolfSSL.5.6.6
2025-01-30 15:02:59,486 [WARN] PackLoader:240 - Cannot read IP mode file for STMicroelectronics.X-CUBE-AZRTOS-L5.2.0.0
2025-01-30 15:02:59,504 [WARN] PackLoader:240 - Cannot read IP mode file for STMicroelectronics.X-CUBE-EEPRMA1.4.2.0
2025-01-30 15:02:59,519 [WARN] PackLoader:240 - Cannot read IP mode file for STMicroelectronics.X-CUBE-NFC6.3.1.0
2025-01-30 15:02:59,534 [WARN] PackLoader:240 - Cannot read IP mode file for ITTIA_DB.I-CUBE-ITTIADB.8.8.0
2025-01-30 15:02:59,545 [ERROR] Engine:466 - C:\Users\KkangJun\.stm32cubemx\thirdparties\pdsc\STMicroelectronics.X-CUBE-DPower.1.2.0.pdsc: PDSC version is not supported
2025-01-30 15:02:59,559 [WARN] PackLoader:240 - Cannot read IP mode file for STMicroelectronics.X-CUBE-AI.9.0.0
2025-01-30 15:02:59,570 [WARN] PackLoader:240 - Cannot read IP mode file for STMicroelectronics.X-CUBE-FREERTOS.1.3.0
2025-01-30 15:02:59,584 [WARN] PackLoader:240 - Cannot read IP mode file for STMicroelectronics.X-CUBE-NFC7.1.0.1
2025-01-30 15:02:59,598 [WARN] PackLoader:240 - Cannot read IP mode file for wolfSSL.I-CUBE-wolfTPM.3.2.0
2025-01-30 15:02:59,613 [WARN] PackLoader:240 - Cannot read IP mode file for STMicroelectronics.X-CUBE-NFC6.3.0.0
2025-01-30 15:02:59,629 [WARN] PackLoader:240 - Cannot read IP mode file for STMicroelectronics.X-CUBE-AI.8.1.0
2025-01-30 15:02:59,656 [WARN] ConditionMgr:438 - getConditionDescription Invalid condition id : LAN8742 Phy interface Condition cause : null
2025-01-30 15:02:59,656 [WARN] PackLoader:240 - Cannot read IP mode file for STMicroelectronics.X-CUBE-AZRTOS-L4.2.0.0
2025-01-30 15:02:59,657 [WARN] ConditionMgr:1039 - genDependencies : Invalid condition id : LAN8742 Phy interface Condition cause : null
2025-01-30 15:02:59,657 [WARN] ConditionMgr:1039 - genDependencies : Invalid condition id : LAN8742 Phy interface Condition cause : null
2025-01-30 15:02:59,657 [WARN] ConditionMgr:1039 - genDependencies : Invalid condition id : LAN8742 Phy interface Condition cause : null
2025-01-30 15:02:59,675 [WARN] PackLoader:240 - Cannot read IP mode file for STMicroelectronics.X-CUBE-SFXS2LP1.4.0.0
2025-01-30 15:02:59,698 [WARN] PackLoader:240 - Cannot read IP mode file for STMicroelectronics.X-CUBE-AZRTOS-H7.3.3.0
2025-01-30 15:02:59,713 [ERROR] Engine:466 - C:\Users\KkangJun\.stm32cubemx\thirdparties\pdsc\STMicroelectronics.X-CUBE-IPS.3.0.0.pdsc: PDSC version is not supported
2025-01-30 15:02:59,732 [WARN] ConditionMgr:438 - getConditionDescription Invalid condition id : UX DEVICE CLASS RTOS Condition cause : null
2025-01-30 15:02:59,732 [WARN] ConditionMgr:438 - getConditionDescription Invalid condition id : UX DEVICE CLASS RTOS Condition cause : null
2025-01-30 15:02:59,733 [WARN] PackLoader:240 - Cannot read IP mode file for STMicroelectronics.X-CUBE-AZRTOS-WB.2.0.0
2025-01-30 15:02:59,734 [WARN] ConditionMgr:1039 - genDependencies : Invalid condition id : UX DEVICE CLASS RTOS Condition cause : null
2025-01-30 15:02:59,734 [WARN] ConditionMgr:1039 - genDependencies : Invalid condition id : UX DEVICE CLASS RTOS Condition cause : null
2025-01-30 15:02:59,734 [WARN] ConditionMgr:1039 - genDependencies : Invalid condition id : UX DEVICE CLASS RTOS Condition cause : null
2025-01-30 15:02:59,734 [WARN] ConditionMgr:1039 - genDependencies : Invalid condition id : UX DEVICE CLASS RTOS Condition cause : null
2025-01-30 15:02:59,734 [WARN] ConditionMgr:1039 - genDependencies : Invalid condition id : UX DEVICE CLASS RTOS Condition cause : null
2025-01-30 15:02:59,746 [WARN] PackLoader:240 - Cannot read IP mode file for STMicroelectronics.X-CUBE-GNSS1.7.0.0
2025-01-30 15:02:59,758 [WARN] PackLoader:240 - Cannot read IP mode file for STMicroelectronics.X-CUBE-GNSS1.7.0.1
2025-01-30 15:02:59,771 [ERROR] Engine:466 - C:\Users\KkangJun\.stm32cubemx\thirdparties\pdsc\STMicroelectronics.FP-SNS-STBOX1.2.0.0.pdsc: PDSC version is not supported
2025-01-30 15:02:59,790 [WARN] PackLoader:240 - Cannot read IP mode file for STMicroelectronics.X-CUBE-SUBG2.5.0.0
2025-01-30 15:02:59,805 [WARN] PackLoader:240 - Cannot read IP mode file for Cesanta.I-CUBE-Mongoose.7.13.0
2025-01-30 15:02:59,823 [WARN] PackLoader:240 - Cannot read IP mode file for STMicroelectronics.X-CUBE-AZRTOS-G4.2.0.0
2025-01-30 15:02:59,852 [WARN] PackLoader:240 - Cannot read IP mode file for Infineon.AIROC-Wi-Fi-Bluetooth-STM32.1.5.1
2025-01-30 15:02:59,865 [WARN] PackLoader:240 - Cannot read IP mode file for STMicroelectronics.FP-SNS-MOTENVWB1.1.3.1
2025-01-30 15:02:59,879 [WARN] PackLoader:240 - Cannot read IP mode file for STMicroelectronics.X-CUBE-ISPU.2.0.0
2025-01-30 15:02:59,894 [ERROR] Engine:466 - C:\Users\KkangJun\.stm32cubemx\thirdparties\pdsc\STMicroelectronics.X-CUBE-IPS.3.1.0.pdsc: PDSC version is not supported
2025-01-30 15:02:59,909 [WARN] PackLoader:240 - Cannot read IP mode file for STMicroelectronics.X-CUBE-ALS.1.0.2
2025-01-30 15:02:59,961 [WARN] PackLoader:240 - Cannot read IP mode file for STMicroelectronics.X-CUBE-MEMS1.10.0.0
2025-01-30 15:03:00,054 [WARN] PackLoader:240 - Cannot read IP mode file for STMicroelectronics.X-CUBE-FREERTOS.1.1.0
2025-01-30 15:03:00,065 [WARN] PackLoader:240 - Cannot read IP mode file for STMicroelectronics.X-CUBE-TOUCHGFX.4.24.0
2025-01-30 15:03:00,078 [WARN] PackLoader:240 - Cannot read IP mode file for STMicroelectronics.X-CUBE-TOUCHGFX.4.24.2
2025-01-30 15:03:00,092 [WARN] PackLoader:240 - Cannot read IP mode file for STMicroelectronics.X-CUBE-TOUCHGFX.4.24.1
2025-01-30 15:03:00,104 [WARN] PackLoader:240 - Cannot read IP mode file for portGmbH.I-Cube-SoM-uGOAL.1.1.0
2025-01-30 15:03:00,115 [WARN] PackLoader:240 - Cannot read IP mode file for STMicroelectronics.X-CUBE-ALS.1.0.1
2025-01-30 15:03:00,140 [WARN] PackLoader:240 - Cannot read IP mode file for STMicroelectronics.X-CUBE-AZRTOS-H7RS.1.0.0
2025-01-30 15:03:00,153 [WARN] PackLoader:240 - Cannot read IP mode file for STMicroelectronics.FP-ATR-ASTRA1.2.0.0
2025-01-30 15:03:00,167 [ERROR] Engine:466 - C:\Users\KkangJun\.stm32cubemx\thirdparties\pdsc\STMicroelectronics.X-CUBE-TOF1.3.4.2.pdsc: PDSC version is not supported
2025-01-30 15:03:00,186 [WARN] PackLoader:240 - Cannot read IP mode file for STMicroelectronics.X-CUBE-TOF1.3.4.0
2025-01-30 15:03:00,208 [WARN] PackLoader:240 - Cannot read IP mode file for STMicroelectronics.X-CUBE-TOF1.3.4.1
2025-01-30 15:03:00,240 [WARN] PackLoader:240 - Cannot read IP mode file for STMicroelectronics.X-CUBE-AZRTOS-H7.3.2.0
2025-01-30 15:03:00,257 [WARN] PackLoader:240 - Cannot read IP mode file for wolfSSL.I-CUBE-wolfSSH.1.4.17
2025-01-30 15:03:00,258 [INFO] ThirdParty:978 - Integrity check success = true
2025-01-30 15:03:00,258 [INFO] IntegrityCheckThread:100 - exiting critical section [integrity check]
2025-01-30 15:03:00,258 [INFO] IntegrityCheckThread:103 - End integrity checks thread
2025-01-30 23:53:36,639 [ERROR] LogOutputStream:75 - [STDERR_REDIRECT] 
