2025-01-31 13:36:54,741 [INFO] Activator:176 - 


2025-01-31 13:36:54,745 [INFO] Activator:177 - !SESSION log4j initialized
2025-01-31 13:36:59,126 [INFO] LogOutputStream:77 - [STDOUT_REDIRECT] 
2025-01-31 13:37:06,319 [INFO] ApplicationProperties:184 - Using Application install path: C:\ST\STM32CubeIDE_1.13.2\STM32CubeIDE\plugins\com.st.stm32cube.common.mx_6.9.2.202309101412
2025-01-31 13:37:06,334 [INFO] DbMcusXml:78 - Set database path to: C:\ST\STM32CubeIDE_1.13.2\STM32CubeIDE\plugins\com.st.stm32cube.common.mx_6.9.2.202309101412\\db\/mcu/
2025-01-31 13:37:06,334 [INFO] ApiDb:274 - Set plugin database path to: C:\ST\STM32CubeIDE_1.13.2\STM32CubeIDE\plugins\com.st.stm32cube.common.mx_6.9.2.202309101412\\db\/plugins/boardmanager/
2025-01-31 13:37:06,334 [WARN] ApiDb:259 - Overriding images path with different value:  => C:\ST\STM32CubeIDE_1.13.2\STM32CubeIDE\plugins\com.st.stm32cube.common.mx_6.9.2.202309101412\\db\/plugins/mcufinder/images/
2025-01-31 13:37:06,349 [INFO] ApiDb:250 - Set database path to: C:\Users\KkangJun\.stmcufinder\plugins\mcufinder//mcu/
2025-01-31 13:37:06,350 [INFO] DbMcusAds:125 - Set database path to: C:\Users\KkangJun\.stmcufinder\plugins\mcufinder//mcu/
2025-01-31 13:37:06,352 [INFO] CrossReferenceDbSqlite:203 - Set database path to: C:\Users\KkangJun\.stmcufinder\plugins\mcufinder//mcu/cs/
2025-01-31 13:37:06,423 [INFO] RulesReader:64 - Compatibility file has been processed (293 Rules)
2025-01-31 13:37:06,483 [INFO] DbMcusXml:78 - Set database path to: C:\ST\STM32CubeIDE_1.13.2\STM32CubeIDE\plugins\com.st.stm32cube.common.mx_6.9.2.202309101412\\db\/mcu/
2025-01-31 13:37:06,484 [INFO] ApiDb:274 - Set plugin database path to: C:\ST\STM32CubeIDE_1.13.2\STM32CubeIDE\plugins\com.st.stm32cube.common.mx_6.9.2.202309101412\\db\/plugins/boardmanager/
2025-01-31 13:37:06,484 [INFO] ApiDb:261 - Set plugin images path to: C:\ST\STM32CubeIDE_1.13.2\STM32CubeIDE\plugins\com.st.stm32cube.common.mx_6.9.2.202309101412\\db\/plugins/mcufinder/images/
2025-01-31 13:37:06,484 [WARN] DbFile:41 - Overriding database path with different value: C:\Users\KkangJun\.stmcufinder\plugins\mcufinder/ => C:\Users\KkangJun\.stmcufinder\plugins\mcufinder
2025-01-31 13:37:06,484 [INFO] ApiDb:250 - Set database path to: C:\Users\KkangJun\.stmcufinder\plugins\mcufinder//mcu/
2025-01-31 13:37:06,484 [WARN] DbFile:41 - Overriding database path with different value: C:\Users\KkangJun\.stmcufinder\plugins\mcufinder/ => C:\Users\KkangJun\.stmcufinder\plugins\mcufinder
2025-01-31 13:37:06,484 [INFO] DbMcusAds:125 - Set database path to: C:\Users\KkangJun\.stmcufinder\plugins\mcufinder//mcu/
2025-01-31 13:37:06,484 [WARN] DbFile:41 - Overriding database path with different value: C:\Users\KkangJun\.stmcufinder\plugins\mcufinder/ => C:\Users\KkangJun\.stmcufinder\plugins\mcufinder
2025-01-31 13:37:06,484 [WARN] DbFile:41 - Overriding database path with different value: C:\Users\KkangJun\.stmcufinder\plugins\mcufinder/ => C:\Users\KkangJun\.stmcufinder\plugins\mcufinder
2025-01-31 13:37:06,484 [INFO] CrossReferenceDbSqlite:203 - Set database path to: C:\Users\KkangJun\.stmcufinder\plugins\mcufinder//mcu/cs/
2025-01-31 13:37:06,555 [INFO] MainPanel:262 - HeapMemory: 268435456
2025-01-31 13:37:06,651 [INFO] DbMcusXml:78 - Set database path to: C:\ST\STM32CubeIDE_1.13.2\STM32CubeIDE\plugins\com.st.stm32cube.common.mx_6.9.2.202309101412\\db\/mcu/
2025-01-31 13:37:06,651 [INFO] ApiDb:274 - Set plugin database path to: C:\ST\STM32CubeIDE_1.13.2\STM32CubeIDE\plugins\com.st.stm32cube.common.mx_6.9.2.202309101412\\db\/plugins/boardmanager/
2025-01-31 13:37:06,651 [INFO] ApiDb:261 - Set plugin images path to: C:\ST\STM32CubeIDE_1.13.2\STM32CubeIDE\plugins\com.st.stm32cube.common.mx_6.9.2.202309101412\\db\/plugins/mcufinder/images/
2025-01-31 13:37:06,651 [WARN] DbFile:41 - Overriding database path with different value: C:\Users\KkangJun\.stmcufinder\plugins\mcufinder/ => C:\Users\KkangJun\.stmcufinder\plugins\mcufinder
2025-01-31 13:37:06,651 [INFO] ApiDb:250 - Set database path to: C:\Users\KkangJun\.stmcufinder\plugins\mcufinder//mcu/
2025-01-31 13:37:06,651 [WARN] DbFile:41 - Overriding database path with different value: C:\Users\KkangJun\.stmcufinder\plugins\mcufinder/ => C:\Users\KkangJun\.stmcufinder\plugins\mcufinder
2025-01-31 13:37:06,651 [INFO] DbMcusAds:125 - Set database path to: C:\Users\KkangJun\.stmcufinder\plugins\mcufinder//mcu/
2025-01-31 13:37:06,651 [WARN] DbFile:41 - Overriding database path with different value: C:\Users\KkangJun\.stmcufinder\plugins\mcufinder/ => C:\Users\KkangJun\.stmcufinder\plugins\mcufinder
2025-01-31 13:37:06,652 [WARN] DbFile:41 - Overriding database path with different value: C:\Users\KkangJun\.stmcufinder\plugins\mcufinder/ => C:\Users\KkangJun\.stmcufinder\plugins\mcufinder
2025-01-31 13:37:06,652 [INFO] CrossReferenceDbSqlite:203 - Set database path to: C:\Users\KkangJun\.stmcufinder\plugins\mcufinder//mcu/cs/
2025-01-31 13:37:06,668 [INFO] ApplicationProperties:184 - Using Application install path: C:\ST\STM32CubeIDE_1.13.2\STM32CubeIDE\plugins\com.st.stm32cube.common.mx_6.9.2.202309101412
2025-01-31 13:37:06,669 [INFO] PluginManage:196 - Search for loadable plugins [exclusion list=, ]
2025-01-31 13:37:06,670 [INFO] PluginManage:310 - Check plugin analytics
2025-01-31 13:37:11,694 [INFO] AnalyticsPlugin:253 - Accepted Software Licenses: STM32CubeMX.6.12.0
2025-01-31 13:37:11,694 [INFO] AnalyticsPlugin:255 - Accepted CMSIS Pack Licenses: 
2025-01-31 13:37:11,695 [INFO] AnalyticsPlugin:257 - Accepted Firmware Licenses: FW.F4.1.27.0,FW.F4.1.28.0
2025-01-31 13:37:11,696 [INFO] PluginManage:359 - Loaded plugin analytics (category:tool,tabindex:-1)
2025-01-31 13:37:11,696 [INFO] PluginManage:310 - Check plugin cadmodel
2025-01-31 13:37:11,702 [INFO] CADModel:105 - Init CAD model plugin
2025-01-31 13:37:11,702 [INFO] PluginManage:359 - Loaded plugin cadmodel (category:power,tabindex:5)
2025-01-31 13:37:11,702 [INFO] PluginManage:310 - Check plugin clock
2025-01-31 13:37:11,710 [INFO] PluginManage:359 - Loaded plugin clock (category:base,tabindex:2)
2025-01-31 13:37:11,711 [INFO] PluginManage:310 - Check plugin ddr
2025-01-31 13:37:11,713 [INFO] PluginManage:359 - Loaded plugin ddr (category:tool,tabindex:6)
2025-01-31 13:37:11,713 [INFO] PluginManage:310 - Check plugin filemanager
2025-01-31 13:37:11,820 [INFO] PluginManage:359 - Loaded plugin filemanager (category:base,tabindex:10)
2025-01-31 13:37:11,820 [INFO] PluginManage:310 - Check plugin ipmanager
2025-01-31 13:37:11,829 [INFO] PluginManage:359 - Loaded plugin ipmanager (category:base,tabindex:5)
2025-01-31 13:37:11,829 [INFO] PluginManage:310 - Check plugin lpbam
2025-01-31 13:37:11,837 [INFO] PluginManage:359 - Loaded plugin lpbam (category:base,tabindex:0)
2025-01-31 13:37:11,837 [INFO] PluginManage:310 - Check plugin memorymap
2025-01-31 13:37:11,853 [INFO] PluginManage:359 - Loaded plugin memorymap (category:base,tabindex:4)
2025-01-31 13:37:11,853 [INFO] PluginManage:310 - Check plugin pinoutandconfiguration
2025-01-31 13:37:11,861 [INFO] PluginManage:359 - Loaded plugin pinoutandconfiguration (category:base,tabindex:1)
2025-01-31 13:37:11,861 [INFO] PluginManage:310 - Check plugin pinoutconfig
2025-01-31 13:37:11,930 [WARN] SupportedApi:132 - Cannot load RTOS API schema: s4s-elt-must-match.1: The content of 'definitions' must match (annotation?, (simpleType | complexType)?, (unique | key | keyref)*)). A problem was found starting at: attribute.
2025-01-31 13:37:12,030 [INFO] PluginManage:359 - Loaded plugin pinoutconfig (category:base,tabindex:0)
2025-01-31 13:37:12,030 [INFO] PluginManage:310 - Check plugin power
2025-01-31 13:37:12,040 [INFO] PluginManage:359 - Loaded plugin power (category:power,tabindex:4)
2025-01-31 13:37:12,040 [INFO] PluginManage:310 - Check plugin projectmanager
2025-01-31 13:37:12,050 [INFO] PluginManage:359 - Loaded plugin projectmanager (category:projectmanager,tabindex:3)
2025-01-31 13:37:12,050 [INFO] PluginManage:310 - Check plugin thirdparty
2025-01-31 13:37:12,164 [INFO] PluginManage:359 - Loaded plugin thirdparty (category:base,tabindex:-1)
2025-01-31 13:37:12,164 [WARN] IntegrityCheckThread:84 - waiting for thirdparty lock release [integrity check]
2025-01-31 13:37:12,164 [INFO] PluginManage:310 - Check plugin tools
2025-01-31 13:37:12,164 [INFO] IntegrityCheckThread:86 - entering critical section [integrity check]
2025-01-31 13:37:12,164 [INFO] ThirdPartyUpdaterWithRetryManager:70 - Updater plugin not ready yet. [1/15]
2025-01-31 13:37:12,166 [INFO] PluginManage:359 - Loaded plugin tools (category:base,tabindex:7)
2025-01-31 13:37:12,166 [INFO] PluginManage:310 - Check plugin tutovideos
2025-01-31 13:37:12,330 [INFO] PluginManage:359 - Loaded plugin tutovideos (category:base,tabindex:-1)
2025-01-31 13:37:12,331 [INFO] PluginManage:310 - Check plugin updater
2025-01-31 13:37:12,340 [INFO] PluginManage:359 - Loaded plugin updater (category:base,tabindex:12)
2025-01-31 13:37:12,341 [INFO] PluginManage:310 - Check plugin userauth
2025-01-31 13:37:12,345 [INFO] UserAuth:113 - Init User Auth plugin
2025-01-31 13:37:12,345 [INFO] PluginManage:359 - Loaded plugin userauth (category:base,tabindex:14)
2025-01-31 13:37:12,345 [INFO] PluginManage:283 - PluginManage : Loaded plugins [17]
2025-01-31 13:37:12,515 [INFO] PinOutPanel:1499 - setPackage(No Configuration,No Configuration)
2025-01-31 13:37:12,599 [INFO] CADModel:165 - CPN selected for project level
2025-01-31 13:37:12,599 [INFO] CADModel:114 - Register for checkConnection events
2025-01-31 13:37:12,614 [INFO] IPUIPlugin:80 - create IPUIPlugin
2025-01-31 13:37:12,615 [INFO] PluginManager:220 - loadIPPluginJar : add adc
2025-01-31 13:37:12,617 [INFO] IPUIPlugin:80 - create IPUIPlugin
2025-01-31 13:37:12,617 [INFO] PluginManager:220 - loadIPPluginJar : add aes
2025-01-31 13:37:12,620 [INFO] IPUIPlugin:80 - create IPUIPlugin
2025-01-31 13:37:12,620 [INFO] PluginManager:220 - loadIPPluginJar : add can
2025-01-31 13:37:12,621 [INFO] IPUIPlugin:80 - create IPUIPlugin
2025-01-31 13:37:12,621 [INFO] PluginManager:220 - loadIPPluginJar : add comp
2025-01-31 13:37:12,624 [INFO] IPUIPlugin:80 - create IPUIPlugin
2025-01-31 13:37:12,624 [INFO] PluginManager:220 - loadIPPluginJar : add cryp
2025-01-31 13:37:12,626 [INFO] IPUIPlugin:80 - create IPUIPlugin
2025-01-31 13:37:12,626 [INFO] PluginManager:220 - loadIPPluginJar : add dfsdm
2025-01-31 13:37:12,631 [INFO] IPUIPlugin:80 - create IPUIPlugin
2025-01-31 13:37:12,631 [INFO] PluginManager:220 - loadIPPluginJar : add dma
2025-01-31 13:37:12,634 [INFO] IPUIPlugin:80 - create IPUIPlugin
2025-01-31 13:37:12,634 [INFO] PluginManager:220 - loadIPPluginJar : add dma3
2025-01-31 13:37:12,635 [INFO] IPUIPlugin:80 - create IPUIPlugin
2025-01-31 13:37:12,635 [INFO] PluginManager:220 - loadIPPluginJar : add fatfs
2025-01-31 13:37:12,638 [INFO] IPUIPlugin:80 - create IPUIPlugin
2025-01-31 13:37:12,638 [INFO] PluginManager:220 - loadIPPluginJar : add fmc
2025-01-31 13:37:12,643 [INFO] IPUIPlugin:80 - create IPUIPlugin
2025-01-31 13:37:12,643 [INFO] PluginManager:220 - loadIPPluginJar : add freertos
2025-01-31 13:37:12,646 [INFO] IPUIPlugin:80 - create IPUIPlugin
2025-01-31 13:37:12,646 [INFO] PluginManager:220 - loadIPPluginJar : add genericplugin
2025-01-31 13:37:12,649 [INFO] IPUIPlugin:80 - create IPUIPlugin
2025-01-31 13:37:12,649 [INFO] PluginManager:220 - loadIPPluginJar : add gfxmmu
2025-01-31 13:37:12,653 [INFO] IPUIPlugin:80 - create IPUIPlugin
2025-01-31 13:37:12,653 [INFO] PluginManager:220 - loadIPPluginJar : add gic
2025-01-31 13:37:12,657 [INFO] IPUIPlugin:80 - create IPUIPlugin
2025-01-31 13:37:12,657 [INFO] PluginManager:220 - loadIPPluginJar : add gpio
2025-01-31 13:37:12,659 [INFO] IPUIPlugin:80 - create IPUIPlugin
2025-01-31 13:37:12,659 [INFO] PluginManager:220 - loadIPPluginJar : add gtzc
2025-01-31 13:37:12,661 [INFO] IPUIPlugin:80 - create IPUIPlugin
2025-01-31 13:37:12,661 [INFO] PluginManager:220 - loadIPPluginJar : add hash
2025-01-31 13:37:12,664 [INFO] IPUIPlugin:80 - create IPUIPlugin
2025-01-31 13:37:12,664 [INFO] PluginManager:220 - loadIPPluginJar : add i2c
2025-01-31 13:37:12,667 [INFO] IPUIPlugin:80 - create IPUIPlugin
2025-01-31 13:37:12,667 [INFO] PluginManager:220 - loadIPPluginJar : add i2s
2025-01-31 13:37:12,669 [INFO] IPUIPlugin:80 - create IPUIPlugin
2025-01-31 13:37:12,670 [INFO] PluginManager:220 - loadIPPluginJar : add i3c
2025-01-31 13:37:12,672 [INFO] IPUIPlugin:80 - create IPUIPlugin
2025-01-31 13:37:12,672 [INFO] PluginManager:220 - loadIPPluginJar : add ipddr
2025-01-31 13:37:12,678 [INFO] IPUIPlugin:80 - create IPUIPlugin
2025-01-31 13:37:12,678 [INFO] PluginManager:220 - loadIPPluginJar : add linkedlist
2025-01-31 13:37:12,681 [INFO] IPUIPlugin:80 - create IPUIPlugin
2025-01-31 13:37:12,681 [INFO] PluginManager:220 - loadIPPluginJar : add lorawan
2025-01-31 13:37:12,683 [INFO] IPUIPlugin:80 - create IPUIPlugin
2025-01-31 13:37:12,684 [INFO] PluginManager:220 - loadIPPluginJar : add ltdc
2025-01-31 13:37:12,689 [INFO] IPUIPlugin:80 - create IPUIPlugin
2025-01-31 13:37:12,689 [INFO] PluginManager:220 - loadIPPluginJar : add mdma
2025-01-31 13:37:12,692 [INFO] IPUIPlugin:80 - create IPUIPlugin
2025-01-31 13:37:12,692 [INFO] PluginManager:220 - loadIPPluginJar : add nvic
2025-01-31 13:37:12,695 [INFO] IPUIPlugin:80 - create IPUIPlugin
2025-01-31 13:37:12,696 [INFO] PluginManager:220 - loadIPPluginJar : add opamp
2025-01-31 13:37:12,698 [INFO] IPUIPlugin:80 - create IPUIPlugin
2025-01-31 13:37:12,699 [INFO] PluginManager:220 - loadIPPluginJar : add openamp
2025-01-31 13:37:12,702 [INFO] IPUIPlugin:80 - create IPUIPlugin
2025-01-31 13:37:12,702 [INFO] PluginManager:220 - loadIPPluginJar : add pdm2pcm
2025-01-31 13:37:12,707 [INFO] IPUIPlugin:80 - create IPUIPlugin
2025-01-31 13:37:12,709 [INFO] PluginManager:220 - loadIPPluginJar : add plateformsettings
2025-01-31 13:37:12,710 [INFO] IPUIPlugin:80 - create IPUIPlugin
2025-01-31 13:37:12,710 [INFO] PluginManager:220 - loadIPPluginJar : add quadspi
2025-01-31 13:37:12,715 [INFO] IPUIPlugin:80 - create IPUIPlugin
2025-01-31 13:37:12,715 [INFO] PluginManager:220 - loadIPPluginJar : add resmgrutility
2025-01-31 13:37:12,717 [INFO] IPUIPlugin:80 - create IPUIPlugin
2025-01-31 13:37:12,718 [INFO] PluginManager:220 - loadIPPluginJar : add sai
2025-01-31 13:37:12,720 [INFO] IPUIPlugin:80 - create IPUIPlugin
2025-01-31 13:37:12,720 [INFO] PluginManager:220 - loadIPPluginJar : add spi
2025-01-31 13:37:12,724 [INFO] IPUIPlugin:80 - create IPUIPlugin
2025-01-31 13:37:12,724 [INFO] PluginManager:220 - loadIPPluginJar : add stm32_wpan
2025-01-31 13:37:12,725 [INFO] IPUIPlugin:80 - create IPUIPlugin
2025-01-31 13:37:12,726 [INFO] PluginManager:220 - loadIPPluginJar : add tim
2025-01-31 13:37:12,728 [INFO] IPUIPlugin:80 - create IPUIPlugin
2025-01-31 13:37:12,728 [INFO] PluginManager:220 - loadIPPluginJar : add touchsensing
2025-01-31 13:37:12,730 [INFO] IPUIPlugin:80 - create IPUIPlugin
2025-01-31 13:37:12,731 [INFO] PluginManager:220 - loadIPPluginJar : add tracer_emb
2025-01-31 13:37:12,732 [INFO] IPUIPlugin:80 - create IPUIPlugin
2025-01-31 13:37:12,733 [INFO] PluginManager:220 - loadIPPluginJar : add ts
2025-01-31 13:37:12,735 [INFO] IPUIPlugin:80 - create IPUIPlugin
2025-01-31 13:37:12,735 [INFO] PluginManager:220 - loadIPPluginJar : add tsc
2025-01-31 13:37:12,737 [INFO] IPUIPlugin:80 - create IPUIPlugin
2025-01-31 13:37:12,737 [INFO] PluginManager:220 - loadIPPluginJar : add ucpd
2025-01-31 13:37:12,739 [INFO] IPUIPlugin:80 - create IPUIPlugin
2025-01-31 13:37:12,739 [INFO] PluginManager:220 - loadIPPluginJar : add usart
2025-01-31 13:37:12,741 [INFO] IPUIPlugin:80 - create IPUIPlugin
2025-01-31 13:37:12,741 [INFO] PluginManager:220 - loadIPPluginJar : add usbx
2025-01-31 13:37:12,852 [INFO] CADModel:165 - CPN selected for project level
2025-01-31 13:37:12,852 [INFO] CADModel:114 - Register for checkConnection events
2025-01-31 13:37:12,852 [FATAL] Updater:308 - Updater called before beeing initialized
2025-01-31 13:37:12,852 [ERROR] CADModel:125 - Updater not yet initialized, retry later 
2025-01-31 13:37:12,965 [INFO] CADModel:165 - CPN selected for project level
2025-01-31 13:37:12,965 [INFO] CADModel:114 - Register for checkConnection events
2025-01-31 13:37:12,966 [FATAL] Updater:308 - Updater called before beeing initialized
2025-01-31 13:37:12,966 [ERROR] CADModel:125 - Updater not yet initialized, retry later 
2025-01-31 13:37:12,968 [FATAL] Updater:308 - Updater called before beeing initialized
2025-01-31 13:37:13,057 [FATAL] Updater:308 - Updater called before beeing initialized
2025-01-31 13:37:13,066 [INFO] DbMcusAds:53 - JSON generation date=Wed Dec 18 01:01:15 KST 2024 (1734451275111)
2025-01-31 13:37:13,067 [FATAL] Updater:308 - Updater called before beeing initialized
2025-01-31 13:37:13,104 [WARN] DetailPanel:346 - Failed to get advertising image, set to default
2025-01-31 13:37:13,180 [FATAL] Updater:308 - Updater called before beeing initialized
2025-01-31 13:37:13,181 [FATAL] Updater:308 - Updater called before beeing initialized
2025-01-31 13:37:13,181 [FATAL] Updater:308 - Updater called before beeing initialized
2025-01-31 13:37:13,181 [WARN] DetailPanel:346 - Failed to get advertising image, set to default
2025-01-31 13:37:13,182 [FATAL] Updater:308 - Updater called before beeing initialized
2025-01-31 13:37:13,213 [ERROR] Updater:1120 - MainUpdater not yet initialized. External WinMGr cannot be set.
2025-01-31 13:37:13,215 [INFO] Updater:1056 - Updater Version found : 6.9.2
2025-01-31 13:37:13,229 [INFO] ApplicationProperties:184 - Using Application install path: C:\ST\STM32CubeIDE_1.13.2\STM32CubeIDE\plugins\com.st.stm32cube.common.mx_6.9.2.202309101412
2025-01-31 13:37:13,299 [INFO] MainUpdater:521 - Copy updater definitions from MX database
2025-01-31 13:37:13,490 [INFO] MainUpdater:2868 - connection check result : 10
2025-01-31 13:37:13,490 [INFO] MainUpdater:3562 - Updater definition file requires update
2025-01-31 13:37:13,491 [INFO] MainUpdater:285 - Updater Check For Update Now.
2025-01-31 13:37:13,491 [INFO] MicroXplorer:498 - Change Database Version : DB.6.0.92
2025-01-31 13:37:13,499 [INFO] McuFinderGlobals:63 - Set McuFinder mode to 2 (CubeIDE integrated)
2025-01-31 13:37:13,549 [INFO] ServerAccessManage:473 - Download File updaters.zip
2025-01-31 13:37:13,680 [INFO] FileExtend:240 - Unzip File : updaters.zip
2025-01-31 13:37:13,680 [INFO] FileExtend:255 - Standard Zip Deflate
2025-01-31 13:37:14,268 [ERROR] LogOutputStream:75 - [STDERR_REDIRECT] Jan 31, 2025 1:37:14 PM org.glassfish.grizzly.http.server.NetworkListener start
2025-01-31 13:37:14,268 [ERROR] LogOutputStream:75 - [STDERR_REDIRECT] INFO: Started listener bound to [localhost:1597]
2025-01-31 13:37:14,269 [ERROR] LogOutputStream:75 - [STDERR_REDIRECT] 
2025-01-31 13:37:14,269 [ERROR] LogOutputStream:75 - [STDERR_REDIRECT] Jan 31, 2025 1:37:14 PM org.glassfish.grizzly.http.server.HttpServer start
2025-01-31 13:37:14,270 [ERROR] LogOutputStream:75 - [STDERR_REDIRECT] INFO: [HttpServer] Started.
2025-01-31 13:37:14,270 [ERROR] LogOutputStream:75 - [STDERR_REDIRECT] 
2025-01-31 13:37:14,296 [INFO] ServerAccessManage:473 - Download File PacksControlFlags.xml
2025-01-31 13:37:14,421 [INFO] ServerAccessManage:473 - Download File cubemx.pidx
2025-01-31 13:37:14,497 [INFO] LoadServerUpdatesThread:373 - End of LoadServerUpdate Thread
2025-01-31 13:37:14,672 [INFO] CheckServerUpdateThread:120 - End of CheckServer Thread
2025-01-31 13:37:15,373 [WARN] PackLoader:240 - Cannot read IP mode file for STMicroelectronics.FP-SNS-MOTENVWB1.1.4.0
2025-01-31 13:37:15,387 [WARN] PackLoader:240 - Cannot read IP mode file for STMicroelectronics.FP-ATR-ASTRA1.2.0.1
2025-01-31 13:37:15,401 [WARN] PackLoader:240 - Cannot read IP mode file for STMicroelectronics.X-CUBE-SMBUS.2.1.0
2025-01-31 13:37:15,415 [WARN] PackLoader:240 - Cannot read IP mode file for STMicroelectronics.X-CUBE-WB05N.1.1.0
2025-01-31 13:37:15,430 [WARN] PackLoader:240 - Cannot read IP mode file for STMicroelectronics.X-CUBE-TOUCHGFX.4.23.0
2025-01-31 13:37:15,441 [WARN] PackLoader:240 - Cannot read IP mode file for STMicroelectronics.X-CUBE-TOUCHGFX.4.23.2
2025-01-31 13:37:15,474 [WARN] PackLoader:240 - Cannot read IP mode file for STMicroelectronics.X-CUBE-AZRTOS-F7.1.1.0
2025-01-31 13:37:15,491 [WARN] PackLoader:240 - Cannot read IP mode file for STMicroelectronics.FP-SNS-MOTENV1.4.3.2
2025-01-31 13:37:15,539 [WARN] PackLoader:240 - Cannot read IP mode file for STMicroelectronics.X-CUBE-MEMS1.11.0.0
2025-01-31 13:37:15,634 [WARN] PackLoader:240 - Cannot read IP mode file for STMicroelectronics.FP-SNS-FLIGHT1.5.0.2
2025-01-31 13:37:15,652 [WARN] PackLoader:240 - Cannot read IP mode file for STMicroelectronics.X-CUBE-DISPLAY.3.0.0
2025-01-31 13:37:15,668 [WARN] PackLoader:240 - Cannot read IP mode file for STMicroelectronics.X-CUBE-BLE1.7.0.0
2025-01-31 13:37:15,685 [WARN] PackLoader:240 - Cannot read IP mode file for STMicroelectronics.X-CUBE-NFC10.1.0.0
2025-01-31 13:37:15,703 [ERROR] Engine:466 - C:\Users\KkangJun\.stm32cubemx\thirdparties\pdsc\STMicroelectronics.X-CUBE-BLEMGR.4.0.0.pdsc: PDSC version is not supported
2025-01-31 13:37:15,721 [WARN] PackLoader:240 - Cannot read IP mode file for emotas.I-CUBE-CANOPEN.1.3.0
2025-01-31 13:37:15,739 [WARN] PackLoader:240 - Cannot read IP mode file for STMicroelectronics.X-CUBE-BLEMGR.3.1.0
2025-01-31 13:37:15,755 [WARN] PackLoader:240 - Cannot read IP mode file for STMicroelectronics.X-CUBE-AI.10.0.0
2025-01-31 13:37:15,769 [WARN] PackLoader:240 - Cannot read IP mode file for STMicroelectronics.FP-SNS-SMARTAG2.1.2.0
2025-01-31 13:37:15,820 [WARN] PackLoader:240 - Cannot read IP mode file for STMicroelectronics.X-CUBE-MEMS1.11.1.0
2025-01-31 13:37:15,914 [INFO] LogOutputStream:77 - [STDOUT_REDIRECT] 1 : Invalid condition id : UX_CORESTACK_Condition cause : null
2025-01-31 13:37:15,914 [INFO] LogOutputStream:77 - [STDOUT_REDIRECT] 1 : Invalid condition id : UX_CORESTACK_Condition cause : null
2025-01-31 13:37:15,915 [INFO] LogOutputStream:77 - [STDOUT_REDIRECT] 1 : Invalid condition id : UX_CORESTACK_Condition cause : null
2025-01-31 13:37:15,916 [INFO] LogOutputStream:77 - [STDOUT_REDIRECT] 1 : Invalid condition id : UX_CORESTACK_Condition cause : null
2025-01-31 13:37:15,917 [INFO] LogOutputStream:77 - [STDOUT_REDIRECT] 1 : Invalid condition id : UX_CORESTACK_Condition cause : null
2025-01-31 13:37:15,918 [WARN] PackLoader:240 - Cannot read IP mode file for STMicroelectronics.X-CUBE-AZRTOS-WL.2.0.0
2025-01-31 13:37:15,935 [WARN] PackLoader:240 - Cannot read IP mode file for STMicroelectronics.FP-SNS-MOTENV1.5.0.0
2025-01-31 13:37:15,949 [WARN] PackLoader:240 - Cannot read IP mode file for wolfSSL.I-CUBE-wolfMQTT.1.19.0
2025-01-31 13:37:15,964 [WARN] PackLoader:240 - Cannot read IP mode file for WES.I-CUBE-Cesium.1.3.0
2025-01-31 13:37:15,978 [WARN] PackLoader:240 - Cannot read IP mode file for STMicroelectronics.X-CUBE-BLE2.3.3.0
2025-01-31 13:37:15,994 [WARN] PackLoader:240 - Cannot read IP mode file for STMicroelectronics.X-CUBE-NFC9.1.0.0
2025-01-31 13:37:16,009 [WARN] PackLoader:240 - Cannot read IP mode file for STMicroelectronics.X-CUBE-TCPP.4.1.0
2025-01-31 13:37:16,026 [WARN] PackLoader:240 - Cannot read IP mode file for STMicroelectronics.X-CUBE-ALGOBUILD.1.3.0
2025-01-31 13:37:16,052 [WARN] PackLoader:240 - Cannot read IP mode file for STMicroelectronics.X-CUBE-AZRTOS-G0.1.1.0
2025-01-31 13:37:16,071 [WARN] PackLoader:240 - Cannot read IP mode file for STMicroelectronics.X-CUBE-SAFEA1.1.2.2
2025-01-31 13:37:16,086 [WARN] PackLoader:240 - Cannot read IP mode file for STMicroelectronics.X-CUBE-NFC4.3.0.0
2025-01-31 13:37:16,101 [ERROR] Engine:466 - C:\Users\KkangJun\.stm32cubemx\thirdparties\pdsc\EmbeddedOffice.I-CUBE-FS-RTOS.1.0.1.pdsc: PDSC version is not supported
2025-01-31 13:37:16,118 [WARN] PackLoader:240 - Cannot read IP mode file for STMicroelectronics.X-CUBE-BLEMGR.3.0.0
2025-01-31 13:37:16,130 [ERROR] Engine:466 - C:\Users\KkangJun\.stm32cubemx\thirdparties\pdsc\STMicroelectronics.X-CUBE-TCPP.4.2.0.pdsc: PDSC version is not supported
2025-01-31 13:37:16,142 [ERROR] Engine:466 - C:\Users\KkangJun\.stm32cubemx\thirdparties\pdsc\RealThread.X-CUBE-RT-Thread_Nano.4.1.1.pdsc: PDSC version is not supported
2025-01-31 13:37:16,155 [WARN] PackLoader:240 - Cannot read IP mode file for STMicroelectronics.FP-ATR-SIGFOX1.3.2.0
2025-01-31 13:37:16,168 [ERROR] Engine:466 - C:\Users\KkangJun\.stm32cubemx\thirdparties\pdsc\quantropi.X-CUBE-qispace-sdk-base.1.9.3.pdsc: PDSC version is not supported
2025-01-31 13:37:16,181 [WARN] PackLoader:240 - Cannot read IP mode file for STMicroelectronics.X-CUBE-EEPRMA1.5.1.0
2025-01-31 13:37:16,211 [WARN] PackLoader:240 - Cannot read IP mode file for SEGGER.I-CUBE-embOS.1.3.1
2025-01-31 13:37:16,247 [WARN] PackLoader:240 - Cannot read IP mode file for STMicroelectronics.X-CUBE-ALGOBUILD.1.4.0
2025-01-31 13:37:16,262 [WARN] PackLoader:240 - Cannot read IP mode file for STMicroelectronics.X-CUBE-AI.9.1.0
2025-01-31 13:37:16,280 [WARN] PackLoader:240 - Cannot read IP mode file for STMicroelectronics.X-CUBE-GNSS1.6.0.0
2025-01-31 13:37:16,304 [WARN] PackLoader:240 - Cannot read IP mode file for STMicroelectronics.X-CUBE-AZRTOS-F4.1.1.0
2025-01-31 13:37:16,319 [WARN] PackLoader:240 - Cannot read IP mode file for STMicroelectronics.X-CUBE-ISPU.2.1.0
2025-01-31 13:37:16,330 [WARN] PackLoader:240 - Cannot read IP mode file for STMicroelectronics.X-CUBE-FREERTOS.1.2.0
2025-01-31 13:37:16,341 [WARN] PackLoader:240 - Cannot read IP mode file for wolfSSL.I-CUBE-wolfSSL.5.6.6
2025-01-31 13:37:16,361 [WARN] PackLoader:240 - Cannot read IP mode file for STMicroelectronics.X-CUBE-AZRTOS-L5.2.0.0
2025-01-31 13:37:16,376 [WARN] PackLoader:240 - Cannot read IP mode file for STMicroelectronics.X-CUBE-EEPRMA1.4.2.0
2025-01-31 13:37:16,390 [WARN] PackLoader:240 - Cannot read IP mode file for STMicroelectronics.X-CUBE-NFC6.3.1.0
2025-01-31 13:37:16,406 [WARN] PackLoader:240 - Cannot read IP mode file for ITTIA_DB.I-CUBE-ITTIADB.8.8.0
2025-01-31 13:37:16,416 [ERROR] Engine:466 - C:\Users\KkangJun\.stm32cubemx\thirdparties\pdsc\STMicroelectronics.X-CUBE-DPower.1.2.0.pdsc: PDSC version is not supported
2025-01-31 13:37:16,429 [WARN] PackLoader:240 - Cannot read IP mode file for STMicroelectronics.X-CUBE-AI.9.0.0
2025-01-31 13:37:16,440 [WARN] PackLoader:240 - Cannot read IP mode file for STMicroelectronics.X-CUBE-FREERTOS.1.3.0
2025-01-31 13:37:16,452 [WARN] PackLoader:240 - Cannot read IP mode file for STMicroelectronics.X-CUBE-NFC7.1.0.1
2025-01-31 13:37:16,464 [WARN] PackLoader:240 - Cannot read IP mode file for wolfSSL.I-CUBE-wolfTPM.3.2.0
2025-01-31 13:37:16,475 [WARN] PackLoader:240 - Cannot read IP mode file for STMicroelectronics.X-CUBE-NFC6.3.0.0
2025-01-31 13:37:16,489 [WARN] PackLoader:240 - Cannot read IP mode file for STMicroelectronics.X-CUBE-AI.8.1.0
2025-01-31 13:37:16,511 [WARN] ConditionMgr:438 - getConditionDescription Invalid condition id : LAN8742 Phy interface Condition cause : null
2025-01-31 13:37:16,511 [WARN] PackLoader:240 - Cannot read IP mode file for STMicroelectronics.X-CUBE-AZRTOS-L4.2.0.0
2025-01-31 13:37:16,512 [WARN] ConditionMgr:1039 - genDependencies : Invalid condition id : LAN8742 Phy interface Condition cause : null
2025-01-31 13:37:16,512 [WARN] ConditionMgr:1039 - genDependencies : Invalid condition id : LAN8742 Phy interface Condition cause : null
2025-01-31 13:37:16,512 [WARN] ConditionMgr:1039 - genDependencies : Invalid condition id : LAN8742 Phy interface Condition cause : null
2025-01-31 13:37:16,526 [WARN] PackLoader:240 - Cannot read IP mode file for STMicroelectronics.X-CUBE-SFXS2LP1.4.0.0
2025-01-31 13:37:16,549 [WARN] PackLoader:240 - Cannot read IP mode file for STMicroelectronics.X-CUBE-AZRTOS-H7.3.3.0
2025-01-31 13:37:16,564 [ERROR] Engine:466 - C:\Users\KkangJun\.stm32cubemx\thirdparties\pdsc\STMicroelectronics.X-CUBE-IPS.3.0.0.pdsc: PDSC version is not supported
2025-01-31 13:37:16,582 [WARN] ConditionMgr:438 - getConditionDescription Invalid condition id : UX DEVICE CLASS RTOS Condition cause : null
2025-01-31 13:37:16,582 [WARN] ConditionMgr:438 - getConditionDescription Invalid condition id : UX DEVICE CLASS RTOS Condition cause : null
2025-01-31 13:37:16,583 [WARN] PackLoader:240 - Cannot read IP mode file for STMicroelectronics.X-CUBE-AZRTOS-WB.2.0.0
2025-01-31 13:37:16,583 [WARN] ConditionMgr:1039 - genDependencies : Invalid condition id : UX DEVICE CLASS RTOS Condition cause : null
2025-01-31 13:37:16,583 [WARN] ConditionMgr:1039 - genDependencies : Invalid condition id : UX DEVICE CLASS RTOS Condition cause : null
2025-01-31 13:37:16,583 [WARN] ConditionMgr:1039 - genDependencies : Invalid condition id : UX DEVICE CLASS RTOS Condition cause : null
2025-01-31 13:37:16,583 [WARN] ConditionMgr:1039 - genDependencies : Invalid condition id : UX DEVICE CLASS RTOS Condition cause : null
2025-01-31 13:37:16,584 [WARN] ConditionMgr:1039 - genDependencies : Invalid condition id : UX DEVICE CLASS RTOS Condition cause : null
2025-01-31 13:37:16,595 [WARN] PackLoader:240 - Cannot read IP mode file for STMicroelectronics.X-CUBE-GNSS1.7.0.0
2025-01-31 13:37:16,606 [WARN] PackLoader:240 - Cannot read IP mode file for STMicroelectronics.X-CUBE-GNSS1.7.0.1
2025-01-31 13:37:16,617 [ERROR] Engine:466 - C:\Users\KkangJun\.stm32cubemx\thirdparties\pdsc\STMicroelectronics.FP-SNS-STBOX1.2.0.0.pdsc: PDSC version is not supported
2025-01-31 13:37:16,632 [WARN] PackLoader:240 - Cannot read IP mode file for STMicroelectronics.X-CUBE-SUBG2.5.0.0
2025-01-31 13:37:16,643 [WARN] PackLoader:240 - Cannot read IP mode file for Cesanta.I-CUBE-Mongoose.7.13.0
2025-01-31 13:37:16,659 [WARN] PackLoader:240 - Cannot read IP mode file for STMicroelectronics.X-CUBE-AZRTOS-G4.2.0.0
2025-01-31 13:37:16,679 [WARN] PackLoader:240 - Cannot read IP mode file for Infineon.AIROC-Wi-Fi-Bluetooth-STM32.1.5.1
2025-01-31 13:37:16,693 [WARN] PackLoader:240 - Cannot read IP mode file for STMicroelectronics.FP-SNS-MOTENVWB1.1.3.1
2025-01-31 13:37:16,706 [WARN] PackLoader:240 - Cannot read IP mode file for STMicroelectronics.X-CUBE-ISPU.2.0.0
2025-01-31 13:37:16,719 [ERROR] Engine:466 - C:\Users\KkangJun\.stm32cubemx\thirdparties\pdsc\STMicroelectronics.X-CUBE-IPS.3.1.0.pdsc: PDSC version is not supported
2025-01-31 13:37:16,729 [WARN] PackLoader:240 - Cannot read IP mode file for STMicroelectronics.X-CUBE-ALS.1.0.2
2025-01-31 13:37:16,763 [WARN] PackLoader:240 - Cannot read IP mode file for STMicroelectronics.X-CUBE-MEMS1.10.0.0
2025-01-31 13:37:16,819 [WARN] PackLoader:240 - Cannot read IP mode file for STMicroelectronics.X-CUBE-FREERTOS.1.1.0
2025-01-31 13:37:16,830 [WARN] PackLoader:240 - Cannot read IP mode file for STMicroelectronics.X-CUBE-TOUCHGFX.4.24.0
2025-01-31 13:37:16,841 [WARN] PackLoader:240 - Cannot read IP mode file for STMicroelectronics.X-CUBE-TOUCHGFX.4.24.2
2025-01-31 13:37:16,852 [WARN] PackLoader:240 - Cannot read IP mode file for STMicroelectronics.X-CUBE-TOUCHGFX.4.24.1
2025-01-31 13:37:16,865 [WARN] PackLoader:240 - Cannot read IP mode file for portGmbH.I-Cube-SoM-uGOAL.1.1.0
2025-01-31 13:37:16,876 [WARN] PackLoader:240 - Cannot read IP mode file for STMicroelectronics.X-CUBE-ALS.1.0.1
2025-01-31 13:37:16,897 [WARN] PackLoader:240 - Cannot read IP mode file for STMicroelectronics.X-CUBE-AZRTOS-H7RS.1.0.0
2025-01-31 13:37:16,908 [WARN] PackLoader:240 - Cannot read IP mode file for STMicroelectronics.FP-ATR-ASTRA1.2.0.0
2025-01-31 13:37:16,921 [ERROR] Engine:466 - C:\Users\KkangJun\.stm32cubemx\thirdparties\pdsc\STMicroelectronics.X-CUBE-TOF1.3.4.2.pdsc: PDSC version is not supported
2025-01-31 13:37:16,936 [WARN] PackLoader:240 - Cannot read IP mode file for STMicroelectronics.X-CUBE-TOF1.3.4.0
2025-01-31 13:37:16,959 [WARN] PackLoader:240 - Cannot read IP mode file for STMicroelectronics.X-CUBE-TOF1.3.4.1
2025-01-31 13:37:16,986 [WARN] PackLoader:240 - Cannot read IP mode file for STMicroelectronics.X-CUBE-AZRTOS-H7.3.2.0
2025-01-31 13:37:17,001 [WARN] PackLoader:240 - Cannot read IP mode file for wolfSSL.I-CUBE-wolfSSH.1.4.17
2025-01-31 13:37:17,001 [INFO] ThirdParty:978 - Integrity check success = true
2025-01-31 13:37:17,001 [INFO] IntegrityCheckThread:100 - exiting critical section [integrity check]
2025-01-31 13:37:17,001 [INFO] IntegrityCheckThread:103 - End integrity checks thread
2025-01-31 15:22:18,184 [ERROR] LogOutputStream:75 - [STDERR_REDIRECT] 
