2024-12-20 11:50:53,305 [INFO] Activator:176 - 


2024-12-20 11:50:53,306 [INFO] Activator:177 - !SESSION log4j initialized
2024-12-20 11:50:54,679 [INFO] LogOutputStream:77 - [STDOUT_REDIRECT] 
2024-12-20 11:51:00,427 [INFO] ApplicationProperties:184 - Using Application install path: C:\ST\STM32CubeIDE_1.13.2\STM32CubeIDE\plugins\com.st.stm32cube.common.mx_6.9.2.202309101412
2024-12-20 11:51:00,438 [INFO] DbMcusXml:78 - Set database path to: C:\ST\STM32CubeIDE_1.13.2\STM32CubeIDE\plugins\com.st.stm32cube.common.mx_6.9.2.202309101412\\db\/mcu/
2024-12-20 11:51:00,438 [INFO] ApiDb:274 - Set plugin database path to: C:\ST\STM32CubeIDE_1.13.2\STM32CubeIDE\plugins\com.st.stm32cube.common.mx_6.9.2.202309101412\\db\/plugins/boardmanager/
2024-12-20 11:51:00,438 [WARN] ApiDb:259 - Overriding images path with different value:  => C:\ST\STM32CubeIDE_1.13.2\STM32CubeIDE\plugins\com.st.stm32cube.common.mx_6.9.2.202309101412\\db\/plugins/mcufinder/images/
2024-12-20 11:51:00,450 [INFO] ApiDb:250 - Set database path to: C:\Users\KkangJun\.stmcufinder\plugins\mcufinder//mcu/
2024-12-20 11:51:00,451 [INFO] DbMcusAds:125 - Set database path to: C:\Users\KkangJun\.stmcufinder\plugins\mcufinder//mcu/
2024-12-20 11:51:00,453 [INFO] CrossReferenceDbSqlite:203 - Set database path to: C:\Users\KkangJun\.stmcufinder\plugins\mcufinder//mcu/cs/
2024-12-20 11:51:00,523 [INFO] RulesReader:64 - Compatibility file has been processed (293 Rules)
2024-12-20 11:51:00,575 [INFO] DbMcusXml:78 - Set database path to: C:\ST\STM32CubeIDE_1.13.2\STM32CubeIDE\plugins\com.st.stm32cube.common.mx_6.9.2.202309101412\\db\/mcu/
2024-12-20 11:51:00,575 [INFO] ApiDb:274 - Set plugin database path to: C:\ST\STM32CubeIDE_1.13.2\STM32CubeIDE\plugins\com.st.stm32cube.common.mx_6.9.2.202309101412\\db\/plugins/boardmanager/
2024-12-20 11:51:00,575 [INFO] ApiDb:261 - Set plugin images path to: C:\ST\STM32CubeIDE_1.13.2\STM32CubeIDE\plugins\com.st.stm32cube.common.mx_6.9.2.202309101412\\db\/plugins/mcufinder/images/
2024-12-20 11:51:00,575 [WARN] DbFile:41 - Overriding database path with different value: C:\Users\KkangJun\.stmcufinder\plugins\mcufinder/ => C:\Users\KkangJun\.stmcufinder\plugins\mcufinder
2024-12-20 11:51:00,576 [INFO] ApiDb:250 - Set database path to: C:\Users\KkangJun\.stmcufinder\plugins\mcufinder//mcu/
2024-12-20 11:51:00,576 [WARN] DbFile:41 - Overriding database path with different value: C:\Users\KkangJun\.stmcufinder\plugins\mcufinder/ => C:\Users\KkangJun\.stmcufinder\plugins\mcufinder
2024-12-20 11:51:00,576 [INFO] DbMcusAds:125 - Set database path to: C:\Users\KkangJun\.stmcufinder\plugins\mcufinder//mcu/
2024-12-20 11:51:00,576 [WARN] DbFile:41 - Overriding database path with different value: C:\Users\KkangJun\.stmcufinder\plugins\mcufinder/ => C:\Users\KkangJun\.stmcufinder\plugins\mcufinder
2024-12-20 11:51:00,576 [WARN] DbFile:41 - Overriding database path with different value: C:\Users\KkangJun\.stmcufinder\plugins\mcufinder/ => C:\Users\KkangJun\.stmcufinder\plugins\mcufinder
2024-12-20 11:51:00,576 [INFO] CrossReferenceDbSqlite:203 - Set database path to: C:\Users\KkangJun\.stmcufinder\plugins\mcufinder//mcu/cs/
2024-12-20 11:51:00,630 [INFO] MainPanel:262 - HeapMemory: 268435456
2024-12-20 11:51:00,687 [INFO] DbMcusXml:78 - Set database path to: C:\ST\STM32CubeIDE_1.13.2\STM32CubeIDE\plugins\com.st.stm32cube.common.mx_6.9.2.202309101412\\db\/mcu/
2024-12-20 11:51:00,687 [INFO] ApiDb:274 - Set plugin database path to: C:\ST\STM32CubeIDE_1.13.2\STM32CubeIDE\plugins\com.st.stm32cube.common.mx_6.9.2.202309101412\\db\/plugins/boardmanager/
2024-12-20 11:51:00,687 [INFO] ApiDb:261 - Set plugin images path to: C:\ST\STM32CubeIDE_1.13.2\STM32CubeIDE\plugins\com.st.stm32cube.common.mx_6.9.2.202309101412\\db\/plugins/mcufinder/images/
2024-12-20 11:51:00,687 [WARN] DbFile:41 - Overriding database path with different value: C:\Users\KkangJun\.stmcufinder\plugins\mcufinder/ => C:\Users\KkangJun\.stmcufinder\plugins\mcufinder
2024-12-20 11:51:00,687 [INFO] ApiDb:250 - Set database path to: C:\Users\KkangJun\.stmcufinder\plugins\mcufinder//mcu/
2024-12-20 11:51:00,688 [WARN] DbFile:41 - Overriding database path with different value: C:\Users\KkangJun\.stmcufinder\plugins\mcufinder/ => C:\Users\KkangJun\.stmcufinder\plugins\mcufinder
2024-12-20 11:51:00,688 [INFO] DbMcusAds:125 - Set database path to: C:\Users\KkangJun\.stmcufinder\plugins\mcufinder//mcu/
2024-12-20 11:51:00,688 [WARN] DbFile:41 - Overriding database path with different value: C:\Users\KkangJun\.stmcufinder\plugins\mcufinder/ => C:\Users\KkangJun\.stmcufinder\plugins\mcufinder
2024-12-20 11:51:00,688 [WARN] DbFile:41 - Overriding database path with different value: C:\Users\KkangJun\.stmcufinder\plugins\mcufinder/ => C:\Users\KkangJun\.stmcufinder\plugins\mcufinder
2024-12-20 11:51:00,688 [INFO] CrossReferenceDbSqlite:203 - Set database path to: C:\Users\KkangJun\.stmcufinder\plugins\mcufinder//mcu/cs/
2024-12-20 11:51:00,701 [INFO] ApplicationProperties:184 - Using Application install path: C:\ST\STM32CubeIDE_1.13.2\STM32CubeIDE\plugins\com.st.stm32cube.common.mx_6.9.2.202309101412
2024-12-20 11:51:00,702 [INFO] PluginManage:196 - Search for loadable plugins [exclusion list=, ]
2024-12-20 11:51:00,703 [INFO] PluginManage:310 - Check plugin analytics
2024-12-20 11:51:05,752 [INFO] AnalyticsPlugin:253 - Accepted Software Licenses: STM32CubeMX.6.12.0
2024-12-20 11:51:05,753 [INFO] AnalyticsPlugin:255 - Accepted CMSIS Pack Licenses: 
2024-12-20 11:51:05,753 [INFO] AnalyticsPlugin:257 - Accepted Firmware Licenses: FW.F4.1.27.0,FW.F4.1.28.0
2024-12-20 11:51:05,754 [INFO] PluginManage:359 - Loaded plugin analytics (category:tool,tabindex:-1)
2024-12-20 11:51:05,754 [INFO] PluginManage:310 - Check plugin cadmodel
2024-12-20 11:51:05,758 [INFO] CADModel:105 - Init CAD model plugin
2024-12-20 11:51:05,758 [INFO] PluginManage:359 - Loaded plugin cadmodel (category:power,tabindex:5)
2024-12-20 11:51:05,759 [INFO] PluginManage:310 - Check plugin clock
2024-12-20 11:51:05,765 [INFO] PluginManage:359 - Loaded plugin clock (category:base,tabindex:2)
2024-12-20 11:51:05,766 [INFO] PluginManage:310 - Check plugin ddr
2024-12-20 11:51:05,767 [INFO] PluginManage:359 - Loaded plugin ddr (category:tool,tabindex:6)
2024-12-20 11:51:05,767 [INFO] PluginManage:310 - Check plugin filemanager
2024-12-20 11:51:05,857 [INFO] PluginManage:359 - Loaded plugin filemanager (category:base,tabindex:10)
2024-12-20 11:51:05,857 [INFO] PluginManage:310 - Check plugin ipmanager
2024-12-20 11:51:05,863 [INFO] PluginManage:359 - Loaded plugin ipmanager (category:base,tabindex:5)
2024-12-20 11:51:05,863 [INFO] PluginManage:310 - Check plugin lpbam
2024-12-20 11:51:05,870 [INFO] PluginManage:359 - Loaded plugin lpbam (category:base,tabindex:0)
2024-12-20 11:51:05,870 [INFO] PluginManage:310 - Check plugin memorymap
2024-12-20 11:51:05,878 [INFO] PluginManage:359 - Loaded plugin memorymap (category:base,tabindex:4)
2024-12-20 11:51:05,879 [INFO] PluginManage:310 - Check plugin pinoutandconfiguration
2024-12-20 11:51:05,884 [INFO] PluginManage:359 - Loaded plugin pinoutandconfiguration (category:base,tabindex:1)
2024-12-20 11:51:05,884 [INFO] PluginManage:310 - Check plugin pinoutconfig
2024-12-20 11:51:05,943 [WARN] SupportedApi:132 - Cannot load RTOS API schema: s4s-elt-must-match.1: The content of 'definitions' must match (annotation?, (simpleType | complexType)?, (unique | key | keyref)*)). A problem was found starting at: attribute.
2024-12-20 11:51:06,031 [INFO] PluginManage:359 - Loaded plugin pinoutconfig (category:base,tabindex:0)
2024-12-20 11:51:06,032 [INFO] PluginManage:310 - Check plugin power
2024-12-20 11:51:06,036 [INFO] PluginManage:359 - Loaded plugin power (category:power,tabindex:4)
2024-12-20 11:51:06,037 [INFO] PluginManage:310 - Check plugin projectmanager
2024-12-20 11:51:06,047 [INFO] PluginManage:359 - Loaded plugin projectmanager (category:projectmanager,tabindex:3)
2024-12-20 11:51:06,047 [INFO] PluginManage:310 - Check plugin thirdparty
2024-12-20 11:51:06,149 [INFO] PluginManage:359 - Loaded plugin thirdparty (category:base,tabindex:-1)
2024-12-20 11:51:06,149 [INFO] PluginManage:310 - Check plugin tools
2024-12-20 11:51:06,149 [WARN] IntegrityCheckThread:84 - waiting for thirdparty lock release [integrity check]
2024-12-20 11:51:06,149 [INFO] IntegrityCheckThread:86 - entering critical section [integrity check]
2024-12-20 11:51:06,149 [INFO] ThirdPartyUpdaterWithRetryManager:70 - Updater plugin not ready yet. [1/15]
2024-12-20 11:51:06,150 [INFO] PluginManage:359 - Loaded plugin tools (category:base,tabindex:7)
2024-12-20 11:51:06,151 [INFO] PluginManage:310 - Check plugin tutovideos
2024-12-20 11:51:06,264 [INFO] PluginManage:359 - Loaded plugin tutovideos (category:base,tabindex:-1)
2024-12-20 11:51:06,264 [INFO] PluginManage:310 - Check plugin updater
2024-12-20 11:51:06,271 [INFO] PluginManage:359 - Loaded plugin updater (category:base,tabindex:12)
2024-12-20 11:51:06,271 [INFO] PluginManage:310 - Check plugin userauth
2024-12-20 11:51:06,275 [INFO] UserAuth:113 - Init User Auth plugin
2024-12-20 11:51:06,275 [INFO] PluginManage:359 - Loaded plugin userauth (category:base,tabindex:14)
2024-12-20 11:51:06,275 [INFO] PluginManage:283 - PluginManage : Loaded plugins [17]
2024-12-20 11:51:06,409 [INFO] PinOutPanel:1499 - setPackage(No Configuration,No Configuration)
2024-12-20 11:51:06,480 [INFO] CADModel:165 - CPN selected for project level
2024-12-20 11:51:06,480 [INFO] CADModel:114 - Register for checkConnection events
2024-12-20 11:51:06,492 [INFO] IPUIPlugin:80 - create IPUIPlugin
2024-12-20 11:51:06,492 [INFO] PluginManager:220 - loadIPPluginJar : add adc
2024-12-20 11:51:06,494 [INFO] IPUIPlugin:80 - create IPUIPlugin
2024-12-20 11:51:06,494 [INFO] PluginManager:220 - loadIPPluginJar : add aes
2024-12-20 11:51:06,496 [INFO] IPUIPlugin:80 - create IPUIPlugin
2024-12-20 11:51:06,497 [INFO] PluginManager:220 - loadIPPluginJar : add can
2024-12-20 11:51:06,498 [INFO] IPUIPlugin:80 - create IPUIPlugin
2024-12-20 11:51:06,498 [INFO] PluginManager:220 - loadIPPluginJar : add comp
2024-12-20 11:51:06,499 [INFO] IPUIPlugin:80 - create IPUIPlugin
2024-12-20 11:51:06,499 [INFO] PluginManager:220 - loadIPPluginJar : add cryp
2024-12-20 11:51:06,501 [INFO] IPUIPlugin:80 - create IPUIPlugin
2024-12-20 11:51:06,501 [INFO] PluginManager:220 - loadIPPluginJar : add dfsdm
2024-12-20 11:51:06,504 [INFO] IPUIPlugin:80 - create IPUIPlugin
2024-12-20 11:51:06,505 [INFO] PluginManager:220 - loadIPPluginJar : add dma
2024-12-20 11:51:06,506 [INFO] IPUIPlugin:80 - create IPUIPlugin
2024-12-20 11:51:06,506 [INFO] PluginManager:220 - loadIPPluginJar : add dma3
2024-12-20 11:51:06,508 [INFO] IPUIPlugin:80 - create IPUIPlugin
2024-12-20 11:51:06,508 [INFO] PluginManager:220 - loadIPPluginJar : add fatfs
2024-12-20 11:51:06,512 [INFO] IPUIPlugin:80 - create IPUIPlugin
2024-12-20 11:51:06,512 [INFO] PluginManager:220 - loadIPPluginJar : add fmc
2024-12-20 11:51:06,516 [INFO] IPUIPlugin:80 - create IPUIPlugin
2024-12-20 11:51:06,516 [INFO] PluginManager:220 - loadIPPluginJar : add freertos
2024-12-20 11:51:06,517 [INFO] IPUIPlugin:80 - create IPUIPlugin
2024-12-20 11:51:06,517 [INFO] PluginManager:220 - loadIPPluginJar : add genericplugin
2024-12-20 11:51:06,519 [INFO] IPUIPlugin:80 - create IPUIPlugin
2024-12-20 11:51:06,519 [INFO] PluginManager:220 - loadIPPluginJar : add gfxmmu
2024-12-20 11:51:06,522 [INFO] IPUIPlugin:80 - create IPUIPlugin
2024-12-20 11:51:06,522 [INFO] PluginManager:220 - loadIPPluginJar : add gic
2024-12-20 11:51:06,526 [INFO] IPUIPlugin:80 - create IPUIPlugin
2024-12-20 11:51:06,527 [INFO] PluginManager:220 - loadIPPluginJar : add gpio
2024-12-20 11:51:06,529 [INFO] IPUIPlugin:80 - create IPUIPlugin
2024-12-20 11:51:06,529 [INFO] PluginManager:220 - loadIPPluginJar : add gtzc
2024-12-20 11:51:06,531 [INFO] IPUIPlugin:80 - create IPUIPlugin
2024-12-20 11:51:06,531 [INFO] PluginManager:220 - loadIPPluginJar : add hash
2024-12-20 11:51:06,532 [INFO] IPUIPlugin:80 - create IPUIPlugin
2024-12-20 11:51:06,533 [INFO] PluginManager:220 - loadIPPluginJar : add i2c
2024-12-20 11:51:06,534 [INFO] IPUIPlugin:80 - create IPUIPlugin
2024-12-20 11:51:06,534 [INFO] PluginManager:220 - loadIPPluginJar : add i2s
2024-12-20 11:51:06,536 [INFO] IPUIPlugin:80 - create IPUIPlugin
2024-12-20 11:51:06,536 [INFO] PluginManager:220 - loadIPPluginJar : add i3c
2024-12-20 11:51:06,538 [INFO] IPUIPlugin:80 - create IPUIPlugin
2024-12-20 11:51:06,538 [INFO] PluginManager:220 - loadIPPluginJar : add ipddr
2024-12-20 11:51:06,543 [INFO] IPUIPlugin:80 - create IPUIPlugin
2024-12-20 11:51:06,543 [INFO] PluginManager:220 - loadIPPluginJar : add linkedlist
2024-12-20 11:51:06,545 [INFO] IPUIPlugin:80 - create IPUIPlugin
2024-12-20 11:51:06,545 [INFO] PluginManager:220 - loadIPPluginJar : add lorawan
2024-12-20 11:51:06,547 [INFO] IPUIPlugin:80 - create IPUIPlugin
2024-12-20 11:51:06,547 [INFO] PluginManager:220 - loadIPPluginJar : add ltdc
2024-12-20 11:51:06,551 [INFO] IPUIPlugin:80 - create IPUIPlugin
2024-12-20 11:51:06,551 [INFO] PluginManager:220 - loadIPPluginJar : add mdma
2024-12-20 11:51:06,554 [INFO] IPUIPlugin:80 - create IPUIPlugin
2024-12-20 11:51:06,554 [INFO] PluginManager:220 - loadIPPluginJar : add nvic
2024-12-20 11:51:06,556 [INFO] IPUIPlugin:80 - create IPUIPlugin
2024-12-20 11:51:06,556 [INFO] PluginManager:220 - loadIPPluginJar : add opamp
2024-12-20 11:51:06,560 [INFO] IPUIPlugin:80 - create IPUIPlugin
2024-12-20 11:51:06,560 [INFO] PluginManager:220 - loadIPPluginJar : add openamp
2024-12-20 11:51:06,561 [INFO] IPUIPlugin:80 - create IPUIPlugin
2024-12-20 11:51:06,563 [INFO] PluginManager:220 - loadIPPluginJar : add pdm2pcm
2024-12-20 11:51:06,567 [INFO] IPUIPlugin:80 - create IPUIPlugin
2024-12-20 11:51:06,569 [INFO] PluginManager:220 - loadIPPluginJar : add plateformsettings
2024-12-20 11:51:06,570 [INFO] IPUIPlugin:80 - create IPUIPlugin
2024-12-20 11:51:06,570 [INFO] PluginManager:220 - loadIPPluginJar : add quadspi
2024-12-20 11:51:06,572 [INFO] IPUIPlugin:80 - create IPUIPlugin
2024-12-20 11:51:06,572 [INFO] PluginManager:220 - loadIPPluginJar : add resmgrutility
2024-12-20 11:51:06,574 [INFO] IPUIPlugin:80 - create IPUIPlugin
2024-12-20 11:51:06,574 [INFO] PluginManager:220 - loadIPPluginJar : add sai
2024-12-20 11:51:06,576 [INFO] IPUIPlugin:80 - create IPUIPlugin
2024-12-20 11:51:06,576 [INFO] PluginManager:220 - loadIPPluginJar : add spi
2024-12-20 11:51:06,580 [INFO] IPUIPlugin:80 - create IPUIPlugin
2024-12-20 11:51:06,580 [INFO] PluginManager:220 - loadIPPluginJar : add stm32_wpan
2024-12-20 11:51:06,581 [INFO] IPUIPlugin:80 - create IPUIPlugin
2024-12-20 11:51:06,581 [INFO] PluginManager:220 - loadIPPluginJar : add tim
2024-12-20 11:51:06,583 [INFO] IPUIPlugin:80 - create IPUIPlugin
2024-12-20 11:51:06,583 [INFO] PluginManager:220 - loadIPPluginJar : add touchsensing
2024-12-20 11:51:06,584 [INFO] IPUIPlugin:80 - create IPUIPlugin
2024-12-20 11:51:06,584 [INFO] PluginManager:220 - loadIPPluginJar : add tracer_emb
2024-12-20 11:51:06,585 [INFO] IPUIPlugin:80 - create IPUIPlugin
2024-12-20 11:51:06,585 [INFO] PluginManager:220 - loadIPPluginJar : add ts
2024-12-20 11:51:06,586 [INFO] IPUIPlugin:80 - create IPUIPlugin
2024-12-20 11:51:06,586 [INFO] PluginManager:220 - loadIPPluginJar : add tsc
2024-12-20 11:51:06,587 [INFO] IPUIPlugin:80 - create IPUIPlugin
2024-12-20 11:51:06,587 [INFO] PluginManager:220 - loadIPPluginJar : add ucpd
2024-12-20 11:51:06,589 [INFO] IPUIPlugin:80 - create IPUIPlugin
2024-12-20 11:51:06,589 [INFO] PluginManager:220 - loadIPPluginJar : add usart
2024-12-20 11:51:06,591 [INFO] IPUIPlugin:80 - create IPUIPlugin
2024-12-20 11:51:06,591 [INFO] PluginManager:220 - loadIPPluginJar : add usbx
2024-12-20 11:51:06,695 [INFO] CADModel:165 - CPN selected for project level
2024-12-20 11:51:06,695 [INFO] CADModel:114 - Register for checkConnection events
2024-12-20 11:51:06,695 [FATAL] Updater:308 - Updater called before beeing initialized
2024-12-20 11:51:06,695 [ERROR] CADModel:125 - Updater not yet initialized, retry later 
2024-12-20 11:51:06,783 [INFO] CADModel:165 - CPN selected for project level
2024-12-20 11:51:06,783 [INFO] CADModel:114 - Register for checkConnection events
2024-12-20 11:51:06,783 [FATAL] Updater:308 - Updater called before beeing initialized
2024-12-20 11:51:06,783 [ERROR] CADModel:125 - Updater not yet initialized, retry later 
2024-12-20 11:51:06,785 [FATAL] Updater:308 - Updater called before beeing initialized
2024-12-20 11:51:06,851 [FATAL] Updater:308 - Updater called before beeing initialized
2024-12-20 11:51:06,855 [INFO] DbMcusAds:53 - JSON generation date=Wed Dec 18 01:01:15 KST 2024 (1734451275196)
2024-12-20 11:51:06,855 [FATAL] Updater:308 - Updater called before beeing initialized
2024-12-20 11:51:06,880 [WARN] DetailPanel:346 - Failed to get advertising image, set to default
2024-12-20 11:51:06,952 [FATAL] Updater:308 - Updater called before beeing initialized
2024-12-20 11:51:06,954 [FATAL] Updater:308 - Updater called before beeing initialized
2024-12-20 11:51:06,954 [FATAL] Updater:308 - Updater called before beeing initialized
2024-12-20 11:51:06,954 [WARN] DetailPanel:346 - Failed to get advertising image, set to default
2024-12-20 11:51:06,955 [FATAL] Updater:308 - Updater called before beeing initialized
2024-12-20 11:51:06,982 [ERROR] Updater:1120 - MainUpdater not yet initialized. External WinMGr cannot be set.
2024-12-20 11:51:06,984 [INFO] Updater:1056 - Updater Version found : 6.9.2
2024-12-20 11:51:06,998 [INFO] ApplicationProperties:184 - Using Application install path: C:\ST\STM32CubeIDE_1.13.2\STM32CubeIDE\plugins\com.st.stm32cube.common.mx_6.9.2.202309101412
2024-12-20 11:51:07,050 [INFO] MainUpdater:521 - Copy updater definitions from MX database
2024-12-20 11:51:07,131 [INFO] MainUpdater:2868 - connection check result : 10
2024-12-20 11:51:07,131 [INFO] MainUpdater:3562 - Updater definition file requires update
2024-12-20 11:51:07,133 [INFO] MainUpdater:285 - Updater Check For Update Now.
2024-12-20 11:51:07,133 [INFO] MicroXplorer:498 - Change Database Version : DB.6.0.92
2024-12-20 11:51:07,140 [INFO] McuFinderGlobals:63 - Set McuFinder mode to 2 (CubeIDE integrated)
2024-12-20 11:51:07,262 [INFO] ServerAccessManage:473 - Download File updaters.zip
2024-12-20 11:51:07,377 [INFO] FileExtend:240 - Unzip File : updaters.zip
2024-12-20 11:51:07,377 [INFO] FileExtend:255 - Standard Zip Deflate
2024-12-20 11:51:07,852 [INFO] ServerAccessManage:473 - Download File PacksControlFlags.xml
2024-12-20 11:51:07,921 [ERROR] LogOutputStream:75 - [STDERR_REDIRECT] Dec 20, 2024 11:51:07 AM org.glassfish.grizzly.http.server.NetworkListener start
2024-12-20 11:51:07,922 [ERROR] LogOutputStream:75 - [STDERR_REDIRECT] INFO: Started listener bound to [localhost:1594]
2024-12-20 11:51:07,922 [ERROR] LogOutputStream:75 - [STDERR_REDIRECT] 
2024-12-20 11:51:07,924 [ERROR] LogOutputStream:75 - [STDERR_REDIRECT] Dec 20, 2024 11:51:07 AM org.glassfish.grizzly.http.server.HttpServer start
2024-12-20 11:51:07,925 [ERROR] LogOutputStream:75 - [STDERR_REDIRECT] INFO: [HttpServer] Started.
2024-12-20 11:51:07,925 [ERROR] LogOutputStream:75 - [STDERR_REDIRECT] 
2024-12-20 11:51:07,976 [INFO] ServerAccessManage:473 - Download File cubemx.pidx
2024-12-20 11:51:08,039 [INFO] LoadServerUpdatesThread:373 - End of LoadServerUpdate Thread
2024-12-20 11:51:08,218 [INFO] CheckServerUpdateThread:120 - End of CheckServer Thread
2024-12-20 11:51:08,345 [INFO] MainUpdater:2868 - connection check result : 10
2024-12-20 11:51:09,346 [WARN] PackLoader:240 - Cannot read IP mode file for STMicroelectronics.FP-SNS-MOTENVWB1.1.4.0
2024-12-20 11:51:09,360 [WARN] PackLoader:240 - Cannot read IP mode file for STMicroelectronics.FP-ATR-ASTRA1.2.0.1
2024-12-20 11:51:09,378 [WARN] PackLoader:240 - Cannot read IP mode file for STMicroelectronics.X-CUBE-SMBUS.2.1.0
2024-12-20 11:51:09,393 [WARN] PackLoader:240 - Cannot read IP mode file for STMicroelectronics.X-CUBE-WB05N.1.1.0
2024-12-20 11:51:09,398 [INFO] ApiDb:581 - Connected to CubeFinder SQLite database (C:\Users\KkangJun\.stmcufinder\plugins\mcufinder\mcu\cube-finder-db.db)
2024-12-20 11:51:09,407 [WARN] PackLoader:240 - Cannot read IP mode file for STMicroelectronics.X-CUBE-TOUCHGFX.4.23.0
2024-12-20 11:51:09,416 [WARN] PackLoader:240 - Cannot read IP mode file for STMicroelectronics.X-CUBE-TOUCHGFX.4.23.2
2024-12-20 11:51:09,452 [WARN] PackLoader:240 - Cannot read IP mode file for STMicroelectronics.X-CUBE-AZRTOS-F7.1.1.0
2024-12-20 11:51:09,462 [INFO] ApiDb:668 - CubeFinder database Data Model version=2.1
2024-12-20 11:51:09,462 [INFO] ApiDb:669 - CubeFinder database Configuration version=3.0.39
2024-12-20 11:51:09,462 [INFO] ApiDb:670 - CubeFinder database generation date=2024-11-21 (1732182206)
2024-12-20 11:51:09,462 [INFO] ApiDb:671 - CubeFinder database FW Pack versions=[FP-ATR-ASTRA1_V2.0.0, FP-SNS-FLIGHT1_V5.0.2, FP-SNS-MOTENV1_V5.0.0, FP-SNS-MOTENVWB1_V1.4.0, FP-SNS-SMARTAG2_V1.2.0, FP-SNS-STBOX1_V2.0.0, STM32Cube_FW_C0_V1.3.0, STM32Cube_FW_F4_V1.28.1, STM32Cube_FW_F7_V1.17.2, STM32Cube_FW_G0_V1.6.2, STM32Cube_FW_G4_V1.6.1, STM32Cube_FW_H5_V1.4.0, STM32Cube_FW_H7RS_V1.1.0, STM32Cube_FW_H7_V1.12.0, STM32Cube_FW_L0_V1.12.2, STM32Cube_FW_L4_V1.18.1, STM32Cube_FW_L5_V1.5.1, STM32Cube_FW_N6_V1.0.0, STM32Cube_FW_U0_V1.2.0, STM32Cube_FW_U3_V1.0.0, STM32Cube_FW_U5_V1.7.0, STM32Cube_FW_WB0_V1.1.0, STM32Cube_FW_WBA_V1.5.0, STM32Cube_FW_WB_V1.21.0, STM32Cube_FW_WL3_V1.0.0, STM32Cube_FW_WL_V1.3.0, X-CUBE-ALGOBUILD_V1.4.0, X-CUBE-ALS_V1.0.2, X-CUBE-AZRTOS-F4_V1.1.0, X-CUBE-AZRTOS-F7_V1.1.0, X-CUBE-AZRTOS-G0_V1.1.0, X-CUBE-AZRTOS-G4_V2.0.0, X-CUBE-AZRTOS-H7RS_V1.0.0, X-CUBE-AZRTOS-H7_V3.3.0, X-CUBE-AZRTOS-L4_V2.0.0, X-CUBE-AZRTOS-L5_V2.0.0, X-CUBE-AZRTOS-WB_V2.0.0, X-CUBE-AZRTOS-WL_V2.0.0, X-CUBE-BLE1_V7.0.0, X-CUBE-BLE2_V3.3.0, X-CUBE-BLEMGR_V3.1.0, X-CUBE-EEPRMA1_V5.1.0, X-CUBE-FREERTOS_V1.2.0, X-CUBE-GNSS1_V6.0.0, X-CUBE-MEMS1_V11.0.0, X-CUBE-NFC4_V3.0.0, X-CUBE-NFC7_V1.0.1, X-CUBE-SFXS2LP1_V4.0.0, X-CUBE-SUBG2_V5.0.0, X-CUBE-TOF1_V3.4.2]
2024-12-20 11:51:09,471 [WARN] PackLoader:240 - Cannot read IP mode file for STMicroelectronics.FP-SNS-MOTENV1.4.3.2
2024-12-20 11:51:09,521 [INFO] DbBoardsSqlite:226 - include board P-NUCLEO-WB55-NUCLEO as a kit item of type 'Nucleo-64'
2024-12-20 11:51:09,521 [INFO] DbBoardsSqlite:226 - include board P-NUCLEO-WB55-USBDONGLE as a kit item of type 'Nucleo USB Dongle'
2024-12-20 11:51:09,521 [INFO] DbBoardsSqlite:226 - include board STEVAL-IDP005V1 as a kit item of type 'Evaluation Board'
2024-12-20 11:51:09,522 [INFO] DbBoardsSqlite:226 - include board STEVAL-IDP005V2 as a kit item of type 'Evaluation Board'
2024-12-20 11:51:09,538 [WARN] PackLoader:240 - Cannot read IP mode file for STMicroelectronics.X-CUBE-MEMS1.11.0.0
2024-12-20 11:51:09,578 [INFO] ApiDb:240 - Found 323 in-development CPN: [B-G473E-ZEST1S, B-WB1M-WPAN1, B-WL5M-SUBG1, NUCLEO-C031C6, NUCLEO-H503RB, NUCLEO-H563ZI, NUCLEO-U545RE-Q, NUCLEO-U5A5ZJ-Q, NUCLEO-WBA52CG, STEVAL-PROTEUS1, STEVAL-SMARTAG2, STEVAL-STWINBX1, STM320518-EVAL, STM32C0116-DK, STM32C011D6Y3TR, STM32C011D6Y6TR, STM32C011F4P3, STM32C011F4P6, STM32C011F4U3, STM32C011F4U6TR, STM32C011F6P3, STM32C011F6P6, STM32C011F6U3, STM32C011F6U6TR, STM32C011J4M3, STM32C011J4M6, STM32C011J6M3, STM32C011J6M6, STM32C0316-DK, STM32C031C4T3, STM32C031C4T6, STM32C031C4U3, STM32C031C4U6, STM32C031C6T3, STM32C031C6T6, STM32C031C6U3, STM32C031C6U6, STM32C031F4P3, STM32C031F4P6, STM32C031F6P3, STM32C031F6P6, STM32C031G4U3, STM32C031G4U6, STM32C031G6U3, STM32C031G6U6, STM32C031K4T3, STM32C031K4T6, STM32C031K4U3, STM32C031K4U6, STM32C031K6T3, STM32C031K6T6, STM32C031K6U3, STM32C031K6U6, STM32G071K8TXN, STM32G071K8UXN, STM32G081GBU6N, STM32G081KBT6N, STM32G081KBUXN, STM32G0B1CCT6N, STM32G0B1KCT6, STM32G0B1NEY6TR, STM32G0B1RCT6N, STM32G0C1CCT6, STM32G0C1CCT6N, STM32G0C1CCU6N, STM32G0C1CET6N, STM32G0C1CEU6N, STM32G0C1KCT6, STM32G0C1NEY6TR, STM32G0C1RCI6N, STM32G0C1RCT6N, STM32G0C1REI6N, STM32G0C1RET6N, STM32G0C1VCI6, STM32G0C1VEI6, STM32G471CCT6, STM32G471CCU6, STM32G471CET3, STM32G471CET6, STM32G471CEU3, STM32G471CEU6, STM32G471MCT6, STM32G471MET3, STM32G471MET6, STM32G471MEY6TR, STM32G471QCT6, STM32G471QET3, STM32G471RCT6, STM32G471RET3, STM32G471RET6, STM32G471VCH6, STM32G471VCI6, STM32G471VCT6, STM32G471VEH3, STM32G471VEH6, STM32G471VEI3, STM32G471VEI6, STM32G471VET3, STM32G471VET6, STM32G474CCT6, STM32H503CBT6, STM32H503CBU6, STM32H503EBY6TR, STM32H503KBU6, STM32H503RBT6, STM32H562AGI6, STM32H562AII6, STM32H562IGK6, STM32H562IGT6, STM32H562IIK6, STM32H562IIT6, STM32H562RGT6, STM32H562RGV6, STM32H562RIT6, STM32H562RIV6, STM32H562VGT6, STM32H562VIT6, STM32H562ZGT6, STM32H562ZIT6, STM32H563AGI6, STM32H563AII3Q, STM32H563AII6, STM32H563IGK6, STM32H563IGT6, STM32H563IIK3Q, STM32H563IIK6, STM32H563IIT3Q, STM32H563IIT6, STM32H563MIY3QTR, STM32H563RGT6, STM32H563RGV6, STM32H563RIT6, STM32H563RIV6, STM32H563VGT6, STM32H563VIT3Q, STM32H563VIT6, STM32H563ZGT6, STM32H563ZIT3Q, STM32H563ZIT6, STM32H573AII3Q, STM32H573AII6, STM32H573I-DK, STM32H573IIK3Q, STM32H573IIK6, STM32H573IIT3Q, STM32H573IIT6, STM32H573MIY3QTR, STM32H573RIT6, STM32H573RIV6, STM32H573VIT3Q, STM32H573VIT6, STM32H573ZIT3Q, STM32H573ZIT6, STM32L4R5QGI6STR, STM32MP131AAE3, STM32MP131AAF3, STM32MP131AAG3, STM32MP131CAE3, STM32MP131CAF3, STM32MP131CAG3, STM32MP131DAE7, STM32MP131DAF7, STM32MP131DAG7, STM32MP131FAE7, STM32MP131FAF7, STM32MP131FAG7, STM32MP133AAE3, STM32MP133AAF3, STM32MP133AAG3, STM32MP133CAE3, STM32MP133CAF3, STM32MP133CAG3, STM32MP133DAE7, STM32MP133DAF7, STM32MP133DAG7, STM32MP133FAE7, STM32MP133FAF7, STM32MP133FAG7, STM32MP135AAE3, STM32MP135AAF3, STM32MP135AAG3, STM32MP135CAE3, STM32MP135CAF3, STM32MP135CAG3, STM32MP135DAE7, STM32MP135DAF7, STM32MP135DAG7, STM32MP135F-DK, STM32MP135FAE7, STM32MP135FAF7, STM32MP135FAF7T, STM32MP135FAF7U, STM32MP135FAG7, STM32U535CBT6, STM32U535CBT6Q, STM32U535CBU6, STM32U535CBU6Q, STM32U535CCT6, STM32U535CCT6Q, STM32U535CCU6, STM32U535CCU6Q, STM32U535CET6, STM32U535CET6Q, STM32U535CEU6, STM32U535CEU6Q, STM32U535JEY6QTR, STM32U535NCY6QTR, STM32U535NEY6QTR, STM32U535RBI6, STM32U535RBI6Q, STM32U535RBT6, STM32U535RBT6Q, STM32U535RCI6, STM32U535RCI6Q, STM32U535RCT6, STM32U535RCT6Q, STM32U535REI6, STM32U535REI6Q, STM32U535RET6, STM32U535RET6Q, STM32U535VCI6, STM32U535VCI6Q, STM32U535VCT6, STM32U535VCT6Q, STM32U535VEI6, STM32U535VEI6Q, STM32U535VET6, STM32U535VET6Q, STM32U545CET6, STM32U545CET6Q, STM32U545CEU6, STM32U545CEU6Q, STM32U545JEY6QTR, STM32U545NEY6QTR, STM32U545REI6, STM32U545REI6Q, STM32U545RET6, STM32U545RET6Q, STM32U545VEI6, STM32U545VEI6Q, STM32U545VET6, STM32U545VET6Q, STM32U595AIH6, STM32U595AIH6Q, STM32U595AJH6, STM32U595AJH6Q, STM32U595QII6, STM32U595QII6Q, STM32U595QJI6, STM32U595QJI6Q, STM32U595RIT6, STM32U595RIT6Q, STM32U595RJT6, STM32U595RJT6Q, STM32U595VIT6, STM32U595VIT6Q, STM32U595VJT6, STM32U595VJT6Q, STM32U595ZIT6, STM32U595ZIT6Q, STM32U595ZIY6QTR, STM32U595ZJT6, STM32U595ZJT6Q, STM32U595ZJY6QTR, STM32U599BJY6QTR, STM32U599NIH6Q, STM32U599NJH6Q, STM32U599VIT6Q, STM32U599VJT6, STM32U599VJT6Q, STM32U599ZIT6Q, STM32U599ZIY6QTR, STM32U599ZJT6Q, STM32U599ZJY6QTR, STM32U5A5AJH6, STM32U5A5AJH6Q, STM32U5A5QJI6, STM32U5A5QJI6Q, STM32U5A5RJT6, STM32U5A5RJT6Q, STM32U5A5VJT6, STM32U5A5VJT6Q, STM32U5A5ZJT6, STM32U5A5ZJT6Q, STM32U5A5ZJY6QTR, STM32U5A9BJY6QTR, STM32U5A9J-DK, STM32U5A9NJH6Q, STM32U5A9VJT6Q, STM32U5A9ZJT6Q, STM32U5A9ZJY6QTR, STM32U5F7VIT6, STM32U5F7VIT6Q, STM32U5F7VJT6, STM32U5F7VJT6Q, STM32U5F9BJY6QTR, STM32U5F9NJH6Q, STM32U5F9VIT6Q, STM32U5F9VJT6Q, STM32U5F9ZIJ6QTR, STM32U5F9ZIT6Q, STM32U5F9ZJJ6QTR, STM32U5F9ZJT6Q, STM32U5G7VJT6, STM32U5G7VJT6Q, STM32U5G9BJY6QTR, STM32U5G9J-DK1, STM32U5G9J-DK2, STM32U5G9NJH6Q, STM32U5G9VJT6Q, STM32U5G9ZJJ6QTR, STM32U5G9ZJT6Q, STM32WB1MMCH6, STM32WBA52CEU6, STM32WBA52CEU6T, STM32WBA52CGU6, STM32WBA52CGU6T, STM32WBA52KEU6, STM32WBA52KEU6T, STM32WBA52KGU6, STM32WBA52KGU6T, STM32WL5MOCH6, STM32WL5MOCH6TR]
2024-12-20 11:51:09,582 [INFO] ApiDb:668 - CubeFinder database Data Model version=2.1
2024-12-20 11:51:09,582 [INFO] ApiDb:669 - CubeFinder database Configuration version=3.0.39
2024-12-20 11:51:09,582 [INFO] ApiDb:670 - CubeFinder database generation date=2024-11-21 (1732182206)
2024-12-20 11:51:09,582 [INFO] ApiDb:671 - CubeFinder database FW Pack versions=[FP-ATR-ASTRA1_V2.0.0, FP-SNS-FLIGHT1_V5.0.2, FP-SNS-MOTENV1_V5.0.0, FP-SNS-MOTENVWB1_V1.4.0, FP-SNS-SMARTAG2_V1.2.0, FP-SNS-STBOX1_V2.0.0, STM32Cube_FW_C0_V1.3.0, STM32Cube_FW_F4_V1.28.1, STM32Cube_FW_F7_V1.17.2, STM32Cube_FW_G0_V1.6.2, STM32Cube_FW_G4_V1.6.1, STM32Cube_FW_H5_V1.4.0, STM32Cube_FW_H7RS_V1.1.0, STM32Cube_FW_H7_V1.12.0, STM32Cube_FW_L0_V1.12.2, STM32Cube_FW_L4_V1.18.1, STM32Cube_FW_L5_V1.5.1, STM32Cube_FW_N6_V1.0.0, STM32Cube_FW_U0_V1.2.0, STM32Cube_FW_U3_V1.0.0, STM32Cube_FW_U5_V1.7.0, STM32Cube_FW_WB0_V1.1.0, STM32Cube_FW_WBA_V1.5.0, STM32Cube_FW_WB_V1.21.0, STM32Cube_FW_WL3_V1.0.0, STM32Cube_FW_WL_V1.3.0, X-CUBE-ALGOBUILD_V1.4.0, X-CUBE-ALS_V1.0.2, X-CUBE-AZRTOS-F4_V1.1.0, X-CUBE-AZRTOS-F7_V1.1.0, X-CUBE-AZRTOS-G0_V1.1.0, X-CUBE-AZRTOS-G4_V2.0.0, X-CUBE-AZRTOS-H7RS_V1.0.0, X-CUBE-AZRTOS-H7_V3.3.0, X-CUBE-AZRTOS-L4_V2.0.0, X-CUBE-AZRTOS-L5_V2.0.0, X-CUBE-AZRTOS-WB_V2.0.0, X-CUBE-AZRTOS-WL_V2.0.0, X-CUBE-BLE1_V7.0.0, X-CUBE-BLE2_V3.3.0, X-CUBE-BLEMGR_V3.1.0, X-CUBE-EEPRMA1_V5.1.0, X-CUBE-FREERTOS_V1.2.0, X-CUBE-GNSS1_V6.0.0, X-CUBE-MEMS1_V11.0.0, X-CUBE-NFC4_V3.0.0, X-CUBE-NFC7_V1.0.1, X-CUBE-SFXS2LP1_V4.0.0, X-CUBE-SUBG2_V5.0.0, X-CUBE-TOF1_V3.4.2]
2024-12-20 11:51:09,653 [WARN] PackLoader:240 - Cannot read IP mode file for STMicroelectronics.FP-SNS-FLIGHT1.5.0.2
2024-12-20 11:51:09,671 [WARN] PackLoader:240 - Cannot read IP mode file for STMicroelectronics.X-CUBE-DISPLAY.3.0.0
2024-12-20 11:51:09,690 [WARN] PackLoader:240 - Cannot read IP mode file for STMicroelectronics.X-CUBE-BLE1.7.0.0
2024-12-20 11:51:09,706 [WARN] PackLoader:240 - Cannot read IP mode file for STMicroelectronics.X-CUBE-NFC10.1.0.0
2024-12-20 11:51:09,721 [ERROR] Engine:466 - C:\Users\KkangJun\.stm32cubemx\thirdparties\pdsc\STMicroelectronics.X-CUBE-BLEMGR.4.0.0.pdsc: PDSC version is not supported
2024-12-20 11:51:09,737 [WARN] PackLoader:240 - Cannot read IP mode file for emotas.I-CUBE-CANOPEN.1.3.0
2024-12-20 11:51:09,757 [WARN] PackLoader:240 - Cannot read IP mode file for STMicroelectronics.X-CUBE-BLEMGR.3.1.0
2024-12-20 11:51:09,773 [WARN] PackLoader:240 - Cannot read IP mode file for STMicroelectronics.FP-SNS-SMARTAG2.1.2.0
2024-12-20 11:51:09,838 [WARN] PackLoader:240 - Cannot read IP mode file for STMicroelectronics.X-CUBE-MEMS1.11.1.0
2024-12-20 11:51:09,937 [INFO] LogOutputStream:77 - [STDOUT_REDIRECT] 1 : Invalid condition id : UX_CORESTACK_Condition cause : null
2024-12-20 11:51:09,937 [INFO] LogOutputStream:77 - [STDOUT_REDIRECT] 1 : Invalid condition id : UX_CORESTACK_Condition cause : null
2024-12-20 11:51:09,939 [INFO] LogOutputStream:77 - [STDOUT_REDIRECT] 1 : Invalid condition id : UX_CORESTACK_Condition cause : null
2024-12-20 11:51:09,940 [INFO] LogOutputStream:77 - [STDOUT_REDIRECT] 1 : Invalid condition id : UX_CORESTACK_Condition cause : null
2024-12-20 11:51:09,941 [INFO] LogOutputStream:77 - [STDOUT_REDIRECT] 1 : Invalid condition id : UX_CORESTACK_Condition cause : null
2024-12-20 11:51:09,943 [WARN] PackLoader:240 - Cannot read IP mode file for STMicroelectronics.X-CUBE-AZRTOS-WL.2.0.0
2024-12-20 11:51:09,958 [WARN] PackLoader:240 - Cannot read IP mode file for STMicroelectronics.FP-SNS-MOTENV1.5.0.0
2024-12-20 11:51:09,972 [WARN] PackLoader:240 - Cannot read IP mode file for wolfSSL.I-CUBE-wolfMQTT.1.19.0
2024-12-20 11:51:09,989 [WARN] PackLoader:240 - Cannot read IP mode file for WES.I-CUBE-Cesium.1.3.0
2024-12-20 11:51:10,006 [WARN] PackLoader:240 - Cannot read IP mode file for STMicroelectronics.X-CUBE-BLE2.3.3.0
2024-12-20 11:51:10,020 [WARN] PackLoader:240 - Cannot read IP mode file for STMicroelectronics.X-CUBE-NFC9.1.0.0
2024-12-20 11:51:10,037 [WARN] PackLoader:240 - Cannot read IP mode file for STMicroelectronics.X-CUBE-TCPP.4.1.0
2024-12-20 11:51:10,052 [WARN] PackLoader:240 - Cannot read IP mode file for STMicroelectronics.X-CUBE-ALGOBUILD.1.3.0
2024-12-20 11:51:10,077 [WARN] PackLoader:240 - Cannot read IP mode file for STMicroelectronics.X-CUBE-AZRTOS-G0.1.1.0
2024-12-20 11:51:10,097 [WARN] PackLoader:240 - Cannot read IP mode file for STMicroelectronics.X-CUBE-SAFEA1.1.2.2
2024-12-20 11:51:10,113 [WARN] PackLoader:240 - Cannot read IP mode file for STMicroelectronics.X-CUBE-NFC4.3.0.0
2024-12-20 11:51:10,128 [ERROR] Engine:466 - C:\Users\KkangJun\.stm32cubemx\thirdparties\pdsc\EmbeddedOffice.I-CUBE-FS-RTOS.1.0.1.pdsc: PDSC version is not supported
2024-12-20 11:51:10,143 [WARN] PackLoader:240 - Cannot read IP mode file for STMicroelectronics.X-CUBE-BLEMGR.3.0.0
2024-12-20 11:51:10,155 [ERROR] Engine:466 - C:\Users\KkangJun\.stm32cubemx\thirdparties\pdsc\STMicroelectronics.X-CUBE-TCPP.4.2.0.pdsc: PDSC version is not supported
2024-12-20 11:51:10,169 [ERROR] Engine:466 - C:\Users\KkangJun\.stm32cubemx\thirdparties\pdsc\RealThread.X-CUBE-RT-Thread_Nano.4.1.1.pdsc: PDSC version is not supported
2024-12-20 11:51:10,181 [WARN] PackLoader:240 - Cannot read IP mode file for STMicroelectronics.FP-ATR-SIGFOX1.3.2.0
2024-12-20 11:51:10,192 [ERROR] Engine:466 - C:\Users\KkangJun\.stm32cubemx\thirdparties\pdsc\quantropi.X-CUBE-qispace-sdk-base.1.9.3.pdsc: PDSC version is not supported
2024-12-20 11:51:10,206 [WARN] PackLoader:240 - Cannot read IP mode file for STMicroelectronics.X-CUBE-EEPRMA1.5.1.0
2024-12-20 11:51:10,236 [WARN] PackLoader:240 - Cannot read IP mode file for SEGGER.I-CUBE-embOS.1.3.1
2024-12-20 11:51:10,268 [WARN] PackLoader:240 - Cannot read IP mode file for STMicroelectronics.X-CUBE-ALGOBUILD.1.4.0
2024-12-20 11:51:10,283 [WARN] PackLoader:240 - Cannot read IP mode file for STMicroelectronics.X-CUBE-AI.9.1.0
2024-12-20 11:51:10,300 [WARN] PackLoader:240 - Cannot read IP mode file for STMicroelectronics.X-CUBE-GNSS1.6.0.0
2024-12-20 11:51:10,325 [WARN] PackLoader:240 - Cannot read IP mode file for STMicroelectronics.X-CUBE-AZRTOS-F4.1.1.0
2024-12-20 11:51:10,341 [WARN] PackLoader:240 - Cannot read IP mode file for STMicroelectronics.X-CUBE-ISPU.2.1.0
2024-12-20 11:51:10,355 [WARN] PackLoader:240 - Cannot read IP mode file for STMicroelectronics.X-CUBE-FREERTOS.1.2.0
2024-12-20 11:51:10,368 [WARN] PackLoader:240 - Cannot read IP mode file for wolfSSL.I-CUBE-wolfSSL.5.6.6
2024-12-20 11:51:10,393 [WARN] PackLoader:240 - Cannot read IP mode file for STMicroelectronics.X-CUBE-AZRTOS-L5.2.0.0
2024-12-20 11:51:10,409 [WARN] PackLoader:240 - Cannot read IP mode file for STMicroelectronics.X-CUBE-EEPRMA1.4.2.0
2024-12-20 11:51:10,424 [WARN] PackLoader:240 - Cannot read IP mode file for STMicroelectronics.X-CUBE-NFC6.3.1.0
2024-12-20 11:51:10,437 [WARN] PackLoader:240 - Cannot read IP mode file for ITTIA_DB.I-CUBE-ITTIADB.8.8.0
2024-12-20 11:51:10,448 [ERROR] Engine:466 - C:\Users\KkangJun\.stm32cubemx\thirdparties\pdsc\STMicroelectronics.X-CUBE-DPower.1.2.0.pdsc: PDSC version is not supported
2024-12-20 11:51:10,458 [WARN] PackLoader:240 - Cannot read IP mode file for STMicroelectronics.X-CUBE-AI.9.0.0
2024-12-20 11:51:10,466 [WARN] PackLoader:240 - Cannot read IP mode file for STMicroelectronics.X-CUBE-FREERTOS.1.3.0
2024-12-20 11:51:10,479 [WARN] PackLoader:240 - Cannot read IP mode file for STMicroelectronics.X-CUBE-NFC7.1.0.1
2024-12-20 11:51:10,490 [WARN] PackLoader:240 - Cannot read IP mode file for wolfSSL.I-CUBE-wolfTPM.3.2.0
2024-12-20 11:51:10,500 [WARN] PackLoader:240 - Cannot read IP mode file for STMicroelectronics.X-CUBE-NFC6.3.0.0
2024-12-20 11:51:10,513 [WARN] PackLoader:240 - Cannot read IP mode file for STMicroelectronics.X-CUBE-AI.8.1.0
2024-12-20 11:51:10,532 [WARN] ConditionMgr:438 - getConditionDescription Invalid condition id : LAN8742 Phy interface Condition cause : null
2024-12-20 11:51:10,533 [WARN] PackLoader:240 - Cannot read IP mode file for STMicroelectronics.X-CUBE-AZRTOS-L4.2.0.0
2024-12-20 11:51:10,534 [WARN] ConditionMgr:1039 - genDependencies : Invalid condition id : LAN8742 Phy interface Condition cause : null
2024-12-20 11:51:10,534 [WARN] ConditionMgr:1039 - genDependencies : Invalid condition id : LAN8742 Phy interface Condition cause : null
2024-12-20 11:51:10,534 [WARN] ConditionMgr:1039 - genDependencies : Invalid condition id : LAN8742 Phy interface Condition cause : null
2024-12-20 11:51:10,547 [WARN] PackLoader:240 - Cannot read IP mode file for STMicroelectronics.X-CUBE-SFXS2LP1.4.0.0
2024-12-20 11:51:10,570 [WARN] PackLoader:240 - Cannot read IP mode file for STMicroelectronics.X-CUBE-AZRTOS-H7.3.3.0
2024-12-20 11:51:10,582 [ERROR] Engine:466 - C:\Users\KkangJun\.stm32cubemx\thirdparties\pdsc\STMicroelectronics.X-CUBE-IPS.3.0.0.pdsc: PDSC version is not supported
2024-12-20 11:51:10,600 [WARN] ConditionMgr:438 - getConditionDescription Invalid condition id : UX DEVICE CLASS RTOS Condition cause : null
2024-12-20 11:51:10,601 [WARN] ConditionMgr:438 - getConditionDescription Invalid condition id : UX DEVICE CLASS RTOS Condition cause : null
2024-12-20 11:51:10,602 [WARN] PackLoader:240 - Cannot read IP mode file for STMicroelectronics.X-CUBE-AZRTOS-WB.2.0.0
2024-12-20 11:51:10,602 [WARN] ConditionMgr:1039 - genDependencies : Invalid condition id : UX DEVICE CLASS RTOS Condition cause : null
2024-12-20 11:51:10,602 [WARN] ConditionMgr:1039 - genDependencies : Invalid condition id : UX DEVICE CLASS RTOS Condition cause : null
2024-12-20 11:51:10,602 [WARN] ConditionMgr:1039 - genDependencies : Invalid condition id : UX DEVICE CLASS RTOS Condition cause : null
2024-12-20 11:51:10,602 [WARN] ConditionMgr:1039 - genDependencies : Invalid condition id : UX DEVICE CLASS RTOS Condition cause : null
2024-12-20 11:51:10,602 [WARN] ConditionMgr:1039 - genDependencies : Invalid condition id : UX DEVICE CLASS RTOS Condition cause : null
2024-12-20 11:51:10,614 [WARN] PackLoader:240 - Cannot read IP mode file for STMicroelectronics.X-CUBE-GNSS1.7.0.0
2024-12-20 11:51:10,625 [WARN] PackLoader:240 - Cannot read IP mode file for STMicroelectronics.X-CUBE-GNSS1.7.0.1
2024-12-20 11:51:10,635 [ERROR] Engine:466 - C:\Users\KkangJun\.stm32cubemx\thirdparties\pdsc\STMicroelectronics.FP-SNS-STBOX1.2.0.0.pdsc: PDSC version is not supported
2024-12-20 11:51:10,646 [WARN] PackLoader:240 - Cannot read IP mode file for STMicroelectronics.X-CUBE-SUBG2.5.0.0
2024-12-20 11:51:10,658 [WARN] PackLoader:240 - Cannot read IP mode file for Cesanta.I-CUBE-Mongoose.7.13.0
2024-12-20 11:51:10,674 [WARN] PackLoader:240 - Cannot read IP mode file for STMicroelectronics.X-CUBE-AZRTOS-G4.2.0.0
2024-12-20 11:51:10,692 [WARN] PackLoader:240 - Cannot read IP mode file for Infineon.AIROC-Wi-Fi-Bluetooth-STM32.1.5.1
2024-12-20 11:51:10,703 [WARN] PackLoader:240 - Cannot read IP mode file for STMicroelectronics.FP-SNS-MOTENVWB1.1.3.1
2024-12-20 11:51:10,713 [WARN] PackLoader:240 - Cannot read IP mode file for STMicroelectronics.X-CUBE-ISPU.2.0.0
2024-12-20 11:51:10,723 [WARN] PackLoader:240 - Cannot read IP mode file for STMicroelectronics.X-CUBE-ALS.1.0.2
2024-12-20 11:51:10,751 [WARN] PackLoader:240 - Cannot read IP mode file for STMicroelectronics.X-CUBE-MEMS1.10.0.0
2024-12-20 11:51:10,826 [WARN] PackLoader:240 - Cannot read IP mode file for STMicroelectronics.X-CUBE-FREERTOS.1.1.0
2024-12-20 11:51:10,836 [WARN] PackLoader:240 - Cannot read IP mode file for STMicroelectronics.X-CUBE-TOUCHGFX.4.24.0
2024-12-20 11:51:10,847 [WARN] PackLoader:240 - Cannot read IP mode file for STMicroelectronics.X-CUBE-TOUCHGFX.4.24.1
2024-12-20 11:51:10,858 [WARN] PackLoader:240 - Cannot read IP mode file for portGmbH.I-Cube-SoM-uGOAL.1.1.0
2024-12-20 11:51:10,868 [WARN] PackLoader:240 - Cannot read IP mode file for STMicroelectronics.X-CUBE-ALS.1.0.1
2024-12-20 11:51:10,886 [WARN] PackLoader:240 - Cannot read IP mode file for STMicroelectronics.X-CUBE-AZRTOS-H7RS.1.0.0
2024-12-20 11:51:10,897 [WARN] PackLoader:240 - Cannot read IP mode file for STMicroelectronics.FP-ATR-ASTRA1.2.0.0
2024-12-20 11:51:10,906 [ERROR] Engine:466 - C:\Users\KkangJun\.stm32cubemx\thirdparties\pdsc\STMicroelectronics.X-CUBE-TOF1.3.4.2.pdsc: PDSC version is not supported
2024-12-20 11:51:10,918 [WARN] PackLoader:240 - Cannot read IP mode file for STMicroelectronics.X-CUBE-TOF1.3.4.0
2024-12-20 11:51:10,934 [WARN] PackLoader:240 - Cannot read IP mode file for STMicroelectronics.X-CUBE-TOF1.3.4.1
2024-12-20 11:51:10,954 [WARN] PackLoader:240 - Cannot read IP mode file for STMicroelectronics.X-CUBE-AZRTOS-H7.3.2.0
2024-12-20 11:51:10,965 [WARN] PackLoader:240 - Cannot read IP mode file for wolfSSL.I-CUBE-wolfSSH.1.4.17
2024-12-20 11:51:10,965 [INFO] ThirdParty:978 - Integrity check success = true
2024-12-20 11:51:10,967 [INFO] IntegrityCheckThread:100 - exiting critical section [integrity check]
2024-12-20 11:51:10,967 [INFO] IntegrityCheckThread:103 - End integrity checks thread
2024-12-20 11:51:11,566 [INFO] ApiDb:240 - Found 323 in-development CPN: [B-G473E-ZEST1S, B-WB1M-WPAN1, B-WL5M-SUBG1, NUCLEO-C031C6, NUCLEO-H503RB, NUCLEO-H563ZI, NUCLEO-U545RE-Q, NUCLEO-U5A5ZJ-Q, NUCLEO-WBA52CG, STEVAL-PROTEUS1, STEVAL-SMARTAG2, STEVAL-STWINBX1, STM320518-EVAL, STM32C0116-DK, STM32C011D6Y3TR, STM32C011D6Y6TR, STM32C011F4P3, STM32C011F4P6, STM32C011F4U3, STM32C011F4U6TR, STM32C011F6P3, STM32C011F6P6, STM32C011F6U3, STM32C011F6U6TR, STM32C011J4M3, STM32C011J4M6, STM32C011J6M3, STM32C011J6M6, STM32C0316-DK, STM32C031C4T3, STM32C031C4T6, STM32C031C4U3, STM32C031C4U6, STM32C031C6T3, STM32C031C6T6, STM32C031C6U3, STM32C031C6U6, STM32C031F4P3, STM32C031F4P6, STM32C031F6P3, STM32C031F6P6, STM32C031G4U3, STM32C031G4U6, STM32C031G6U3, STM32C031G6U6, STM32C031K4T3, STM32C031K4T6, STM32C031K4U3, STM32C031K4U6, STM32C031K6T3, STM32C031K6T6, STM32C031K6U3, STM32C031K6U6, STM32G071K8TXN, STM32G071K8UXN, STM32G081GBU6N, STM32G081KBT6N, STM32G081KBUXN, STM32G0B1CCT6N, STM32G0B1KCT6, STM32G0B1NEY6TR, STM32G0B1RCT6N, STM32G0C1CCT6, STM32G0C1CCT6N, STM32G0C1CCU6N, STM32G0C1CET6N, STM32G0C1CEU6N, STM32G0C1KCT6, STM32G0C1NEY6TR, STM32G0C1RCI6N, STM32G0C1RCT6N, STM32G0C1REI6N, STM32G0C1RET6N, STM32G0C1VCI6, STM32G0C1VEI6, STM32G471CCT6, STM32G471CCU6, STM32G471CET3, STM32G471CET6, STM32G471CEU3, STM32G471CEU6, STM32G471MCT6, STM32G471MET3, STM32G471MET6, STM32G471MEY6TR, STM32G471QCT6, STM32G471QET3, STM32G471RCT6, STM32G471RET3, STM32G471RET6, STM32G471VCH6, STM32G471VCI6, STM32G471VCT6, STM32G471VEH3, STM32G471VEH6, STM32G471VEI3, STM32G471VEI6, STM32G471VET3, STM32G471VET6, STM32G474CCT6, STM32H503CBT6, STM32H503CBU6, STM32H503EBY6TR, STM32H503KBU6, STM32H503RBT6, STM32H562AGI6, STM32H562AII6, STM32H562IGK6, STM32H562IGT6, STM32H562IIK6, STM32H562IIT6, STM32H562RGT6, STM32H562RGV6, STM32H562RIT6, STM32H562RIV6, STM32H562VGT6, STM32H562VIT6, STM32H562ZGT6, STM32H562ZIT6, STM32H563AGI6, STM32H563AII3Q, STM32H563AII6, STM32H563IGK6, STM32H563IGT6, STM32H563IIK3Q, STM32H563IIK6, STM32H563IIT3Q, STM32H563IIT6, STM32H563MIY3QTR, STM32H563RGT6, STM32H563RGV6, STM32H563RIT6, STM32H563RIV6, STM32H563VGT6, STM32H563VIT3Q, STM32H563VIT6, STM32H563ZGT6, STM32H563ZIT3Q, STM32H563ZIT6, STM32H573AII3Q, STM32H573AII6, STM32H573I-DK, STM32H573IIK3Q, STM32H573IIK6, STM32H573IIT3Q, STM32H573IIT6, STM32H573MIY3QTR, STM32H573RIT6, STM32H573RIV6, STM32H573VIT3Q, STM32H573VIT6, STM32H573ZIT3Q, STM32H573ZIT6, STM32L4R5QGI6STR, STM32MP131AAE3, STM32MP131AAF3, STM32MP131AAG3, STM32MP131CAE3, STM32MP131CAF3, STM32MP131CAG3, STM32MP131DAE7, STM32MP131DAF7, STM32MP131DAG7, STM32MP131FAE7, STM32MP131FAF7, STM32MP131FAG7, STM32MP133AAE3, STM32MP133AAF3, STM32MP133AAG3, STM32MP133CAE3, STM32MP133CAF3, STM32MP133CAG3, STM32MP133DAE7, STM32MP133DAF7, STM32MP133DAG7, STM32MP133FAE7, STM32MP133FAF7, STM32MP133FAG7, STM32MP135AAE3, STM32MP135AAF3, STM32MP135AAG3, STM32MP135CAE3, STM32MP135CAF3, STM32MP135CAG3, STM32MP135DAE7, STM32MP135DAF7, STM32MP135DAG7, STM32MP135F-DK, STM32MP135FAE7, STM32MP135FAF7, STM32MP135FAF7T, STM32MP135FAF7U, STM32MP135FAG7, STM32U535CBT6, STM32U535CBT6Q, STM32U535CBU6, STM32U535CBU6Q, STM32U535CCT6, STM32U535CCT6Q, STM32U535CCU6, STM32U535CCU6Q, STM32U535CET6, STM32U535CET6Q, STM32U535CEU6, STM32U535CEU6Q, STM32U535JEY6QTR, STM32U535NCY6QTR, STM32U535NEY6QTR, STM32U535RBI6, STM32U535RBI6Q, STM32U535RBT6, STM32U535RBT6Q, STM32U535RCI6, STM32U535RCI6Q, STM32U535RCT6, STM32U535RCT6Q, STM32U535REI6, STM32U535REI6Q, STM32U535RET6, STM32U535RET6Q, STM32U535VCI6, STM32U535VCI6Q, STM32U535VCT6, STM32U535VCT6Q, STM32U535VEI6, STM32U535VEI6Q, STM32U535VET6, STM32U535VET6Q, STM32U545CET6, STM32U545CET6Q, STM32U545CEU6, STM32U545CEU6Q, STM32U545JEY6QTR, STM32U545NEY6QTR, STM32U545REI6, STM32U545REI6Q, STM32U545RET6, STM32U545RET6Q, STM32U545VEI6, STM32U545VEI6Q, STM32U545VET6, STM32U545VET6Q, STM32U595AIH6, STM32U595AIH6Q, STM32U595AJH6, STM32U595AJH6Q, STM32U595QII6, STM32U595QII6Q, STM32U595QJI6, STM32U595QJI6Q, STM32U595RIT6, STM32U595RIT6Q, STM32U595RJT6, STM32U595RJT6Q, STM32U595VIT6, STM32U595VIT6Q, STM32U595VJT6, STM32U595VJT6Q, STM32U595ZIT6, STM32U595ZIT6Q, STM32U595ZIY6QTR, STM32U595ZJT6, STM32U595ZJT6Q, STM32U595ZJY6QTR, STM32U599BJY6QTR, STM32U599NIH6Q, STM32U599NJH6Q, STM32U599VIT6Q, STM32U599VJT6, STM32U599VJT6Q, STM32U599ZIT6Q, STM32U599ZIY6QTR, STM32U599ZJT6Q, STM32U599ZJY6QTR, STM32U5A5AJH6, STM32U5A5AJH6Q, STM32U5A5QJI6, STM32U5A5QJI6Q, STM32U5A5RJT6, STM32U5A5RJT6Q, STM32U5A5VJT6, STM32U5A5VJT6Q, STM32U5A5ZJT6, STM32U5A5ZJT6Q, STM32U5A5ZJY6QTR, STM32U5A9BJY6QTR, STM32U5A9J-DK, STM32U5A9NJH6Q, STM32U5A9VJT6Q, STM32U5A9ZJT6Q, STM32U5A9ZJY6QTR, STM32U5F7VIT6, STM32U5F7VIT6Q, STM32U5F7VJT6, STM32U5F7VJT6Q, STM32U5F9BJY6QTR, STM32U5F9NJH6Q, STM32U5F9VIT6Q, STM32U5F9VJT6Q, STM32U5F9ZIJ6QTR, STM32U5F9ZIT6Q, STM32U5F9ZJJ6QTR, STM32U5F9ZJT6Q, STM32U5G7VJT6, STM32U5G7VJT6Q, STM32U5G9BJY6QTR, STM32U5G9J-DK1, STM32U5G9J-DK2, STM32U5G9NJH6Q, STM32U5G9VJT6Q, STM32U5G9ZJJ6QTR, STM32U5G9ZJT6Q, STM32WB1MMCH6, STM32WBA52CEU6, STM32WBA52CEU6T, STM32WBA52CGU6, STM32WBA52CGU6T, STM32WBA52KEU6, STM32WBA52KEU6T, STM32WBA52KGU6, STM32WBA52KGU6T, STM32WL5MOCH6, STM32WL5MOCH6TR]
2024-12-20 11:51:11,570 [INFO] DbMcus:217 - Found 4373 MCUs, 4373 are supported
2024-12-20 11:51:11,571 [INFO] ApiDb:423 - Load user favorites file C:\Users\KkangJun/.stm32cubeide/favorites.mcus.txt: 0 item(s)
2024-12-20 11:51:11,571 [INFO] ApiDb:427 - User favorites MCUs=[]
2024-12-20 11:51:11,571 [INFO] DbMcus:223 - Set 0 / 0 favorites MCUs
2024-12-20 11:51:11,782 [INFO] BoardInfo:880 - No configuration file found for board NUCLEO-C071RB
2024-12-20 11:51:11,783 [INFO] DbBoards:157 - Board is not supported: NUCLEO-C071RB
2024-12-20 11:51:11,808 [INFO] BoardInfo:880 - No configuration file found for board NUCLEO-H533RE
2024-12-20 11:51:11,808 [INFO] DbBoards:157 - Board is not supported: NUCLEO-H533RE
2024-12-20 11:51:11,813 [INFO] BoardInfo:880 - No configuration file found for board NUCLEO-H7S3L8
2024-12-20 11:51:11,814 [INFO] DbBoards:157 - Board is not supported: NUCLEO-H7S3L8
2024-12-20 11:51:11,826 [INFO] BoardInfo:880 - No configuration file found for board NUCLEO-U031R8
2024-12-20 11:51:11,827 [INFO] DbBoards:157 - Board is not supported: NUCLEO-U031R8
2024-12-20 11:51:11,827 [INFO] BoardInfo:880 - No configuration file found for board NUCLEO-U083RC
2024-12-20 11:51:11,827 [INFO] DbBoards:157 - Board is not supported: NUCLEO-U083RC
2024-12-20 11:51:11,829 [INFO] BoardInfo:880 - No configuration file found for board NUCLEO-WB05KZ
2024-12-20 11:51:11,829 [INFO] DbBoards:157 - Board is not supported: NUCLEO-WB05KZ
2024-12-20 11:51:11,831 [INFO] BoardInfo:880 - No configuration file found for board NUCLEO-WB07CC
2024-12-20 11:51:11,831 [INFO] DbBoards:157 - Board is not supported: NUCLEO-WB07CC
2024-12-20 11:51:11,832 [INFO] BoardInfo:880 - No configuration file found for board NUCLEO-WB09KE
2024-12-20 11:51:11,832 [INFO] DbBoards:157 - Board is not supported: NUCLEO-WB09KE
2024-12-20 11:51:11,834 [INFO] BoardInfo:880 - No configuration file found for board NUCLEO-WBA55CG
2024-12-20 11:51:11,834 [INFO] DbBoards:157 - Board is not supported: NUCLEO-WBA55CG
2024-12-20 11:51:11,837 [INFO] BoardInfo:880 - No configuration file found for board P-NUCLEO-WB55
2024-12-20 11:51:11,837 [INFO] DbBoards:157 - Kit is not supported: P-NUCLEO-WB55
2024-12-20 11:51:11,840 [INFO] BoardInfo:880 - No configuration file found for board STEVAL-BFA001V1B
2024-12-20 11:51:11,840 [INFO] DbBoards:157 - Kit is not supported: STEVAL-BFA001V1B
2024-12-20 11:51:11,841 [INFO] BoardInfo:880 - No configuration file found for board STEVAL-BFA001V2B
2024-12-20 11:51:11,841 [INFO] DbBoards:157 - Kit is not supported: STEVAL-BFA001V2B
2024-12-20 11:51:11,843 [INFO] BoardInfo:880 - No configuration file found for board STEVAL-MKBOXPRO
2024-12-20 11:51:11,843 [INFO] DbBoards:157 - Board is not supported: STEVAL-MKBOXPRO
2024-12-20 11:51:11,888 [INFO] BoardInfo:880 - No configuration file found for board STM32H7S78-DK
2024-12-20 11:51:11,888 [INFO] DbBoards:157 - Board is not supported: STM32H7S78-DK
2024-12-20 11:51:11,901 [INFO] BoardInfo:880 - No configuration file found for board STM32MP257F-DK
2024-12-20 11:51:11,902 [INFO] DbBoards:157 - Board is not supported: STM32MP257F-DK
2024-12-20 11:51:11,902 [INFO] BoardInfo:880 - No configuration file found for board STM32MP257F-EV1
2024-12-20 11:51:11,902 [INFO] DbBoards:157 - Board is not supported: STM32MP257F-EV1
2024-12-20 11:51:11,903 [INFO] BoardInfo:880 - No configuration file found for board STM32U083C-DK
2024-12-20 11:51:11,903 [INFO] DbBoards:157 - Board is not supported: STM32U083C-DK
2024-12-20 11:51:11,907 [INFO] BoardInfo:880 - No configuration file found for board STM32WBA55G-DK1
2024-12-20 11:51:11,908 [INFO] DbBoards:157 - Board is not supported: STM32WBA55G-DK1
2024-12-20 11:51:11,908 [INFO] DbBoards:161 - Found 201 boards, 183 are supported
2024-12-20 11:51:11,909 [INFO] ApiDb:423 - Load user favorites file C:\Users\KkangJun/.stm32cubeide/favorites.boards.txt: 0 item(s)
2024-12-20 11:51:11,910 [INFO] ApiDb:427 - User favorites Boards=[]
2024-12-20 11:51:11,910 [INFO] DbBoards:190 - Set 0 / 0 favorites Boards
2024-12-20 11:51:11,910 [INFO] McuFinderGlobals:76 - Set McuFinderConnectedMode to true
2024-12-20 11:51:11,914 [INFO] MultiScanPanel:200 - Auto-refresh data requested => check proxy status ongoing
2024-12-20 11:51:11,916 [INFO] FinderPluginLoader:95 - Searching for filters in installed packs
2024-12-20 11:51:12,682 [INFO] LoadUrlFilesThread:185 - End of LoadServerUrlFiles without Thread
2024-12-20 11:51:12,687 [INFO] DetailPanel:341 - Set advertising image to C:/Users/KkangJun/STM32Cube/Repository/\en.prom-stm32n6-mcu-finder.png
2024-12-20 11:52:40,998 [INFO] MainUpdater:2868 - connection check result : 10
2024-12-20 11:52:40,998 [INFO] MainUpdater:2868 - connection check result : 10
2024-12-20 11:52:41,014 [INFO] MicroXplorer:468 - Change Database Path : 
2024-12-20 11:52:41,014 [INFO] MicroXplorer:498 - Change Database Version : DB.6.0.92
2024-12-20 11:52:41,016 [WARN] ThirdParty:871 - waiting for thirdparty lock release [close project]
2024-12-20 11:52:41,017 [INFO] ThirdParty:873 - entering critical section [close project]
2024-12-20 11:52:41,017 [INFO] ThirdParty:883 - exiting critical section [close project]
2024-12-20 11:52:41,018 [INFO] PinOutPanel:1499 - setPackage(No Configuration,No Configuration)
2024-12-20 11:52:41,021 [INFO] UtilMem:75 - Begin LoadConfig() Used Memory: 762274240 Bytes (1073741824)
2024-12-20 11:52:41,022 [INFO] MicroXplorer:468 - Change Database Path : 
2024-12-20 11:52:41,022 [INFO] MicroXplorer:498 - Change Database Version : DB.6.0.92
2024-12-20 11:52:41,022 [INFO] OpenFileManager:308 - Change cursor
2024-12-20 11:52:41,121 [INFO] Mcu:1946 - Initializing MCU STM32F407VETx STM32F407VETx STM32F407VET6
2024-12-20 11:52:42,115 [INFO] Context:659 - Trying to add GPIOservice into a context  which must be forbidden
2024-12-20 11:52:42,355 [INFO] ImportTextPane:194 - (OptionalMessage_ERROR) Unable to find key (Mcu.ThirdPartyNb) in loaded IOC file
2024-12-20 11:52:42,355 [INFO] ImportTextPane:194 - (OptionalMessage_ERROR) Unable to find key (Mcu.PinsNb) in loaded IOC file
2024-12-20 11:52:42,355 [INFO] ImportTextPane:194 - (OptionalMessage_ERROR) Unable to find key (Mcu.IPNb) in loaded IOC file
2024-12-20 11:52:42,488 [INFO] RtosManager:555 - Registered RTOS mode: class=CMSIS, group=RTOS, mode=CMSIS_V1, owner=FREERTOS
2024-12-20 11:52:42,488 [INFO] RtosManager:555 - Registered RTOS mode: class=CMSIS, group=RTOS2, mode=CMSIS_V2, owner=FREERTOS
2024-12-20 11:52:42,488 [INFO] RtosManager:555 - Registered RTOS mode: class=RTOS, group=Core, mode=CMSIS_V1, owner=FREERTOS
2024-12-20 11:52:42,488 [INFO] RtosManager:555 - Registered RTOS mode: class=RTOS, group=Core, mode=CMSIS_V2, owner=FREERTOS
2024-12-20 11:52:42,489 [WARN] ModelIntegratedComponent:184 - Missing modes for component STMicroelectronics:FreeRTOS:0.0.1:STMicroelectronics:RTOS:FreeRTOS:Core:::10.2.0:
2024-12-20 11:52:42,497 [WARN] ModelIntegratedComponent:63 - No mode defined for component null
2024-12-20 11:52:42,497 [WARN] ModelIntegratedComponent:63 - No mode defined for component null
2024-12-20 11:52:42,497 [WARN] ModelIntegratedComponent:63 - No mode defined for component null
2024-12-20 11:52:42,497 [WARN] ModelIntegratedComponent:63 - No mode defined for component null
2024-12-20 11:52:42,497 [WARN] ModelIntegratedComponent:63 - No mode defined for component null
2024-12-20 11:52:42,497 [WARN] ModelIntegratedComponent:63 - No mode defined for component null
2024-12-20 11:52:42,497 [WARN] ModelIntegratedComponent:63 - No mode defined for component null
2024-12-20 11:52:42,497 [WARN] ModelIntegratedComponent:63 - No mode defined for component null
2024-12-20 11:52:42,497 [WARN] ModelIntegratedComponent:63 - No mode defined for component null
2024-12-20 11:52:42,497 [WARN] ModelIntegratedComponent:63 - No mode defined for component null
2024-12-20 11:52:42,497 [WARN] ModelIntegratedComponent:63 - No mode defined for component null
2024-12-20 11:52:42,497 [WARN] ModelIntegratedComponent:63 - No mode defined for component null
2024-12-20 11:52:42,497 [WARN] ModelIntegratedComponent:63 - No mode defined for component null
2024-12-20 11:52:42,497 [WARN] ModelIntegratedComponent:63 - No mode defined for component null
2024-12-20 11:52:42,497 [WARN] ModelIntegratedComponent:63 - No mode defined for component null
2024-12-20 11:52:42,498 [WARN] ModelIntegratedComponent:63 - No mode defined for component null
2024-12-20 11:52:42,498 [WARN] ModelIntegratedComponent:63 - No mode defined for component null
2024-12-20 11:52:42,498 [WARN] ModelIntegratedComponent:63 - No mode defined for component null
2024-12-20 11:52:42,498 [WARN] ModelIntegratedComponent:63 - No mode defined for component null
2024-12-20 11:52:42,498 [WARN] ModelIntegratedComponent:63 - No mode defined for component null
2024-12-20 11:52:42,498 [WARN] ModelIntegratedComponent:63 - No mode defined for component null
2024-12-20 11:52:42,498 [WARN] ModelIntegratedComponent:63 - No mode defined for component null
2024-12-20 11:52:42,498 [WARN] ModelIntegratedComponent:63 - No mode defined for component null
2024-12-20 11:52:42,498 [WARN] ModelIntegratedComponent:63 - No mode defined for component null
2024-12-20 11:52:42,498 [WARN] ModelIntegratedComponent:63 - No mode defined for component null
2024-12-20 11:52:42,498 [WARN] ModelIntegratedComponent:63 - No mode defined for component null
2024-12-20 11:52:42,498 [WARN] ModelIntegratedComponent:63 - No mode defined for component null
2024-12-20 11:52:42,498 [WARN] ModelIntegratedComponent:63 - No mode defined for component null
2024-12-20 11:52:42,498 [WARN] ModelIntegratedComponent:63 - No mode defined for component null
2024-12-20 11:52:42,498 [WARN] ModelIntegratedComponent:63 - No mode defined for component null
2024-12-20 11:52:42,498 [WARN] ModelIntegratedComponent:63 - No mode defined for component null
2024-12-20 11:52:42,498 [WARN] ModelIntegratedComponent:63 - No mode defined for component null
2024-12-20 11:52:42,498 [WARN] ModelIntegratedComponent:63 - No mode defined for component null
2024-12-20 11:52:42,648 [INFO] ThirdPartyModel:298 - Start build external matchings
2024-12-20 11:52:43,325 [INFO] ThirdPartyModel:316 - End build external matchings
2024-12-20 11:52:43,535 [INFO] UtilMem:75 - End LoadConfig() Used Memory: 725017192 Bytes (1073741824)
2024-12-20 11:52:43,553 [WARN] ThirdParty:833 - waiting for thirdparty lock release [change project]
2024-12-20 11:52:43,553 [INFO] ThirdParty:835 - entering critical section [change project]
2024-12-20 11:52:43,554 [INFO] ThirdParty:1030 - CMSIS Pack Vendor :STMicroelectronics USBPD 4.1
2024-12-20 11:52:43,554 [INFO] ThirdParty:1030 - CMSIS Pack Vendor :STMicroelectronics X-CUBE-AZRTOS-H7 3.3.0
2024-12-20 11:52:43,554 [INFO] ThirdParty:1030 - CMSIS Pack Vendor :STMicroelectronics X-CUBE-NFC9 1.0.0
2024-12-20 11:52:43,554 [INFO] ThirdParty:1030 - CMSIS Pack Vendor :STMicroelectronics X-CUBE-GNSS1 6.0.0
2024-12-20 11:52:43,554 [INFO] ThirdParty:1030 - CMSIS Pack Vendor :STMicroelectronics USB_HOST 2.0.0
2024-12-20 11:52:43,554 [INFO] ThirdParty:1030 - CMSIS Pack Vendor :STMicroelectronics FP-SNS-MOTENVWB1 1.4.0
2024-12-20 11:52:43,554 [INFO] ThirdParty:1030 - CMSIS Pack Vendor :STMicroelectronics X-CUBE-AZRTOS-F4 1.1.0
2024-12-20 11:52:43,554 [INFO] ThirdParty:1030 - CMSIS Pack Vendor :STMicroelectronics LIBJPEG 8.0.0
2024-12-20 11:52:43,554 [INFO] ThirdParty:1030 - CMSIS Pack Vendor :STMicroelectronics FP-ATR-ASTRA1 2.0.1
2024-12-20 11:52:43,554 [INFO] ThirdParty:1030 - CMSIS Pack Vendor :STMicroelectronics X-CUBE-SMBUS 2.1.0
2024-12-20 11:52:43,554 [INFO] ThirdParty:1030 - CMSIS Pack Vendor :STMicroelectronics X-CUBE-WB05N 1.1.0
2024-12-20 11:52:43,554 [INFO] ThirdParty:1030 - CMSIS Pack Vendor :STMicroelectronics USB_DEVICE 3.0.0
2024-12-20 11:52:43,554 [INFO] ThirdParty:1030 - CMSIS Pack Vendor :STMicroelectronics X-CUBE-TCPP 4.1.0
2024-12-20 11:52:43,554 [INFO] ThirdParty:1030 - CMSIS Pack Vendor :STMicroelectronics X-CUBE-ISPU 2.1.0
2024-12-20 11:52:43,554 [INFO] ThirdParty:1030 - CMSIS Pack Vendor :STMicroelectronics X-CUBE-FREERTOS 1.2.0
2024-12-20 11:52:43,554 [INFO] ThirdParty:1030 - CMSIS Pack Vendor :STMicroelectronics X-CUBE-AZRTOS-WB 2.0.0
2024-12-20 11:52:43,554 [INFO] ThirdParty:1030 - CMSIS Pack Vendor :wolfSSL I-CUBE-wolfSSL 5.6.6
2024-12-20 11:52:43,554 [INFO] ThirdParty:1030 - CMSIS Pack Vendor :STMicroelectronics X-CUBE-GNSS1 7.0.0
2024-12-20 11:52:43,554 [INFO] ThirdParty:1030 - CMSIS Pack Vendor :STMicroelectronics X-CUBE-GNSS1 7.0.1
2024-12-20 11:52:43,554 [INFO] ThirdParty:1030 - CMSIS Pack Vendor :STMicroelectronics X-CUBE-TOUCHGFX 4.23.0
2024-12-20 11:52:43,554 [INFO] ThirdParty:1030 - CMSIS Pack Vendor :STMicroelectronics X-CUBE-TOUCHGFX 4.23.2
2024-12-20 11:52:43,554 [INFO] ThirdParty:1030 - CMSIS Pack Vendor :STMicroelectronics X-CUBE-AZRTOS-F7 1.1.0
2024-12-20 11:52:43,554 [INFO] ThirdParty:1030 - CMSIS Pack Vendor :STMicroelectronics X-CUBE-AZRTOS-L5 2.0.0
2024-12-20 11:52:43,554 [INFO] ThirdParty:1030 - CMSIS Pack Vendor :STMicroelectronics USB_DEVICE 2.0.0
2024-12-20 11:52:43,554 [INFO] ThirdParty:1030 - CMSIS Pack Vendor :STMicroelectronics X-CUBE-EEPRMA1 4.2.0
2024-12-20 11:52:43,554 [INFO] ThirdParty:1030 - CMSIS Pack Vendor :STMicroelectronics X-CUBE-NFC6 3.1.0
2024-12-20 11:52:43,554 [INFO] ThirdParty:1030 - CMSIS Pack Vendor :ITTIA_DB I-CUBE-ITTIADB 8.8.0
2024-12-20 11:52:43,554 [INFO] ThirdParty:1030 - CMSIS Pack Vendor :STMicroelectronics FP-SNS-MOTENV1 4.3.2
2024-12-20 11:52:43,554 [INFO] ThirdParty:1030 - CMSIS Pack Vendor :STMicroelectronics X-CUBE-ALGOBUILD 1.3.0
2024-12-20 11:52:43,554 [INFO] ThirdParty:1030 - CMSIS Pack Vendor :STMicroelectronics X-CUBE-MEMS1 11.0.0
2024-12-20 11:52:43,554 [INFO] ThirdParty:1030 - CMSIS Pack Vendor :STMicroelectronics FreeRTOS 0.0.1
2024-12-20 11:52:43,554 [INFO] ThirdParty:1030 - CMSIS Pack Vendor :STMicroelectronics X-CUBE-AZRTOS-G0 1.1.0
2024-12-20 11:52:43,554 [INFO] ThirdParty:1030 - CMSIS Pack Vendor :STMicroelectronics X-CUBE-SAFEA1 1.2.2
2024-12-20 11:52:43,554 [INFO] ThirdParty:1030 - CMSIS Pack Vendor :STMicroelectronics X-CUBE-NFC4 3.0.0
2024-12-20 11:52:43,554 [INFO] ThirdParty:1030 - CMSIS Pack Vendor :STMicroelectronics X-CUBE-SUBG2 5.0.0
2024-12-20 11:52:43,554 [INFO] ThirdParty:1030 - CMSIS Pack Vendor :STMicroelectronics STM32_WPAN 1.0.0
2024-12-20 11:52:43,554 [INFO] ThirdParty:1030 - CMSIS Pack Vendor :STMicroelectronics lwIP 2.0.3
2024-12-20 11:52:43,555 [INFO] ThirdParty:1030 - CMSIS Pack Vendor :STMicroelectronics FP-SNS-FLIGHT1 5.0.2
2024-12-20 11:52:43,555 [INFO] ThirdParty:1030 - CMSIS Pack Vendor :Cesanta I-CUBE-Mongoose 7.13.0
2024-12-20 11:52:43,555 [INFO] ThirdParty:1030 - CMSIS Pack Vendor :STMicroelectronics USB_HOST 1.0.0
2024-12-20 11:52:43,555 [INFO] ThirdParty:1030 - CMSIS Pack Vendor :STMicroelectronics X-CUBE-AI 9.0.0
2024-12-20 11:52:43,555 [INFO] ThirdParty:1030 - CMSIS Pack Vendor :STMicroelectronics X-CUBE-AZRTOS-G4 2.0.0
2024-12-20 11:52:43,555 [INFO] ThirdParty:1030 - CMSIS Pack Vendor :STMicroelectronics PDM2PCM 3.1.0
2024-12-20 11:52:43,555 [INFO] ThirdParty:1030 - CMSIS Pack Vendor :Infineon AIROC-Wi-Fi-Bluetooth-STM32 1.5.1
2024-12-20 11:52:43,555 [INFO] ThirdParty:1030 - CMSIS Pack Vendor :STMicroelectronics X-CUBE-BLEMGR 3.0.0
2024-12-20 11:52:43,555 [INFO] ThirdParty:1030 - CMSIS Pack Vendor :STMicroelectronics PDM2PCM 3.3.0
2024-12-20 11:52:43,555 [INFO] ThirdParty:1030 - CMSIS Pack Vendor :STMicroelectronics X-CUBE-DISPLAY 3.0.0
2024-12-20 11:52:43,555 [INFO] ThirdParty:1030 - CMSIS Pack Vendor :STMicroelectronics FP-SNS-MOTENVWB1 1.3.1
2024-12-20 11:52:43,555 [INFO] ThirdParty:1030 - CMSIS Pack Vendor :STMicroelectronics X-CUBE-BLE1 7.0.0
2024-12-20 11:52:43,555 [INFO] ThirdParty:1030 - CMSIS Pack Vendor :STMicroelectronics FP-ATR-SIGFOX1 3.2.0
2024-12-20 11:52:43,555 [INFO] ThirdParty:1030 - CMSIS Pack Vendor :STMicroelectronics X-CUBE-NFC10 1.0.0
2024-12-20 11:52:43,555 [INFO] ThirdParty:1030 - CMSIS Pack Vendor :STMicroelectronics X-CUBE-ISPU 2.0.0
2024-12-20 11:52:43,555 [INFO] ThirdParty:1030 - CMSIS Pack Vendor :STMicroelectronics X-CUBE-EEPRMA1 5.1.0
2024-12-20 11:52:43,555 [INFO] ThirdParty:1030 - CMSIS Pack Vendor :STMicroelectronics HAL Drivers 0.0.0
2024-12-20 11:52:43,555 [INFO] ThirdParty:1030 - CMSIS Pack Vendor :STMicroelectronics MBEDTLS 2.16.2
2024-12-20 11:52:43,555 [INFO] ThirdParty:1030 - CMSIS Pack Vendor :STMicroelectronics X-CUBE-ALS 1.0.2
2024-12-20 11:52:43,555 [INFO] ThirdParty:1030 - CMSIS Pack Vendor :emotas I-CUBE-CANOPEN 1.3.0
2024-12-20 11:52:43,555 [INFO] ThirdParty:1030 - CMSIS Pack Vendor :STMicroelectronics X-CUBE-FREERTOS 1.3.0
2024-12-20 11:52:43,555 [INFO] ThirdParty:1030 - CMSIS Pack Vendor :STMicroelectronics X-CUBE-MEMS1 10.0.0
2024-12-20 11:52:43,555 [INFO] ThirdParty:1030 - CMSIS Pack Vendor :STMicroelectronics X-CUBE-FREERTOS 1.1.0
2024-12-20 11:52:43,555 [INFO] ThirdParty:1030 - CMSIS Pack Vendor :STMicroelectronics X-CUBE-NFC7 1.0.1
2024-12-20 11:52:43,555 [INFO] ThirdParty:1030 - CMSIS Pack Vendor :STMicroelectronics MBEDTLS 2.14.1
2024-12-20 11:52:43,555 [INFO] ThirdParty:1030 - CMSIS Pack Vendor :STMicroelectronics X-CUBE-TOUCHGFX 4.24.0
2024-12-20 11:52:43,555 [INFO] ThirdParty:1030 - CMSIS Pack Vendor :wolfSSL I-CUBE-wolfTPM 3.2.0
2024-12-20 11:52:43,555 [INFO] ThirdParty:1030 - CMSIS Pack Vendor :STMicroelectronics X-CUBE-TOUCHGFX 4.24.1
2024-12-20 11:52:43,555 [INFO] ThirdParty:1030 - CMSIS Pack Vendor :STMicroelectronics X-CUBE-NFC6 3.0.0
2024-12-20 11:52:43,555 [INFO] ThirdParty:1030 - CMSIS Pack Vendor :portGmbH I-Cube-SoM-uGOAL 1.1.0
2024-12-20 11:52:43,555 [INFO] ThirdParty:1030 - CMSIS Pack Vendor :STMicroelectronics X-CUBE-ALS 1.0.1
2024-12-20 11:52:43,555 [INFO] ThirdParty:1030 - CMSIS Pack Vendor :STMicroelectronics X-CUBE-BLEMGR 3.1.0
2024-12-20 11:52:43,555 [INFO] ThirdParty:1030 - CMSIS Pack Vendor :STMicroelectronics ThreadX 1.0.0
2024-12-20 11:52:43,555 [INFO] ThirdParty:1030 - CMSIS Pack Vendor :STMicroelectronics FP-SNS-SMARTAG2 1.2.0
2024-12-20 11:52:43,555 [INFO] ThirdParty:1030 - CMSIS Pack Vendor :STMicroelectronics X-CUBE-MEMS1 11.1.0
2024-12-20 11:52:43,555 [INFO] ThirdParty:1030 - CMSIS Pack Vendor :STMicroelectronics X-CUBE-AZRTOS-WL 2.0.0
2024-12-20 11:52:43,555 [INFO] ThirdParty:1030 - CMSIS Pack Vendor :SEGGER I-CUBE-embOS 1.3.1
2024-12-20 11:52:43,555 [INFO] ThirdParty:1030 - CMSIS Pack Vendor :STMicroelectronics X-CUBE-ALGOBUILD 1.4.0
2024-12-20 11:52:43,555 [INFO] ThirdParty:1030 - CMSIS Pack Vendor :STMicroelectronics FP-SNS-MOTENV1 5.0.0
2024-12-20 11:52:43,555 [INFO] ThirdParty:1030 - CMSIS Pack Vendor :STMicroelectronics USB_DEVICE 1.0.0
2024-12-20 11:52:43,555 [INFO] ThirdParty:1030 - CMSIS Pack Vendor :STMicroelectronics X-CUBE-AI 8.1.0
2024-12-20 11:52:43,555 [INFO] ThirdParty:1030 - CMSIS Pack Vendor :STMicroelectronics X-CUBE-AZRTOS-H7RS 1.0.0
2024-12-20 11:52:43,555 [INFO] ThirdParty:1030 - CMSIS Pack Vendor :wolfSSL I-CUBE-wolfMQTT 1.19.0
2024-12-20 11:52:43,555 [INFO] ThirdParty:1030 - CMSIS Pack Vendor :STMicroelectronics X-CUBE-AZRTOS-L4 2.0.0
2024-12-20 11:52:43,556 [INFO] ThirdParty:1030 - CMSIS Pack Vendor :STMicroelectronics ThreadX 0.0.2
2024-12-20 11:52:43,556 [INFO] ThirdParty:1030 - CMSIS Pack Vendor :WES I-CUBE-Cesium 1.3.0
2024-12-20 11:52:43,556 [INFO] ThirdParty:1030 - CMSIS Pack Vendor :STMicroelectronics FP-ATR-ASTRA1 2.0.0
2024-12-20 11:52:43,556 [INFO] ThirdParty:1030 - CMSIS Pack Vendor :STMicroelectronics lwIP 2.1.2
2024-12-20 11:52:43,556 [INFO] ThirdParty:1030 - CMSIS Pack Vendor :STMicroelectronics X-CUBE-SFXS2LP1 4.0.0
2024-12-20 11:52:43,556 [INFO] ThirdParty:1030 - CMSIS Pack Vendor :STMicroelectronics X-CUBE-BLE2 3.3.0
2024-12-20 11:52:43,556 [INFO] ThirdParty:1030 - CMSIS Pack Vendor :STMicroelectronics X-CUBE-AI 9.1.0
2024-12-20 11:52:43,556 [INFO] ThirdParty:1030 - CMSIS Pack Vendor :STMicroelectronics X-CUBE-TOF1 3.4.0
2024-12-20 11:52:43,556 [INFO] ThirdParty:1030 - CMSIS Pack Vendor :STMicroelectronics X-CUBE-TOF1 3.4.1
2024-12-20 11:52:43,556 [INFO] ThirdParty:1030 - CMSIS Pack Vendor :STMicroelectronics X-CUBE-AZRTOS-H7 3.2.0
2024-12-20 11:52:43,556 [INFO] ThirdParty:1030 - CMSIS Pack Vendor :STMicroelectronics PDM2PCM 3.2.0
2024-12-20 11:52:43,556 [INFO] ThirdParty:1030 - CMSIS Pack Vendor :wolfSSL I-CUBE-wolfSSH 1.4.17
2024-12-20 11:52:43,556 [INFO] ThirdParty:841 - exiting critical section [change project]
2024-12-20 11:52:43,765 [INFO] PinOutPanel:1499 - setPackage(No Configuration,No Configuration)
2024-12-20 11:52:43,766 [INFO] PinOutPanel:1499 - setPackage(STM32F407VETx,LQFP100)
2024-12-20 11:52:44,089 [INFO] UtilMem:75 - Before build in PCC Used Memory: 864658528 Bytes (1073741824)
2024-12-20 11:52:44,682 [INFO] UtilMem:75 - After build in PCC Used Memory: 945952824 Bytes (1073741824)
2024-12-20 11:52:44,711 [INFO] IPUIPlugin:80 - create IPUIPlugin
2024-12-20 11:52:44,711 [INFO] IPUIPlugin:80 - create IPUIPlugin
2024-12-20 11:52:44,711 [INFO] IPUIPlugin:80 - create IPUIPlugin
2024-12-20 11:52:44,711 [INFO] IPUIPlugin:80 - create IPUIPlugin
2024-12-20 11:52:44,711 [INFO] IPUIPlugin:80 - create IPUIPlugin
2024-12-20 11:52:44,711 [INFO] IPUIPlugin:80 - create IPUIPlugin
2024-12-20 11:52:44,711 [INFO] IPUIPlugin:80 - create IPUIPlugin
2024-12-20 11:52:44,712 [INFO] IPUIPlugin:80 - create IPUIPlugin
2024-12-20 11:52:44,712 [INFO] IPUIPlugin:80 - create IPUIPlugin
2024-12-20 11:52:44,712 [INFO] IPUIPlugin:80 - create IPUIPlugin
2024-12-20 11:52:44,712 [INFO] IPUIPlugin:80 - create IPUIPlugin
2024-12-20 11:52:44,712 [INFO] IPUIPlugin:80 - create IPUIPlugin
2024-12-20 11:52:44,712 [INFO] IPUIPlugin:80 - create IPUIPlugin
2024-12-20 11:52:44,712 [INFO] IPUIPlugin:80 - create IPUIPlugin
2024-12-20 11:52:44,712 [INFO] IPUIPlugin:80 - create IPUIPlugin
2024-12-20 11:52:44,712 [INFO] IPUIPlugin:80 - create IPUIPlugin
2024-12-20 11:52:44,712 [INFO] IPUIPlugin:80 - create IPUIPlugin
2024-12-20 11:52:44,712 [INFO] IPUIPlugin:80 - create IPUIPlugin
2024-12-20 11:52:44,712 [INFO] IPUIPlugin:80 - create IPUIPlugin
2024-12-20 11:52:44,712 [INFO] IPUIPlugin:80 - create IPUIPlugin
2024-12-20 11:52:44,712 [INFO] IPUIPlugin:80 - create IPUIPlugin
2024-12-20 11:52:44,712 [INFO] IPUIPlugin:80 - create IPUIPlugin
2024-12-20 11:52:44,712 [INFO] IPUIPlugin:80 - create IPUIPlugin
2024-12-20 11:52:44,712 [INFO] IPUIPlugin:80 - create IPUIPlugin
2024-12-20 11:52:44,712 [INFO] IPUIPlugin:80 - create IPUIPlugin
2024-12-20 11:52:44,713 [INFO] IPUIPlugin:80 - create IPUIPlugin
2024-12-20 11:52:44,713 [INFO] IPUIPlugin:80 - create IPUIPlugin
2024-12-20 11:52:44,713 [INFO] IPUIPlugin:80 - create IPUIPlugin
2024-12-20 11:52:44,713 [INFO] IPUIPlugin:80 - create IPUIPlugin
2024-12-20 11:52:44,713 [INFO] IPUIPlugin:80 - create IPUIPlugin
2024-12-20 11:52:44,713 [INFO] IPUIPlugin:80 - create IPUIPlugin
2024-12-20 11:52:44,713 [INFO] IPUIPlugin:80 - create IPUIPlugin
2024-12-20 11:52:44,713 [INFO] IPUIPlugin:80 - create IPUIPlugin
2024-12-20 11:52:44,713 [INFO] IPUIPlugin:80 - create IPUIPlugin
2024-12-20 11:52:44,713 [INFO] IPUIPlugin:80 - create IPUIPlugin
2024-12-20 11:52:44,713 [INFO] IPUIPlugin:80 - create IPUIPlugin
2024-12-20 11:52:44,713 [INFO] IPUIPlugin:80 - create IPUIPlugin
2024-12-20 11:52:44,713 [INFO] IPUIPlugin:80 - create IPUIPlugin
2024-12-20 11:52:44,715 [INFO] IPUIPlugin:80 - create IPUIPlugin
2024-12-20 11:52:44,715 [INFO] IPUIPlugin:80 - create IPUIPlugin
2024-12-20 11:52:44,715 [INFO] IPUIPlugin:80 - create IPUIPlugin
2024-12-20 11:52:44,715 [INFO] IPUIPlugin:80 - create IPUIPlugin
2024-12-20 11:52:44,715 [INFO] IPUIPlugin:80 - create IPUIPlugin
2024-12-20 11:52:44,715 [INFO] IPUIPlugin:80 - create IPUIPlugin
2024-12-20 11:52:44,715 [INFO] IPUIPlugin:80 - create IPUIPlugin
2024-12-20 11:52:44,715 [INFO] IPUIPlugin:80 - create IPUIPlugin
2024-12-20 11:52:44,715 [INFO] IPUIPlugin:80 - create IPUIPlugin
2024-12-20 11:52:44,715 [INFO] IPUIPlugin:80 - create IPUIPlugin
2024-12-20 11:52:44,715 [INFO] IPUIPlugin:80 - create IPUIPlugin
2024-12-20 11:52:44,715 [INFO] IPUIPlugin:80 - create IPUIPlugin
2024-12-20 11:52:44,715 [INFO] IPUIPlugin:80 - create IPUIPlugin
2024-12-20 11:52:44,716 [INFO] IPUIPlugin:80 - create IPUIPlugin
2024-12-20 11:52:44,716 [INFO] IPUIPlugin:80 - create IPUIPlugin
2024-12-20 11:52:44,716 [INFO] IPUIPlugin:80 - create IPUIPlugin
2024-12-20 11:52:44,716 [INFO] IPUIPlugin:80 - create IPUIPlugin
2024-12-20 11:52:44,716 [INFO] IPUIPlugin:80 - create IPUIPlugin
2024-12-20 11:52:44,717 [INFO] IPUIPlugin:80 - create IPUIPlugin
2024-12-20 11:52:44,717 [INFO] IPUIPlugin:80 - create IPUIPlugin
2024-12-20 11:52:44,771 [INFO] ApiDbMcu:507 - Load IP Config File for PDM2PCM
2024-12-20 11:52:44,900 [INFO] CADModel:165 - CPN selected for project levelSTM32F407VET6
2024-12-20 11:52:44,900 [INFO] CADModel:114 - Register for checkConnection events
2024-12-20 11:52:44,944 [INFO] OpenFileManager:328 - Restore cursor
2024-12-20 11:52:45,266 [INFO] UtilMem:75 - End SaveConfig() Used Memory: 654258176 Bytes (1073741824)
2024-12-20 11:52:45,322 [INFO] UtilMem:75 - End SaveConfig() Used Memory: 678910800 Bytes (1073741824)
2024-12-20 11:52:45,568 [INFO] BlockDiagram:2759 - set Specific Code input for plugin: RCC
2024-12-20 11:52:45,568 [INFO] BlockDiagram:2759 - set Specific Code input for plugin: NVIC
2024-12-20 11:52:45,569 [INFO] CodeGenerator:799 - code generatio: config db path: C:\ST\STM32CubeIDE_1.13.2\STM32CubeIDE\plugins\com.st.stm32cube.common.mx_6.9.2.202309101412\\db\
2024-12-20 11:52:45,696 [INFO] CodeEngine:255 - oldGeneratedFile, C:\Users\KkangJun\Desktop\Project\6_Axes_Manipulator\Program\6_Axes_Firmware\MXTmpFiles\license.tmp_save
2024-12-20 11:52:45,958 [INFO] CodeEngine:279 - Generated code: C:\Users\KkangJun\Desktop\Project\6_Axes_Manipulator\Program\6_Axes_Firmware\MXTmpFiles\license.tmp
2024-12-20 11:52:45,970 [INFO] CodeEngine:255 - oldGeneratedFile, C:\Users\KkangJun\Desktop\Project\6_Axes_Manipulator\Program\6_Axes_Firmware\Core\Src\stm32f4xx_it.c_save
2024-12-20 11:52:46,100 [INFO] CodeEngine:279 - Generated code: C:\Users\KkangJun\Desktop\Project\6_Axes_Manipulator\Program\6_Axes_Firmware\Core\Src\stm32f4xx_it.c
2024-12-20 11:52:46,106 [INFO] CodeEngine:255 - oldGeneratedFile, C:\Users\KkangJun\Desktop\Project\6_Axes_Manipulator\Program\6_Axes_Firmware\Core\Inc\stm32f4xx_it.h_save
2024-12-20 11:52:46,179 [INFO] CodeEngine:279 - Generated code: C:\Users\KkangJun\Desktop\Project\6_Axes_Manipulator\Program\6_Axes_Firmware\Core\Inc\stm32f4xx_it.h
2024-12-20 11:52:46,231 [INFO] CodeEngine:255 - oldGeneratedFile, C:\Users\KkangJun\Desktop\Project\6_Axes_Manipulator\Program\6_Axes_Firmware\Core\Src\stm32f4xx_hal_msp.c_save
2024-12-20 11:52:46,332 [INFO] CodeEngine:279 - Generated code: C:\Users\KkangJun\Desktop\Project\6_Axes_Manipulator\Program\6_Axes_Firmware\Core\Src\stm32f4xx_hal_msp.c
2024-12-20 11:52:46,337 [INFO] CodeEngine:255 - oldGeneratedFile, C:\Users\KkangJun\Desktop\Project\6_Axes_Manipulator\Program\6_Axes_Firmware\MXTmpFiles\system.tmp_save
2024-12-20 11:52:46,397 [INFO] CodeEngine:279 - Generated code: C:\Users\KkangJun\Desktop\Project\6_Axes_Manipulator\Program\6_Axes_Firmware\MXTmpFiles\system.tmp
2024-12-20 11:52:46,406 [INFO] CodeEngine:311 - oldGeneratedFile, C:\Users\KkangJun\Desktop\Project\6_Axes_Manipulator\Program\6_Axes_Firmware\Core\Inc\stm32f4xx_hal_conf.h_save
2024-12-20 11:52:46,468 [INFO] CodeEngine:335 - Generated code: C:\Users\KkangJun\Desktop\Project\6_Axes_Manipulator\Program\6_Axes_Firmware\Core\Inc\stm32f4xx_hal_conf.h
2024-12-20 11:52:46,506 [INFO] CodeEngine:255 - oldGeneratedFile, C:\Users\KkangJun\Desktop\Project\6_Axes_Manipulator\Program\6_Axes_Firmware\Core\Inc\main.h_save
2024-12-20 11:52:46,577 [INFO] CodeEngine:279 - Generated code: C:\Users\KkangJun\Desktop\Project\6_Axes_Manipulator\Program\6_Axes_Firmware\Core\Inc\main.h
2024-12-20 11:52:46,582 [INFO] CodeEngine:255 - oldGeneratedFile, C:\Users\KkangJun\Desktop\Project\6_Axes_Manipulator\Program\6_Axes_Firmware\Core\Src\main.c_save
2024-12-20 11:52:46,670 [INFO] CodeEngine:279 - Generated code: C:\Users\KkangJun\Desktop\Project\6_Axes_Manipulator\Program\6_Axes_Firmware\Core\Src\main.c
2024-12-20 11:52:47,085 [INFO] ProjectBuilder:3064 - Time for Copy HAL[1] : 142mS.
2024-12-20 11:52:47,090 [INFO] ProjectBuilder:4404 - Project Generator version: 4.1.0
2024-12-20 11:52:47,215 [INFO] ConfigFileManager:1457 - The Die is : DIE413
2024-12-20 11:52:47,222 [INFO] ApiDbMcu:507 - Load IP Config File for FATFS
2024-12-20 11:52:47,226 [INFO] ApiDbMcu:507 - Load IP Config File for FREERTOS
2024-12-20 11:52:47,230 [INFO] ApiDbMcu:507 - Load IP Config File for LIBJPEG
2024-12-20 11:52:47,234 [INFO] ApiDbMcu:507 - Load IP Config File for LWIP
2024-12-20 11:52:47,240 [INFO] ApiDbMcu:507 - Load IP Config File for MBEDTLS
2024-12-20 11:52:47,247 [INFO] ApiDbMcu:507 - Load IP Config File for USB_DEVICE
2024-12-20 11:52:47,251 [INFO] ApiDbMcu:507 - Load IP Config File for USB_HOST
2024-12-20 11:52:47,788 [INFO] LogOutputStream:77 - [STDOUT_REDIRECT] 
2024-12-20 11:52:49,673 [INFO] ProjectBuilder:4626 - Time for Generating toolchain IDE Files: 2582mS.
2024-12-20 11:52:49,674 [INFO] ProjectBuilder:2935 - Time for Copy CMSIS : 1mS.
2024-12-20 11:52:49,677 [INFO] ProjectBuilder:2935 - Time for Copy CMSIS : 0mS.
2024-12-20 11:52:50,533 [INFO] McuFinderGlobals:76 - Set McuFinderConnectedMode to true
2024-12-20 11:52:50,538 [INFO] ApiDb:448 - Save user favorites file C:\Users\KkangJun/.stm32cubeide/favorites.mcus.txt: 0 item(s)
2024-12-20 11:52:50,538 [INFO] ApiDb:452 - User favorites MCUs=[]
2024-12-20 11:54:25,899 [INFO] Gpio:273 - dependency for GPIO [RCC]
2024-12-20 11:54:37,321 [INFO] Pin:2113 - value.trim() 
2024-12-20 11:54:37,322 [INFO] Pin:2114 - Pin value PD12
2024-12-20 11:55:37,863 [INFO] Gpio:273 - dependency for GPIO [RCC]
2024-12-20 11:55:41,115 [WARN] IP:2114 - I2C_Coeff_DF not found: check if there is a RefParameter without a condition.
2024-12-20 11:55:41,115 [WARN] IP:2114 - Analog_Filter not found: check if there is a RefParameter without a condition.
2024-12-20 11:55:41,125 [WARN] IP:2114 - I2C_Coeff_DF not found: check if there is a RefParameter without a condition.
2024-12-20 11:55:41,125 [WARN] IP:2114 - Analog_Filter not found: check if there is a RefParameter without a condition.
2024-12-20 11:55:41,125 [WARN] IP:2114 - I2C_Coeff_DF not found: check if there is a RefParameter without a condition.
2024-12-20 11:55:41,125 [WARN] IP:2114 - Analog_Filter not found: check if there is a RefParameter without a condition.
2024-12-20 11:55:41,162 [WARN] IP:2114 - I2C_Coeff_DF not found: check if there is a RefParameter without a condition.
2024-12-20 11:55:41,162 [WARN] IP:2114 - Analog_Filter not found: check if there is a RefParameter without a condition.
2024-12-20 11:55:41,163 [WARN] IP:2114 - I2C_Coeff_DF not found: check if there is a RefParameter without a condition.
2024-12-20 11:55:41,163 [WARN] IP:2114 - Analog_Filter not found: check if there is a RefParameter without a condition.
2024-12-20 11:55:55,678 [WARN] IP:2114 - I2C_Coeff_DF not found: check if there is a RefParameter without a condition.
2024-12-20 11:55:55,678 [WARN] IP:2114 - Analog_Filter not found: check if there is a RefParameter without a condition.
2024-12-20 11:55:55,686 [WARN] IP:2114 - I2C_Coeff_DF not found: check if there is a RefParameter without a condition.
2024-12-20 11:55:55,686 [WARN] IP:2114 - Analog_Filter not found: check if there is a RefParameter without a condition.
2024-12-20 11:55:55,686 [WARN] IP:2114 - I2C_Coeff_DF not found: check if there is a RefParameter without a condition.
2024-12-20 11:55:55,686 [WARN] IP:2114 - Analog_Filter not found: check if there is a RefParameter without a condition.
2024-12-20 11:55:55,708 [WARN] IP:2114 - I2C_Coeff_DF not found: check if there is a RefParameter without a condition.
2024-12-20 11:55:55,708 [WARN] IP:2114 - Analog_Filter not found: check if there is a RefParameter without a condition.
2024-12-20 11:55:55,709 [WARN] IP:2114 - I2C_Coeff_DF not found: check if there is a RefParameter without a condition.
2024-12-20 11:55:55,709 [WARN] IP:2114 - Analog_Filter not found: check if there is a RefParameter without a condition.
2024-12-20 11:56:12,975 [WARN] IP:2114 - I2C_Coeff_DF not found: check if there is a RefParameter without a condition.
2024-12-20 11:56:12,977 [WARN] IP:2114 - Analog_Filter not found: check if there is a RefParameter without a condition.
2024-12-20 11:56:12,987 [WARN] IP:2114 - I2C_Coeff_DF not found: check if there is a RefParameter without a condition.
2024-12-20 11:56:12,988 [WARN] IP:2114 - Analog_Filter not found: check if there is a RefParameter without a condition.
2024-12-20 11:56:12,988 [WARN] IP:2114 - I2C_Coeff_DF not found: check if there is a RefParameter without a condition.
2024-12-20 11:56:12,988 [WARN] IP:2114 - Analog_Filter not found: check if there is a RefParameter without a condition.
2024-12-20 11:56:13,014 [WARN] IP:2114 - I2C_Coeff_DF not found: check if there is a RefParameter without a condition.
2024-12-20 11:56:13,014 [WARN] IP:2114 - Analog_Filter not found: check if there is a RefParameter without a condition.
2024-12-20 11:56:13,015 [WARN] IP:2114 - I2C_Coeff_DF not found: check if there is a RefParameter without a condition.
2024-12-20 11:56:13,015 [WARN] IP:2114 - Analog_Filter not found: check if there is a RefParameter without a condition.
2024-12-20 12:06:13,763 [WARN] IP:2114 - I2C_Coeff_DF not found: check if there is a RefParameter without a condition.
2024-12-20 12:06:13,765 [WARN] IP:2114 - Analog_Filter not found: check if there is a RefParameter without a condition.
2024-12-20 12:06:13,765 [WARN] IP:2114 - I2C_Coeff_DF not found: check if there is a RefParameter without a condition.
2024-12-20 12:06:13,765 [WARN] IP:2114 - Analog_Filter not found: check if there is a RefParameter without a condition.
2024-12-20 12:06:13,802 [WARN] IP:2114 - I2C_Coeff_DF not found: check if there is a RefParameter without a condition.
2024-12-20 12:06:13,802 [WARN] IP:2114 - Analog_Filter not found: check if there is a RefParameter without a condition.
2024-12-20 12:07:20,281 [WARN] IP:2114 - I2C_Coeff_DF not found: check if there is a RefParameter without a condition.
2024-12-20 12:07:20,281 [WARN] IP:2114 - Analog_Filter not found: check if there is a RefParameter without a condition.
2024-12-20 12:07:20,308 [WARN] IP:2114 - I2C_Coeff_DF not found: check if there is a RefParameter without a condition.
2024-12-20 12:07:20,308 [WARN] IP:2114 - Analog_Filter not found: check if there is a RefParameter without a condition.
2024-12-20 12:07:20,308 [WARN] IP:2114 - I2C_Coeff_DF not found: check if there is a RefParameter without a condition.
2024-12-20 12:07:20,308 [WARN] IP:2114 - Analog_Filter not found: check if there is a RefParameter without a condition.
2024-12-20 12:07:20,372 [WARN] IP:2114 - I2C_Coeff_DF not found: check if there is a RefParameter without a condition.
2024-12-20 12:07:20,372 [WARN] IP:2114 - Analog_Filter not found: check if there is a RefParameter without a condition.
2024-12-20 12:07:20,372 [WARN] IP:2114 - I2C_Coeff_DF not found: check if there is a RefParameter without a condition.
2024-12-20 12:07:20,372 [WARN] IP:2114 - Analog_Filter not found: check if there is a RefParameter without a condition.
2024-12-20 12:08:30,148 [INFO] Gpio:273 - dependency for GPIO [RCC]
2024-12-20 12:08:57,884 [INFO] Pin:2113 - value.trim() 
2024-12-20 12:08:57,884 [INFO] Pin:2114 - Pin value PB7
2024-12-20 12:09:32,676 [ERROR] LogOutputStream:75 - [STDERR_REDIRECT] Exception in thread "AWT-EventQueue-0" java.lang.NullPointerException: Cannot read field "x" because "d" is null
2024-12-20 12:09:32,678 [ERROR] LogOutputStream:75 - [STDERR_REDIRECT] 	at java.desktop/javax.swing.text.JTextComponent.setInputMethodCaretPosition(JTextComponent.java:4997)
2024-12-20 12:09:32,679 [ERROR] LogOutputStream:75 - [STDERR_REDIRECT] 	at java.desktop/javax.swing.text.JTextComponent.processInputMethodEvent(JTextComponent.java:4586)
2024-12-20 12:09:32,679 [ERROR] LogOutputStream:75 - [STDERR_REDIRECT] 	at java.desktop/java.awt.Component.processEvent(Component.java:6408)
2024-12-20 12:09:32,680 [ERROR] LogOutputStream:75 - [STDERR_REDIRECT] 	at java.desktop/java.awt.Container.processEvent(Container.java:2266)
2024-12-20 12:09:32,680 [ERROR] LogOutputStream:75 - [STDERR_REDIRECT] 	at java.desktop/java.awt.Component.dispatchEventImpl(Component.java:5001)
2024-12-20 12:09:32,681 [ERROR] LogOutputStream:75 - [STDERR_REDIRECT] 	at java.desktop/java.awt.Container.dispatchEventImpl(Container.java:2324)
2024-12-20 12:09:32,681 [ERROR] LogOutputStream:75 - [STDERR_REDIRECT] 	at java.desktop/java.awt.Component.dispatchEvent(Component.java:4833)
2024-12-20 12:09:32,682 [ERROR] LogOutputStream:75 - [STDERR_REDIRECT] 	at java.desktop/java.awt.EventQueue.dispatchEventImpl(EventQueue.java:773)
2024-12-20 12:09:32,682 [ERROR] LogOutputStream:75 - [STDERR_REDIRECT] 	at java.desktop/java.awt.EventQueue$4.run(EventQueue.java:722)
2024-12-20 12:09:32,683 [ERROR] LogOutputStream:75 - [STDERR_REDIRECT] 	at java.desktop/java.awt.EventQueue$4.run(EventQueue.java:716)
2024-12-20 12:09:32,683 [ERROR] LogOutputStream:75 - [STDERR_REDIRECT] 	at java.base/java.security.AccessController.doPrivileged(AccessController.java:399)
2024-12-20 12:09:32,684 [ERROR] LogOutputStream:75 - [STDERR_REDIRECT] 	at java.base/java.security.ProtectionDomain$JavaSecurityAccessImpl.doIntersectionPrivilege(ProtectionDomain.java:86)
2024-12-20 12:09:32,685 [ERROR] LogOutputStream:75 - [STDERR_REDIRECT] 	at java.base/java.security.ProtectionDomain$JavaSecurityAccessImpl.doIntersectionPrivilege(ProtectionDomain.java:97)
2024-12-20 12:09:32,685 [ERROR] LogOutputStream:75 - [STDERR_REDIRECT] 	at java.desktop/java.awt.EventQueue$5.run(EventQueue.java:746)
2024-12-20 12:09:32,686 [ERROR] LogOutputStream:75 - [STDERR_REDIRECT] 	at java.desktop/java.awt.EventQueue$5.run(EventQueue.java:744)
2024-12-20 12:09:32,686 [ERROR] LogOutputStream:75 - [STDERR_REDIRECT] 	at java.base/java.security.AccessController.doPrivileged(AccessController.java:399)
2024-12-20 12:09:32,687 [ERROR] LogOutputStream:75 - [STDERR_REDIRECT] 	at java.base/java.security.ProtectionDomain$JavaSecurityAccessImpl.doIntersectionPrivilege(ProtectionDomain.java:86)
2024-12-20 12:09:32,687 [ERROR] LogOutputStream:75 - [STDERR_REDIRECT] 	at java.desktop/java.awt.EventQueue.dispatchEvent(EventQueue.java:743)
2024-12-20 12:09:32,688 [ERROR] LogOutputStream:75 - [STDERR_REDIRECT] 	at java.desktop/java.awt.EventDispatchThread.pumpOneEventForFilters(EventDispatchThread.java:203)
2024-12-20 12:09:32,689 [ERROR] LogOutputStream:75 - [STDERR_REDIRECT] 	at java.desktop/java.awt.EventDispatchThread.pumpEventsForFilter(EventDispatchThread.java:124)
2024-12-20 12:09:32,690 [ERROR] LogOutputStream:75 - [STDERR_REDIRECT] 	at java.desktop/java.awt.EventDispatchThread.pumpEventsForHierarchy(EventDispatchThread.java:113)
2024-12-20 12:09:32,690 [ERROR] LogOutputStream:75 - [STDERR_REDIRECT] 	at java.desktop/java.awt.EventDispatchThread.pumpEvents(EventDispatchThread.java:109)
2024-12-20 12:09:32,691 [ERROR] LogOutputStream:75 - [STDERR_REDIRECT] 	at java.desktop/java.awt.EventDispatchThread.pumpEvents(EventDispatchThread.java:101)
2024-12-20 12:09:32,692 [ERROR] LogOutputStream:75 - [STDERR_REDIRECT] 	at java.desktop/java.awt.EventDispatchThread.run(EventDispatchThread.java:90)
2024-12-20 12:09:58,462 [INFO] Pin:2113 - value.trim() 
2024-12-20 12:09:58,462 [INFO] Pin:2114 - Pin value PB8
2024-12-20 12:38:42,391 [INFO] Gpio:273 - dependency for GPIO [RCC, USART1, USART2]
2024-12-20 12:40:17,733 [INFO] Gpio:273 - dependency for GPIO [RCC, USART1, USART2]
2024-12-20 12:42:14,082 [INFO] Can:71 - Can Add PropertyChangeListener com.st.microxplorer.plugins.ip.can.Can@52f9540c
2024-12-20 12:42:14,107 [INFO] NvicIntPanel:101 - NVIC parent = com.st.microxplorer.plugins.ip.nvic.MultiNvicIntPanel[,0,0,0x0,invalid,layout=javax.swing.BoxLayout,alignmentX=0.0,alignmentY=0.0,border=,flags=9,maximumSize=,minimumSize=,preferredSize=]
2024-12-20 12:42:19,762 [INFO] Can:71 - Can Add PropertyChangeListener com.st.microxplorer.plugins.ip.can.Can@4f9b1310
2024-12-20 12:42:19,784 [INFO] NvicIntPanel:101 - NVIC parent = com.st.microxplorer.plugins.ip.nvic.MultiNvicIntPanel[,0,0,0x0,invalid,layout=javax.swing.BoxLayout,alignmentX=0.0,alignmentY=0.0,border=,flags=9,maximumSize=,minimumSize=,preferredSize=]
2024-12-20 12:42:21,484 [INFO] NvicIntPanel:101 - NVIC parent = com.st.microxplorer.plugins.ip.nvic.MultiNvicIntPanel[,0,0,0x0,invalid,layout=javax.swing.BoxLayout,alignmentX=0.0,alignmentY=0.0,border=,flags=9,maximumSize=,minimumSize=,preferredSize=]
2024-12-20 12:42:21,529 [INFO] NvicIntPanel:101 - NVIC parent = com.st.microxplorer.plugins.ip.nvic.MultiNvicIntPanel[,0,0,0x0,invalid,layout=javax.swing.BoxLayout,alignmentX=0.0,alignmentY=0.0,border=,flags=9,maximumSize=,minimumSize=,preferredSize=]
2024-12-20 12:43:21,442 [INFO] UtilMem:75 - End SaveConfig() Used Memory: 816704272 Bytes (1073741824)
2024-12-20 12:43:23,197 [INFO] UtilMem:75 - End SaveConfig() Used Memory: 685577640 Bytes (1073741824)
2024-12-20 12:43:27,049 [INFO] UtilMem:75 - End SaveConfig() Used Memory: 881137064 Bytes (1073741824)
2024-12-20 12:43:27,228 [INFO] BlockDiagram:2759 - set Specific Code input for plugin: CAN
2024-12-20 12:43:27,229 [INFO] BlockDiagram:2759 - set Specific Code input for plugin: RCC
2024-12-20 12:43:27,229 [INFO] BlockDiagram:2759 - set Specific Code input for plugin: NVIC
2024-12-20 12:43:27,229 [INFO] BlockDiagram:2759 - set Specific Code input for plugin: USART
2024-12-20 12:43:27,229 [INFO] BlockDiagram:2759 - set Specific Code input for plugin: USART
2024-12-20 12:43:27,229 [INFO] BlockDiagram:2759 - set Specific Code input for plugin: GPIO
2024-12-20 12:43:27,229 [INFO] CodeGenerator:799 - code generatio: config db path: C:\ST\STM32CubeIDE_1.13.2\STM32CubeIDE\plugins\com.st.stm32cube.common.mx_6.9.2.202309101412\\db\
2024-12-20 12:43:27,313 [INFO] CodeEngine:255 - oldGeneratedFile, C:\Users\KkangJun\Desktop\Project\6_Axes_Manipulator\Program\6_Axes_Firmware\MXTmpFiles\license.tmp_save
2024-12-20 12:43:27,378 [INFO] CodeEngine:279 - Generated code: C:\Users\KkangJun\Desktop\Project\6_Axes_Manipulator\Program\6_Axes_Firmware\MXTmpFiles\license.tmp
2024-12-20 12:43:27,406 [INFO] CodeEngine:255 - oldGeneratedFile, C:\Users\KkangJun\Desktop\Project\6_Axes_Manipulator\Program\6_Axes_Firmware\MXTmpFiles\gpio.tmp_save
2024-12-20 12:43:27,464 [INFO] CodeEngine:279 - Generated code: C:\Users\KkangJun\Desktop\Project\6_Axes_Manipulator\Program\6_Axes_Firmware\MXTmpFiles\gpio.tmp
2024-12-20 12:43:27,529 [INFO] CodeEngine:255 - oldGeneratedFile, C:\Users\KkangJun\Desktop\Project\6_Axes_Manipulator\Program\6_Axes_Firmware\Core\Src\stm32f4xx_it.c_save
2024-12-20 12:43:27,682 [INFO] CodeEngine:279 - Generated code: C:\Users\KkangJun\Desktop\Project\6_Axes_Manipulator\Program\6_Axes_Firmware\Core\Src\stm32f4xx_it.c
2024-12-20 12:43:27,689 [INFO] CodeEngine:255 - oldGeneratedFile, C:\Users\KkangJun\Desktop\Project\6_Axes_Manipulator\Program\6_Axes_Firmware\Core\Inc\stm32f4xx_it.h_save
2024-12-20 12:43:27,742 [INFO] CodeEngine:279 - Generated code: C:\Users\KkangJun\Desktop\Project\6_Axes_Manipulator\Program\6_Axes_Firmware\Core\Inc\stm32f4xx_it.h
2024-12-20 12:43:27,759 [INFO] CodeEngine:255 - oldGeneratedFile, C:\Users\KkangJun\Desktop\Project\6_Axes_Manipulator\Program\6_Axes_Firmware\Core\Src\stm32f4xx_hal_msp.c_save
2024-12-20 12:43:27,849 [INFO] CodeEngine:279 - Generated code: C:\Users\KkangJun\Desktop\Project\6_Axes_Manipulator\Program\6_Axes_Firmware\Core\Src\stm32f4xx_hal_msp.c
2024-12-20 12:43:27,853 [INFO] CodeEngine:255 - oldGeneratedFile, C:\Users\KkangJun\Desktop\Project\6_Axes_Manipulator\Program\6_Axes_Firmware\MXTmpFiles\system.tmp_save
2024-12-20 12:43:27,905 [INFO] CodeEngine:279 - Generated code: C:\Users\KkangJun\Desktop\Project\6_Axes_Manipulator\Program\6_Axes_Firmware\MXTmpFiles\system.tmp
2024-12-20 12:43:27,914 [INFO] CodeEngine:311 - oldGeneratedFile, C:\Users\KkangJun\Desktop\Project\6_Axes_Manipulator\Program\6_Axes_Firmware\Core\Inc\stm32f4xx_hal_conf.h_save
2024-12-20 12:43:27,965 [INFO] CodeEngine:335 - Generated code: C:\Users\KkangJun\Desktop\Project\6_Axes_Manipulator\Program\6_Axes_Firmware\Core\Inc\stm32f4xx_hal_conf.h
2024-12-20 12:43:27,990 [INFO] CodeEngine:255 - oldGeneratedFile, C:\Users\KkangJun\Desktop\Project\6_Axes_Manipulator\Program\6_Axes_Firmware\Core\Inc\main.h_save
2024-12-20 12:43:28,048 [INFO] CodeEngine:279 - Generated code: C:\Users\KkangJun\Desktop\Project\6_Axes_Manipulator\Program\6_Axes_Firmware\Core\Inc\main.h
2024-12-20 12:43:28,054 [INFO] CodeEngine:255 - oldGeneratedFile, C:\Users\KkangJun\Desktop\Project\6_Axes_Manipulator\Program\6_Axes_Firmware\Core\Src\main.c_save
2024-12-20 12:43:28,126 [INFO] CodeEngine:279 - Generated code: C:\Users\KkangJun\Desktop\Project\6_Axes_Manipulator\Program\6_Axes_Firmware\Core\Src\main.c
2024-12-20 12:43:28,487 [INFO] ProjectBuilder:3064 - Time for Copy HAL[1] : 119mS.
2024-12-20 12:43:28,491 [INFO] ProjectBuilder:4404 - Project Generator version: 4.1.0
2024-12-20 12:43:28,617 [INFO] ConfigFileManager:1457 - The Die is : DIE413
2024-12-20 12:43:29,622 [INFO] ProjectBuilder:4626 - Time for Generating toolchain IDE Files: 1131mS.
2024-12-20 12:43:29,622 [INFO] ProjectBuilder:2935 - Time for Copy CMSIS : 0mS.
2024-12-20 12:43:29,624 [INFO] ProjectBuilder:2935 - Time for Copy CMSIS : 0mS.
2024-12-20 13:15:22,965 [INFO] CtxDoc:743 - title: TIM7; link: Reference manual 
2024-12-20 13:15:23,188 [INFO] ServerAccessManage:473 - Download File RM0090.pdf
2024-12-20 13:15:23,851 [INFO] LoadUrlFilesThread:156 - End of LoadUrlFiles Thread
2024-12-20 13:15:23,852 [INFO] CtxDocViewerPdf:144 - Open pdf file: C:/Users/KkangJun/STM32Cube/Repository/\RM0090.pdf in chapter: Basic timers (TIM6 and TIM7)
2024-12-20 13:15:24,221 [INFO] CtxDocViewerPdf:209 - item Basic timers (TIM6 and TIM7) is on page 699
2024-12-20 13:15:24,222 [INFO] CtxDocViewerPdf:239 - Opening file: C:/Users/KkangJun/STM32Cube/Repository/\RM0090.pdf at page: 699
2024-12-20 13:15:27,851 [ERROR] CtxDocViewerPdf:308 - Can't open file: C:/Users/KkangJun/STM32Cube/Repository/\RM0090.pdf
2024-12-20 13:20:59,967 [INFO] NvicIntPanel:101 - NVIC parent = com.st.microxplorer.plugins.ip.nvic.MultiNvicIntPanel[,0,0,0x0,invalid,layout=javax.swing.BoxLayout,alignmentX=0.0,alignmentY=0.0,border=,flags=9,maximumSize=,minimumSize=,preferredSize=]
2024-12-20 13:21:03,887 [INFO] NvicIntPanel:101 - NVIC parent = com.st.microxplorer.plugins.ip.nvic.MultiNvicIntPanel[,0,0,0x0,invalid,layout=javax.swing.BoxLayout,alignmentX=0.0,alignmentY=0.0,border=,flags=9,maximumSize=,minimumSize=,preferredSize=]
2024-12-20 13:21:18,760 [INFO] UtilMem:75 - End SaveConfig() Used Memory: 868549840 Bytes (1073741824)
2024-12-20 13:21:23,265 [INFO] UtilMem:75 - End SaveConfig() Used Memory: 725036160 Bytes (1073741824)
2024-12-20 13:21:25,665 [INFO] UtilMem:75 - End SaveConfig() Used Memory: 779035776 Bytes (1073741824)
2024-12-20 13:21:25,836 [INFO] BlockDiagram:2759 - set Specific Code input for plugin: TIM6_7
2024-12-20 13:21:25,836 [INFO] BlockDiagram:2759 - set Specific Code input for plugin: CAN
2024-12-20 13:21:25,836 [INFO] BlockDiagram:2759 - set Specific Code input for plugin: RCC
2024-12-20 13:21:25,836 [INFO] BlockDiagram:2759 - set Specific Code input for plugin: NVIC
2024-12-20 13:21:25,836 [INFO] BlockDiagram:2759 - set Specific Code input for plugin: USART
2024-12-20 13:21:25,836 [INFO] BlockDiagram:2759 - set Specific Code input for plugin: USART
2024-12-20 13:21:25,837 [INFO] BlockDiagram:2759 - set Specific Code input for plugin: GPIO
2024-12-20 13:21:25,838 [INFO] CodeGenerator:799 - code generatio: config db path: C:\ST\STM32CubeIDE_1.13.2\STM32CubeIDE\plugins\com.st.stm32cube.common.mx_6.9.2.202309101412\\db\
2024-12-20 13:21:25,913 [INFO] CodeEngine:255 - oldGeneratedFile, C:\Users\KkangJun\Desktop\Project\6_Axes_Manipulator\Program\6_Axes_Firmware\MXTmpFiles\license.tmp_save
2024-12-20 13:21:25,969 [INFO] CodeEngine:279 - Generated code: C:\Users\KkangJun\Desktop\Project\6_Axes_Manipulator\Program\6_Axes_Firmware\MXTmpFiles\license.tmp
2024-12-20 13:21:25,981 [INFO] CodeEngine:255 - oldGeneratedFile, C:\Users\KkangJun\Desktop\Project\6_Axes_Manipulator\Program\6_Axes_Firmware\MXTmpFiles\gpio.tmp_save
2024-12-20 13:21:26,048 [INFO] CodeEngine:279 - Generated code: C:\Users\KkangJun\Desktop\Project\6_Axes_Manipulator\Program\6_Axes_Firmware\MXTmpFiles\gpio.tmp
2024-12-20 13:21:26,130 [INFO] CodeEngine:255 - oldGeneratedFile, C:\Users\KkangJun\Desktop\Project\6_Axes_Manipulator\Program\6_Axes_Firmware\Core\Src\stm32f4xx_it.c_save
2024-12-20 13:21:26,224 [INFO] CodeEngine:279 - Generated code: C:\Users\KkangJun\Desktop\Project\6_Axes_Manipulator\Program\6_Axes_Firmware\Core\Src\stm32f4xx_it.c
2024-12-20 13:21:26,228 [INFO] CodeEngine:255 - oldGeneratedFile, C:\Users\KkangJun\Desktop\Project\6_Axes_Manipulator\Program\6_Axes_Firmware\Core\Inc\stm32f4xx_it.h_save
2024-12-20 13:21:26,269 [INFO] CodeEngine:279 - Generated code: C:\Users\KkangJun\Desktop\Project\6_Axes_Manipulator\Program\6_Axes_Firmware\Core\Inc\stm32f4xx_it.h
2024-12-20 13:21:26,282 [INFO] CodeEngine:255 - oldGeneratedFile, C:\Users\KkangJun\Desktop\Project\6_Axes_Manipulator\Program\6_Axes_Firmware\Core\Src\stm32f4xx_hal_msp.c_save
2024-12-20 13:21:26,354 [INFO] CodeEngine:279 - Generated code: C:\Users\KkangJun\Desktop\Project\6_Axes_Manipulator\Program\6_Axes_Firmware\Core\Src\stm32f4xx_hal_msp.c
2024-12-20 13:21:26,358 [INFO] CodeEngine:255 - oldGeneratedFile, C:\Users\KkangJun\Desktop\Project\6_Axes_Manipulator\Program\6_Axes_Firmware\MXTmpFiles\system.tmp_save
2024-12-20 13:21:26,392 [INFO] CodeEngine:279 - Generated code: C:\Users\KkangJun\Desktop\Project\6_Axes_Manipulator\Program\6_Axes_Firmware\MXTmpFiles\system.tmp
2024-12-20 13:21:26,397 [INFO] CodeEngine:311 - oldGeneratedFile, C:\Users\KkangJun\Desktop\Project\6_Axes_Manipulator\Program\6_Axes_Firmware\Core\Inc\stm32f4xx_hal_conf.h_save
2024-12-20 13:21:26,441 [INFO] CodeEngine:335 - Generated code: C:\Users\KkangJun\Desktop\Project\6_Axes_Manipulator\Program\6_Axes_Firmware\Core\Inc\stm32f4xx_hal_conf.h
2024-12-20 13:21:26,452 [WARN] IPConfigManager:3431 - IP not found : TIM
2024-12-20 13:21:26,452 [WARN] CodeGenerator:3764 - IP not found : null
2024-12-20 13:21:26,457 [INFO] CodeEngine:255 - oldGeneratedFile, C:\Users\KkangJun\Desktop\Project\6_Axes_Manipulator\Program\6_Axes_Firmware\Core\Inc\main.h_save
2024-12-20 13:21:26,502 [INFO] CodeEngine:279 - Generated code: C:\Users\KkangJun\Desktop\Project\6_Axes_Manipulator\Program\6_Axes_Firmware\Core\Inc\main.h
2024-12-20 13:21:26,507 [INFO] CodeEngine:255 - oldGeneratedFile, C:\Users\KkangJun\Desktop\Project\6_Axes_Manipulator\Program\6_Axes_Firmware\Core\Src\main.c_save
2024-12-20 13:21:26,569 [INFO] CodeEngine:279 - Generated code: C:\Users\KkangJun\Desktop\Project\6_Axes_Manipulator\Program\6_Axes_Firmware\Core\Src\main.c
2024-12-20 13:21:26,907 [INFO] ProjectBuilder:3064 - Time for Copy HAL[1] : 142mS.
2024-12-20 13:21:26,910 [INFO] ProjectBuilder:4404 - Project Generator version: 4.1.0
2024-12-20 13:21:27,041 [INFO] ConfigFileManager:1457 - The Die is : DIE413
2024-12-20 13:21:27,928 [INFO] ProjectBuilder:4626 - Time for Generating toolchain IDE Files: 1018mS.
2024-12-20 13:21:27,929 [INFO] ProjectBuilder:2935 - Time for Copy CMSIS : 0mS.
2024-12-20 13:21:27,930 [INFO] ProjectBuilder:2935 - Time for Copy CMSIS : 0mS.
2024-12-20 17:22:42,483 [ERROR] LogOutputStream:75 - [STDERR_REDIRECT] 
