2025-02-02 14:52:09,183 [INFO] Activator:176 - 


2025-02-02 14:52:09,187 [INFO] Activator:177 - !SESSION log4j initialized
2025-02-02 14:52:13,186 [INFO] LogOutputStream:77 - [STDOUT_REDIRECT] 
2025-02-02 14:52:20,265 [INFO] ApplicationProperties:184 - Using Application install path: C:\ST\STM32CubeIDE_1.13.2\STM32CubeIDE\plugins\com.st.stm32cube.common.mx_6.9.2.202309101412
2025-02-02 14:52:20,280 [INFO] DbMcusXml:78 - Set database path to: C:\ST\STM32CubeIDE_1.13.2\STM32CubeIDE\plugins\com.st.stm32cube.common.mx_6.9.2.202309101412\\db\/mcu/
2025-02-02 14:52:20,280 [INFO] ApiDb:274 - Set plugin database path to: C:\ST\STM32CubeIDE_1.13.2\STM32CubeIDE\plugins\com.st.stm32cube.common.mx_6.9.2.202309101412\\db\/plugins/boardmanager/
2025-02-02 14:52:20,280 [WARN] ApiDb:259 - Overriding images path with different value:  => C:\ST\STM32CubeIDE_1.13.2\STM32CubeIDE\plugins\com.st.stm32cube.common.mx_6.9.2.202309101412\\db\/plugins/mcufinder/images/
2025-02-02 14:52:20,294 [INFO] ApiDb:250 - Set database path to: C:\Users\KkangJun\.stmcufinder\plugins\mcufinder//mcu/
2025-02-02 14:52:20,295 [INFO] DbMcusAds:125 - Set database path to: C:\Users\KkangJun\.stmcufinder\plugins\mcufinder//mcu/
2025-02-02 14:52:20,297 [INFO] CrossReferenceDbSqlite:203 - Set database path to: C:\Users\KkangJun\.stmcufinder\plugins\mcufinder//mcu/cs/
2025-02-02 14:52:20,364 [INFO] RulesReader:64 - Compatibility file has been processed (293 Rules)
2025-02-02 14:52:20,419 [INFO] DbMcusXml:78 - Set database path to: C:\ST\STM32CubeIDE_1.13.2\STM32CubeIDE\plugins\com.st.stm32cube.common.mx_6.9.2.202309101412\\db\/mcu/
2025-02-02 14:52:20,419 [INFO] ApiDb:274 - Set plugin database path to: C:\ST\STM32CubeIDE_1.13.2\STM32CubeIDE\plugins\com.st.stm32cube.common.mx_6.9.2.202309101412\\db\/plugins/boardmanager/
2025-02-02 14:52:20,419 [INFO] ApiDb:261 - Set plugin images path to: C:\ST\STM32CubeIDE_1.13.2\STM32CubeIDE\plugins\com.st.stm32cube.common.mx_6.9.2.202309101412\\db\/plugins/mcufinder/images/
2025-02-02 14:52:20,419 [WARN] DbFile:41 - Overriding database path with different value: C:\Users\KkangJun\.stmcufinder\plugins\mcufinder/ => C:\Users\KkangJun\.stmcufinder\plugins\mcufinder
2025-02-02 14:52:20,419 [INFO] ApiDb:250 - Set database path to: C:\Users\KkangJun\.stmcufinder\plugins\mcufinder//mcu/
2025-02-02 14:52:20,420 [WARN] DbFile:41 - Overriding database path with different value: C:\Users\KkangJun\.stmcufinder\plugins\mcufinder/ => C:\Users\KkangJun\.stmcufinder\plugins\mcufinder
2025-02-02 14:52:20,420 [INFO] DbMcusAds:125 - Set database path to: C:\Users\KkangJun\.stmcufinder\plugins\mcufinder//mcu/
2025-02-02 14:52:20,420 [WARN] DbFile:41 - Overriding database path with different value: C:\Users\KkangJun\.stmcufinder\plugins\mcufinder/ => C:\Users\KkangJun\.stmcufinder\plugins\mcufinder
2025-02-02 14:52:20,420 [WARN] DbFile:41 - Overriding database path with different value: C:\Users\KkangJun\.stmcufinder\plugins\mcufinder/ => C:\Users\KkangJun\.stmcufinder\plugins\mcufinder
2025-02-02 14:52:20,420 [INFO] CrossReferenceDbSqlite:203 - Set database path to: C:\Users\KkangJun\.stmcufinder\plugins\mcufinder//mcu/cs/
2025-02-02 14:52:20,485 [INFO] MainPanel:262 - HeapMemory: 268435456
2025-02-02 14:52:20,571 [INFO] DbMcusXml:78 - Set database path to: C:\ST\STM32CubeIDE_1.13.2\STM32CubeIDE\plugins\com.st.stm32cube.common.mx_6.9.2.202309101412\\db\/mcu/
2025-02-02 14:52:20,571 [INFO] ApiDb:274 - Set plugin database path to: C:\ST\STM32CubeIDE_1.13.2\STM32CubeIDE\plugins\com.st.stm32cube.common.mx_6.9.2.202309101412\\db\/plugins/boardmanager/
2025-02-02 14:52:20,572 [INFO] ApiDb:261 - Set plugin images path to: C:\ST\STM32CubeIDE_1.13.2\STM32CubeIDE\plugins\com.st.stm32cube.common.mx_6.9.2.202309101412\\db\/plugins/mcufinder/images/
2025-02-02 14:52:20,572 [WARN] DbFile:41 - Overriding database path with different value: C:\Users\KkangJun\.stmcufinder\plugins\mcufinder/ => C:\Users\KkangJun\.stmcufinder\plugins\mcufinder
2025-02-02 14:52:20,572 [INFO] ApiDb:250 - Set database path to: C:\Users\KkangJun\.stmcufinder\plugins\mcufinder//mcu/
2025-02-02 14:52:20,573 [WARN] DbFile:41 - Overriding database path with different value: C:\Users\KkangJun\.stmcufinder\plugins\mcufinder/ => C:\Users\KkangJun\.stmcufinder\plugins\mcufinder
2025-02-02 14:52:20,573 [INFO] DbMcusAds:125 - Set database path to: C:\Users\KkangJun\.stmcufinder\plugins\mcufinder//mcu/
2025-02-02 14:52:20,573 [WARN] DbFile:41 - Overriding database path with different value: C:\Users\KkangJun\.stmcufinder\plugins\mcufinder/ => C:\Users\KkangJun\.stmcufinder\plugins\mcufinder
2025-02-02 14:52:20,573 [WARN] DbFile:41 - Overriding database path with different value: C:\Users\KkangJun\.stmcufinder\plugins\mcufinder/ => C:\Users\KkangJun\.stmcufinder\plugins\mcufinder
2025-02-02 14:52:20,573 [INFO] CrossReferenceDbSqlite:203 - Set database path to: C:\Users\KkangJun\.stmcufinder\plugins\mcufinder//mcu/cs/
2025-02-02 14:52:20,587 [INFO] ApplicationProperties:184 - Using Application install path: C:\ST\STM32CubeIDE_1.13.2\STM32CubeIDE\plugins\com.st.stm32cube.common.mx_6.9.2.202309101412
2025-02-02 14:52:20,588 [INFO] PluginManage:196 - Search for loadable plugins [exclusion list=, ]
2025-02-02 14:52:20,589 [INFO] PluginManage:310 - Check plugin analytics
2025-02-02 14:52:25,612 [INFO] AnalyticsPlugin:253 - Accepted Software Licenses: STM32CubeMX.6.12.0
2025-02-02 14:52:25,612 [INFO] AnalyticsPlugin:255 - Accepted CMSIS Pack Licenses: 
2025-02-02 14:52:25,613 [INFO] AnalyticsPlugin:257 - Accepted Firmware Licenses: FW.F4.1.27.0,FW.F4.1.28.0
2025-02-02 14:52:25,614 [INFO] PluginManage:359 - Loaded plugin analytics (category:tool,tabindex:-1)
2025-02-02 14:52:25,614 [INFO] PluginManage:310 - Check plugin cadmodel
2025-02-02 14:52:25,619 [INFO] CADModel:105 - Init CAD model plugin
2025-02-02 14:52:25,619 [INFO] PluginManage:359 - Loaded plugin cadmodel (category:power,tabindex:5)
2025-02-02 14:52:25,620 [INFO] PluginManage:310 - Check plugin clock
2025-02-02 14:52:25,627 [INFO] PluginManage:359 - Loaded plugin clock (category:base,tabindex:2)
2025-02-02 14:52:25,627 [INFO] PluginManage:310 - Check plugin ddr
2025-02-02 14:52:25,629 [INFO] PluginManage:359 - Loaded plugin ddr (category:tool,tabindex:6)
2025-02-02 14:52:25,629 [INFO] PluginManage:310 - Check plugin filemanager
2025-02-02 14:52:25,717 [INFO] PluginManage:359 - Loaded plugin filemanager (category:base,tabindex:10)
2025-02-02 14:52:25,717 [INFO] PluginManage:310 - Check plugin ipmanager
2025-02-02 14:52:25,723 [INFO] PluginManage:359 - Loaded plugin ipmanager (category:base,tabindex:5)
2025-02-02 14:52:25,723 [INFO] PluginManage:310 - Check plugin lpbam
2025-02-02 14:52:25,729 [INFO] PluginManage:359 - Loaded plugin lpbam (category:base,tabindex:0)
2025-02-02 14:52:25,729 [INFO] PluginManage:310 - Check plugin memorymap
2025-02-02 14:52:25,740 [INFO] PluginManage:359 - Loaded plugin memorymap (category:base,tabindex:4)
2025-02-02 14:52:25,740 [INFO] PluginManage:310 - Check plugin pinoutandconfiguration
2025-02-02 14:52:25,746 [INFO] PluginManage:359 - Loaded plugin pinoutandconfiguration (category:base,tabindex:1)
2025-02-02 14:52:25,746 [INFO] PluginManage:310 - Check plugin pinoutconfig
2025-02-02 14:52:25,804 [WARN] SupportedApi:132 - Cannot load RTOS API schema: s4s-elt-must-match.1: The content of 'definitions' must match (annotation?, (simpleType | complexType)?, (unique | key | keyref)*)). A problem was found starting at: attribute.
2025-02-02 14:52:25,898 [INFO] PluginManage:359 - Loaded plugin pinoutconfig (category:base,tabindex:0)
2025-02-02 14:52:25,899 [INFO] PluginManage:310 - Check plugin power
2025-02-02 14:52:25,909 [INFO] PluginManage:359 - Loaded plugin power (category:power,tabindex:4)
2025-02-02 14:52:25,909 [INFO] PluginManage:310 - Check plugin projectmanager
2025-02-02 14:52:25,918 [INFO] PluginManage:359 - Loaded plugin projectmanager (category:projectmanager,tabindex:3)
2025-02-02 14:52:25,918 [INFO] PluginManage:310 - Check plugin thirdparty
2025-02-02 14:52:26,017 [INFO] PluginManage:359 - Loaded plugin thirdparty (category:base,tabindex:-1)
2025-02-02 14:52:26,017 [INFO] PluginManage:310 - Check plugin tools
2025-02-02 14:52:26,017 [WARN] IntegrityCheckThread:84 - waiting for thirdparty lock release [integrity check]
2025-02-02 14:52:26,018 [INFO] IntegrityCheckThread:86 - entering critical section [integrity check]
2025-02-02 14:52:26,018 [INFO] ThirdPartyUpdaterWithRetryManager:70 - Updater plugin not ready yet. [1/15]
2025-02-02 14:52:26,019 [INFO] PluginManage:359 - Loaded plugin tools (category:base,tabindex:7)
2025-02-02 14:52:26,019 [INFO] PluginManage:310 - Check plugin tutovideos
2025-02-02 14:52:26,150 [INFO] PluginManage:359 - Loaded plugin tutovideos (category:base,tabindex:-1)
2025-02-02 14:52:26,151 [INFO] PluginManage:310 - Check plugin updater
2025-02-02 14:52:26,160 [INFO] PluginManage:359 - Loaded plugin updater (category:base,tabindex:12)
2025-02-02 14:52:26,160 [INFO] PluginManage:310 - Check plugin userauth
2025-02-02 14:52:26,164 [INFO] UserAuth:113 - Init User Auth plugin
2025-02-02 14:52:26,164 [INFO] PluginManage:359 - Loaded plugin userauth (category:base,tabindex:14)
2025-02-02 14:52:26,164 [INFO] PluginManage:283 - PluginManage : Loaded plugins [17]
2025-02-02 14:52:26,320 [INFO] PinOutPanel:1499 - setPackage(No Configuration,No Configuration)
2025-02-02 14:52:26,397 [INFO] CADModel:165 - CPN selected for project level
2025-02-02 14:52:26,397 [INFO] CADModel:114 - Register for checkConnection events
2025-02-02 14:52:26,411 [INFO] IPUIPlugin:80 - create IPUIPlugin
2025-02-02 14:52:26,412 [INFO] PluginManager:220 - loadIPPluginJar : add adc
2025-02-02 14:52:26,413 [INFO] IPUIPlugin:80 - create IPUIPlugin
2025-02-02 14:52:26,414 [INFO] PluginManager:220 - loadIPPluginJar : add aes
2025-02-02 14:52:26,415 [INFO] IPUIPlugin:80 - create IPUIPlugin
2025-02-02 14:52:26,416 [INFO] PluginManager:220 - loadIPPluginJar : add can
2025-02-02 14:52:26,417 [INFO] IPUIPlugin:80 - create IPUIPlugin
2025-02-02 14:52:26,417 [INFO] PluginManager:220 - loadIPPluginJar : add comp
2025-02-02 14:52:26,419 [INFO] IPUIPlugin:80 - create IPUIPlugin
2025-02-02 14:52:26,419 [INFO] PluginManager:220 - loadIPPluginJar : add cryp
2025-02-02 14:52:26,421 [INFO] IPUIPlugin:80 - create IPUIPlugin
2025-02-02 14:52:26,421 [INFO] PluginManager:220 - loadIPPluginJar : add dfsdm
2025-02-02 14:52:26,425 [INFO] IPUIPlugin:80 - create IPUIPlugin
2025-02-02 14:52:26,425 [INFO] PluginManager:220 - loadIPPluginJar : add dma
2025-02-02 14:52:26,428 [INFO] IPUIPlugin:80 - create IPUIPlugin
2025-02-02 14:52:26,428 [INFO] PluginManager:220 - loadIPPluginJar : add dma3
2025-02-02 14:52:26,429 [INFO] IPUIPlugin:80 - create IPUIPlugin
2025-02-02 14:52:26,429 [INFO] PluginManager:220 - loadIPPluginJar : add fatfs
2025-02-02 14:52:26,432 [INFO] IPUIPlugin:80 - create IPUIPlugin
2025-02-02 14:52:26,432 [INFO] PluginManager:220 - loadIPPluginJar : add fmc
2025-02-02 14:52:26,437 [INFO] IPUIPlugin:80 - create IPUIPlugin
2025-02-02 14:52:26,437 [INFO] PluginManager:220 - loadIPPluginJar : add freertos
2025-02-02 14:52:26,439 [INFO] IPUIPlugin:80 - create IPUIPlugin
2025-02-02 14:52:26,439 [INFO] PluginManager:220 - loadIPPluginJar : add genericplugin
2025-02-02 14:52:26,441 [INFO] IPUIPlugin:80 - create IPUIPlugin
2025-02-02 14:52:26,441 [INFO] PluginManager:220 - loadIPPluginJar : add gfxmmu
2025-02-02 14:52:26,444 [INFO] IPUIPlugin:80 - create IPUIPlugin
2025-02-02 14:52:26,444 [INFO] PluginManager:220 - loadIPPluginJar : add gic
2025-02-02 14:52:26,448 [INFO] IPUIPlugin:80 - create IPUIPlugin
2025-02-02 14:52:26,448 [INFO] PluginManager:220 - loadIPPluginJar : add gpio
2025-02-02 14:52:26,450 [INFO] IPUIPlugin:80 - create IPUIPlugin
2025-02-02 14:52:26,450 [INFO] PluginManager:220 - loadIPPluginJar : add gtzc
2025-02-02 14:52:26,452 [INFO] IPUIPlugin:80 - create IPUIPlugin
2025-02-02 14:52:26,452 [INFO] PluginManager:220 - loadIPPluginJar : add hash
2025-02-02 14:52:26,455 [INFO] IPUIPlugin:80 - create IPUIPlugin
2025-02-02 14:52:26,455 [INFO] PluginManager:220 - loadIPPluginJar : add i2c
2025-02-02 14:52:26,457 [INFO] IPUIPlugin:80 - create IPUIPlugin
2025-02-02 14:52:26,457 [INFO] PluginManager:220 - loadIPPluginJar : add i2s
2025-02-02 14:52:26,460 [INFO] IPUIPlugin:80 - create IPUIPlugin
2025-02-02 14:52:26,460 [INFO] PluginManager:220 - loadIPPluginJar : add i3c
2025-02-02 14:52:26,462 [INFO] IPUIPlugin:80 - create IPUIPlugin
2025-02-02 14:52:26,462 [INFO] PluginManager:220 - loadIPPluginJar : add ipddr
2025-02-02 14:52:26,468 [INFO] IPUIPlugin:80 - create IPUIPlugin
2025-02-02 14:52:26,468 [INFO] PluginManager:220 - loadIPPluginJar : add linkedlist
2025-02-02 14:52:26,471 [INFO] IPUIPlugin:80 - create IPUIPlugin
2025-02-02 14:52:26,471 [INFO] PluginManager:220 - loadIPPluginJar : add lorawan
2025-02-02 14:52:26,472 [INFO] IPUIPlugin:80 - create IPUIPlugin
2025-02-02 14:52:26,472 [INFO] PluginManager:220 - loadIPPluginJar : add ltdc
2025-02-02 14:52:26,477 [INFO] IPUIPlugin:80 - create IPUIPlugin
2025-02-02 14:52:26,477 [INFO] PluginManager:220 - loadIPPluginJar : add mdma
2025-02-02 14:52:26,480 [INFO] IPUIPlugin:80 - create IPUIPlugin
2025-02-02 14:52:26,480 [INFO] PluginManager:220 - loadIPPluginJar : add nvic
2025-02-02 14:52:26,482 [INFO] IPUIPlugin:80 - create IPUIPlugin
2025-02-02 14:52:26,482 [INFO] PluginManager:220 - loadIPPluginJar : add opamp
2025-02-02 14:52:26,485 [INFO] IPUIPlugin:80 - create IPUIPlugin
2025-02-02 14:52:26,485 [INFO] PluginManager:220 - loadIPPluginJar : add openamp
2025-02-02 14:52:26,488 [INFO] IPUIPlugin:80 - create IPUIPlugin
2025-02-02 14:52:26,488 [INFO] PluginManager:220 - loadIPPluginJar : add pdm2pcm
2025-02-02 14:52:26,493 [INFO] IPUIPlugin:80 - create IPUIPlugin
2025-02-02 14:52:26,494 [INFO] PluginManager:220 - loadIPPluginJar : add plateformsettings
2025-02-02 14:52:26,495 [INFO] IPUIPlugin:80 - create IPUIPlugin
2025-02-02 14:52:26,496 [INFO] PluginManager:220 - loadIPPluginJar : add quadspi
2025-02-02 14:52:26,499 [INFO] IPUIPlugin:80 - create IPUIPlugin
2025-02-02 14:52:26,499 [INFO] PluginManager:220 - loadIPPluginJar : add resmgrutility
2025-02-02 14:52:26,501 [INFO] IPUIPlugin:80 - create IPUIPlugin
2025-02-02 14:52:26,501 [INFO] PluginManager:220 - loadIPPluginJar : add sai
2025-02-02 14:52:26,503 [INFO] IPUIPlugin:80 - create IPUIPlugin
2025-02-02 14:52:26,503 [INFO] PluginManager:220 - loadIPPluginJar : add spi
2025-02-02 14:52:26,506 [INFO] IPUIPlugin:80 - create IPUIPlugin
2025-02-02 14:52:26,506 [INFO] PluginManager:220 - loadIPPluginJar : add stm32_wpan
2025-02-02 14:52:26,508 [INFO] IPUIPlugin:80 - create IPUIPlugin
2025-02-02 14:52:26,508 [INFO] PluginManager:220 - loadIPPluginJar : add tim
2025-02-02 14:52:26,510 [INFO] IPUIPlugin:80 - create IPUIPlugin
2025-02-02 14:52:26,510 [INFO] PluginManager:220 - loadIPPluginJar : add touchsensing
2025-02-02 14:52:26,511 [INFO] IPUIPlugin:80 - create IPUIPlugin
2025-02-02 14:52:26,511 [INFO] PluginManager:220 - loadIPPluginJar : add tracer_emb
2025-02-02 14:52:26,512 [INFO] IPUIPlugin:80 - create IPUIPlugin
2025-02-02 14:52:26,512 [INFO] PluginManager:220 - loadIPPluginJar : add ts
2025-02-02 14:52:26,513 [INFO] IPUIPlugin:80 - create IPUIPlugin
2025-02-02 14:52:26,513 [INFO] PluginManager:220 - loadIPPluginJar : add tsc
2025-02-02 14:52:26,514 [INFO] IPUIPlugin:80 - create IPUIPlugin
2025-02-02 14:52:26,514 [INFO] PluginManager:220 - loadIPPluginJar : add ucpd
2025-02-02 14:52:26,516 [INFO] IPUIPlugin:80 - create IPUIPlugin
2025-02-02 14:52:26,516 [INFO] PluginManager:220 - loadIPPluginJar : add usart
2025-02-02 14:52:26,518 [INFO] IPUIPlugin:80 - create IPUIPlugin
2025-02-02 14:52:26,519 [INFO] PluginManager:220 - loadIPPluginJar : add usbx
2025-02-02 14:52:26,627 [INFO] CADModel:165 - CPN selected for project level
2025-02-02 14:52:26,627 [INFO] CADModel:114 - Register for checkConnection events
2025-02-02 14:52:26,627 [FATAL] Updater:308 - Updater called before beeing initialized
2025-02-02 14:52:26,628 [ERROR] CADModel:125 - Updater not yet initialized, retry later 
2025-02-02 14:52:26,736 [INFO] CADModel:165 - CPN selected for project level
2025-02-02 14:52:26,736 [INFO] CADModel:114 - Register for checkConnection events
2025-02-02 14:52:26,736 [FATAL] Updater:308 - Updater called before beeing initialized
2025-02-02 14:52:26,736 [ERROR] CADModel:125 - Updater not yet initialized, retry later 
2025-02-02 14:52:26,738 [FATAL] Updater:308 - Updater called before beeing initialized
2025-02-02 14:52:26,832 [FATAL] Updater:308 - Updater called before beeing initialized
2025-02-02 14:52:26,843 [INFO] DbMcusAds:53 - JSON generation date=Wed Dec 18 01:01:15 KST 2024 (1734451275111)
2025-02-02 14:52:26,844 [FATAL] Updater:308 - Updater called before beeing initialized
2025-02-02 14:52:26,876 [WARN] DetailPanel:346 - Failed to get advertising image, set to default
2025-02-02 14:52:26,948 [FATAL] Updater:308 - Updater called before beeing initialized
2025-02-02 14:52:26,949 [FATAL] Updater:308 - Updater called before beeing initialized
2025-02-02 14:52:26,949 [FATAL] Updater:308 - Updater called before beeing initialized
2025-02-02 14:52:26,949 [WARN] DetailPanel:346 - Failed to get advertising image, set to default
2025-02-02 14:52:26,950 [FATAL] Updater:308 - Updater called before beeing initialized
2025-02-02 14:52:26,979 [ERROR] Updater:1120 - MainUpdater not yet initialized. External WinMGr cannot be set.
2025-02-02 14:52:26,980 [INFO] Updater:1056 - Updater Version found : 6.9.2
2025-02-02 14:52:26,995 [INFO] ApplicationProperties:184 - Using Application install path: C:\ST\STM32CubeIDE_1.13.2\STM32CubeIDE\plugins\com.st.stm32cube.common.mx_6.9.2.202309101412
2025-02-02 14:52:27,355 [INFO] MainUpdater:2868 - connection check result : 10
2025-02-02 14:52:27,355 [INFO] MainUpdater:285 - Updater Check For Update Now.
2025-02-02 14:52:27,355 [INFO] MicroXplorer:498 - Change Database Version : DB.6.0.92
2025-02-02 14:52:27,360 [INFO] McuFinderGlobals:63 - Set McuFinder mode to 2 (CubeIDE integrated)
2025-02-02 14:52:27,554 [INFO] CheckServerUpdateThread:120 - End of CheckServer Thread
2025-02-02 14:52:28,064 [ERROR] LogOutputStream:75 - [STDERR_REDIRECT] Feb 02, 2025 2:52:28 PM org.glassfish.grizzly.http.server.NetworkListener start
2025-02-02 14:52:28,065 [ERROR] LogOutputStream:75 - [STDERR_REDIRECT] INFO: Started listener bound to [localhost:1594]
2025-02-02 14:52:28,065 [ERROR] LogOutputStream:75 - [STDERR_REDIRECT] 
2025-02-02 14:52:28,066 [ERROR] LogOutputStream:75 - [STDERR_REDIRECT] Feb 02, 2025 2:52:28 PM org.glassfish.grizzly.http.server.HttpServer start
2025-02-02 14:52:28,066 [ERROR] LogOutputStream:75 - [STDERR_REDIRECT] INFO: [HttpServer] Started.
2025-02-02 14:52:28,066 [ERROR] LogOutputStream:75 - [STDERR_REDIRECT] 
2025-02-02 14:52:29,191 [WARN] PackLoader:240 - Cannot read IP mode file for STMicroelectronics.FP-SNS-MOTENVWB1.1.4.0
2025-02-02 14:52:29,203 [WARN] PackLoader:240 - Cannot read IP mode file for STMicroelectronics.FP-ATR-ASTRA1.2.0.1
2025-02-02 14:52:29,215 [WARN] PackLoader:240 - Cannot read IP mode file for STMicroelectronics.X-CUBE-SMBUS.2.1.0
2025-02-02 14:52:29,231 [WARN] PackLoader:240 - Cannot read IP mode file for STMicroelectronics.X-CUBE-WB05N.1.1.0
2025-02-02 14:52:29,244 [WARN] PackLoader:240 - Cannot read IP mode file for STMicroelectronics.X-CUBE-TOUCHGFX.4.23.0
2025-02-02 14:52:29,252 [WARN] PackLoader:240 - Cannot read IP mode file for STMicroelectronics.X-CUBE-TOUCHGFX.4.23.2
2025-02-02 14:52:29,281 [WARN] PackLoader:240 - Cannot read IP mode file for STMicroelectronics.X-CUBE-AZRTOS-F7.1.1.0
2025-02-02 14:52:29,295 [WARN] PackLoader:240 - Cannot read IP mode file for STMicroelectronics.FP-SNS-MOTENV1.4.3.2
2025-02-02 14:52:29,341 [WARN] PackLoader:240 - Cannot read IP mode file for STMicroelectronics.X-CUBE-MEMS1.11.0.0
2025-02-02 14:52:29,418 [WARN] PackLoader:240 - Cannot read IP mode file for STMicroelectronics.FP-SNS-FLIGHT1.5.0.2
2025-02-02 14:52:29,432 [WARN] PackLoader:240 - Cannot read IP mode file for STMicroelectronics.X-CUBE-DISPLAY.3.0.0
2025-02-02 14:52:29,445 [WARN] PackLoader:240 - Cannot read IP mode file for STMicroelectronics.X-CUBE-BLE1.7.0.0
2025-02-02 14:52:29,459 [WARN] PackLoader:240 - Cannot read IP mode file for STMicroelectronics.X-CUBE-NFC10.1.0.0
2025-02-02 14:52:29,471 [ERROR] Engine:466 - C:\Users\KkangJun\.stm32cubemx\thirdparties\pdsc\STMicroelectronics.X-CUBE-BLEMGR.4.0.0.pdsc: PDSC version is not supported
2025-02-02 14:52:29,484 [WARN] PackLoader:240 - Cannot read IP mode file for emotas.I-CUBE-CANOPEN.1.3.0
2025-02-02 14:52:29,498 [WARN] PackLoader:240 - Cannot read IP mode file for STMicroelectronics.X-CUBE-BLEMGR.3.1.0
2025-02-02 14:52:29,513 [WARN] PackLoader:240 - Cannot read IP mode file for STMicroelectronics.X-CUBE-AI.10.0.0
2025-02-02 14:52:29,525 [WARN] PackLoader:240 - Cannot read IP mode file for STMicroelectronics.FP-SNS-SMARTAG2.1.2.0
2025-02-02 14:52:29,567 [WARN] PackLoader:240 - Cannot read IP mode file for STMicroelectronics.X-CUBE-MEMS1.11.1.0
2025-02-02 14:52:29,647 [INFO] LogOutputStream:77 - [STDOUT_REDIRECT] 1 : Invalid condition id : UX_CORESTACK_Condition cause : null
2025-02-02 14:52:29,648 [INFO] LogOutputStream:77 - [STDOUT_REDIRECT] 1 : Invalid condition id : UX_CORESTACK_Condition cause : null
2025-02-02 14:52:29,648 [INFO] LogOutputStream:77 - [STDOUT_REDIRECT] 1 : Invalid condition id : UX_CORESTACK_Condition cause : null
2025-02-02 14:52:29,649 [INFO] LogOutputStream:77 - [STDOUT_REDIRECT] 1 : Invalid condition id : UX_CORESTACK_Condition cause : null
2025-02-02 14:52:29,649 [INFO] LogOutputStream:77 - [STDOUT_REDIRECT] 1 : Invalid condition id : UX_CORESTACK_Condition cause : null
2025-02-02 14:52:29,651 [WARN] PackLoader:240 - Cannot read IP mode file for STMicroelectronics.X-CUBE-AZRTOS-WL.2.0.0
2025-02-02 14:52:29,676 [WARN] PackLoader:240 - Cannot read IP mode file for STMicroelectronics.FP-SNS-MOTENV1.5.0.0
2025-02-02 14:52:29,690 [WARN] PackLoader:240 - Cannot read IP mode file for wolfSSL.I-CUBE-wolfMQTT.1.19.0
2025-02-02 14:52:29,707 [WARN] PackLoader:240 - Cannot read IP mode file for WES.I-CUBE-Cesium.1.3.0
2025-02-02 14:52:29,719 [WARN] PackLoader:240 - Cannot read IP mode file for STMicroelectronics.X-CUBE-BLE2.3.3.0
2025-02-02 14:52:29,732 [WARN] PackLoader:240 - Cannot read IP mode file for STMicroelectronics.X-CUBE-NFC9.1.0.0
2025-02-02 14:52:29,745 [WARN] PackLoader:240 - Cannot read IP mode file for STMicroelectronics.X-CUBE-TCPP.4.1.0
2025-02-02 14:52:29,758 [WARN] PackLoader:240 - Cannot read IP mode file for STMicroelectronics.X-CUBE-ALGOBUILD.1.3.0
2025-02-02 14:52:29,782 [WARN] PackLoader:240 - Cannot read IP mode file for STMicroelectronics.X-CUBE-AZRTOS-G0.1.1.0
2025-02-02 14:52:29,796 [WARN] PackLoader:240 - Cannot read IP mode file for STMicroelectronics.X-CUBE-SAFEA1.1.2.2
2025-02-02 14:52:29,808 [WARN] PackLoader:240 - Cannot read IP mode file for STMicroelectronics.X-CUBE-NFC4.3.0.0
2025-02-02 14:52:29,820 [ERROR] Engine:466 - C:\Users\KkangJun\.stm32cubemx\thirdparties\pdsc\EmbeddedOffice.I-CUBE-FS-RTOS.1.0.1.pdsc: PDSC version is not supported
2025-02-02 14:52:29,833 [WARN] PackLoader:240 - Cannot read IP mode file for STMicroelectronics.X-CUBE-BLEMGR.3.0.0
2025-02-02 14:52:29,845 [ERROR] Engine:466 - C:\Users\KkangJun\.stm32cubemx\thirdparties\pdsc\STMicroelectronics.X-CUBE-TCPP.4.2.0.pdsc: PDSC version is not supported
2025-02-02 14:52:29,854 [ERROR] Engine:466 - C:\Users\KkangJun\.stm32cubemx\thirdparties\pdsc\RealThread.X-CUBE-RT-Thread_Nano.4.1.1.pdsc: PDSC version is not supported
2025-02-02 14:52:29,864 [WARN] PackLoader:240 - Cannot read IP mode file for STMicroelectronics.FP-ATR-SIGFOX1.3.2.0
2025-02-02 14:52:29,874 [ERROR] Engine:466 - C:\Users\KkangJun\.stm32cubemx\thirdparties\pdsc\quantropi.X-CUBE-qispace-sdk-base.1.9.3.pdsc: PDSC version is not supported
2025-02-02 14:52:29,887 [WARN] PackLoader:240 - Cannot read IP mode file for STMicroelectronics.X-CUBE-EEPRMA1.5.1.0
2025-02-02 14:52:29,912 [WARN] PackLoader:240 - Cannot read IP mode file for SEGGER.I-CUBE-embOS.1.3.1
2025-02-02 14:52:29,945 [WARN] PackLoader:240 - Cannot read IP mode file for STMicroelectronics.X-CUBE-ALGOBUILD.1.4.0
2025-02-02 14:52:29,957 [WARN] PackLoader:240 - Cannot read IP mode file for STMicroelectronics.X-CUBE-AI.9.1.0
2025-02-02 14:52:29,969 [WARN] PackLoader:240 - Cannot read IP mode file for STMicroelectronics.X-CUBE-GNSS1.6.0.0
2025-02-02 14:52:29,989 [WARN] PackLoader:240 - Cannot read IP mode file for STMicroelectronics.X-CUBE-AZRTOS-F4.1.1.0
2025-02-02 14:52:30,002 [WARN] PackLoader:240 - Cannot read IP mode file for STMicroelectronics.X-CUBE-ISPU.2.1.0
2025-02-02 14:52:30,013 [WARN] PackLoader:240 - Cannot read IP mode file for STMicroelectronics.X-CUBE-FREERTOS.1.2.0
2025-02-02 14:52:30,025 [WARN] PackLoader:240 - Cannot read IP mode file for wolfSSL.I-CUBE-wolfSSL.5.6.6
2025-02-02 14:52:30,046 [WARN] PackLoader:240 - Cannot read IP mode file for STMicroelectronics.X-CUBE-AZRTOS-L5.2.0.0
2025-02-02 14:52:30,060 [WARN] PackLoader:240 - Cannot read IP mode file for STMicroelectronics.X-CUBE-EEPRMA1.4.2.0
2025-02-02 14:52:30,076 [WARN] PackLoader:240 - Cannot read IP mode file for STMicroelectronics.X-CUBE-NFC6.3.1.0
2025-02-02 14:52:30,091 [WARN] PackLoader:240 - Cannot read IP mode file for ITTIA_DB.I-CUBE-ITTIADB.8.8.0
2025-02-02 14:52:30,101 [ERROR] Engine:466 - C:\Users\KkangJun\.stm32cubemx\thirdparties\pdsc\STMicroelectronics.X-CUBE-DPower.1.2.0.pdsc: PDSC version is not supported
2025-02-02 14:52:30,113 [WARN] PackLoader:240 - Cannot read IP mode file for STMicroelectronics.X-CUBE-AI.9.0.0
2025-02-02 14:52:30,125 [WARN] PackLoader:240 - Cannot read IP mode file for STMicroelectronics.X-CUBE-FREERTOS.1.3.0
2025-02-02 14:52:30,138 [WARN] PackLoader:240 - Cannot read IP mode file for STMicroelectronics.X-CUBE-NFC7.1.0.1
2025-02-02 14:52:30,151 [WARN] PackLoader:240 - Cannot read IP mode file for wolfSSL.I-CUBE-wolfTPM.3.2.0
2025-02-02 14:52:30,164 [WARN] PackLoader:240 - Cannot read IP mode file for STMicroelectronics.X-CUBE-NFC6.3.0.0
2025-02-02 14:52:30,176 [WARN] PackLoader:240 - Cannot read IP mode file for STMicroelectronics.X-CUBE-AI.8.1.0
2025-02-02 14:52:30,197 [WARN] ConditionMgr:438 - getConditionDescription Invalid condition id : LAN8742 Phy interface Condition cause : null
2025-02-02 14:52:30,198 [WARN] PackLoader:240 - Cannot read IP mode file for STMicroelectronics.X-CUBE-AZRTOS-L4.2.0.0
2025-02-02 14:52:30,198 [WARN] ConditionMgr:1039 - genDependencies : Invalid condition id : LAN8742 Phy interface Condition cause : null
2025-02-02 14:52:30,199 [WARN] ConditionMgr:1039 - genDependencies : Invalid condition id : LAN8742 Phy interface Condition cause : null
2025-02-02 14:52:30,199 [WARN] ConditionMgr:1039 - genDependencies : Invalid condition id : LAN8742 Phy interface Condition cause : null
2025-02-02 14:52:30,212 [WARN] PackLoader:240 - Cannot read IP mode file for STMicroelectronics.X-CUBE-SFXS2LP1.4.0.0
2025-02-02 14:52:30,234 [WARN] PackLoader:240 - Cannot read IP mode file for STMicroelectronics.X-CUBE-AZRTOS-H7.3.3.0
2025-02-02 14:52:30,246 [ERROR] Engine:466 - C:\Users\KkangJun\.stm32cubemx\thirdparties\pdsc\STMicroelectronics.X-CUBE-IPS.3.0.0.pdsc: PDSC version is not supported
2025-02-02 14:52:30,263 [WARN] ConditionMgr:438 - getConditionDescription Invalid condition id : UX DEVICE CLASS RTOS Condition cause : null
2025-02-02 14:52:30,263 [WARN] ConditionMgr:438 - getConditionDescription Invalid condition id : UX DEVICE CLASS RTOS Condition cause : null
2025-02-02 14:52:30,264 [WARN] PackLoader:240 - Cannot read IP mode file for STMicroelectronics.X-CUBE-AZRTOS-WB.2.0.0
2025-02-02 14:52:30,265 [WARN] ConditionMgr:1039 - genDependencies : Invalid condition id : UX DEVICE CLASS RTOS Condition cause : null
2025-02-02 14:52:30,265 [WARN] ConditionMgr:1039 - genDependencies : Invalid condition id : UX DEVICE CLASS RTOS Condition cause : null
2025-02-02 14:52:30,265 [WARN] ConditionMgr:1039 - genDependencies : Invalid condition id : UX DEVICE CLASS RTOS Condition cause : null
2025-02-02 14:52:30,265 [WARN] ConditionMgr:1039 - genDependencies : Invalid condition id : UX DEVICE CLASS RTOS Condition cause : null
2025-02-02 14:52:30,265 [WARN] ConditionMgr:1039 - genDependencies : Invalid condition id : UX DEVICE CLASS RTOS Condition cause : null
2025-02-02 14:52:30,276 [WARN] PackLoader:240 - Cannot read IP mode file for STMicroelectronics.X-CUBE-GNSS1.7.0.0
2025-02-02 14:52:30,287 [WARN] PackLoader:240 - Cannot read IP mode file for STMicroelectronics.X-CUBE-GNSS1.7.0.1
2025-02-02 14:52:30,298 [ERROR] Engine:466 - C:\Users\KkangJun\.stm32cubemx\thirdparties\pdsc\STMicroelectronics.FP-SNS-STBOX1.2.0.0.pdsc: PDSC version is not supported
2025-02-02 14:52:30,311 [WARN] PackLoader:240 - Cannot read IP mode file for STMicroelectronics.X-CUBE-SUBG2.5.0.0
2025-02-02 14:52:30,323 [WARN] PackLoader:240 - Cannot read IP mode file for Cesanta.I-CUBE-Mongoose.7.13.0
2025-02-02 14:52:30,338 [WARN] PackLoader:240 - Cannot read IP mode file for STMicroelectronics.X-CUBE-AZRTOS-G4.2.0.0
2025-02-02 14:52:30,359 [WARN] PackLoader:240 - Cannot read IP mode file for Infineon.AIROC-Wi-Fi-Bluetooth-STM32.1.5.1
2025-02-02 14:52:30,370 [WARN] PackLoader:240 - Cannot read IP mode file for STMicroelectronics.FP-SNS-MOTENVWB1.1.3.1
2025-02-02 14:52:30,380 [WARN] PackLoader:240 - Cannot read IP mode file for STMicroelectronics.X-CUBE-ISPU.2.0.0
2025-02-02 14:52:30,392 [ERROR] Engine:466 - C:\Users\KkangJun\.stm32cubemx\thirdparties\pdsc\STMicroelectronics.X-CUBE-IPS.3.1.0.pdsc: PDSC version is not supported
2025-02-02 14:52:30,401 [WARN] PackLoader:240 - Cannot read IP mode file for STMicroelectronics.X-CUBE-ALS.1.0.2
2025-02-02 14:52:30,433 [WARN] PackLoader:240 - Cannot read IP mode file for STMicroelectronics.X-CUBE-MEMS1.10.0.0
2025-02-02 14:52:30,485 [WARN] PackLoader:240 - Cannot read IP mode file for STMicroelectronics.X-CUBE-FREERTOS.1.1.0
2025-02-02 14:52:30,495 [WARN] PackLoader:240 - Cannot read IP mode file for STMicroelectronics.X-CUBE-TOUCHGFX.4.24.0
2025-02-02 14:52:30,504 [WARN] PackLoader:240 - Cannot read IP mode file for STMicroelectronics.X-CUBE-TOUCHGFX.4.24.2
2025-02-02 14:52:30,514 [WARN] PackLoader:240 - Cannot read IP mode file for STMicroelectronics.X-CUBE-TOUCHGFX.4.24.1
2025-02-02 14:52:30,524 [WARN] PackLoader:240 - Cannot read IP mode file for portGmbH.I-Cube-SoM-uGOAL.1.1.0
2025-02-02 14:52:30,534 [WARN] PackLoader:240 - Cannot read IP mode file for STMicroelectronics.X-CUBE-ALS.1.0.1
2025-02-02 14:52:30,555 [WARN] PackLoader:240 - Cannot read IP mode file for STMicroelectronics.X-CUBE-AZRTOS-H7RS.1.0.0
2025-02-02 14:52:30,566 [WARN] PackLoader:240 - Cannot read IP mode file for STMicroelectronics.FP-ATR-ASTRA1.2.0.0
2025-02-02 14:52:30,579 [ERROR] Engine:466 - C:\Users\KkangJun\.stm32cubemx\thirdparties\pdsc\STMicroelectronics.X-CUBE-TOF1.3.4.2.pdsc: PDSC version is not supported
2025-02-02 14:52:30,593 [WARN] PackLoader:240 - Cannot read IP mode file for STMicroelectronics.X-CUBE-TOF1.3.4.0
2025-02-02 14:52:30,609 [WARN] PackLoader:240 - Cannot read IP mode file for STMicroelectronics.X-CUBE-TOF1.3.4.1
2025-02-02 14:52:30,631 [WARN] PackLoader:240 - Cannot read IP mode file for STMicroelectronics.X-CUBE-AZRTOS-H7.3.2.0
2025-02-02 14:52:30,642 [WARN] PackLoader:240 - Cannot read IP mode file for wolfSSL.I-CUBE-wolfSSH.1.4.17
2025-02-02 14:52:30,642 [INFO] ThirdParty:978 - Integrity check success = true
2025-02-02 14:52:30,642 [INFO] IntegrityCheckThread:100 - exiting critical section [integrity check]
2025-02-02 14:52:30,642 [INFO] IntegrityCheckThread:103 - End integrity checks thread
2025-02-02 15:01:28,858 [ERROR] LogOutputStream:75 - [STDERR_REDIRECT] 
