2025-02-04 21:14:59,750 [INFO] Activator:176 - 


2025-02-04 21:14:59,753 [INFO] Activator:177 - !SESSION log4j initialized
2025-02-04 21:15:03,742 [INFO] LogOutputStream:77 - [STDOUT_REDIRECT] 
2025-02-04 21:15:09,800 [INFO] ApplicationProperties:184 - Using Application install path: C:\ST\STM32CubeIDE_1.13.2\STM32CubeIDE\plugins\com.st.stm32cube.common.mx_6.9.2.202309101412
2025-02-04 21:15:09,816 [INFO] DbMcusXml:78 - Set database path to: C:\ST\STM32CubeIDE_1.13.2\STM32CubeIDE\plugins\com.st.stm32cube.common.mx_6.9.2.202309101412\\db\/mcu/
2025-02-04 21:15:09,816 [INFO] ApiDb:274 - Set plugin database path to: C:\ST\STM32CubeIDE_1.13.2\STM32CubeIDE\plugins\com.st.stm32cube.common.mx_6.9.2.202309101412\\db\/plugins/boardmanager/
2025-02-04 21:15:09,816 [WARN] ApiDb:259 - Overriding images path with different value:  => C:\ST\STM32CubeIDE_1.13.2\STM32CubeIDE\plugins\com.st.stm32cube.common.mx_6.9.2.202309101412\\db\/plugins/mcufinder/images/
2025-02-04 21:15:09,830 [INFO] ApiDb:250 - Set database path to: C:\Users\KkangJun\.stmcufinder\plugins\mcufinder//mcu/
2025-02-04 21:15:09,831 [INFO] DbMcusAds:125 - Set database path to: C:\Users\KkangJun\.stmcufinder\plugins\mcufinder//mcu/
2025-02-04 21:15:09,833 [INFO] CrossReferenceDbSqlite:203 - Set database path to: C:\Users\KkangJun\.stmcufinder\plugins\mcufinder//mcu/cs/
2025-02-04 21:15:09,911 [INFO] RulesReader:64 - Compatibility file has been processed (293 Rules)
2025-02-04 21:15:09,966 [INFO] DbMcusXml:78 - Set database path to: C:\ST\STM32CubeIDE_1.13.2\STM32CubeIDE\plugins\com.st.stm32cube.common.mx_6.9.2.202309101412\\db\/mcu/
2025-02-04 21:15:09,966 [INFO] ApiDb:274 - Set plugin database path to: C:\ST\STM32CubeIDE_1.13.2\STM32CubeIDE\plugins\com.st.stm32cube.common.mx_6.9.2.202309101412\\db\/plugins/boardmanager/
2025-02-04 21:15:09,966 [INFO] ApiDb:261 - Set plugin images path to: C:\ST\STM32CubeIDE_1.13.2\STM32CubeIDE\plugins\com.st.stm32cube.common.mx_6.9.2.202309101412\\db\/plugins/mcufinder/images/
2025-02-04 21:15:09,966 [WARN] DbFile:41 - Overriding database path with different value: C:\Users\KkangJun\.stmcufinder\plugins\mcufinder/ => C:\Users\KkangJun\.stmcufinder\plugins\mcufinder
2025-02-04 21:15:09,966 [INFO] ApiDb:250 - Set database path to: C:\Users\KkangJun\.stmcufinder\plugins\mcufinder//mcu/
2025-02-04 21:15:09,966 [WARN] DbFile:41 - Overriding database path with different value: C:\Users\KkangJun\.stmcufinder\plugins\mcufinder/ => C:\Users\KkangJun\.stmcufinder\plugins\mcufinder
2025-02-04 21:15:09,966 [INFO] DbMcusAds:125 - Set database path to: C:\Users\KkangJun\.stmcufinder\plugins\mcufinder//mcu/
2025-02-04 21:15:09,966 [WARN] DbFile:41 - Overriding database path with different value: C:\Users\KkangJun\.stmcufinder\plugins\mcufinder/ => C:\Users\KkangJun\.stmcufinder\plugins\mcufinder
2025-02-04 21:15:09,966 [WARN] DbFile:41 - Overriding database path with different value: C:\Users\KkangJun\.stmcufinder\plugins\mcufinder/ => C:\Users\KkangJun\.stmcufinder\plugins\mcufinder
2025-02-04 21:15:09,966 [INFO] CrossReferenceDbSqlite:203 - Set database path to: C:\Users\KkangJun\.stmcufinder\plugins\mcufinder//mcu/cs/
2025-02-04 21:15:10,030 [INFO] MainPanel:262 - HeapMemory: 268435456
2025-02-04 21:15:10,127 [INFO] DbMcusXml:78 - Set database path to: C:\ST\STM32CubeIDE_1.13.2\STM32CubeIDE\plugins\com.st.stm32cube.common.mx_6.9.2.202309101412\\db\/mcu/
2025-02-04 21:15:10,127 [INFO] ApiDb:274 - Set plugin database path to: C:\ST\STM32CubeIDE_1.13.2\STM32CubeIDE\plugins\com.st.stm32cube.common.mx_6.9.2.202309101412\\db\/plugins/boardmanager/
2025-02-04 21:15:10,128 [INFO] ApiDb:261 - Set plugin images path to: C:\ST\STM32CubeIDE_1.13.2\STM32CubeIDE\plugins\com.st.stm32cube.common.mx_6.9.2.202309101412\\db\/plugins/mcufinder/images/
2025-02-04 21:15:10,128 [WARN] DbFile:41 - Overriding database path with different value: C:\Users\KkangJun\.stmcufinder\plugins\mcufinder/ => C:\Users\KkangJun\.stmcufinder\plugins\mcufinder
2025-02-04 21:15:10,128 [INFO] ApiDb:250 - Set database path to: C:\Users\KkangJun\.stmcufinder\plugins\mcufinder//mcu/
2025-02-04 21:15:10,128 [WARN] DbFile:41 - Overriding database path with different value: C:\Users\KkangJun\.stmcufinder\plugins\mcufinder/ => C:\Users\KkangJun\.stmcufinder\plugins\mcufinder
2025-02-04 21:15:10,128 [INFO] DbMcusAds:125 - Set database path to: C:\Users\KkangJun\.stmcufinder\plugins\mcufinder//mcu/
2025-02-04 21:15:10,128 [WARN] DbFile:41 - Overriding database path with different value: C:\Users\KkangJun\.stmcufinder\plugins\mcufinder/ => C:\Users\KkangJun\.stmcufinder\plugins\mcufinder
2025-02-04 21:15:10,128 [WARN] DbFile:41 - Overriding database path with different value: C:\Users\KkangJun\.stmcufinder\plugins\mcufinder/ => C:\Users\KkangJun\.stmcufinder\plugins\mcufinder
2025-02-04 21:15:10,128 [INFO] CrossReferenceDbSqlite:203 - Set database path to: C:\Users\KkangJun\.stmcufinder\plugins\mcufinder//mcu/cs/
2025-02-04 21:15:10,144 [INFO] ApplicationProperties:184 - Using Application install path: C:\ST\STM32CubeIDE_1.13.2\STM32CubeIDE\plugins\com.st.stm32cube.common.mx_6.9.2.202309101412
2025-02-04 21:15:10,145 [INFO] PluginManage:196 - Search for loadable plugins [exclusion list=, ]
2025-02-04 21:15:10,146 [INFO] PluginManage:310 - Check plugin analytics
2025-02-04 21:15:15,168 [INFO] AnalyticsPlugin:253 - Accepted Software Licenses: STM32CubeMX.6.12.0
2025-02-04 21:15:15,168 [INFO] AnalyticsPlugin:255 - Accepted CMSIS Pack Licenses: 
2025-02-04 21:15:15,168 [INFO] AnalyticsPlugin:257 - Accepted Firmware Licenses: FW.F4.1.27.0,FW.F4.1.28.0
2025-02-04 21:15:15,169 [INFO] PluginManage:359 - Loaded plugin analytics (category:tool,tabindex:-1)
2025-02-04 21:15:15,170 [INFO] PluginManage:310 - Check plugin cadmodel
2025-02-04 21:15:15,175 [INFO] CADModel:105 - Init CAD model plugin
2025-02-04 21:15:15,176 [INFO] PluginManage:359 - Loaded plugin cadmodel (category:power,tabindex:5)
2025-02-04 21:15:15,176 [INFO] PluginManage:310 - Check plugin clock
2025-02-04 21:15:15,185 [INFO] PluginManage:359 - Loaded plugin clock (category:base,tabindex:2)
2025-02-04 21:15:15,185 [INFO] PluginManage:310 - Check plugin ddr
2025-02-04 21:15:15,187 [INFO] PluginManage:359 - Loaded plugin ddr (category:tool,tabindex:6)
2025-02-04 21:15:15,187 [INFO] PluginManage:310 - Check plugin filemanager
2025-02-04 21:15:15,289 [INFO] PluginManage:359 - Loaded plugin filemanager (category:base,tabindex:10)
2025-02-04 21:15:15,289 [INFO] PluginManage:310 - Check plugin ipmanager
2025-02-04 21:15:15,294 [INFO] PluginManage:359 - Loaded plugin ipmanager (category:base,tabindex:5)
2025-02-04 21:15:15,294 [INFO] PluginManage:310 - Check plugin lpbam
2025-02-04 21:15:15,301 [INFO] PluginManage:359 - Loaded plugin lpbam (category:base,tabindex:0)
2025-02-04 21:15:15,301 [INFO] PluginManage:310 - Check plugin memorymap
2025-02-04 21:15:15,313 [INFO] PluginManage:359 - Loaded plugin memorymap (category:base,tabindex:4)
2025-02-04 21:15:15,313 [INFO] PluginManage:310 - Check plugin pinoutandconfiguration
2025-02-04 21:15:15,320 [INFO] PluginManage:359 - Loaded plugin pinoutandconfiguration (category:base,tabindex:1)
2025-02-04 21:15:15,320 [INFO] PluginManage:310 - Check plugin pinoutconfig
2025-02-04 21:15:15,381 [WARN] SupportedApi:132 - Cannot load RTOS API schema: s4s-elt-must-match.1: The content of 'definitions' must match (annotation?, (simpleType | complexType)?, (unique | key | keyref)*)). A problem was found starting at: attribute.
2025-02-04 21:15:15,482 [INFO] PluginManage:359 - Loaded plugin pinoutconfig (category:base,tabindex:0)
2025-02-04 21:15:15,482 [INFO] PluginManage:310 - Check plugin power
2025-02-04 21:15:15,492 [INFO] PluginManage:359 - Loaded plugin power (category:power,tabindex:4)
2025-02-04 21:15:15,493 [INFO] PluginManage:310 - Check plugin projectmanager
2025-02-04 21:15:15,502 [INFO] PluginManage:359 - Loaded plugin projectmanager (category:projectmanager,tabindex:3)
2025-02-04 21:15:15,502 [INFO] PluginManage:310 - Check plugin thirdparty
2025-02-04 21:15:15,613 [INFO] PluginManage:359 - Loaded plugin thirdparty (category:base,tabindex:-1)
2025-02-04 21:15:15,613 [INFO] PluginManage:310 - Check plugin tools
2025-02-04 21:15:15,613 [WARN] IntegrityCheckThread:84 - waiting for thirdparty lock release [integrity check]
2025-02-04 21:15:15,613 [INFO] IntegrityCheckThread:86 - entering critical section [integrity check]
2025-02-04 21:15:15,613 [INFO] ThirdPartyUpdaterWithRetryManager:70 - Updater plugin not ready yet. [1/15]
2025-02-04 21:15:15,615 [INFO] PluginManage:359 - Loaded plugin tools (category:base,tabindex:7)
2025-02-04 21:15:15,616 [INFO] PluginManage:310 - Check plugin tutovideos
2025-02-04 21:15:15,764 [INFO] PluginManage:359 - Loaded plugin tutovideos (category:base,tabindex:-1)
2025-02-04 21:15:15,764 [INFO] PluginManage:310 - Check plugin updater
2025-02-04 21:15:15,773 [INFO] PluginManage:359 - Loaded plugin updater (category:base,tabindex:12)
2025-02-04 21:15:15,774 [INFO] PluginManage:310 - Check plugin userauth
2025-02-04 21:15:15,779 [INFO] UserAuth:113 - Init User Auth plugin
2025-02-04 21:15:15,779 [INFO] PluginManage:359 - Loaded plugin userauth (category:base,tabindex:14)
2025-02-04 21:15:15,779 [INFO] PluginManage:283 - PluginManage : Loaded plugins [17]
2025-02-04 21:15:15,953 [INFO] PinOutPanel:1499 - setPackage(No Configuration,No Configuration)
2025-02-04 21:15:16,035 [INFO] CADModel:165 - CPN selected for project level
2025-02-04 21:15:16,035 [INFO] CADModel:114 - Register for checkConnection events
2025-02-04 21:15:16,050 [INFO] IPUIPlugin:80 - create IPUIPlugin
2025-02-04 21:15:16,050 [INFO] PluginManager:220 - loadIPPluginJar : add adc
2025-02-04 21:15:16,053 [INFO] IPUIPlugin:80 - create IPUIPlugin
2025-02-04 21:15:16,053 [INFO] PluginManager:220 - loadIPPluginJar : add aes
2025-02-04 21:15:16,055 [INFO] IPUIPlugin:80 - create IPUIPlugin
2025-02-04 21:15:16,055 [INFO] PluginManager:220 - loadIPPluginJar : add can
2025-02-04 21:15:16,057 [INFO] IPUIPlugin:80 - create IPUIPlugin
2025-02-04 21:15:16,057 [INFO] PluginManager:220 - loadIPPluginJar : add comp
2025-02-04 21:15:16,059 [INFO] IPUIPlugin:80 - create IPUIPlugin
2025-02-04 21:15:16,059 [INFO] PluginManager:220 - loadIPPluginJar : add cryp
2025-02-04 21:15:16,060 [INFO] IPUIPlugin:80 - create IPUIPlugin
2025-02-04 21:15:16,060 [INFO] PluginManager:220 - loadIPPluginJar : add dfsdm
2025-02-04 21:15:16,065 [INFO] IPUIPlugin:80 - create IPUIPlugin
2025-02-04 21:15:16,066 [INFO] PluginManager:220 - loadIPPluginJar : add dma
2025-02-04 21:15:16,068 [INFO] IPUIPlugin:80 - create IPUIPlugin
2025-02-04 21:15:16,068 [INFO] PluginManager:220 - loadIPPluginJar : add dma3
2025-02-04 21:15:16,069 [INFO] IPUIPlugin:80 - create IPUIPlugin
2025-02-04 21:15:16,069 [INFO] PluginManager:220 - loadIPPluginJar : add fatfs
2025-02-04 21:15:16,074 [INFO] IPUIPlugin:80 - create IPUIPlugin
2025-02-04 21:15:16,074 [INFO] PluginManager:220 - loadIPPluginJar : add fmc
2025-02-04 21:15:16,079 [INFO] IPUIPlugin:80 - create IPUIPlugin
2025-02-04 21:15:16,079 [INFO] PluginManager:220 - loadIPPluginJar : add freertos
2025-02-04 21:15:16,080 [INFO] IPUIPlugin:80 - create IPUIPlugin
2025-02-04 21:15:16,080 [INFO] PluginManager:220 - loadIPPluginJar : add genericplugin
2025-02-04 21:15:16,083 [INFO] IPUIPlugin:80 - create IPUIPlugin
2025-02-04 21:15:16,083 [INFO] PluginManager:220 - loadIPPluginJar : add gfxmmu
2025-02-04 21:15:16,087 [INFO] IPUIPlugin:80 - create IPUIPlugin
2025-02-04 21:15:16,087 [INFO] PluginManager:220 - loadIPPluginJar : add gic
2025-02-04 21:15:16,091 [INFO] IPUIPlugin:80 - create IPUIPlugin
2025-02-04 21:15:16,091 [INFO] PluginManager:220 - loadIPPluginJar : add gpio
2025-02-04 21:15:16,095 [INFO] IPUIPlugin:80 - create IPUIPlugin
2025-02-04 21:15:16,095 [INFO] PluginManager:220 - loadIPPluginJar : add gtzc
2025-02-04 21:15:16,097 [INFO] IPUIPlugin:80 - create IPUIPlugin
2025-02-04 21:15:16,097 [INFO] PluginManager:220 - loadIPPluginJar : add hash
2025-02-04 21:15:16,099 [INFO] IPUIPlugin:80 - create IPUIPlugin
2025-02-04 21:15:16,099 [INFO] PluginManager:220 - loadIPPluginJar : add i2c
2025-02-04 21:15:16,101 [INFO] IPUIPlugin:80 - create IPUIPlugin
2025-02-04 21:15:16,101 [INFO] PluginManager:220 - loadIPPluginJar : add i2s
2025-02-04 21:15:16,104 [INFO] IPUIPlugin:80 - create IPUIPlugin
2025-02-04 21:15:16,104 [INFO] PluginManager:220 - loadIPPluginJar : add i3c
2025-02-04 21:15:16,107 [INFO] IPUIPlugin:80 - create IPUIPlugin
2025-02-04 21:15:16,107 [INFO] PluginManager:220 - loadIPPluginJar : add ipddr
2025-02-04 21:15:16,115 [INFO] IPUIPlugin:80 - create IPUIPlugin
2025-02-04 21:15:16,115 [INFO] PluginManager:220 - loadIPPluginJar : add linkedlist
2025-02-04 21:15:16,117 [INFO] IPUIPlugin:80 - create IPUIPlugin
2025-02-04 21:15:16,117 [INFO] PluginManager:220 - loadIPPluginJar : add lorawan
2025-02-04 21:15:16,119 [INFO] IPUIPlugin:80 - create IPUIPlugin
2025-02-04 21:15:16,119 [INFO] PluginManager:220 - loadIPPluginJar : add ltdc
2025-02-04 21:15:16,124 [INFO] IPUIPlugin:80 - create IPUIPlugin
2025-02-04 21:15:16,124 [INFO] PluginManager:220 - loadIPPluginJar : add mdma
2025-02-04 21:15:16,127 [INFO] IPUIPlugin:80 - create IPUIPlugin
2025-02-04 21:15:16,127 [INFO] PluginManager:220 - loadIPPluginJar : add nvic
2025-02-04 21:15:16,130 [INFO] IPUIPlugin:80 - create IPUIPlugin
2025-02-04 21:15:16,130 [INFO] PluginManager:220 - loadIPPluginJar : add opamp
2025-02-04 21:15:16,132 [INFO] IPUIPlugin:80 - create IPUIPlugin
2025-02-04 21:15:16,133 [INFO] PluginManager:220 - loadIPPluginJar : add openamp
2025-02-04 21:15:16,134 [INFO] IPUIPlugin:80 - create IPUIPlugin
2025-02-04 21:15:16,135 [INFO] PluginManager:220 - loadIPPluginJar : add pdm2pcm
2025-02-04 21:15:16,140 [INFO] IPUIPlugin:80 - create IPUIPlugin
2025-02-04 21:15:16,141 [INFO] PluginManager:220 - loadIPPluginJar : add plateformsettings
2025-02-04 21:15:16,142 [INFO] IPUIPlugin:80 - create IPUIPlugin
2025-02-04 21:15:16,143 [INFO] PluginManager:220 - loadIPPluginJar : add quadspi
2025-02-04 21:15:16,146 [INFO] IPUIPlugin:80 - create IPUIPlugin
2025-02-04 21:15:16,146 [INFO] PluginManager:220 - loadIPPluginJar : add resmgrutility
2025-02-04 21:15:16,149 [INFO] IPUIPlugin:80 - create IPUIPlugin
2025-02-04 21:15:16,149 [INFO] PluginManager:220 - loadIPPluginJar : add sai
2025-02-04 21:15:16,151 [INFO] IPUIPlugin:80 - create IPUIPlugin
2025-02-04 21:15:16,151 [INFO] PluginManager:220 - loadIPPluginJar : add spi
2025-02-04 21:15:16,154 [INFO] IPUIPlugin:80 - create IPUIPlugin
2025-02-04 21:15:16,154 [INFO] PluginManager:220 - loadIPPluginJar : add stm32_wpan
2025-02-04 21:15:16,156 [INFO] IPUIPlugin:80 - create IPUIPlugin
2025-02-04 21:15:16,156 [INFO] PluginManager:220 - loadIPPluginJar : add tim
2025-02-04 21:15:16,158 [INFO] IPUIPlugin:80 - create IPUIPlugin
2025-02-04 21:15:16,158 [INFO] PluginManager:220 - loadIPPluginJar : add touchsensing
2025-02-04 21:15:16,160 [INFO] IPUIPlugin:80 - create IPUIPlugin
2025-02-04 21:15:16,160 [INFO] PluginManager:220 - loadIPPluginJar : add tracer_emb
2025-02-04 21:15:16,161 [INFO] IPUIPlugin:80 - create IPUIPlugin
2025-02-04 21:15:16,161 [INFO] PluginManager:220 - loadIPPluginJar : add ts
2025-02-04 21:15:16,163 [INFO] IPUIPlugin:80 - create IPUIPlugin
2025-02-04 21:15:16,163 [INFO] PluginManager:220 - loadIPPluginJar : add tsc
2025-02-04 21:15:16,164 [INFO] IPUIPlugin:80 - create IPUIPlugin
2025-02-04 21:15:16,164 [INFO] PluginManager:220 - loadIPPluginJar : add ucpd
2025-02-04 21:15:16,166 [INFO] IPUIPlugin:80 - create IPUIPlugin
2025-02-04 21:15:16,166 [INFO] PluginManager:220 - loadIPPluginJar : add usart
2025-02-04 21:15:16,169 [INFO] IPUIPlugin:80 - create IPUIPlugin
2025-02-04 21:15:16,169 [INFO] PluginManager:220 - loadIPPluginJar : add usbx
2025-02-04 21:15:16,274 [INFO] CADModel:165 - CPN selected for project level
2025-02-04 21:15:16,275 [INFO] CADModel:114 - Register for checkConnection events
2025-02-04 21:15:16,275 [FATAL] Updater:308 - Updater called before beeing initialized
2025-02-04 21:15:16,275 [ERROR] CADModel:125 - Updater not yet initialized, retry later 
2025-02-04 21:15:16,392 [INFO] CADModel:165 - CPN selected for project level
2025-02-04 21:15:16,392 [INFO] CADModel:114 - Register for checkConnection events
2025-02-04 21:15:16,392 [FATAL] Updater:308 - Updater called before beeing initialized
2025-02-04 21:15:16,392 [ERROR] CADModel:125 - Updater not yet initialized, retry later 
2025-02-04 21:15:16,395 [FATAL] Updater:308 - Updater called before beeing initialized
2025-02-04 21:15:16,492 [FATAL] Updater:308 - Updater called before beeing initialized
2025-02-04 21:15:16,503 [INFO] DbMcusAds:53 - JSON generation date=Wed Dec 18 01:01:15 KST 2024 (1734451275111)
2025-02-04 21:15:16,504 [FATAL] Updater:308 - Updater called before beeing initialized
2025-02-04 21:15:16,540 [WARN] DetailPanel:346 - Failed to get advertising image, set to default
2025-02-04 21:15:16,613 [FATAL] Updater:308 - Updater called before beeing initialized
2025-02-04 21:15:16,614 [FATAL] Updater:308 - Updater called before beeing initialized
2025-02-04 21:15:16,614 [FATAL] Updater:308 - Updater called before beeing initialized
2025-02-04 21:15:16,614 [WARN] DetailPanel:346 - Failed to get advertising image, set to default
2025-02-04 21:15:16,615 [FATAL] Updater:308 - Updater called before beeing initialized
2025-02-04 21:15:16,646 [ERROR] Updater:1120 - MainUpdater not yet initialized. External WinMGr cannot be set.
2025-02-04 21:15:16,648 [INFO] Updater:1056 - Updater Version found : 6.9.2
2025-02-04 21:15:16,662 [INFO] ApplicationProperties:184 - Using Application install path: C:\ST\STM32CubeIDE_1.13.2\STM32CubeIDE\plugins\com.st.stm32cube.common.mx_6.9.2.202309101412
2025-02-04 21:15:16,966 [INFO] MainUpdater:2868 - connection check result : 10
2025-02-04 21:15:16,966 [INFO] MainUpdater:285 - Updater Check For Update Now.
2025-02-04 21:15:16,966 [INFO] MicroXplorer:498 - Change Database Version : DB.6.0.92
2025-02-04 21:15:16,972 [INFO] McuFinderGlobals:63 - Set McuFinder mode to 2 (CubeIDE integrated)
2025-02-04 21:15:17,166 [INFO] CheckServerUpdateThread:120 - End of CheckServer Thread
2025-02-04 21:15:17,427 [ERROR] LogOutputStream:75 - [STDERR_REDIRECT] Feb 04, 2025 9:15:17 PM org.glassfish.grizzly.http.server.NetworkListener start
2025-02-04 21:15:17,428 [ERROR] LogOutputStream:75 - [STDERR_REDIRECT] INFO: Started listener bound to [localhost:1596]
2025-02-04 21:15:17,428 [ERROR] LogOutputStream:75 - [STDERR_REDIRECT] 
2025-02-04 21:15:17,429 [ERROR] LogOutputStream:75 - [STDERR_REDIRECT] Feb 04, 2025 9:15:17 PM org.glassfish.grizzly.http.server.HttpServer start
2025-02-04 21:15:17,429 [ERROR] LogOutputStream:75 - [STDERR_REDIRECT] INFO: [HttpServer] Started.
2025-02-04 21:15:17,429 [ERROR] LogOutputStream:75 - [STDERR_REDIRECT] 
2025-02-04 21:15:18,777 [WARN] PackLoader:240 - Cannot read IP mode file for STMicroelectronics.FP-SNS-MOTENVWB1.1.4.0
2025-02-04 21:15:18,789 [WARN] PackLoader:240 - Cannot read IP mode file for STMicroelectronics.FP-ATR-ASTRA1.2.0.1
2025-02-04 21:15:18,801 [WARN] PackLoader:240 - Cannot read IP mode file for STMicroelectronics.X-CUBE-SMBUS.2.1.0
2025-02-04 21:15:18,814 [WARN] PackLoader:240 - Cannot read IP mode file for STMicroelectronics.X-CUBE-WB05N.1.1.0
2025-02-04 21:15:18,825 [WARN] PackLoader:240 - Cannot read IP mode file for STMicroelectronics.X-CUBE-TOUCHGFX.4.23.0
2025-02-04 21:15:18,834 [WARN] PackLoader:240 - Cannot read IP mode file for STMicroelectronics.X-CUBE-TOUCHGFX.4.23.2
2025-02-04 21:15:18,860 [WARN] PackLoader:240 - Cannot read IP mode file for STMicroelectronics.X-CUBE-AZRTOS-F7.1.1.0
2025-02-04 21:15:18,874 [WARN] PackLoader:240 - Cannot read IP mode file for STMicroelectronics.FP-SNS-MOTENV1.4.3.2
2025-02-04 21:15:18,922 [WARN] PackLoader:240 - Cannot read IP mode file for STMicroelectronics.X-CUBE-MEMS1.11.0.0
2025-02-04 21:15:19,012 [WARN] PackLoader:240 - Cannot read IP mode file for STMicroelectronics.FP-SNS-FLIGHT1.5.0.2
2025-02-04 21:15:19,027 [WARN] PackLoader:240 - Cannot read IP mode file for STMicroelectronics.X-CUBE-DISPLAY.3.0.0
2025-02-04 21:15:19,043 [WARN] PackLoader:240 - Cannot read IP mode file for STMicroelectronics.X-CUBE-BLE1.7.0.0
2025-02-04 21:15:19,056 [WARN] PackLoader:240 - Cannot read IP mode file for STMicroelectronics.X-CUBE-NFC10.1.0.0
2025-02-04 21:15:19,069 [ERROR] Engine:466 - C:\Users\KkangJun\.stm32cubemx\thirdparties\pdsc\STMicroelectronics.X-CUBE-BLEMGR.4.0.0.pdsc: PDSC version is not supported
2025-02-04 21:15:19,081 [WARN] PackLoader:240 - Cannot read IP mode file for emotas.I-CUBE-CANOPEN.1.3.0
2025-02-04 21:15:19,097 [WARN] PackLoader:240 - Cannot read IP mode file for STMicroelectronics.X-CUBE-BLEMGR.3.1.0
2025-02-04 21:15:19,111 [WARN] PackLoader:240 - Cannot read IP mode file for STMicroelectronics.X-CUBE-AI.10.0.0
2025-02-04 21:15:19,123 [WARN] PackLoader:240 - Cannot read IP mode file for STMicroelectronics.FP-SNS-SMARTAG2.1.2.0
2025-02-04 21:15:19,173 [WARN] PackLoader:240 - Cannot read IP mode file for STMicroelectronics.X-CUBE-MEMS1.11.1.0
2025-02-04 21:15:19,258 [INFO] LogOutputStream:77 - [STDOUT_REDIRECT] 1 : Invalid condition id : UX_CORESTACK_Condition cause : null
2025-02-04 21:15:19,259 [INFO] LogOutputStream:77 - [STDOUT_REDIRECT] 1 : Invalid condition id : UX_CORESTACK_Condition cause : null
2025-02-04 21:15:19,259 [INFO] LogOutputStream:77 - [STDOUT_REDIRECT] 1 : Invalid condition id : UX_CORESTACK_Condition cause : null
2025-02-04 21:15:19,260 [INFO] LogOutputStream:77 - [STDOUT_REDIRECT] 1 : Invalid condition id : UX_CORESTACK_Condition cause : null
2025-02-04 21:15:19,261 [INFO] LogOutputStream:77 - [STDOUT_REDIRECT] 1 : Invalid condition id : UX_CORESTACK_Condition cause : null
2025-02-04 21:15:19,262 [WARN] PackLoader:240 - Cannot read IP mode file for STMicroelectronics.X-CUBE-AZRTOS-WL.2.0.0
2025-02-04 21:15:19,288 [WARN] PackLoader:240 - Cannot read IP mode file for STMicroelectronics.FP-SNS-MOTENV1.5.0.0
2025-02-04 21:15:19,303 [WARN] PackLoader:240 - Cannot read IP mode file for wolfSSL.I-CUBE-wolfMQTT.1.19.0
2025-02-04 21:15:19,321 [WARN] PackLoader:240 - Cannot read IP mode file for WES.I-CUBE-Cesium.1.3.0
2025-02-04 21:15:19,333 [WARN] PackLoader:240 - Cannot read IP mode file for STMicroelectronics.X-CUBE-BLE2.3.3.0
2025-02-04 21:15:19,348 [WARN] PackLoader:240 - Cannot read IP mode file for STMicroelectronics.X-CUBE-NFC9.1.0.0
2025-02-04 21:15:19,362 [WARN] PackLoader:240 - Cannot read IP mode file for STMicroelectronics.X-CUBE-TCPP.4.1.0
2025-02-04 21:15:19,377 [WARN] PackLoader:240 - Cannot read IP mode file for STMicroelectronics.X-CUBE-ALGOBUILD.1.3.0
2025-02-04 21:15:19,401 [WARN] PackLoader:240 - Cannot read IP mode file for STMicroelectronics.X-CUBE-AZRTOS-G0.1.1.0
2025-02-04 21:15:19,417 [WARN] PackLoader:240 - Cannot read IP mode file for STMicroelectronics.X-CUBE-SAFEA1.1.2.2
2025-02-04 21:15:19,431 [WARN] PackLoader:240 - Cannot read IP mode file for STMicroelectronics.X-CUBE-NFC4.3.0.0
2025-02-04 21:15:19,444 [ERROR] Engine:466 - C:\Users\KkangJun\.stm32cubemx\thirdparties\pdsc\EmbeddedOffice.I-CUBE-FS-RTOS.1.0.1.pdsc: PDSC version is not supported
2025-02-04 21:15:19,458 [WARN] PackLoader:240 - Cannot read IP mode file for STMicroelectronics.X-CUBE-BLEMGR.3.0.0
2025-02-04 21:15:19,469 [ERROR] Engine:466 - C:\Users\KkangJun\.stm32cubemx\thirdparties\pdsc\STMicroelectronics.X-CUBE-TCPP.4.2.0.pdsc: PDSC version is not supported
2025-02-04 21:15:19,480 [ERROR] Engine:466 - C:\Users\KkangJun\.stm32cubemx\thirdparties\pdsc\RealThread.X-CUBE-RT-Thread_Nano.4.1.1.pdsc: PDSC version is not supported
2025-02-04 21:15:19,489 [WARN] PackLoader:240 - Cannot read IP mode file for STMicroelectronics.FP-ATR-SIGFOX1.3.2.0
2025-02-04 21:15:19,497 [ERROR] Engine:466 - C:\Users\KkangJun\.stm32cubemx\thirdparties\pdsc\quantropi.X-CUBE-qispace-sdk-base.1.9.3.pdsc: PDSC version is not supported
2025-02-04 21:15:19,509 [WARN] PackLoader:240 - Cannot read IP mode file for STMicroelectronics.X-CUBE-EEPRMA1.5.1.0
2025-02-04 21:15:19,537 [WARN] PackLoader:240 - Cannot read IP mode file for SEGGER.I-CUBE-embOS.1.3.1
2025-02-04 21:15:19,568 [WARN] PackLoader:240 - Cannot read IP mode file for STMicroelectronics.X-CUBE-ALGOBUILD.1.4.0
2025-02-04 21:15:19,582 [WARN] PackLoader:240 - Cannot read IP mode file for STMicroelectronics.X-CUBE-AI.9.1.0
2025-02-04 21:15:19,596 [WARN] PackLoader:240 - Cannot read IP mode file for STMicroelectronics.X-CUBE-GNSS1.6.0.0
2025-02-04 21:15:19,617 [WARN] PackLoader:240 - Cannot read IP mode file for STMicroelectronics.X-CUBE-AZRTOS-F4.1.1.0
2025-02-04 21:15:19,629 [WARN] PackLoader:240 - Cannot read IP mode file for STMicroelectronics.X-CUBE-ISPU.2.1.0
2025-02-04 21:15:19,641 [WARN] PackLoader:240 - Cannot read IP mode file for STMicroelectronics.X-CUBE-FREERTOS.1.2.0
2025-02-04 21:15:19,650 [WARN] PackLoader:240 - Cannot read IP mode file for wolfSSL.I-CUBE-wolfSSL.5.6.6
2025-02-04 21:15:19,670 [WARN] PackLoader:240 - Cannot read IP mode file for STMicroelectronics.X-CUBE-AZRTOS-L5.2.0.0
2025-02-04 21:15:19,682 [WARN] PackLoader:240 - Cannot read IP mode file for STMicroelectronics.X-CUBE-EEPRMA1.4.2.0
2025-02-04 21:15:19,695 [WARN] PackLoader:240 - Cannot read IP mode file for STMicroelectronics.X-CUBE-NFC6.3.1.0
2025-02-04 21:15:19,707 [WARN] PackLoader:240 - Cannot read IP mode file for ITTIA_DB.I-CUBE-ITTIADB.8.8.0
2025-02-04 21:15:19,717 [ERROR] Engine:466 - C:\Users\KkangJun\.stm32cubemx\thirdparties\pdsc\STMicroelectronics.X-CUBE-DPower.1.2.0.pdsc: PDSC version is not supported
2025-02-04 21:15:19,727 [WARN] PackLoader:240 - Cannot read IP mode file for STMicroelectronics.X-CUBE-AI.9.0.0
2025-02-04 21:15:19,737 [WARN] PackLoader:240 - Cannot read IP mode file for STMicroelectronics.X-CUBE-FREERTOS.1.3.0
2025-02-04 21:15:19,748 [WARN] PackLoader:240 - Cannot read IP mode file for STMicroelectronics.X-CUBE-NFC7.1.0.1
2025-02-04 21:15:19,760 [WARN] PackLoader:240 - Cannot read IP mode file for wolfSSL.I-CUBE-wolfTPM.3.2.0
2025-02-04 21:15:19,772 [WARN] PackLoader:240 - Cannot read IP mode file for STMicroelectronics.X-CUBE-NFC6.3.0.0
2025-02-04 21:15:19,784 [WARN] PackLoader:240 - Cannot read IP mode file for STMicroelectronics.X-CUBE-AI.8.1.0
2025-02-04 21:15:19,809 [WARN] ConditionMgr:438 - getConditionDescription Invalid condition id : LAN8742 Phy interface Condition cause : null
2025-02-04 21:15:19,809 [WARN] PackLoader:240 - Cannot read IP mode file for STMicroelectronics.X-CUBE-AZRTOS-L4.2.0.0
2025-02-04 21:15:19,810 [WARN] ConditionMgr:1039 - genDependencies : Invalid condition id : LAN8742 Phy interface Condition cause : null
2025-02-04 21:15:19,810 [WARN] ConditionMgr:1039 - genDependencies : Invalid condition id : LAN8742 Phy interface Condition cause : null
2025-02-04 21:15:19,811 [WARN] ConditionMgr:1039 - genDependencies : Invalid condition id : LAN8742 Phy interface Condition cause : null
2025-02-04 21:15:19,824 [WARN] PackLoader:240 - Cannot read IP mode file for STMicroelectronics.X-CUBE-SFXS2LP1.4.0.0
2025-02-04 21:15:19,847 [WARN] PackLoader:240 - Cannot read IP mode file for STMicroelectronics.X-CUBE-AZRTOS-H7.3.3.0
2025-02-04 21:15:19,859 [ERROR] Engine:466 - C:\Users\KkangJun\.stm32cubemx\thirdparties\pdsc\STMicroelectronics.X-CUBE-IPS.3.0.0.pdsc: PDSC version is not supported
2025-02-04 21:15:19,876 [WARN] ConditionMgr:438 - getConditionDescription Invalid condition id : UX DEVICE CLASS RTOS Condition cause : null
2025-02-04 21:15:19,876 [WARN] ConditionMgr:438 - getConditionDescription Invalid condition id : UX DEVICE CLASS RTOS Condition cause : null
2025-02-04 21:15:19,877 [WARN] PackLoader:240 - Cannot read IP mode file for STMicroelectronics.X-CUBE-AZRTOS-WB.2.0.0
2025-02-04 21:15:19,878 [WARN] ConditionMgr:1039 - genDependencies : Invalid condition id : UX DEVICE CLASS RTOS Condition cause : null
2025-02-04 21:15:19,878 [WARN] ConditionMgr:1039 - genDependencies : Invalid condition id : UX DEVICE CLASS RTOS Condition cause : null
2025-02-04 21:15:19,878 [WARN] ConditionMgr:1039 - genDependencies : Invalid condition id : UX DEVICE CLASS RTOS Condition cause : null
2025-02-04 21:15:19,878 [WARN] ConditionMgr:1039 - genDependencies : Invalid condition id : UX DEVICE CLASS RTOS Condition cause : null
2025-02-04 21:15:19,878 [WARN] ConditionMgr:1039 - genDependencies : Invalid condition id : UX DEVICE CLASS RTOS Condition cause : null
2025-02-04 21:15:19,890 [WARN] PackLoader:240 - Cannot read IP mode file for STMicroelectronics.X-CUBE-GNSS1.7.0.0
2025-02-04 21:15:19,900 [WARN] PackLoader:240 - Cannot read IP mode file for STMicroelectronics.X-CUBE-GNSS1.7.0.1
2025-02-04 21:15:19,911 [ERROR] Engine:466 - C:\Users\KkangJun\.stm32cubemx\thirdparties\pdsc\STMicroelectronics.FP-SNS-STBOX1.2.0.0.pdsc: PDSC version is not supported
2025-02-04 21:15:19,925 [WARN] PackLoader:240 - Cannot read IP mode file for STMicroelectronics.X-CUBE-SUBG2.5.0.0
2025-02-04 21:15:19,936 [WARN] PackLoader:240 - Cannot read IP mode file for Cesanta.I-CUBE-Mongoose.7.13.0
2025-02-04 21:15:19,953 [WARN] PackLoader:240 - Cannot read IP mode file for STMicroelectronics.X-CUBE-AZRTOS-G4.2.0.0
2025-02-04 21:15:19,973 [WARN] PackLoader:240 - Cannot read IP mode file for Infineon.AIROC-Wi-Fi-Bluetooth-STM32.1.5.1
2025-02-04 21:15:19,985 [WARN] PackLoader:240 - Cannot read IP mode file for STMicroelectronics.FP-SNS-MOTENVWB1.1.3.1
2025-02-04 21:15:19,997 [WARN] PackLoader:240 - Cannot read IP mode file for STMicroelectronics.X-CUBE-ISPU.2.0.0
2025-02-04 21:15:20,009 [ERROR] Engine:466 - C:\Users\KkangJun\.stm32cubemx\thirdparties\pdsc\STMicroelectronics.X-CUBE-IPS.3.1.0.pdsc: PDSC version is not supported
2025-02-04 21:15:20,019 [WARN] PackLoader:240 - Cannot read IP mode file for STMicroelectronics.X-CUBE-ALS.1.0.2
2025-02-04 21:15:20,051 [WARN] PackLoader:240 - Cannot read IP mode file for STMicroelectronics.X-CUBE-MEMS1.10.0.0
2025-02-04 21:15:20,111 [WARN] PackLoader:240 - Cannot read IP mode file for STMicroelectronics.X-CUBE-FREERTOS.1.1.0
2025-02-04 21:15:20,120 [WARN] PackLoader:240 - Cannot read IP mode file for STMicroelectronics.X-CUBE-TOUCHGFX.4.24.0
2025-02-04 21:15:20,129 [WARN] PackLoader:240 - Cannot read IP mode file for STMicroelectronics.X-CUBE-TOUCHGFX.4.24.2
2025-02-04 21:15:20,139 [WARN] PackLoader:240 - Cannot read IP mode file for STMicroelectronics.X-CUBE-TOUCHGFX.4.24.1
2025-02-04 21:15:20,150 [WARN] PackLoader:240 - Cannot read IP mode file for portGmbH.I-Cube-SoM-uGOAL.1.1.0
2025-02-04 21:15:20,159 [WARN] PackLoader:240 - Cannot read IP mode file for STMicroelectronics.X-CUBE-ALS.1.0.1
2025-02-04 21:15:20,178 [WARN] PackLoader:240 - Cannot read IP mode file for STMicroelectronics.X-CUBE-AZRTOS-H7RS.1.0.0
2025-02-04 21:15:20,188 [WARN] PackLoader:240 - Cannot read IP mode file for STMicroelectronics.FP-ATR-ASTRA1.2.0.0
2025-02-04 21:15:20,200 [ERROR] Engine:466 - C:\Users\KkangJun\.stm32cubemx\thirdparties\pdsc\STMicroelectronics.X-CUBE-TOF1.3.4.2.pdsc: PDSC version is not supported
2025-02-04 21:15:20,213 [WARN] PackLoader:240 - Cannot read IP mode file for STMicroelectronics.X-CUBE-TOF1.3.4.0
2025-02-04 21:15:20,227 [WARN] PackLoader:240 - Cannot read IP mode file for STMicroelectronics.X-CUBE-TOF1.3.4.1
2025-02-04 21:15:20,249 [WARN] PackLoader:240 - Cannot read IP mode file for STMicroelectronics.X-CUBE-AZRTOS-H7.3.2.0
2025-02-04 21:15:20,260 [WARN] PackLoader:240 - Cannot read IP mode file for wolfSSL.I-CUBE-wolfSSH.1.4.17
2025-02-04 21:15:20,260 [INFO] ThirdParty:978 - Integrity check success = true
2025-02-04 21:15:20,260 [INFO] IntegrityCheckThread:100 - exiting critical section [integrity check]
2025-02-04 21:15:20,260 [INFO] IntegrityCheckThread:103 - End integrity checks thread
2025-02-04 21:23:20,537 [ERROR] LogOutputStream:75 - [STDERR_REDIRECT] 
