2025-01-29 20:29:50,112 [INFO] Activator:176 - 


2025-01-29 20:29:50,116 [INFO] Activator:177 - !SESSION log4j initialized
2025-01-29 20:29:53,966 [INFO] LogOutputStream:77 - [STDOUT_REDIRECT] 
2025-01-29 20:30:00,062 [INFO] ApplicationProperties:184 - Using Application install path: C:\ST\STM32CubeIDE_1.13.2\STM32CubeIDE\plugins\com.st.stm32cube.common.mx_6.9.2.202309101412
2025-01-29 20:30:00,073 [INFO] DbMcusXml:78 - Set database path to: C:\ST\STM32CubeIDE_1.13.2\STM32CubeIDE\plugins\com.st.stm32cube.common.mx_6.9.2.202309101412\\db\/mcu/
2025-01-29 20:30:00,073 [INFO] ApiDb:274 - Set plugin database path to: C:\ST\STM32CubeIDE_1.13.2\STM32CubeIDE\plugins\com.st.stm32cube.common.mx_6.9.2.202309101412\\db\/plugins/boardmanager/
2025-01-29 20:30:00,073 [WARN] ApiDb:259 - Overriding images path with different value:  => C:\ST\STM32CubeIDE_1.13.2\STM32CubeIDE\plugins\com.st.stm32cube.common.mx_6.9.2.202309101412\\db\/plugins/mcufinder/images/
2025-01-29 20:30:00,079 [INFO] ApiDb:250 - Set database path to: C:\Users\KkangJun\.stmcufinder\plugins\mcufinder//mcu/
2025-01-29 20:30:00,080 [INFO] DbMcusAds:125 - Set database path to: C:\Users\KkangJun\.stmcufinder\plugins\mcufinder//mcu/
2025-01-29 20:30:00,081 [INFO] CrossReferenceDbSqlite:203 - Set database path to: C:\Users\KkangJun\.stmcufinder\plugins\mcufinder//mcu/cs/
2025-01-29 20:30:00,148 [INFO] RulesReader:64 - Compatibility file has been processed (293 Rules)
2025-01-29 20:30:00,199 [INFO] DbMcusXml:78 - Set database path to: C:\ST\STM32CubeIDE_1.13.2\STM32CubeIDE\plugins\com.st.stm32cube.common.mx_6.9.2.202309101412\\db\/mcu/
2025-01-29 20:30:00,200 [INFO] ApiDb:274 - Set plugin database path to: C:\ST\STM32CubeIDE_1.13.2\STM32CubeIDE\plugins\com.st.stm32cube.common.mx_6.9.2.202309101412\\db\/plugins/boardmanager/
2025-01-29 20:30:00,200 [INFO] ApiDb:261 - Set plugin images path to: C:\ST\STM32CubeIDE_1.13.2\STM32CubeIDE\plugins\com.st.stm32cube.common.mx_6.9.2.202309101412\\db\/plugins/mcufinder/images/
2025-01-29 20:30:00,200 [WARN] DbFile:41 - Overriding database path with different value: C:\Users\KkangJun\.stmcufinder\plugins\mcufinder/ => C:\Users\KkangJun\.stmcufinder\plugins\mcufinder
2025-01-29 20:30:00,200 [INFO] ApiDb:250 - Set database path to: C:\Users\KkangJun\.stmcufinder\plugins\mcufinder//mcu/
2025-01-29 20:30:00,200 [WARN] DbFile:41 - Overriding database path with different value: C:\Users\KkangJun\.stmcufinder\plugins\mcufinder/ => C:\Users\KkangJun\.stmcufinder\plugins\mcufinder
2025-01-29 20:30:00,200 [INFO] DbMcusAds:125 - Set database path to: C:\Users\KkangJun\.stmcufinder\plugins\mcufinder//mcu/
2025-01-29 20:30:00,200 [WARN] DbFile:41 - Overriding database path with different value: C:\Users\KkangJun\.stmcufinder\plugins\mcufinder/ => C:\Users\KkangJun\.stmcufinder\plugins\mcufinder
2025-01-29 20:30:00,200 [WARN] DbFile:41 - Overriding database path with different value: C:\Users\KkangJun\.stmcufinder\plugins\mcufinder/ => C:\Users\KkangJun\.stmcufinder\plugins\mcufinder
2025-01-29 20:30:00,200 [INFO] CrossReferenceDbSqlite:203 - Set database path to: C:\Users\KkangJun\.stmcufinder\plugins\mcufinder//mcu/cs/
2025-01-29 20:30:00,256 [INFO] MainPanel:262 - HeapMemory: 268435456
2025-01-29 20:30:00,313 [INFO] DbMcusXml:78 - Set database path to: C:\ST\STM32CubeIDE_1.13.2\STM32CubeIDE\plugins\com.st.stm32cube.common.mx_6.9.2.202309101412\\db\/mcu/
2025-01-29 20:30:00,313 [INFO] ApiDb:274 - Set plugin database path to: C:\ST\STM32CubeIDE_1.13.2\STM32CubeIDE\plugins\com.st.stm32cube.common.mx_6.9.2.202309101412\\db\/plugins/boardmanager/
2025-01-29 20:30:00,313 [INFO] ApiDb:261 - Set plugin images path to: C:\ST\STM32CubeIDE_1.13.2\STM32CubeIDE\plugins\com.st.stm32cube.common.mx_6.9.2.202309101412\\db\/plugins/mcufinder/images/
2025-01-29 20:30:00,313 [WARN] DbFile:41 - Overriding database path with different value: C:\Users\KkangJun\.stmcufinder\plugins\mcufinder/ => C:\Users\KkangJun\.stmcufinder\plugins\mcufinder
2025-01-29 20:30:00,313 [INFO] ApiDb:250 - Set database path to: C:\Users\KkangJun\.stmcufinder\plugins\mcufinder//mcu/
2025-01-29 20:30:00,313 [WARN] DbFile:41 - Overriding database path with different value: C:\Users\KkangJun\.stmcufinder\plugins\mcufinder/ => C:\Users\KkangJun\.stmcufinder\plugins\mcufinder
2025-01-29 20:30:00,313 [INFO] DbMcusAds:125 - Set database path to: C:\Users\KkangJun\.stmcufinder\plugins\mcufinder//mcu/
2025-01-29 20:30:00,313 [WARN] DbFile:41 - Overriding database path with different value: C:\Users\KkangJun\.stmcufinder\plugins\mcufinder/ => C:\Users\KkangJun\.stmcufinder\plugins\mcufinder
2025-01-29 20:30:00,313 [WARN] DbFile:41 - Overriding database path with different value: C:\Users\KkangJun\.stmcufinder\plugins\mcufinder/ => C:\Users\KkangJun\.stmcufinder\plugins\mcufinder
2025-01-29 20:30:00,313 [INFO] CrossReferenceDbSqlite:203 - Set database path to: C:\Users\KkangJun\.stmcufinder\plugins\mcufinder//mcu/cs/
2025-01-29 20:30:00,325 [INFO] ApplicationProperties:184 - Using Application install path: C:\ST\STM32CubeIDE_1.13.2\STM32CubeIDE\plugins\com.st.stm32cube.common.mx_6.9.2.202309101412
2025-01-29 20:30:00,326 [INFO] PluginManage:196 - Search for loadable plugins [exclusion list=, ]
2025-01-29 20:30:00,327 [INFO] PluginManage:310 - Check plugin analytics
2025-01-29 20:30:05,334 [INFO] AnalyticsPlugin:253 - Accepted Software Licenses: STM32CubeMX.6.12.0
2025-01-29 20:30:05,334 [INFO] AnalyticsPlugin:255 - Accepted CMSIS Pack Licenses: 
2025-01-29 20:30:05,334 [INFO] AnalyticsPlugin:257 - Accepted Firmware Licenses: FW.F4.1.27.0,FW.F4.1.28.0
2025-01-29 20:30:05,336 [INFO] PluginManage:359 - Loaded plugin analytics (category:tool,tabindex:-1)
2025-01-29 20:30:05,336 [INFO] PluginManage:310 - Check plugin cadmodel
2025-01-29 20:30:05,339 [INFO] CADModel:105 - Init CAD model plugin
2025-01-29 20:30:05,340 [INFO] PluginManage:359 - Loaded plugin cadmodel (category:power,tabindex:5)
2025-01-29 20:30:05,340 [INFO] PluginManage:310 - Check plugin clock
2025-01-29 20:30:05,346 [INFO] PluginManage:359 - Loaded plugin clock (category:base,tabindex:2)
2025-01-29 20:30:05,346 [INFO] PluginManage:310 - Check plugin ddr
2025-01-29 20:30:05,347 [INFO] PluginManage:359 - Loaded plugin ddr (category:tool,tabindex:6)
2025-01-29 20:30:05,347 [INFO] PluginManage:310 - Check plugin filemanager
2025-01-29 20:30:05,425 [INFO] PluginManage:359 - Loaded plugin filemanager (category:base,tabindex:10)
2025-01-29 20:30:05,425 [INFO] PluginManage:310 - Check plugin ipmanager
2025-01-29 20:30:05,431 [INFO] PluginManage:359 - Loaded plugin ipmanager (category:base,tabindex:5)
2025-01-29 20:30:05,431 [INFO] PluginManage:310 - Check plugin lpbam
2025-01-29 20:30:05,436 [INFO] PluginManage:359 - Loaded plugin lpbam (category:base,tabindex:0)
2025-01-29 20:30:05,436 [INFO] PluginManage:310 - Check plugin memorymap
2025-01-29 20:30:05,444 [INFO] PluginManage:359 - Loaded plugin memorymap (category:base,tabindex:4)
2025-01-29 20:30:05,444 [INFO] PluginManage:310 - Check plugin pinoutandconfiguration
2025-01-29 20:30:05,447 [INFO] PluginManage:359 - Loaded plugin pinoutandconfiguration (category:base,tabindex:1)
2025-01-29 20:30:05,448 [INFO] PluginManage:310 - Check plugin pinoutconfig
2025-01-29 20:30:05,500 [WARN] SupportedApi:132 - Cannot load RTOS API schema: s4s-elt-must-match.1: The content of 'definitions' must match (annotation?, (simpleType | complexType)?, (unique | key | keyref)*)). A problem was found starting at: attribute.
2025-01-29 20:30:05,597 [INFO] PluginManage:359 - Loaded plugin pinoutconfig (category:base,tabindex:0)
2025-01-29 20:30:05,597 [INFO] PluginManage:310 - Check plugin power
2025-01-29 20:30:05,602 [INFO] PluginManage:359 - Loaded plugin power (category:power,tabindex:4)
2025-01-29 20:30:05,603 [INFO] PluginManage:310 - Check plugin projectmanager
2025-01-29 20:30:05,612 [INFO] PluginManage:359 - Loaded plugin projectmanager (category:projectmanager,tabindex:3)
2025-01-29 20:30:05,613 [INFO] PluginManage:310 - Check plugin thirdparty
2025-01-29 20:30:05,697 [INFO] PluginManage:359 - Loaded plugin thirdparty (category:base,tabindex:-1)
2025-01-29 20:30:05,697 [INFO] PluginManage:310 - Check plugin tools
2025-01-29 20:30:05,697 [WARN] IntegrityCheckThread:84 - waiting for thirdparty lock release [integrity check]
2025-01-29 20:30:05,698 [INFO] IntegrityCheckThread:86 - entering critical section [integrity check]
2025-01-29 20:30:05,698 [INFO] ThirdPartyUpdaterWithRetryManager:70 - Updater plugin not ready yet. [1/15]
2025-01-29 20:30:05,700 [INFO] PluginManage:359 - Loaded plugin tools (category:base,tabindex:7)
2025-01-29 20:30:05,700 [INFO] PluginManage:310 - Check plugin tutovideos
2025-01-29 20:30:05,824 [INFO] PluginManage:359 - Loaded plugin tutovideos (category:base,tabindex:-1)
2025-01-29 20:30:05,824 [INFO] PluginManage:310 - Check plugin updater
2025-01-29 20:30:05,832 [INFO] PluginManage:359 - Loaded plugin updater (category:base,tabindex:12)
2025-01-29 20:30:05,832 [INFO] PluginManage:310 - Check plugin userauth
2025-01-29 20:30:05,836 [INFO] UserAuth:113 - Init User Auth plugin
2025-01-29 20:30:05,836 [INFO] PluginManage:359 - Loaded plugin userauth (category:base,tabindex:14)
2025-01-29 20:30:05,836 [INFO] PluginManage:283 - PluginManage : Loaded plugins [17]
2025-01-29 20:30:06,020 [INFO] PinOutPanel:1499 - setPackage(No Configuration,No Configuration)
2025-01-29 20:30:06,092 [INFO] CADModel:165 - CPN selected for project level
2025-01-29 20:30:06,092 [INFO] CADModel:114 - Register for checkConnection events
2025-01-29 20:30:06,103 [INFO] IPUIPlugin:80 - create IPUIPlugin
2025-01-29 20:30:06,103 [INFO] PluginManager:220 - loadIPPluginJar : add adc
2025-01-29 20:30:06,104 [INFO] IPUIPlugin:80 - create IPUIPlugin
2025-01-29 20:30:06,104 [INFO] PluginManager:220 - loadIPPluginJar : add aes
2025-01-29 20:30:06,106 [INFO] IPUIPlugin:80 - create IPUIPlugin
2025-01-29 20:30:06,106 [INFO] PluginManager:220 - loadIPPluginJar : add can
2025-01-29 20:30:06,107 [INFO] IPUIPlugin:80 - create IPUIPlugin
2025-01-29 20:30:06,107 [INFO] PluginManager:220 - loadIPPluginJar : add comp
2025-01-29 20:30:06,108 [INFO] IPUIPlugin:80 - create IPUIPlugin
2025-01-29 20:30:06,108 [INFO] PluginManager:220 - loadIPPluginJar : add cryp
2025-01-29 20:30:06,109 [INFO] IPUIPlugin:80 - create IPUIPlugin
2025-01-29 20:30:06,110 [INFO] PluginManager:220 - loadIPPluginJar : add dfsdm
2025-01-29 20:30:06,113 [INFO] IPUIPlugin:80 - create IPUIPlugin
2025-01-29 20:30:06,113 [INFO] PluginManager:220 - loadIPPluginJar : add dma
2025-01-29 20:30:06,114 [INFO] IPUIPlugin:80 - create IPUIPlugin
2025-01-29 20:30:06,114 [INFO] PluginManager:220 - loadIPPluginJar : add dma3
2025-01-29 20:30:06,115 [INFO] IPUIPlugin:80 - create IPUIPlugin
2025-01-29 20:30:06,115 [INFO] PluginManager:220 - loadIPPluginJar : add fatfs
2025-01-29 20:30:06,117 [INFO] IPUIPlugin:80 - create IPUIPlugin
2025-01-29 20:30:06,117 [INFO] PluginManager:220 - loadIPPluginJar : add fmc
2025-01-29 20:30:06,120 [INFO] IPUIPlugin:80 - create IPUIPlugin
2025-01-29 20:30:06,120 [INFO] PluginManager:220 - loadIPPluginJar : add freertos
2025-01-29 20:30:06,120 [INFO] IPUIPlugin:80 - create IPUIPlugin
2025-01-29 20:30:06,120 [INFO] PluginManager:220 - loadIPPluginJar : add genericplugin
2025-01-29 20:30:06,122 [INFO] IPUIPlugin:80 - create IPUIPlugin
2025-01-29 20:30:06,122 [INFO] PluginManager:220 - loadIPPluginJar : add gfxmmu
2025-01-29 20:30:06,125 [INFO] IPUIPlugin:80 - create IPUIPlugin
2025-01-29 20:30:06,125 [INFO] PluginManager:220 - loadIPPluginJar : add gic
2025-01-29 20:30:06,127 [INFO] IPUIPlugin:80 - create IPUIPlugin
2025-01-29 20:30:06,128 [INFO] PluginManager:220 - loadIPPluginJar : add gpio
2025-01-29 20:30:06,129 [INFO] IPUIPlugin:80 - create IPUIPlugin
2025-01-29 20:30:06,129 [INFO] PluginManager:220 - loadIPPluginJar : add gtzc
2025-01-29 20:30:06,130 [INFO] IPUIPlugin:80 - create IPUIPlugin
2025-01-29 20:30:06,130 [INFO] PluginManager:220 - loadIPPluginJar : add hash
2025-01-29 20:30:06,132 [INFO] IPUIPlugin:80 - create IPUIPlugin
2025-01-29 20:30:06,132 [INFO] PluginManager:220 - loadIPPluginJar : add i2c
2025-01-29 20:30:06,133 [INFO] IPUIPlugin:80 - create IPUIPlugin
2025-01-29 20:30:06,133 [INFO] PluginManager:220 - loadIPPluginJar : add i2s
2025-01-29 20:30:06,135 [INFO] IPUIPlugin:80 - create IPUIPlugin
2025-01-29 20:30:06,135 [INFO] PluginManager:220 - loadIPPluginJar : add i3c
2025-01-29 20:30:06,137 [INFO] IPUIPlugin:80 - create IPUIPlugin
2025-01-29 20:30:06,137 [INFO] PluginManager:220 - loadIPPluginJar : add ipddr
2025-01-29 20:30:06,143 [INFO] IPUIPlugin:80 - create IPUIPlugin
2025-01-29 20:30:06,143 [INFO] PluginManager:220 - loadIPPluginJar : add linkedlist
2025-01-29 20:30:06,145 [INFO] IPUIPlugin:80 - create IPUIPlugin
2025-01-29 20:30:06,145 [INFO] PluginManager:220 - loadIPPluginJar : add lorawan
2025-01-29 20:30:06,146 [INFO] IPUIPlugin:80 - create IPUIPlugin
2025-01-29 20:30:06,146 [INFO] PluginManager:220 - loadIPPluginJar : add ltdc
2025-01-29 20:30:06,150 [INFO] IPUIPlugin:80 - create IPUIPlugin
2025-01-29 20:30:06,150 [INFO] PluginManager:220 - loadIPPluginJar : add mdma
2025-01-29 20:30:06,152 [INFO] IPUIPlugin:80 - create IPUIPlugin
2025-01-29 20:30:06,152 [INFO] PluginManager:220 - loadIPPluginJar : add nvic
2025-01-29 20:30:06,154 [INFO] IPUIPlugin:80 - create IPUIPlugin
2025-01-29 20:30:06,154 [INFO] PluginManager:220 - loadIPPluginJar : add opamp
2025-01-29 20:30:06,156 [INFO] IPUIPlugin:80 - create IPUIPlugin
2025-01-29 20:30:06,157 [INFO] PluginManager:220 - loadIPPluginJar : add openamp
2025-01-29 20:30:06,159 [INFO] IPUIPlugin:80 - create IPUIPlugin
2025-01-29 20:30:06,159 [INFO] PluginManager:220 - loadIPPluginJar : add pdm2pcm
2025-01-29 20:30:06,163 [INFO] IPUIPlugin:80 - create IPUIPlugin
2025-01-29 20:30:06,165 [INFO] PluginManager:220 - loadIPPluginJar : add plateformsettings
2025-01-29 20:30:06,166 [INFO] IPUIPlugin:80 - create IPUIPlugin
2025-01-29 20:30:06,166 [INFO] PluginManager:220 - loadIPPluginJar : add quadspi
2025-01-29 20:30:06,167 [INFO] IPUIPlugin:80 - create IPUIPlugin
2025-01-29 20:30:06,167 [INFO] PluginManager:220 - loadIPPluginJar : add resmgrutility
2025-01-29 20:30:06,169 [INFO] IPUIPlugin:80 - create IPUIPlugin
2025-01-29 20:30:06,169 [INFO] PluginManager:220 - loadIPPluginJar : add sai
2025-01-29 20:30:06,170 [INFO] IPUIPlugin:80 - create IPUIPlugin
2025-01-29 20:30:06,170 [INFO] PluginManager:220 - loadIPPluginJar : add spi
2025-01-29 20:30:06,173 [INFO] IPUIPlugin:80 - create IPUIPlugin
2025-01-29 20:30:06,173 [INFO] PluginManager:220 - loadIPPluginJar : add stm32_wpan
2025-01-29 20:30:06,174 [INFO] IPUIPlugin:80 - create IPUIPlugin
2025-01-29 20:30:06,174 [INFO] PluginManager:220 - loadIPPluginJar : add tim
2025-01-29 20:30:06,176 [INFO] IPUIPlugin:80 - create IPUIPlugin
2025-01-29 20:30:06,176 [INFO] PluginManager:220 - loadIPPluginJar : add touchsensing
2025-01-29 20:30:06,177 [INFO] IPUIPlugin:80 - create IPUIPlugin
2025-01-29 20:30:06,177 [INFO] PluginManager:220 - loadIPPluginJar : add tracer_emb
2025-01-29 20:30:06,178 [INFO] IPUIPlugin:80 - create IPUIPlugin
2025-01-29 20:30:06,178 [INFO] PluginManager:220 - loadIPPluginJar : add ts
2025-01-29 20:30:06,179 [INFO] IPUIPlugin:80 - create IPUIPlugin
2025-01-29 20:30:06,179 [INFO] PluginManager:220 - loadIPPluginJar : add tsc
2025-01-29 20:30:06,180 [INFO] IPUIPlugin:80 - create IPUIPlugin
2025-01-29 20:30:06,180 [INFO] PluginManager:220 - loadIPPluginJar : add ucpd
2025-01-29 20:30:06,181 [INFO] IPUIPlugin:80 - create IPUIPlugin
2025-01-29 20:30:06,181 [INFO] PluginManager:220 - loadIPPluginJar : add usart
2025-01-29 20:30:06,183 [INFO] IPUIPlugin:80 - create IPUIPlugin
2025-01-29 20:30:06,183 [INFO] PluginManager:220 - loadIPPluginJar : add usbx
2025-01-29 20:30:06,290 [INFO] CADModel:165 - CPN selected for project level
2025-01-29 20:30:06,290 [INFO] CADModel:114 - Register for checkConnection events
2025-01-29 20:30:06,290 [FATAL] Updater:308 - Updater called before beeing initialized
2025-01-29 20:30:06,290 [ERROR] CADModel:125 - Updater not yet initialized, retry later 
2025-01-29 20:30:06,381 [INFO] CADModel:165 - CPN selected for project level
2025-01-29 20:30:06,381 [INFO] CADModel:114 - Register for checkConnection events
2025-01-29 20:30:06,381 [FATAL] Updater:308 - Updater called before beeing initialized
2025-01-29 20:30:06,381 [ERROR] CADModel:125 - Updater not yet initialized, retry later 
2025-01-29 20:30:06,383 [FATAL] Updater:308 - Updater called before beeing initialized
2025-01-29 20:30:06,457 [FATAL] Updater:308 - Updater called before beeing initialized
2025-01-29 20:30:06,461 [INFO] DbMcusAds:53 - JSON generation date=Wed Dec 18 01:01:15 KST 2024 (1734451275222)
2025-01-29 20:30:06,461 [FATAL] Updater:308 - Updater called before beeing initialized
2025-01-29 20:30:06,485 [WARN] DetailPanel:346 - Failed to get advertising image, set to default
2025-01-29 20:30:06,559 [FATAL] Updater:308 - Updater called before beeing initialized
2025-01-29 20:30:06,560 [FATAL] Updater:308 - Updater called before beeing initialized
2025-01-29 20:30:06,560 [FATAL] Updater:308 - Updater called before beeing initialized
2025-01-29 20:30:06,560 [WARN] DetailPanel:346 - Failed to get advertising image, set to default
2025-01-29 20:30:06,561 [FATAL] Updater:308 - Updater called before beeing initialized
2025-01-29 20:30:06,589 [ERROR] Updater:1120 - MainUpdater not yet initialized. External WinMGr cannot be set.
2025-01-29 20:30:06,590 [INFO] Updater:1056 - Updater Version found : 6.9.2
2025-01-29 20:30:06,604 [INFO] ApplicationProperties:184 - Using Application install path: C:\ST\STM32CubeIDE_1.13.2\STM32CubeIDE\plugins\com.st.stm32cube.common.mx_6.9.2.202309101412
2025-01-29 20:30:06,830 [INFO] MainUpdater:2868 - connection check result : 10
2025-01-29 20:30:06,830 [INFO] MainUpdater:285 - Updater Check For Update Now.
2025-01-29 20:30:06,830 [INFO] MicroXplorer:498 - Change Database Version : DB.6.0.92
2025-01-29 20:30:06,834 [INFO] McuFinderGlobals:63 - Set McuFinder mode to 2 (CubeIDE integrated)
2025-01-29 20:30:06,997 [INFO] CheckServerUpdateThread:120 - End of CheckServer Thread
2025-01-29 20:30:07,293 [ERROR] LogOutputStream:75 - [STDERR_REDIRECT] Jan 29, 2025 8:30:07 PM org.glassfish.grizzly.http.server.NetworkListener start
2025-01-29 20:30:07,294 [ERROR] LogOutputStream:75 - [STDERR_REDIRECT] INFO: Started listener bound to [localhost:1594]
2025-01-29 20:30:07,294 [ERROR] LogOutputStream:75 - [STDERR_REDIRECT] 
2025-01-29 20:30:07,295 [ERROR] LogOutputStream:75 - [STDERR_REDIRECT] Jan 29, 2025 8:30:07 PM org.glassfish.grizzly.http.server.HttpServer start
2025-01-29 20:30:07,295 [ERROR] LogOutputStream:75 - [STDERR_REDIRECT] INFO: [HttpServer] Started.
2025-01-29 20:30:07,295 [ERROR] LogOutputStream:75 - [STDERR_REDIRECT] 
2025-01-29 20:30:08,818 [WARN] PackLoader:240 - Cannot read IP mode file for STMicroelectronics.FP-SNS-MOTENVWB1.1.4.0
2025-01-29 20:30:08,822 [WARN] PackLoader:240 - Cannot read IP mode file for STMicroelectronics.FP-ATR-ASTRA1.2.0.1
2025-01-29 20:30:08,826 [WARN] PackLoader:240 - Cannot read IP mode file for STMicroelectronics.X-CUBE-SMBUS.2.1.0
2025-01-29 20:30:08,835 [WARN] PackLoader:240 - Cannot read IP mode file for STMicroelectronics.X-CUBE-WB05N.1.1.0
2025-01-29 20:30:08,838 [WARN] PackLoader:240 - Cannot read IP mode file for STMicroelectronics.X-CUBE-TOUCHGFX.4.23.0
2025-01-29 20:30:08,840 [WARN] PackLoader:240 - Cannot read IP mode file for STMicroelectronics.X-CUBE-TOUCHGFX.4.23.2
2025-01-29 20:30:08,859 [WARN] PackLoader:240 - Cannot read IP mode file for STMicroelectronics.X-CUBE-AZRTOS-F7.1.1.0
2025-01-29 20:30:08,864 [WARN] PackLoader:240 - Cannot read IP mode file for STMicroelectronics.FP-SNS-MOTENV1.4.3.2
2025-01-29 20:30:08,891 [WARN] PackLoader:240 - Cannot read IP mode file for STMicroelectronics.X-CUBE-MEMS1.11.0.0
2025-01-29 20:30:08,970 [WARN] PackLoader:240 - Cannot read IP mode file for STMicroelectronics.FP-SNS-FLIGHT1.5.0.2
2025-01-29 20:30:08,975 [WARN] PackLoader:240 - Cannot read IP mode file for STMicroelectronics.X-CUBE-DISPLAY.3.0.0
2025-01-29 20:30:08,980 [WARN] PackLoader:240 - Cannot read IP mode file for STMicroelectronics.X-CUBE-BLE1.7.0.0
2025-01-29 20:30:08,984 [WARN] PackLoader:240 - Cannot read IP mode file for STMicroelectronics.X-CUBE-NFC10.1.0.0
2025-01-29 20:30:08,987 [ERROR] Engine:466 - C:\Users\KkangJun\.stm32cubemx\thirdparties\pdsc\STMicroelectronics.X-CUBE-BLEMGR.4.0.0.pdsc: PDSC version is not supported
2025-01-29 20:30:08,991 [WARN] PackLoader:240 - Cannot read IP mode file for emotas.I-CUBE-CANOPEN.1.3.0
2025-01-29 20:30:08,997 [WARN] PackLoader:240 - Cannot read IP mode file for STMicroelectronics.X-CUBE-BLEMGR.3.1.0
2025-01-29 20:30:09,000 [WARN] PackLoader:240 - Cannot read IP mode file for STMicroelectronics.X-CUBE-AI.10.0.0
2025-01-29 20:30:09,003 [WARN] PackLoader:240 - Cannot read IP mode file for STMicroelectronics.FP-SNS-SMARTAG2.1.2.0
2025-01-29 20:30:09,029 [WARN] PackLoader:240 - Cannot read IP mode file for STMicroelectronics.X-CUBE-MEMS1.11.1.0
2025-01-29 20:30:09,104 [INFO] LogOutputStream:77 - [STDOUT_REDIRECT] 1 : Invalid condition id : UX_CORESTACK_Condition cause : null
2025-01-29 20:30:09,104 [INFO] LogOutputStream:77 - [STDOUT_REDIRECT] 1 : Invalid condition id : UX_CORESTACK_Condition cause : null
2025-01-29 20:30:09,105 [INFO] LogOutputStream:77 - [STDOUT_REDIRECT] 1 : Invalid condition id : UX_CORESTACK_Condition cause : null
2025-01-29 20:30:09,106 [INFO] LogOutputStream:77 - [STDOUT_REDIRECT] 1 : Invalid condition id : UX_CORESTACK_Condition cause : null
2025-01-29 20:30:09,107 [INFO] LogOutputStream:77 - [STDOUT_REDIRECT] 1 : Invalid condition id : UX_CORESTACK_Condition cause : null
2025-01-29 20:30:09,108 [WARN] PackLoader:240 - Cannot read IP mode file for STMicroelectronics.X-CUBE-AZRTOS-WL.2.0.0
2025-01-29 20:30:09,111 [WARN] PackLoader:240 - Cannot read IP mode file for STMicroelectronics.FP-SNS-MOTENV1.5.0.0
2025-01-29 20:30:09,114 [WARN] PackLoader:240 - Cannot read IP mode file for wolfSSL.I-CUBE-wolfMQTT.1.19.0
2025-01-29 20:30:09,118 [WARN] PackLoader:240 - Cannot read IP mode file for WES.I-CUBE-Cesium.1.3.0
2025-01-29 20:30:09,121 [WARN] PackLoader:240 - Cannot read IP mode file for STMicroelectronics.X-CUBE-BLE2.3.3.0
2025-01-29 20:30:09,126 [WARN] PackLoader:240 - Cannot read IP mode file for STMicroelectronics.X-CUBE-NFC9.1.0.0
2025-01-29 20:30:09,130 [WARN] PackLoader:240 - Cannot read IP mode file for STMicroelectronics.X-CUBE-TCPP.4.1.0
2025-01-29 20:30:09,134 [WARN] PackLoader:240 - Cannot read IP mode file for STMicroelectronics.X-CUBE-ALGOBUILD.1.3.0
2025-01-29 20:30:09,143 [WARN] PackLoader:240 - Cannot read IP mode file for STMicroelectronics.X-CUBE-AZRTOS-G0.1.1.0
2025-01-29 20:30:09,147 [WARN] PackLoader:240 - Cannot read IP mode file for STMicroelectronics.X-CUBE-SAFEA1.1.2.2
2025-01-29 20:30:09,151 [WARN] PackLoader:240 - Cannot read IP mode file for STMicroelectronics.X-CUBE-NFC4.3.0.0
2025-01-29 20:30:09,153 [ERROR] Engine:466 - C:\Users\KkangJun\.stm32cubemx\thirdparties\pdsc\EmbeddedOffice.I-CUBE-FS-RTOS.1.0.1.pdsc: PDSC version is not supported
2025-01-29 20:30:09,159 [WARN] PackLoader:240 - Cannot read IP mode file for STMicroelectronics.X-CUBE-BLEMGR.3.0.0
2025-01-29 20:30:09,162 [ERROR] Engine:466 - C:\Users\KkangJun\.stm32cubemx\thirdparties\pdsc\STMicroelectronics.X-CUBE-TCPP.4.2.0.pdsc: PDSC version is not supported
2025-01-29 20:30:09,164 [ERROR] Engine:466 - C:\Users\KkangJun\.stm32cubemx\thirdparties\pdsc\RealThread.X-CUBE-RT-Thread_Nano.4.1.1.pdsc: PDSC version is not supported
2025-01-29 20:30:09,168 [WARN] PackLoader:240 - Cannot read IP mode file for STMicroelectronics.FP-ATR-SIGFOX1.3.2.0
2025-01-29 20:30:09,169 [ERROR] Engine:466 - C:\Users\KkangJun\.stm32cubemx\thirdparties\pdsc\quantropi.X-CUBE-qispace-sdk-base.1.9.3.pdsc: PDSC version is not supported
2025-01-29 20:30:09,173 [WARN] PackLoader:240 - Cannot read IP mode file for STMicroelectronics.X-CUBE-EEPRMA1.5.1.0
2025-01-29 20:30:09,194 [WARN] PackLoader:240 - Cannot read IP mode file for SEGGER.I-CUBE-embOS.1.3.1
2025-01-29 20:30:09,228 [WARN] PackLoader:240 - Cannot read IP mode file for STMicroelectronics.X-CUBE-ALGOBUILD.1.4.0
2025-01-29 20:30:09,232 [WARN] PackLoader:240 - Cannot read IP mode file for STMicroelectronics.X-CUBE-AI.9.1.0
2025-01-29 20:30:09,237 [WARN] PackLoader:240 - Cannot read IP mode file for STMicroelectronics.X-CUBE-GNSS1.6.0.0
2025-01-29 20:30:09,253 [WARN] PackLoader:240 - Cannot read IP mode file for STMicroelectronics.X-CUBE-AZRTOS-F4.1.1.0
2025-01-29 20:30:09,259 [WARN] PackLoader:240 - Cannot read IP mode file for STMicroelectronics.X-CUBE-ISPU.2.1.0
2025-01-29 20:30:09,263 [WARN] PackLoader:240 - Cannot read IP mode file for STMicroelectronics.X-CUBE-FREERTOS.1.2.0
2025-01-29 20:30:09,267 [WARN] PackLoader:240 - Cannot read IP mode file for wolfSSL.I-CUBE-wolfSSL.5.6.6
2025-01-29 20:30:09,281 [WARN] PackLoader:240 - Cannot read IP mode file for STMicroelectronics.X-CUBE-AZRTOS-L5.2.0.0
2025-01-29 20:30:09,285 [WARN] PackLoader:240 - Cannot read IP mode file for STMicroelectronics.X-CUBE-EEPRMA1.4.2.0
2025-01-29 20:30:09,291 [WARN] PackLoader:240 - Cannot read IP mode file for STMicroelectronics.X-CUBE-NFC6.3.1.0
2025-01-29 20:30:09,295 [WARN] PackLoader:240 - Cannot read IP mode file for ITTIA_DB.I-CUBE-ITTIADB.8.8.0
2025-01-29 20:30:09,297 [ERROR] Engine:466 - C:\Users\KkangJun\.stm32cubemx\thirdparties\pdsc\STMicroelectronics.X-CUBE-DPower.1.2.0.pdsc: PDSC version is not supported
2025-01-29 20:30:09,299 [WARN] PackLoader:240 - Cannot read IP mode file for STMicroelectronics.X-CUBE-AI.9.0.0
2025-01-29 20:30:09,302 [WARN] PackLoader:240 - Cannot read IP mode file for STMicroelectronics.X-CUBE-FREERTOS.1.3.0
2025-01-29 20:30:09,306 [WARN] PackLoader:240 - Cannot read IP mode file for STMicroelectronics.X-CUBE-NFC7.1.0.1
2025-01-29 20:30:09,310 [WARN] PackLoader:240 - Cannot read IP mode file for wolfSSL.I-CUBE-wolfTPM.3.2.0
2025-01-29 20:30:09,317 [WARN] PackLoader:240 - Cannot read IP mode file for STMicroelectronics.X-CUBE-NFC6.3.0.0
2025-01-29 20:30:09,321 [WARN] PackLoader:240 - Cannot read IP mode file for STMicroelectronics.X-CUBE-AI.8.1.0
2025-01-29 20:30:09,331 [WARN] ConditionMgr:438 - getConditionDescription Invalid condition id : LAN8742 Phy interface Condition cause : null
2025-01-29 20:30:09,332 [WARN] PackLoader:240 - Cannot read IP mode file for STMicroelectronics.X-CUBE-AZRTOS-L4.2.0.0
2025-01-29 20:30:09,333 [WARN] ConditionMgr:1039 - genDependencies : Invalid condition id : LAN8742 Phy interface Condition cause : null
2025-01-29 20:30:09,333 [WARN] ConditionMgr:1039 - genDependencies : Invalid condition id : LAN8742 Phy interface Condition cause : null
2025-01-29 20:30:09,333 [WARN] ConditionMgr:1039 - genDependencies : Invalid condition id : LAN8742 Phy interface Condition cause : null
2025-01-29 20:30:09,338 [WARN] PackLoader:240 - Cannot read IP mode file for STMicroelectronics.X-CUBE-SFXS2LP1.4.0.0
2025-01-29 20:30:09,355 [WARN] PackLoader:240 - Cannot read IP mode file for STMicroelectronics.X-CUBE-AZRTOS-H7.3.3.0
2025-01-29 20:30:09,361 [ERROR] Engine:466 - C:\Users\KkangJun\.stm32cubemx\thirdparties\pdsc\STMicroelectronics.X-CUBE-IPS.3.0.0.pdsc: PDSC version is not supported
2025-01-29 20:30:09,371 [WARN] ConditionMgr:438 - getConditionDescription Invalid condition id : UX DEVICE CLASS RTOS Condition cause : null
2025-01-29 20:30:09,372 [WARN] ConditionMgr:438 - getConditionDescription Invalid condition id : UX DEVICE CLASS RTOS Condition cause : null
2025-01-29 20:30:09,374 [WARN] PackLoader:240 - Cannot read IP mode file for STMicroelectronics.X-CUBE-AZRTOS-WB.2.0.0
2025-01-29 20:30:09,374 [WARN] ConditionMgr:1039 - genDependencies : Invalid condition id : UX DEVICE CLASS RTOS Condition cause : null
2025-01-29 20:30:09,374 [WARN] ConditionMgr:1039 - genDependencies : Invalid condition id : UX DEVICE CLASS RTOS Condition cause : null
2025-01-29 20:30:09,375 [WARN] ConditionMgr:1039 - genDependencies : Invalid condition id : UX DEVICE CLASS RTOS Condition cause : null
2025-01-29 20:30:09,375 [WARN] ConditionMgr:1039 - genDependencies : Invalid condition id : UX DEVICE CLASS RTOS Condition cause : null
2025-01-29 20:30:09,375 [WARN] ConditionMgr:1039 - genDependencies : Invalid condition id : UX DEVICE CLASS RTOS Condition cause : null
2025-01-29 20:30:09,379 [WARN] PackLoader:240 - Cannot read IP mode file for STMicroelectronics.X-CUBE-GNSS1.7.0.0
2025-01-29 20:30:09,385 [WARN] PackLoader:240 - Cannot read IP mode file for STMicroelectronics.X-CUBE-GNSS1.7.0.1
2025-01-29 20:30:09,387 [ERROR] Engine:466 - C:\Users\KkangJun\.stm32cubemx\thirdparties\pdsc\STMicroelectronics.FP-SNS-STBOX1.2.0.0.pdsc: PDSC version is not supported
2025-01-29 20:30:09,393 [WARN] PackLoader:240 - Cannot read IP mode file for STMicroelectronics.X-CUBE-SUBG2.5.0.0
2025-01-29 20:30:09,399 [WARN] PackLoader:240 - Cannot read IP mode file for Cesanta.I-CUBE-Mongoose.7.13.0
2025-01-29 20:30:09,406 [WARN] PackLoader:240 - Cannot read IP mode file for STMicroelectronics.X-CUBE-AZRTOS-G4.2.0.0
2025-01-29 20:30:09,415 [WARN] PackLoader:240 - Cannot read IP mode file for Infineon.AIROC-Wi-Fi-Bluetooth-STM32.1.5.1
2025-01-29 20:30:09,419 [WARN] PackLoader:240 - Cannot read IP mode file for STMicroelectronics.FP-SNS-MOTENVWB1.1.3.1
2025-01-29 20:30:09,422 [WARN] PackLoader:240 - Cannot read IP mode file for STMicroelectronics.X-CUBE-ISPU.2.0.0
2025-01-29 20:30:09,426 [ERROR] Engine:466 - C:\Users\KkangJun\.stm32cubemx\thirdparties\pdsc\STMicroelectronics.X-CUBE-IPS.3.1.0.pdsc: PDSC version is not supported
2025-01-29 20:30:09,429 [WARN] PackLoader:240 - Cannot read IP mode file for STMicroelectronics.X-CUBE-ALS.1.0.2
2025-01-29 20:30:09,454 [WARN] PackLoader:240 - Cannot read IP mode file for STMicroelectronics.X-CUBE-MEMS1.10.0.0
2025-01-29 20:30:09,529 [WARN] PackLoader:240 - Cannot read IP mode file for STMicroelectronics.X-CUBE-FREERTOS.1.1.0
2025-01-29 20:30:09,532 [WARN] PackLoader:240 - Cannot read IP mode file for STMicroelectronics.X-CUBE-TOUCHGFX.4.24.0
2025-01-29 20:30:09,535 [WARN] PackLoader:240 - Cannot read IP mode file for STMicroelectronics.X-CUBE-TOUCHGFX.4.24.2
2025-01-29 20:30:09,537 [WARN] PackLoader:240 - Cannot read IP mode file for STMicroelectronics.X-CUBE-TOUCHGFX.4.24.1
2025-01-29 20:30:09,541 [WARN] PackLoader:240 - Cannot read IP mode file for portGmbH.I-Cube-SoM-uGOAL.1.1.0
2025-01-29 20:30:09,544 [WARN] PackLoader:240 - Cannot read IP mode file for STMicroelectronics.X-CUBE-ALS.1.0.1
2025-01-29 20:30:09,553 [WARN] PackLoader:240 - Cannot read IP mode file for STMicroelectronics.X-CUBE-AZRTOS-H7RS.1.0.0
2025-01-29 20:30:09,557 [WARN] PackLoader:240 - Cannot read IP mode file for STMicroelectronics.FP-ATR-ASTRA1.2.0.0
2025-01-29 20:30:09,560 [ERROR] Engine:466 - C:\Users\KkangJun\.stm32cubemx\thirdparties\pdsc\STMicroelectronics.X-CUBE-TOF1.3.4.2.pdsc: PDSC version is not supported
2025-01-29 20:30:09,565 [WARN] PackLoader:240 - Cannot read IP mode file for STMicroelectronics.X-CUBE-TOF1.3.4.0
2025-01-29 20:30:09,579 [WARN] PackLoader:240 - Cannot read IP mode file for STMicroelectronics.X-CUBE-TOF1.3.4.1
2025-01-29 20:30:09,594 [WARN] PackLoader:240 - Cannot read IP mode file for STMicroelectronics.X-CUBE-AZRTOS-H7.3.2.0
2025-01-29 20:30:09,598 [WARN] PackLoader:240 - Cannot read IP mode file for wolfSSL.I-CUBE-wolfSSH.1.4.17
2025-01-29 20:30:09,599 [INFO] ThirdParty:978 - Integrity check success = true
2025-01-29 20:30:09,599 [INFO] IntegrityCheckThread:100 - exiting critical section [integrity check]
2025-01-29 20:30:09,599 [INFO] IntegrityCheckThread:103 - End integrity checks thread
2025-01-29 23:00:26,626 [ERROR] LogOutputStream:75 - [STDERR_REDIRECT] 
