2024-12-27 14:11:38,908 [INFO] Activator:176 - 


2024-12-27 14:11:38,912 [INFO] Activator:177 - !SESSION log4j initialized
2024-12-27 14:11:42,349 [INFO] LogOutputStream:77 - [STDOUT_REDIRECT] 
2024-12-27 14:11:48,411 [INFO] ApplicationProperties:184 - Using Application install path: C:\ST\STM32CubeIDE_1.13.2\STM32CubeIDE\plugins\com.st.stm32cube.common.mx_6.9.2.202309101412
2024-12-27 14:11:48,431 [INFO] DbMcusXml:78 - Set database path to: C:\ST\STM32CubeIDE_1.13.2\STM32CubeIDE\plugins\com.st.stm32cube.common.mx_6.9.2.202309101412\\db\/mcu/
2024-12-27 14:11:48,431 [INFO] ApiDb:274 - Set plugin database path to: C:\ST\STM32CubeIDE_1.13.2\STM32CubeIDE\plugins\com.st.stm32cube.common.mx_6.9.2.202309101412\\db\/plugins/boardmanager/
2024-12-27 14:11:48,431 [WARN] ApiDb:259 - Overriding images path with different value:  => C:\ST\STM32CubeIDE_1.13.2\STM32CubeIDE\plugins\com.st.stm32cube.common.mx_6.9.2.202309101412\\db\/plugins/mcufinder/images/
2024-12-27 14:11:48,449 [INFO] ApiDb:250 - Set database path to: C:\Users\KkangJun\.stmcufinder\plugins\mcufinder//mcu/
2024-12-27 14:11:48,450 [INFO] DbMcusAds:125 - Set database path to: C:\Users\KkangJun\.stmcufinder\plugins\mcufinder//mcu/
2024-12-27 14:11:48,451 [INFO] CrossReferenceDbSqlite:203 - Set database path to: C:\Users\KkangJun\.stmcufinder\plugins\mcufinder//mcu/cs/
2024-12-27 14:11:48,530 [INFO] RulesReader:64 - Compatibility file has been processed (293 Rules)
2024-12-27 14:11:48,583 [INFO] DbMcusXml:78 - Set database path to: C:\ST\STM32CubeIDE_1.13.2\STM32CubeIDE\plugins\com.st.stm32cube.common.mx_6.9.2.202309101412\\db\/mcu/
2024-12-27 14:11:48,583 [INFO] ApiDb:274 - Set plugin database path to: C:\ST\STM32CubeIDE_1.13.2\STM32CubeIDE\plugins\com.st.stm32cube.common.mx_6.9.2.202309101412\\db\/plugins/boardmanager/
2024-12-27 14:11:48,583 [INFO] ApiDb:261 - Set plugin images path to: C:\ST\STM32CubeIDE_1.13.2\STM32CubeIDE\plugins\com.st.stm32cube.common.mx_6.9.2.202309101412\\db\/plugins/mcufinder/images/
2024-12-27 14:11:48,583 [WARN] DbFile:41 - Overriding database path with different value: C:\Users\KkangJun\.stmcufinder\plugins\mcufinder/ => C:\Users\KkangJun\.stmcufinder\plugins\mcufinder
2024-12-27 14:11:48,584 [INFO] ApiDb:250 - Set database path to: C:\Users\KkangJun\.stmcufinder\plugins\mcufinder//mcu/
2024-12-27 14:11:48,584 [WARN] DbFile:41 - Overriding database path with different value: C:\Users\KkangJun\.stmcufinder\plugins\mcufinder/ => C:\Users\KkangJun\.stmcufinder\plugins\mcufinder
2024-12-27 14:11:48,584 [INFO] DbMcusAds:125 - Set database path to: C:\Users\KkangJun\.stmcufinder\plugins\mcufinder//mcu/
2024-12-27 14:11:48,584 [WARN] DbFile:41 - Overriding database path with different value: C:\Users\KkangJun\.stmcufinder\plugins\mcufinder/ => C:\Users\KkangJun\.stmcufinder\plugins\mcufinder
2024-12-27 14:11:48,584 [WARN] DbFile:41 - Overriding database path with different value: C:\Users\KkangJun\.stmcufinder\plugins\mcufinder/ => C:\Users\KkangJun\.stmcufinder\plugins\mcufinder
2024-12-27 14:11:48,584 [INFO] CrossReferenceDbSqlite:203 - Set database path to: C:\Users\KkangJun\.stmcufinder\plugins\mcufinder//mcu/cs/
2024-12-27 14:11:48,649 [INFO] MainPanel:262 - HeapMemory: 268435456
2024-12-27 14:11:48,742 [INFO] DbMcusXml:78 - Set database path to: C:\ST\STM32CubeIDE_1.13.2\STM32CubeIDE\plugins\com.st.stm32cube.common.mx_6.9.2.202309101412\\db\/mcu/
2024-12-27 14:11:48,743 [INFO] ApiDb:274 - Set plugin database path to: C:\ST\STM32CubeIDE_1.13.2\STM32CubeIDE\plugins\com.st.stm32cube.common.mx_6.9.2.202309101412\\db\/plugins/boardmanager/
2024-12-27 14:11:48,743 [INFO] ApiDb:261 - Set plugin images path to: C:\ST\STM32CubeIDE_1.13.2\STM32CubeIDE\plugins\com.st.stm32cube.common.mx_6.9.2.202309101412\\db\/plugins/mcufinder/images/
2024-12-27 14:11:48,743 [WARN] DbFile:41 - Overriding database path with different value: C:\Users\KkangJun\.stmcufinder\plugins\mcufinder/ => C:\Users\KkangJun\.stmcufinder\plugins\mcufinder
2024-12-27 14:11:48,743 [INFO] ApiDb:250 - Set database path to: C:\Users\KkangJun\.stmcufinder\plugins\mcufinder//mcu/
2024-12-27 14:11:48,743 [WARN] DbFile:41 - Overriding database path with different value: C:\Users\KkangJun\.stmcufinder\plugins\mcufinder/ => C:\Users\KkangJun\.stmcufinder\plugins\mcufinder
2024-12-27 14:11:48,743 [INFO] DbMcusAds:125 - Set database path to: C:\Users\KkangJun\.stmcufinder\plugins\mcufinder//mcu/
2024-12-27 14:11:48,743 [WARN] DbFile:41 - Overriding database path with different value: C:\Users\KkangJun\.stmcufinder\plugins\mcufinder/ => C:\Users\KkangJun\.stmcufinder\plugins\mcufinder
2024-12-27 14:11:48,743 [WARN] DbFile:41 - Overriding database path with different value: C:\Users\KkangJun\.stmcufinder\plugins\mcufinder/ => C:\Users\KkangJun\.stmcufinder\plugins\mcufinder
2024-12-27 14:11:48,743 [INFO] CrossReferenceDbSqlite:203 - Set database path to: C:\Users\KkangJun\.stmcufinder\plugins\mcufinder//mcu/cs/
2024-12-27 14:11:48,759 [INFO] ApplicationProperties:184 - Using Application install path: C:\ST\STM32CubeIDE_1.13.2\STM32CubeIDE\plugins\com.st.stm32cube.common.mx_6.9.2.202309101412
2024-12-27 14:11:48,760 [INFO] PluginManage:196 - Search for loadable plugins [exclusion list=, ]
2024-12-27 14:11:48,761 [INFO] PluginManage:310 - Check plugin analytics
2024-12-27 14:11:53,829 [INFO] AnalyticsPlugin:253 - Accepted Software Licenses: STM32CubeMX.6.12.0
2024-12-27 14:11:53,829 [INFO] AnalyticsPlugin:255 - Accepted CMSIS Pack Licenses: 
2024-12-27 14:11:53,831 [INFO] AnalyticsPlugin:257 - Accepted Firmware Licenses: FW.F4.1.27.0,FW.F4.1.28.0
2024-12-27 14:11:53,832 [INFO] PluginManage:359 - Loaded plugin analytics (category:tool,tabindex:-1)
2024-12-27 14:11:53,832 [INFO] PluginManage:310 - Check plugin cadmodel
2024-12-27 14:11:53,838 [INFO] CADModel:105 - Init CAD model plugin
2024-12-27 14:11:53,838 [INFO] PluginManage:359 - Loaded plugin cadmodel (category:power,tabindex:5)
2024-12-27 14:11:53,838 [INFO] PluginManage:310 - Check plugin clock
2024-12-27 14:11:53,848 [INFO] PluginManage:359 - Loaded plugin clock (category:base,tabindex:2)
2024-12-27 14:11:53,848 [INFO] PluginManage:310 - Check plugin ddr
2024-12-27 14:11:53,851 [INFO] PluginManage:359 - Loaded plugin ddr (category:tool,tabindex:6)
2024-12-27 14:11:53,851 [INFO] PluginManage:310 - Check plugin filemanager
2024-12-27 14:11:53,953 [INFO] PluginManage:359 - Loaded plugin filemanager (category:base,tabindex:10)
2024-12-27 14:11:53,953 [INFO] PluginManage:310 - Check plugin ipmanager
2024-12-27 14:11:53,959 [INFO] PluginManage:359 - Loaded plugin ipmanager (category:base,tabindex:5)
2024-12-27 14:11:53,959 [INFO] PluginManage:310 - Check plugin lpbam
2024-12-27 14:11:53,967 [INFO] PluginManage:359 - Loaded plugin lpbam (category:base,tabindex:0)
2024-12-27 14:11:53,967 [INFO] PluginManage:310 - Check plugin memorymap
2024-12-27 14:11:53,978 [INFO] PluginManage:359 - Loaded plugin memorymap (category:base,tabindex:4)
2024-12-27 14:11:53,978 [INFO] PluginManage:310 - Check plugin pinoutandconfiguration
2024-12-27 14:11:53,985 [INFO] PluginManage:359 - Loaded plugin pinoutandconfiguration (category:base,tabindex:1)
2024-12-27 14:11:53,985 [INFO] PluginManage:310 - Check plugin pinoutconfig
2024-12-27 14:11:54,048 [WARN] SupportedApi:132 - Cannot load RTOS API schema: s4s-elt-must-match.1: The content of 'definitions' must match (annotation?, (simpleType | complexType)?, (unique | key | keyref)*)). A problem was found starting at: attribute.
2024-12-27 14:11:54,164 [INFO] PluginManage:359 - Loaded plugin pinoutconfig (category:base,tabindex:0)
2024-12-27 14:11:54,164 [INFO] PluginManage:310 - Check plugin power
2024-12-27 14:11:54,176 [INFO] PluginManage:359 - Loaded plugin power (category:power,tabindex:4)
2024-12-27 14:11:54,176 [INFO] PluginManage:310 - Check plugin projectmanager
2024-12-27 14:11:54,187 [INFO] PluginManage:359 - Loaded plugin projectmanager (category:projectmanager,tabindex:3)
2024-12-27 14:11:54,187 [INFO] PluginManage:310 - Check plugin thirdparty
2024-12-27 14:11:54,306 [INFO] PluginManage:359 - Loaded plugin thirdparty (category:base,tabindex:-1)
2024-12-27 14:11:54,306 [INFO] PluginManage:310 - Check plugin tools
2024-12-27 14:11:54,306 [WARN] IntegrityCheckThread:84 - waiting for thirdparty lock release [integrity check]
2024-12-27 14:11:54,306 [INFO] IntegrityCheckThread:86 - entering critical section [integrity check]
2024-12-27 14:11:54,306 [INFO] ThirdPartyUpdaterWithRetryManager:70 - Updater plugin not ready yet. [1/15]
2024-12-27 14:11:54,309 [INFO] PluginManage:359 - Loaded plugin tools (category:base,tabindex:7)
2024-12-27 14:11:54,309 [INFO] PluginManage:310 - Check plugin tutovideos
2024-12-27 14:11:54,460 [INFO] PluginManage:359 - Loaded plugin tutovideos (category:base,tabindex:-1)
2024-12-27 14:11:54,461 [INFO] PluginManage:310 - Check plugin updater
2024-12-27 14:11:54,470 [INFO] PluginManage:359 - Loaded plugin updater (category:base,tabindex:12)
2024-12-27 14:11:54,470 [INFO] PluginManage:310 - Check plugin userauth
2024-12-27 14:11:54,476 [INFO] UserAuth:113 - Init User Auth plugin
2024-12-27 14:11:54,476 [INFO] PluginManage:359 - Loaded plugin userauth (category:base,tabindex:14)
2024-12-27 14:11:54,476 [INFO] PluginManage:283 - PluginManage : Loaded plugins [17]
2024-12-27 14:11:54,663 [INFO] PinOutPanel:1499 - setPackage(No Configuration,No Configuration)
2024-12-27 14:11:54,757 [INFO] CADModel:165 - CPN selected for project level
2024-12-27 14:11:54,757 [INFO] CADModel:114 - Register for checkConnection events
2024-12-27 14:11:54,772 [INFO] IPUIPlugin:80 - create IPUIPlugin
2024-12-27 14:11:54,772 [INFO] PluginManager:220 - loadIPPluginJar : add adc
2024-12-27 14:11:54,775 [INFO] IPUIPlugin:80 - create IPUIPlugin
2024-12-27 14:11:54,775 [INFO] PluginManager:220 - loadIPPluginJar : add aes
2024-12-27 14:11:54,777 [INFO] IPUIPlugin:80 - create IPUIPlugin
2024-12-27 14:11:54,778 [INFO] PluginManager:220 - loadIPPluginJar : add can
2024-12-27 14:11:54,779 [INFO] IPUIPlugin:80 - create IPUIPlugin
2024-12-27 14:11:54,779 [INFO] PluginManager:220 - loadIPPluginJar : add comp
2024-12-27 14:11:54,782 [INFO] IPUIPlugin:80 - create IPUIPlugin
2024-12-27 14:11:54,782 [INFO] PluginManager:220 - loadIPPluginJar : add cryp
2024-12-27 14:11:54,783 [INFO] IPUIPlugin:80 - create IPUIPlugin
2024-12-27 14:11:54,784 [INFO] PluginManager:220 - loadIPPluginJar : add dfsdm
2024-12-27 14:11:54,789 [INFO] IPUIPlugin:80 - create IPUIPlugin
2024-12-27 14:11:54,789 [INFO] PluginManager:220 - loadIPPluginJar : add dma
2024-12-27 14:11:54,792 [INFO] IPUIPlugin:80 - create IPUIPlugin
2024-12-27 14:11:54,792 [INFO] PluginManager:220 - loadIPPluginJar : add dma3
2024-12-27 14:11:54,793 [INFO] IPUIPlugin:80 - create IPUIPlugin
2024-12-27 14:11:54,793 [INFO] PluginManager:220 - loadIPPluginJar : add fatfs
2024-12-27 14:11:54,797 [INFO] IPUIPlugin:80 - create IPUIPlugin
2024-12-27 14:11:54,797 [INFO] PluginManager:220 - loadIPPluginJar : add fmc
2024-12-27 14:11:54,803 [INFO] IPUIPlugin:80 - create IPUIPlugin
2024-12-27 14:11:54,803 [INFO] PluginManager:220 - loadIPPluginJar : add freertos
2024-12-27 14:11:54,804 [INFO] IPUIPlugin:80 - create IPUIPlugin
2024-12-27 14:11:54,804 [INFO] PluginManager:220 - loadIPPluginJar : add genericplugin
2024-12-27 14:11:54,808 [INFO] IPUIPlugin:80 - create IPUIPlugin
2024-12-27 14:11:54,808 [INFO] PluginManager:220 - loadIPPluginJar : add gfxmmu
2024-12-27 14:11:54,812 [INFO] IPUIPlugin:80 - create IPUIPlugin
2024-12-27 14:11:54,812 [INFO] PluginManager:220 - loadIPPluginJar : add gic
2024-12-27 14:11:54,817 [INFO] IPUIPlugin:80 - create IPUIPlugin
2024-12-27 14:11:54,817 [INFO] PluginManager:220 - loadIPPluginJar : add gpio
2024-12-27 14:11:54,819 [INFO] IPUIPlugin:80 - create IPUIPlugin
2024-12-27 14:11:54,819 [INFO] PluginManager:220 - loadIPPluginJar : add gtzc
2024-12-27 14:11:54,821 [INFO] IPUIPlugin:80 - create IPUIPlugin
2024-12-27 14:11:54,821 [INFO] PluginManager:220 - loadIPPluginJar : add hash
2024-12-27 14:11:54,824 [INFO] IPUIPlugin:80 - create IPUIPlugin
2024-12-27 14:11:54,824 [INFO] PluginManager:220 - loadIPPluginJar : add i2c
2024-12-27 14:11:54,828 [INFO] IPUIPlugin:80 - create IPUIPlugin
2024-12-27 14:11:54,828 [INFO] PluginManager:220 - loadIPPluginJar : add i2s
2024-12-27 14:11:54,830 [INFO] IPUIPlugin:80 - create IPUIPlugin
2024-12-27 14:11:54,830 [INFO] PluginManager:220 - loadIPPluginJar : add i3c
2024-12-27 14:11:54,833 [INFO] IPUIPlugin:80 - create IPUIPlugin
2024-12-27 14:11:54,833 [INFO] PluginManager:220 - loadIPPluginJar : add ipddr
2024-12-27 14:11:54,839 [INFO] IPUIPlugin:80 - create IPUIPlugin
2024-12-27 14:11:54,840 [INFO] PluginManager:220 - loadIPPluginJar : add linkedlist
2024-12-27 14:11:54,844 [INFO] IPUIPlugin:80 - create IPUIPlugin
2024-12-27 14:11:54,844 [INFO] PluginManager:220 - loadIPPluginJar : add lorawan
2024-12-27 14:11:54,846 [INFO] IPUIPlugin:80 - create IPUIPlugin
2024-12-27 14:11:54,846 [INFO] PluginManager:220 - loadIPPluginJar : add ltdc
2024-12-27 14:11:54,852 [INFO] IPUIPlugin:80 - create IPUIPlugin
2024-12-27 14:11:54,853 [INFO] PluginManager:220 - loadIPPluginJar : add mdma
2024-12-27 14:11:54,857 [INFO] IPUIPlugin:80 - create IPUIPlugin
2024-12-27 14:11:54,857 [INFO] PluginManager:220 - loadIPPluginJar : add nvic
2024-12-27 14:11:54,859 [INFO] IPUIPlugin:80 - create IPUIPlugin
2024-12-27 14:11:54,859 [INFO] PluginManager:220 - loadIPPluginJar : add opamp
2024-12-27 14:11:54,863 [INFO] IPUIPlugin:80 - create IPUIPlugin
2024-12-27 14:11:54,863 [INFO] PluginManager:220 - loadIPPluginJar : add openamp
2024-12-27 14:11:54,865 [INFO] IPUIPlugin:80 - create IPUIPlugin
2024-12-27 14:11:54,865 [INFO] PluginManager:220 - loadIPPluginJar : add pdm2pcm
2024-12-27 14:11:54,870 [INFO] IPUIPlugin:80 - create IPUIPlugin
2024-12-27 14:11:54,871 [INFO] PluginManager:220 - loadIPPluginJar : add plateformsettings
2024-12-27 14:11:54,873 [INFO] IPUIPlugin:80 - create IPUIPlugin
2024-12-27 14:11:54,874 [INFO] PluginManager:220 - loadIPPluginJar : add quadspi
2024-12-27 14:11:54,877 [INFO] IPUIPlugin:80 - create IPUIPlugin
2024-12-27 14:11:54,877 [INFO] PluginManager:220 - loadIPPluginJar : add resmgrutility
2024-12-27 14:11:54,880 [INFO] IPUIPlugin:80 - create IPUIPlugin
2024-12-27 14:11:54,880 [INFO] PluginManager:220 - loadIPPluginJar : add sai
2024-12-27 14:11:54,881 [INFO] IPUIPlugin:80 - create IPUIPlugin
2024-12-27 14:11:54,881 [INFO] PluginManager:220 - loadIPPluginJar : add spi
2024-12-27 14:11:54,885 [INFO] IPUIPlugin:80 - create IPUIPlugin
2024-12-27 14:11:54,885 [INFO] PluginManager:220 - loadIPPluginJar : add stm32_wpan
2024-12-27 14:11:54,887 [INFO] IPUIPlugin:80 - create IPUIPlugin
2024-12-27 14:11:54,887 [INFO] PluginManager:220 - loadIPPluginJar : add tim
2024-12-27 14:11:54,889 [INFO] IPUIPlugin:80 - create IPUIPlugin
2024-12-27 14:11:54,889 [INFO] PluginManager:220 - loadIPPluginJar : add touchsensing
2024-12-27 14:11:54,890 [INFO] IPUIPlugin:80 - create IPUIPlugin
2024-12-27 14:11:54,891 [INFO] PluginManager:220 - loadIPPluginJar : add tracer_emb
2024-12-27 14:11:54,892 [INFO] IPUIPlugin:80 - create IPUIPlugin
2024-12-27 14:11:54,892 [INFO] PluginManager:220 - loadIPPluginJar : add ts
2024-12-27 14:11:54,893 [INFO] IPUIPlugin:80 - create IPUIPlugin
2024-12-27 14:11:54,893 [INFO] PluginManager:220 - loadIPPluginJar : add tsc
2024-12-27 14:11:54,896 [INFO] IPUIPlugin:80 - create IPUIPlugin
2024-12-27 14:11:54,896 [INFO] PluginManager:220 - loadIPPluginJar : add ucpd
2024-12-27 14:11:54,897 [INFO] IPUIPlugin:80 - create IPUIPlugin
2024-12-27 14:11:54,897 [INFO] PluginManager:220 - loadIPPluginJar : add usart
2024-12-27 14:11:54,899 [INFO] IPUIPlugin:80 - create IPUIPlugin
2024-12-27 14:11:54,899 [INFO] PluginManager:220 - loadIPPluginJar : add usbx
2024-12-27 14:11:55,008 [INFO] CADModel:165 - CPN selected for project level
2024-12-27 14:11:55,008 [INFO] CADModel:114 - Register for checkConnection events
2024-12-27 14:11:55,008 [FATAL] Updater:308 - Updater called before beeing initialized
2024-12-27 14:11:55,008 [ERROR] CADModel:125 - Updater not yet initialized, retry later 
2024-12-27 14:11:55,129 [INFO] CADModel:165 - CPN selected for project level
2024-12-27 14:11:55,129 [INFO] CADModel:114 - Register for checkConnection events
2024-12-27 14:11:55,130 [FATAL] Updater:308 - Updater called before beeing initialized
2024-12-27 14:11:55,130 [ERROR] CADModel:125 - Updater not yet initialized, retry later 
2024-12-27 14:11:55,132 [FATAL] Updater:308 - Updater called before beeing initialized
2024-12-27 14:11:55,216 [FATAL] Updater:308 - Updater called before beeing initialized
2024-12-27 14:11:55,228 [INFO] DbMcusAds:53 - JSON generation date=Wed Dec 18 01:01:15 KST 2024 (1734451275196)
2024-12-27 14:11:55,228 [FATAL] Updater:308 - Updater called before beeing initialized
2024-12-27 14:11:55,264 [WARN] DetailPanel:346 - Failed to get advertising image, set to default
2024-12-27 14:11:55,337 [FATAL] Updater:308 - Updater called before beeing initialized
2024-12-27 14:11:55,338 [FATAL] Updater:308 - Updater called before beeing initialized
2024-12-27 14:11:55,338 [FATAL] Updater:308 - Updater called before beeing initialized
2024-12-27 14:11:55,339 [WARN] DetailPanel:346 - Failed to get advertising image, set to default
2024-12-27 14:11:55,339 [FATAL] Updater:308 - Updater called before beeing initialized
2024-12-27 14:11:55,375 [ERROR] Updater:1120 - MainUpdater not yet initialized. External WinMGr cannot be set.
2024-12-27 14:11:55,377 [INFO] Updater:1056 - Updater Version found : 6.9.2
2024-12-27 14:11:55,395 [INFO] ApplicationProperties:184 - Using Application install path: C:\ST\STM32CubeIDE_1.13.2\STM32CubeIDE\plugins\com.st.stm32cube.common.mx_6.9.2.202309101412
2024-12-27 14:11:55,573 [INFO] MainUpdater:2868 - connection check result : 10
2024-12-27 14:11:55,573 [INFO] MainUpdater:3562 - Updater definition file requires update
2024-12-27 14:11:55,574 [INFO] MainUpdater:285 - Updater Check For Update Now.
2024-12-27 14:11:55,574 [INFO] MicroXplorer:498 - Change Database Version : DB.6.0.92
2024-12-27 14:11:55,582 [INFO] McuFinderGlobals:63 - Set McuFinder mode to 2 (CubeIDE integrated)
2024-12-27 14:11:55,629 [INFO] ServerAccessManage:473 - Download File updaters.zip
2024-12-27 14:11:55,757 [INFO] FileExtend:240 - Unzip File : updaters.zip
2024-12-27 14:11:55,757 [INFO] FileExtend:255 - Standard Zip Deflate
2024-12-27 14:11:56,351 [ERROR] LogOutputStream:75 - [STDERR_REDIRECT] Dec 27, 2024 2:11:56 PM org.glassfish.grizzly.http.server.NetworkListener start
2024-12-27 14:11:56,353 [ERROR] LogOutputStream:75 - [STDERR_REDIRECT] INFO: Started listener bound to [localhost:1596]
2024-12-27 14:11:56,353 [ERROR] LogOutputStream:75 - [STDERR_REDIRECT] 
2024-12-27 14:11:56,354 [ERROR] LogOutputStream:75 - [STDERR_REDIRECT] Dec 27, 2024 2:11:56 PM org.glassfish.grizzly.http.server.HttpServer start
2024-12-27 14:11:56,354 [ERROR] LogOutputStream:75 - [STDERR_REDIRECT] INFO: [HttpServer] Started.
2024-12-27 14:11:56,354 [ERROR] LogOutputStream:75 - [STDERR_REDIRECT] 
2024-12-27 14:11:56,448 [INFO] ServerAccessManage:473 - Download File PacksControlFlags.xml
2024-12-27 14:11:56,570 [INFO] ServerAccessManage:473 - Download File cubemx.pidx
2024-12-27 14:11:56,646 [INFO] LoadServerUpdatesThread:373 - End of LoadServerUpdate Thread
2024-12-27 14:11:56,839 [INFO] CheckServerUpdateThread:120 - End of CheckServer Thread
2024-12-27 14:11:57,487 [WARN] PackLoader:240 - Cannot read IP mode file for STMicroelectronics.FP-SNS-MOTENVWB1.1.4.0
2024-12-27 14:11:57,501 [WARN] PackLoader:240 - Cannot read IP mode file for STMicroelectronics.FP-ATR-ASTRA1.2.0.1
2024-12-27 14:11:57,515 [WARN] PackLoader:240 - Cannot read IP mode file for STMicroelectronics.X-CUBE-SMBUS.2.1.0
2024-12-27 14:11:57,530 [WARN] PackLoader:240 - Cannot read IP mode file for STMicroelectronics.X-CUBE-WB05N.1.1.0
2024-12-27 14:11:57,543 [WARN] PackLoader:240 - Cannot read IP mode file for STMicroelectronics.X-CUBE-TOUCHGFX.4.23.0
2024-12-27 14:11:57,556 [WARN] PackLoader:240 - Cannot read IP mode file for STMicroelectronics.X-CUBE-TOUCHGFX.4.23.2
2024-12-27 14:11:57,585 [WARN] PackLoader:240 - Cannot read IP mode file for STMicroelectronics.X-CUBE-AZRTOS-F7.1.1.0
2024-12-27 14:11:57,604 [WARN] PackLoader:240 - Cannot read IP mode file for STMicroelectronics.FP-SNS-MOTENV1.4.3.2
2024-12-27 14:11:57,662 [WARN] PackLoader:240 - Cannot read IP mode file for STMicroelectronics.X-CUBE-MEMS1.11.0.0
2024-12-27 14:11:57,757 [WARN] PackLoader:240 - Cannot read IP mode file for STMicroelectronics.FP-SNS-FLIGHT1.5.0.2
2024-12-27 14:11:57,771 [WARN] PackLoader:240 - Cannot read IP mode file for STMicroelectronics.X-CUBE-DISPLAY.3.0.0
2024-12-27 14:11:57,788 [WARN] PackLoader:240 - Cannot read IP mode file for STMicroelectronics.X-CUBE-BLE1.7.0.0
2024-12-27 14:11:57,804 [WARN] PackLoader:240 - Cannot read IP mode file for STMicroelectronics.X-CUBE-NFC10.1.0.0
2024-12-27 14:11:57,818 [ERROR] Engine:466 - C:\Users\KkangJun\.stm32cubemx\thirdparties\pdsc\STMicroelectronics.X-CUBE-BLEMGR.4.0.0.pdsc: PDSC version is not supported
2024-12-27 14:11:57,835 [WARN] PackLoader:240 - Cannot read IP mode file for emotas.I-CUBE-CANOPEN.1.3.0
2024-12-27 14:11:57,854 [WARN] PackLoader:240 - Cannot read IP mode file for STMicroelectronics.X-CUBE-BLEMGR.3.1.0
2024-12-27 14:11:57,869 [WARN] PackLoader:240 - Cannot read IP mode file for STMicroelectronics.FP-SNS-SMARTAG2.1.2.0
2024-12-27 14:11:57,917 [WARN] PackLoader:240 - Cannot read IP mode file for STMicroelectronics.X-CUBE-MEMS1.11.1.0
2024-12-27 14:11:57,994 [INFO] LogOutputStream:77 - [STDOUT_REDIRECT] 1 : Invalid condition id : UX_CORESTACK_Condition cause : null
2024-12-27 14:11:57,994 [INFO] LogOutputStream:77 - [STDOUT_REDIRECT] 1 : Invalid condition id : UX_CORESTACK_Condition cause : null
2024-12-27 14:11:57,995 [INFO] LogOutputStream:77 - [STDOUT_REDIRECT] 1 : Invalid condition id : UX_CORESTACK_Condition cause : null
2024-12-27 14:11:57,995 [INFO] LogOutputStream:77 - [STDOUT_REDIRECT] 1 : Invalid condition id : UX_CORESTACK_Condition cause : null
2024-12-27 14:11:57,995 [INFO] LogOutputStream:77 - [STDOUT_REDIRECT] 1 : Invalid condition id : UX_CORESTACK_Condition cause : null
2024-12-27 14:11:57,998 [WARN] PackLoader:240 - Cannot read IP mode file for STMicroelectronics.X-CUBE-AZRTOS-WL.2.0.0
2024-12-27 14:11:58,011 [WARN] PackLoader:240 - Cannot read IP mode file for STMicroelectronics.FP-SNS-MOTENV1.5.0.0
2024-12-27 14:11:58,024 [WARN] PackLoader:240 - Cannot read IP mode file for wolfSSL.I-CUBE-wolfMQTT.1.19.0
2024-12-27 14:11:58,038 [WARN] PackLoader:240 - Cannot read IP mode file for WES.I-CUBE-Cesium.1.3.0
2024-12-27 14:11:58,054 [WARN] PackLoader:240 - Cannot read IP mode file for STMicroelectronics.X-CUBE-BLE2.3.3.0
2024-12-27 14:11:58,068 [WARN] PackLoader:240 - Cannot read IP mode file for STMicroelectronics.X-CUBE-NFC9.1.0.0
2024-12-27 14:11:58,083 [WARN] PackLoader:240 - Cannot read IP mode file for STMicroelectronics.X-CUBE-TCPP.4.1.0
2024-12-27 14:11:58,100 [WARN] PackLoader:240 - Cannot read IP mode file for STMicroelectronics.X-CUBE-ALGOBUILD.1.3.0
2024-12-27 14:11:58,123 [WARN] PackLoader:240 - Cannot read IP mode file for STMicroelectronics.X-CUBE-AZRTOS-G0.1.1.0
2024-12-27 14:11:58,137 [WARN] PackLoader:240 - Cannot read IP mode file for STMicroelectronics.X-CUBE-SAFEA1.1.2.2
2024-12-27 14:11:58,152 [WARN] PackLoader:240 - Cannot read IP mode file for STMicroelectronics.X-CUBE-NFC4.3.0.0
2024-12-27 14:11:58,165 [ERROR] Engine:466 - C:\Users\KkangJun\.stm32cubemx\thirdparties\pdsc\EmbeddedOffice.I-CUBE-FS-RTOS.1.0.1.pdsc: PDSC version is not supported
2024-12-27 14:11:58,180 [WARN] PackLoader:240 - Cannot read IP mode file for STMicroelectronics.X-CUBE-BLEMGR.3.0.0
2024-12-27 14:11:58,193 [ERROR] Engine:466 - C:\Users\KkangJun\.stm32cubemx\thirdparties\pdsc\STMicroelectronics.X-CUBE-TCPP.4.2.0.pdsc: PDSC version is not supported
2024-12-27 14:11:58,206 [ERROR] Engine:466 - C:\Users\KkangJun\.stm32cubemx\thirdparties\pdsc\RealThread.X-CUBE-RT-Thread_Nano.4.1.1.pdsc: PDSC version is not supported
2024-12-27 14:11:58,217 [WARN] PackLoader:240 - Cannot read IP mode file for STMicroelectronics.FP-ATR-SIGFOX1.3.2.0
2024-12-27 14:11:58,226 [ERROR] Engine:466 - C:\Users\KkangJun\.stm32cubemx\thirdparties\pdsc\quantropi.X-CUBE-qispace-sdk-base.1.9.3.pdsc: PDSC version is not supported
2024-12-27 14:11:58,238 [WARN] PackLoader:240 - Cannot read IP mode file for STMicroelectronics.X-CUBE-EEPRMA1.5.1.0
2024-12-27 14:11:58,266 [WARN] PackLoader:240 - Cannot read IP mode file for SEGGER.I-CUBE-embOS.1.3.1
2024-12-27 14:11:58,301 [WARN] PackLoader:240 - Cannot read IP mode file for STMicroelectronics.X-CUBE-ALGOBUILD.1.4.0
2024-12-27 14:11:58,315 [WARN] PackLoader:240 - Cannot read IP mode file for STMicroelectronics.X-CUBE-AI.9.1.0
2024-12-27 14:11:58,330 [WARN] PackLoader:240 - Cannot read IP mode file for STMicroelectronics.X-CUBE-GNSS1.6.0.0
2024-12-27 14:11:58,363 [WARN] PackLoader:240 - Cannot read IP mode file for STMicroelectronics.X-CUBE-AZRTOS-F4.1.1.0
2024-12-27 14:11:58,380 [WARN] PackLoader:240 - Cannot read IP mode file for STMicroelectronics.X-CUBE-ISPU.2.1.0
2024-12-27 14:11:58,393 [WARN] PackLoader:240 - Cannot read IP mode file for STMicroelectronics.X-CUBE-FREERTOS.1.2.0
2024-12-27 14:11:58,403 [WARN] PackLoader:240 - Cannot read IP mode file for wolfSSL.I-CUBE-wolfSSL.5.6.6
2024-12-27 14:11:58,424 [WARN] PackLoader:240 - Cannot read IP mode file for STMicroelectronics.X-CUBE-AZRTOS-L5.2.0.0
2024-12-27 14:11:58,439 [WARN] PackLoader:240 - Cannot read IP mode file for STMicroelectronics.X-CUBE-EEPRMA1.4.2.0
2024-12-27 14:11:58,452 [WARN] PackLoader:240 - Cannot read IP mode file for STMicroelectronics.X-CUBE-NFC6.3.1.0
2024-12-27 14:11:58,467 [WARN] PackLoader:240 - Cannot read IP mode file for ITTIA_DB.I-CUBE-ITTIADB.8.8.0
2024-12-27 14:11:58,481 [ERROR] Engine:466 - C:\Users\KkangJun\.stm32cubemx\thirdparties\pdsc\STMicroelectronics.X-CUBE-DPower.1.2.0.pdsc: PDSC version is not supported
2024-12-27 14:11:58,493 [WARN] PackLoader:240 - Cannot read IP mode file for STMicroelectronics.X-CUBE-AI.9.0.0
2024-12-27 14:11:58,503 [WARN] PackLoader:240 - Cannot read IP mode file for STMicroelectronics.X-CUBE-FREERTOS.1.3.0
2024-12-27 14:11:58,515 [WARN] PackLoader:240 - Cannot read IP mode file for STMicroelectronics.X-CUBE-NFC7.1.0.1
2024-12-27 14:11:58,527 [WARN] PackLoader:240 - Cannot read IP mode file for wolfSSL.I-CUBE-wolfTPM.3.2.0
2024-12-27 14:11:58,540 [WARN] PackLoader:240 - Cannot read IP mode file for STMicroelectronics.X-CUBE-NFC6.3.0.0
2024-12-27 14:11:58,552 [WARN] PackLoader:240 - Cannot read IP mode file for STMicroelectronics.X-CUBE-AI.8.1.0
2024-12-27 14:11:58,574 [WARN] ConditionMgr:438 - getConditionDescription Invalid condition id : LAN8742 Phy interface Condition cause : null
2024-12-27 14:11:58,575 [WARN] PackLoader:240 - Cannot read IP mode file for STMicroelectronics.X-CUBE-AZRTOS-L4.2.0.0
2024-12-27 14:11:58,576 [WARN] ConditionMgr:1039 - genDependencies : Invalid condition id : LAN8742 Phy interface Condition cause : null
2024-12-27 14:11:58,576 [WARN] ConditionMgr:1039 - genDependencies : Invalid condition id : LAN8742 Phy interface Condition cause : null
2024-12-27 14:11:58,576 [WARN] ConditionMgr:1039 - genDependencies : Invalid condition id : LAN8742 Phy interface Condition cause : null
2024-12-27 14:11:58,590 [WARN] PackLoader:240 - Cannot read IP mode file for STMicroelectronics.X-CUBE-SFXS2LP1.4.0.0
2024-12-27 14:11:58,615 [WARN] PackLoader:240 - Cannot read IP mode file for STMicroelectronics.X-CUBE-AZRTOS-H7.3.3.0
2024-12-27 14:11:58,632 [ERROR] Engine:466 - C:\Users\KkangJun\.stm32cubemx\thirdparties\pdsc\STMicroelectronics.X-CUBE-IPS.3.0.0.pdsc: PDSC version is not supported
2024-12-27 14:11:58,651 [WARN] ConditionMgr:438 - getConditionDescription Invalid condition id : UX DEVICE CLASS RTOS Condition cause : null
2024-12-27 14:11:58,651 [WARN] ConditionMgr:438 - getConditionDescription Invalid condition id : UX DEVICE CLASS RTOS Condition cause : null
2024-12-27 14:11:58,652 [WARN] PackLoader:240 - Cannot read IP mode file for STMicroelectronics.X-CUBE-AZRTOS-WB.2.0.0
2024-12-27 14:11:58,653 [WARN] ConditionMgr:1039 - genDependencies : Invalid condition id : UX DEVICE CLASS RTOS Condition cause : null
2024-12-27 14:11:58,653 [WARN] ConditionMgr:1039 - genDependencies : Invalid condition id : UX DEVICE CLASS RTOS Condition cause : null
2024-12-27 14:11:58,653 [WARN] ConditionMgr:1039 - genDependencies : Invalid condition id : UX DEVICE CLASS RTOS Condition cause : null
2024-12-27 14:11:58,653 [WARN] ConditionMgr:1039 - genDependencies : Invalid condition id : UX DEVICE CLASS RTOS Condition cause : null
2024-12-27 14:11:58,653 [WARN] ConditionMgr:1039 - genDependencies : Invalid condition id : UX DEVICE CLASS RTOS Condition cause : null
2024-12-27 14:11:58,669 [WARN] PackLoader:240 - Cannot read IP mode file for STMicroelectronics.X-CUBE-GNSS1.7.0.0
2024-12-27 14:11:58,682 [WARN] PackLoader:240 - Cannot read IP mode file for STMicroelectronics.X-CUBE-GNSS1.7.0.1
2024-12-27 14:11:58,692 [ERROR] Engine:466 - C:\Users\KkangJun\.stm32cubemx\thirdparties\pdsc\STMicroelectronics.FP-SNS-STBOX1.2.0.0.pdsc: PDSC version is not supported
2024-12-27 14:11:58,706 [WARN] PackLoader:240 - Cannot read IP mode file for STMicroelectronics.X-CUBE-SUBG2.5.0.0
2024-12-27 14:11:58,721 [WARN] PackLoader:240 - Cannot read IP mode file for Cesanta.I-CUBE-Mongoose.7.13.0
2024-12-27 14:11:58,739 [WARN] PackLoader:240 - Cannot read IP mode file for STMicroelectronics.X-CUBE-AZRTOS-G4.2.0.0
2024-12-27 14:11:58,759 [WARN] PackLoader:240 - Cannot read IP mode file for Infineon.AIROC-Wi-Fi-Bluetooth-STM32.1.5.1
2024-12-27 14:11:58,772 [WARN] PackLoader:240 - Cannot read IP mode file for STMicroelectronics.FP-SNS-MOTENVWB1.1.3.1
2024-12-27 14:11:58,786 [WARN] PackLoader:240 - Cannot read IP mode file for STMicroelectronics.X-CUBE-ISPU.2.0.0
2024-12-27 14:11:58,797 [WARN] PackLoader:240 - Cannot read IP mode file for STMicroelectronics.X-CUBE-ALS.1.0.2
2024-12-27 14:11:58,836 [WARN] PackLoader:240 - Cannot read IP mode file for STMicroelectronics.X-CUBE-MEMS1.10.0.0
2024-12-27 14:11:58,928 [WARN] PackLoader:240 - Cannot read IP mode file for STMicroelectronics.X-CUBE-FREERTOS.1.1.0
2024-12-27 14:11:58,941 [WARN] PackLoader:240 - Cannot read IP mode file for STMicroelectronics.X-CUBE-TOUCHGFX.4.24.0
2024-12-27 14:11:58,950 [WARN] PackLoader:240 - Cannot read IP mode file for STMicroelectronics.X-CUBE-TOUCHGFX.4.24.1
2024-12-27 14:11:58,964 [WARN] PackLoader:240 - Cannot read IP mode file for portGmbH.I-Cube-SoM-uGOAL.1.1.0
2024-12-27 14:11:58,975 [WARN] PackLoader:240 - Cannot read IP mode file for STMicroelectronics.X-CUBE-ALS.1.0.1
2024-12-27 14:11:58,997 [WARN] PackLoader:240 - Cannot read IP mode file for STMicroelectronics.X-CUBE-AZRTOS-H7RS.1.0.0
2024-12-27 14:11:59,010 [WARN] PackLoader:240 - Cannot read IP mode file for STMicroelectronics.FP-ATR-ASTRA1.2.0.0
2024-12-27 14:11:59,022 [ERROR] Engine:466 - C:\Users\KkangJun\.stm32cubemx\thirdparties\pdsc\STMicroelectronics.X-CUBE-TOF1.3.4.2.pdsc: PDSC version is not supported
2024-12-27 14:11:59,037 [WARN] PackLoader:240 - Cannot read IP mode file for STMicroelectronics.X-CUBE-TOF1.3.4.0
2024-12-27 14:11:59,057 [WARN] PackLoader:240 - Cannot read IP mode file for STMicroelectronics.X-CUBE-TOF1.3.4.1
2024-12-27 14:11:59,081 [WARN] PackLoader:240 - Cannot read IP mode file for STMicroelectronics.X-CUBE-AZRTOS-H7.3.2.0
2024-12-27 14:11:59,093 [WARN] PackLoader:240 - Cannot read IP mode file for wolfSSL.I-CUBE-wolfSSH.1.4.17
2024-12-27 14:11:59,094 [INFO] ThirdParty:978 - Integrity check success = true
2024-12-27 14:11:59,094 [INFO] IntegrityCheckThread:100 - exiting critical section [integrity check]
2024-12-27 14:11:59,094 [INFO] IntegrityCheckThread:103 - End integrity checks thread
2024-12-27 14:39:45,382 [ERROR] LogOutputStream:75 - [STDERR_REDIRECT] 
