2025-01-25 15:19:34,447 [INFO] Activator:176 - 


2025-01-25 15:19:34,452 [INFO] Activator:177 - !SESSION log4j initialized
2025-01-25 15:19:38,485 [INFO] LogOutputStream:77 - [STDOUT_REDIRECT] 
2025-01-25 15:19:46,045 [INFO] ApplicationProperties:184 - Using Application install path: C:\ST\STM32CubeIDE_1.13.2\STM32CubeIDE\plugins\com.st.stm32cube.common.mx_6.9.2.202309101412
2025-01-25 15:19:46,062 [INFO] DbMcusXml:78 - Set database path to: C:\ST\STM32CubeIDE_1.13.2\STM32CubeIDE\plugins\com.st.stm32cube.common.mx_6.9.2.202309101412\\db\/mcu/
2025-01-25 15:19:46,062 [INFO] ApiDb:274 - Set plugin database path to: C:\ST\STM32CubeIDE_1.13.2\STM32CubeIDE\plugins\com.st.stm32cube.common.mx_6.9.2.202309101412\\db\/plugins/boardmanager/
2025-01-25 15:19:46,063 [WARN] ApiDb:259 - Overriding images path with different value:  => C:\ST\STM32CubeIDE_1.13.2\STM32CubeIDE\plugins\com.st.stm32cube.common.mx_6.9.2.202309101412\\db\/plugins/mcufinder/images/
2025-01-25 15:19:46,078 [INFO] ApiDb:250 - Set database path to: C:\Users\KkangJun\.stmcufinder\plugins\mcufinder//mcu/
2025-01-25 15:19:46,080 [INFO] DbMcusAds:125 - Set database path to: C:\Users\KkangJun\.stmcufinder\plugins\mcufinder//mcu/
2025-01-25 15:19:46,081 [INFO] CrossReferenceDbSqlite:203 - Set database path to: C:\Users\KkangJun\.stmcufinder\plugins\mcufinder//mcu/cs/
2025-01-25 15:19:46,178 [INFO] RulesReader:64 - Compatibility file has been processed (293 Rules)
2025-01-25 15:19:46,250 [INFO] DbMcusXml:78 - Set database path to: C:\ST\STM32CubeIDE_1.13.2\STM32CubeIDE\plugins\com.st.stm32cube.common.mx_6.9.2.202309101412\\db\/mcu/
2025-01-25 15:19:46,250 [INFO] ApiDb:274 - Set plugin database path to: C:\ST\STM32CubeIDE_1.13.2\STM32CubeIDE\plugins\com.st.stm32cube.common.mx_6.9.2.202309101412\\db\/plugins/boardmanager/
2025-01-25 15:19:46,251 [INFO] ApiDb:261 - Set plugin images path to: C:\ST\STM32CubeIDE_1.13.2\STM32CubeIDE\plugins\com.st.stm32cube.common.mx_6.9.2.202309101412\\db\/plugins/mcufinder/images/
2025-01-25 15:19:46,251 [WARN] DbFile:41 - Overriding database path with different value: C:\Users\KkangJun\.stmcufinder\plugins\mcufinder/ => C:\Users\KkangJun\.stmcufinder\plugins\mcufinder
2025-01-25 15:19:46,251 [INFO] ApiDb:250 - Set database path to: C:\Users\KkangJun\.stmcufinder\plugins\mcufinder//mcu/
2025-01-25 15:19:46,251 [WARN] DbFile:41 - Overriding database path with different value: C:\Users\KkangJun\.stmcufinder\plugins\mcufinder/ => C:\Users\KkangJun\.stmcufinder\plugins\mcufinder
2025-01-25 15:19:46,251 [INFO] DbMcusAds:125 - Set database path to: C:\Users\KkangJun\.stmcufinder\plugins\mcufinder//mcu/
2025-01-25 15:19:46,251 [WARN] DbFile:41 - Overriding database path with different value: C:\Users\KkangJun\.stmcufinder\plugins\mcufinder/ => C:\Users\KkangJun\.stmcufinder\plugins\mcufinder
2025-01-25 15:19:46,251 [WARN] DbFile:41 - Overriding database path with different value: C:\Users\KkangJun\.stmcufinder\plugins\mcufinder/ => C:\Users\KkangJun\.stmcufinder\plugins\mcufinder
2025-01-25 15:19:46,251 [INFO] CrossReferenceDbSqlite:203 - Set database path to: C:\Users\KkangJun\.stmcufinder\plugins\mcufinder//mcu/cs/
2025-01-25 15:19:46,341 [INFO] MainPanel:262 - HeapMemory: 268435456
2025-01-25 15:19:46,459 [INFO] DbMcusXml:78 - Set database path to: C:\ST\STM32CubeIDE_1.13.2\STM32CubeIDE\plugins\com.st.stm32cube.common.mx_6.9.2.202309101412\\db\/mcu/
2025-01-25 15:19:46,459 [INFO] ApiDb:274 - Set plugin database path to: C:\ST\STM32CubeIDE_1.13.2\STM32CubeIDE\plugins\com.st.stm32cube.common.mx_6.9.2.202309101412\\db\/plugins/boardmanager/
2025-01-25 15:19:46,460 [INFO] ApiDb:261 - Set plugin images path to: C:\ST\STM32CubeIDE_1.13.2\STM32CubeIDE\plugins\com.st.stm32cube.common.mx_6.9.2.202309101412\\db\/plugins/mcufinder/images/
2025-01-25 15:19:46,460 [WARN] DbFile:41 - Overriding database path with different value: C:\Users\KkangJun\.stmcufinder\plugins\mcufinder/ => C:\Users\KkangJun\.stmcufinder\plugins\mcufinder
2025-01-25 15:19:46,460 [INFO] ApiDb:250 - Set database path to: C:\Users\KkangJun\.stmcufinder\plugins\mcufinder//mcu/
2025-01-25 15:19:46,460 [WARN] DbFile:41 - Overriding database path with different value: C:\Users\KkangJun\.stmcufinder\plugins\mcufinder/ => C:\Users\KkangJun\.stmcufinder\plugins\mcufinder
2025-01-25 15:19:46,460 [INFO] DbMcusAds:125 - Set database path to: C:\Users\KkangJun\.stmcufinder\plugins\mcufinder//mcu/
2025-01-25 15:19:46,460 [WARN] DbFile:41 - Overriding database path with different value: C:\Users\KkangJun\.stmcufinder\plugins\mcufinder/ => C:\Users\KkangJun\.stmcufinder\plugins\mcufinder
2025-01-25 15:19:46,460 [WARN] DbFile:41 - Overriding database path with different value: C:\Users\KkangJun\.stmcufinder\plugins\mcufinder/ => C:\Users\KkangJun\.stmcufinder\plugins\mcufinder
2025-01-25 15:19:46,460 [INFO] CrossReferenceDbSqlite:203 - Set database path to: C:\Users\KkangJun\.stmcufinder\plugins\mcufinder//mcu/cs/
2025-01-25 15:19:46,479 [INFO] ApplicationProperties:184 - Using Application install path: C:\ST\STM32CubeIDE_1.13.2\STM32CubeIDE\plugins\com.st.stm32cube.common.mx_6.9.2.202309101412
2025-01-25 15:19:46,480 [INFO] PluginManage:196 - Search for loadable plugins [exclusion list=, ]
2025-01-25 15:19:46,481 [INFO] PluginManage:310 - Check plugin analytics
2025-01-25 15:19:51,569 [INFO] AnalyticsPlugin:253 - Accepted Software Licenses: STM32CubeMX.6.12.0
2025-01-25 15:19:51,569 [INFO] AnalyticsPlugin:255 - Accepted CMSIS Pack Licenses: 
2025-01-25 15:19:51,570 [INFO] AnalyticsPlugin:257 - Accepted Firmware Licenses: FW.F4.1.27.0,FW.F4.1.28.0
2025-01-25 15:19:51,572 [INFO] PluginManage:359 - Loaded plugin analytics (category:tool,tabindex:-1)
2025-01-25 15:19:51,572 [INFO] PluginManage:310 - Check plugin cadmodel
2025-01-25 15:19:51,578 [INFO] CADModel:105 - Init CAD model plugin
2025-01-25 15:19:51,579 [INFO] PluginManage:359 - Loaded plugin cadmodel (category:power,tabindex:5)
2025-01-25 15:19:51,579 [INFO] PluginManage:310 - Check plugin clock
2025-01-25 15:19:51,589 [INFO] PluginManage:359 - Loaded plugin clock (category:base,tabindex:2)
2025-01-25 15:19:51,589 [INFO] PluginManage:310 - Check plugin ddr
2025-01-25 15:19:51,592 [INFO] PluginManage:359 - Loaded plugin ddr (category:tool,tabindex:6)
2025-01-25 15:19:51,592 [INFO] PluginManage:310 - Check plugin filemanager
2025-01-25 15:19:51,722 [INFO] PluginManage:359 - Loaded plugin filemanager (category:base,tabindex:10)
2025-01-25 15:19:51,722 [INFO] PluginManage:310 - Check plugin ipmanager
2025-01-25 15:19:51,730 [INFO] PluginManage:359 - Loaded plugin ipmanager (category:base,tabindex:5)
2025-01-25 15:19:51,730 [INFO] PluginManage:310 - Check plugin lpbam
2025-01-25 15:19:51,739 [INFO] PluginManage:359 - Loaded plugin lpbam (category:base,tabindex:0)
2025-01-25 15:19:51,739 [INFO] PluginManage:310 - Check plugin memorymap
2025-01-25 15:19:51,754 [INFO] PluginManage:359 - Loaded plugin memorymap (category:base,tabindex:4)
2025-01-25 15:19:51,754 [INFO] PluginManage:310 - Check plugin pinoutandconfiguration
2025-01-25 15:19:51,761 [INFO] PluginManage:359 - Loaded plugin pinoutandconfiguration (category:base,tabindex:1)
2025-01-25 15:19:51,761 [INFO] PluginManage:310 - Check plugin pinoutconfig
2025-01-25 15:19:51,840 [WARN] SupportedApi:132 - Cannot load RTOS API schema: s4s-elt-must-match.1: The content of 'definitions' must match (annotation?, (simpleType | complexType)?, (unique | key | keyref)*)). A problem was found starting at: attribute.
2025-01-25 15:19:51,979 [INFO] PluginManage:359 - Loaded plugin pinoutconfig (category:base,tabindex:0)
2025-01-25 15:19:51,979 [INFO] PluginManage:310 - Check plugin power
2025-01-25 15:19:51,991 [INFO] PluginManage:359 - Loaded plugin power (category:power,tabindex:4)
2025-01-25 15:19:51,991 [INFO] PluginManage:310 - Check plugin projectmanager
2025-01-25 15:19:52,004 [INFO] PluginManage:359 - Loaded plugin projectmanager (category:projectmanager,tabindex:3)
2025-01-25 15:19:52,004 [INFO] PluginManage:310 - Check plugin thirdparty
2025-01-25 15:19:52,146 [INFO] PluginManage:359 - Loaded plugin thirdparty (category:base,tabindex:-1)
2025-01-25 15:19:52,146 [WARN] IntegrityCheckThread:84 - waiting for thirdparty lock release [integrity check]
2025-01-25 15:19:52,146 [INFO] PluginManage:310 - Check plugin tools
2025-01-25 15:19:52,146 [INFO] IntegrityCheckThread:86 - entering critical section [integrity check]
2025-01-25 15:19:52,146 [INFO] ThirdPartyUpdaterWithRetryManager:70 - Updater plugin not ready yet. [1/15]
2025-01-25 15:19:52,149 [INFO] PluginManage:359 - Loaded plugin tools (category:base,tabindex:7)
2025-01-25 15:19:52,149 [INFO] PluginManage:310 - Check plugin tutovideos
2025-01-25 15:19:52,347 [INFO] PluginManage:359 - Loaded plugin tutovideos (category:base,tabindex:-1)
2025-01-25 15:19:52,347 [INFO] PluginManage:310 - Check plugin updater
2025-01-25 15:19:52,359 [INFO] PluginManage:359 - Loaded plugin updater (category:base,tabindex:12)
2025-01-25 15:19:52,359 [INFO] PluginManage:310 - Check plugin userauth
2025-01-25 15:19:52,365 [INFO] UserAuth:113 - Init User Auth plugin
2025-01-25 15:19:52,365 [INFO] PluginManage:359 - Loaded plugin userauth (category:base,tabindex:14)
2025-01-25 15:19:52,367 [INFO] PluginManage:283 - PluginManage : Loaded plugins [17]
2025-01-25 15:19:52,589 [INFO] PinOutPanel:1499 - setPackage(No Configuration,No Configuration)
2025-01-25 15:19:52,700 [INFO] CADModel:165 - CPN selected for project level
2025-01-25 15:19:52,701 [INFO] CADModel:114 - Register for checkConnection events
2025-01-25 15:19:52,718 [INFO] IPUIPlugin:80 - create IPUIPlugin
2025-01-25 15:19:52,718 [INFO] PluginManager:220 - loadIPPluginJar : add adc
2025-01-25 15:19:52,720 [INFO] IPUIPlugin:80 - create IPUIPlugin
2025-01-25 15:19:52,720 [INFO] PluginManager:220 - loadIPPluginJar : add aes
2025-01-25 15:19:52,722 [INFO] IPUIPlugin:80 - create IPUIPlugin
2025-01-25 15:19:52,722 [INFO] PluginManager:220 - loadIPPluginJar : add can
2025-01-25 15:19:52,724 [INFO] IPUIPlugin:80 - create IPUIPlugin
2025-01-25 15:19:52,724 [INFO] PluginManager:220 - loadIPPluginJar : add comp
2025-01-25 15:19:52,727 [INFO] IPUIPlugin:80 - create IPUIPlugin
2025-01-25 15:19:52,727 [INFO] PluginManager:220 - loadIPPluginJar : add cryp
2025-01-25 15:19:52,730 [INFO] IPUIPlugin:80 - create IPUIPlugin
2025-01-25 15:19:52,730 [INFO] PluginManager:220 - loadIPPluginJar : add dfsdm
2025-01-25 15:19:52,735 [INFO] IPUIPlugin:80 - create IPUIPlugin
2025-01-25 15:19:52,736 [INFO] PluginManager:220 - loadIPPluginJar : add dma
2025-01-25 15:19:52,738 [INFO] IPUIPlugin:80 - create IPUIPlugin
2025-01-25 15:19:52,738 [INFO] PluginManager:220 - loadIPPluginJar : add dma3
2025-01-25 15:19:52,739 [INFO] IPUIPlugin:80 - create IPUIPlugin
2025-01-25 15:19:52,739 [INFO] PluginManager:220 - loadIPPluginJar : add fatfs
2025-01-25 15:19:52,743 [INFO] IPUIPlugin:80 - create IPUIPlugin
2025-01-25 15:19:52,743 [INFO] PluginManager:220 - loadIPPluginJar : add fmc
2025-01-25 15:19:52,751 [INFO] IPUIPlugin:80 - create IPUIPlugin
2025-01-25 15:19:52,751 [INFO] PluginManager:220 - loadIPPluginJar : add freertos
2025-01-25 15:19:52,753 [INFO] IPUIPlugin:80 - create IPUIPlugin
2025-01-25 15:19:52,753 [INFO] PluginManager:220 - loadIPPluginJar : add genericplugin
2025-01-25 15:19:52,755 [INFO] IPUIPlugin:80 - create IPUIPlugin
2025-01-25 15:19:52,755 [INFO] PluginManager:220 - loadIPPluginJar : add gfxmmu
2025-01-25 15:19:52,760 [INFO] IPUIPlugin:80 - create IPUIPlugin
2025-01-25 15:19:52,761 [INFO] PluginManager:220 - loadIPPluginJar : add gic
2025-01-25 15:19:52,767 [INFO] IPUIPlugin:80 - create IPUIPlugin
2025-01-25 15:19:52,767 [INFO] PluginManager:220 - loadIPPluginJar : add gpio
2025-01-25 15:19:52,770 [INFO] IPUIPlugin:80 - create IPUIPlugin
2025-01-25 15:19:52,770 [INFO] PluginManager:220 - loadIPPluginJar : add gtzc
2025-01-25 15:19:52,772 [INFO] IPUIPlugin:80 - create IPUIPlugin
2025-01-25 15:19:52,772 [INFO] PluginManager:220 - loadIPPluginJar : add hash
2025-01-25 15:19:52,775 [INFO] IPUIPlugin:80 - create IPUIPlugin
2025-01-25 15:19:52,775 [INFO] PluginManager:220 - loadIPPluginJar : add i2c
2025-01-25 15:19:52,778 [INFO] IPUIPlugin:80 - create IPUIPlugin
2025-01-25 15:19:52,778 [INFO] PluginManager:220 - loadIPPluginJar : add i2s
2025-01-25 15:19:52,780 [INFO] IPUIPlugin:80 - create IPUIPlugin
2025-01-25 15:19:52,780 [INFO] PluginManager:220 - loadIPPluginJar : add i3c
2025-01-25 15:19:52,784 [INFO] IPUIPlugin:80 - create IPUIPlugin
2025-01-25 15:19:52,784 [INFO] PluginManager:220 - loadIPPluginJar : add ipddr
2025-01-25 15:19:52,792 [INFO] IPUIPlugin:80 - create IPUIPlugin
2025-01-25 15:19:52,792 [INFO] PluginManager:220 - loadIPPluginJar : add linkedlist
2025-01-25 15:19:52,795 [INFO] IPUIPlugin:80 - create IPUIPlugin
2025-01-25 15:19:52,795 [INFO] PluginManager:220 - loadIPPluginJar : add lorawan
2025-01-25 15:19:52,796 [INFO] IPUIPlugin:80 - create IPUIPlugin
2025-01-25 15:19:52,796 [INFO] PluginManager:220 - loadIPPluginJar : add ltdc
2025-01-25 15:19:52,804 [INFO] IPUIPlugin:80 - create IPUIPlugin
2025-01-25 15:19:52,804 [INFO] PluginManager:220 - loadIPPluginJar : add mdma
2025-01-25 15:19:52,808 [INFO] IPUIPlugin:80 - create IPUIPlugin
2025-01-25 15:19:52,808 [INFO] PluginManager:220 - loadIPPluginJar : add nvic
2025-01-25 15:19:52,812 [INFO] IPUIPlugin:80 - create IPUIPlugin
2025-01-25 15:19:52,812 [INFO] PluginManager:220 - loadIPPluginJar : add opamp
2025-01-25 15:19:52,814 [INFO] IPUIPlugin:80 - create IPUIPlugin
2025-01-25 15:19:52,814 [INFO] PluginManager:220 - loadIPPluginJar : add openamp
2025-01-25 15:19:52,818 [INFO] IPUIPlugin:80 - create IPUIPlugin
2025-01-25 15:19:52,818 [INFO] PluginManager:220 - loadIPPluginJar : add pdm2pcm
2025-01-25 15:19:52,825 [INFO] IPUIPlugin:80 - create IPUIPlugin
2025-01-25 15:19:52,827 [INFO] PluginManager:220 - loadIPPluginJar : add plateformsettings
2025-01-25 15:19:52,828 [INFO] IPUIPlugin:80 - create IPUIPlugin
2025-01-25 15:19:52,828 [INFO] PluginManager:220 - loadIPPluginJar : add quadspi
2025-01-25 15:19:52,831 [INFO] IPUIPlugin:80 - create IPUIPlugin
2025-01-25 15:19:52,831 [INFO] PluginManager:220 - loadIPPluginJar : add resmgrutility
2025-01-25 15:19:52,834 [INFO] IPUIPlugin:80 - create IPUIPlugin
2025-01-25 15:19:52,834 [INFO] PluginManager:220 - loadIPPluginJar : add sai
2025-01-25 15:19:52,837 [INFO] IPUIPlugin:80 - create IPUIPlugin
2025-01-25 15:19:52,837 [INFO] PluginManager:220 - loadIPPluginJar : add spi
2025-01-25 15:19:52,842 [INFO] IPUIPlugin:80 - create IPUIPlugin
2025-01-25 15:19:52,842 [INFO] PluginManager:220 - loadIPPluginJar : add stm32_wpan
2025-01-25 15:19:52,843 [INFO] IPUIPlugin:80 - create IPUIPlugin
2025-01-25 15:19:52,843 [INFO] PluginManager:220 - loadIPPluginJar : add tim
2025-01-25 15:19:52,846 [INFO] IPUIPlugin:80 - create IPUIPlugin
2025-01-25 15:19:52,846 [INFO] PluginManager:220 - loadIPPluginJar : add touchsensing
2025-01-25 15:19:52,848 [INFO] IPUIPlugin:80 - create IPUIPlugin
2025-01-25 15:19:52,848 [INFO] PluginManager:220 - loadIPPluginJar : add tracer_emb
2025-01-25 15:19:52,852 [INFO] IPUIPlugin:80 - create IPUIPlugin
2025-01-25 15:19:52,852 [INFO] PluginManager:220 - loadIPPluginJar : add ts
2025-01-25 15:19:52,854 [INFO] IPUIPlugin:80 - create IPUIPlugin
2025-01-25 15:19:52,854 [INFO] PluginManager:220 - loadIPPluginJar : add tsc
2025-01-25 15:19:52,857 [INFO] IPUIPlugin:80 - create IPUIPlugin
2025-01-25 15:19:52,857 [INFO] PluginManager:220 - loadIPPluginJar : add ucpd
2025-01-25 15:19:52,859 [INFO] IPUIPlugin:80 - create IPUIPlugin
2025-01-25 15:19:52,859 [INFO] PluginManager:220 - loadIPPluginJar : add usart
2025-01-25 15:19:52,862 [INFO] IPUIPlugin:80 - create IPUIPlugin
2025-01-25 15:19:52,862 [INFO] PluginManager:220 - loadIPPluginJar : add usbx
2025-01-25 15:19:52,986 [INFO] CADModel:165 - CPN selected for project level
2025-01-25 15:19:52,986 [INFO] CADModel:114 - Register for checkConnection events
2025-01-25 15:19:52,986 [FATAL] Updater:308 - Updater called before beeing initialized
2025-01-25 15:19:52,986 [ERROR] CADModel:125 - Updater not yet initialized, retry later 
2025-01-25 15:19:53,142 [INFO] CADModel:165 - CPN selected for project level
2025-01-25 15:19:53,142 [INFO] CADModel:114 - Register for checkConnection events
2025-01-25 15:19:53,142 [FATAL] Updater:308 - Updater called before beeing initialized
2025-01-25 15:19:53,142 [ERROR] CADModel:125 - Updater not yet initialized, retry later 
2025-01-25 15:19:53,146 [FATAL] Updater:308 - Updater called before beeing initialized
2025-01-25 15:19:53,275 [FATAL] Updater:308 - Updater called before beeing initialized
2025-01-25 15:19:53,288 [INFO] DbMcusAds:53 - JSON generation date=Wed Dec 18 01:01:15 KST 2024 (1734451275222)
2025-01-25 15:19:53,288 [FATAL] Updater:308 - Updater called before beeing initialized
2025-01-25 15:19:53,335 [WARN] DetailPanel:346 - Failed to get advertising image, set to default
2025-01-25 15:19:53,434 [FATAL] Updater:308 - Updater called before beeing initialized
2025-01-25 15:19:53,436 [FATAL] Updater:308 - Updater called before beeing initialized
2025-01-25 15:19:53,436 [FATAL] Updater:308 - Updater called before beeing initialized
2025-01-25 15:19:53,436 [WARN] DetailPanel:346 - Failed to get advertising image, set to default
2025-01-25 15:19:53,437 [FATAL] Updater:308 - Updater called before beeing initialized
2025-01-25 15:19:53,476 [ERROR] Updater:1120 - MainUpdater not yet initialized. External WinMGr cannot be set.
2025-01-25 15:19:53,478 [INFO] Updater:1056 - Updater Version found : 6.9.2
2025-01-25 15:19:53,495 [INFO] ApplicationProperties:184 - Using Application install path: C:\ST\STM32CubeIDE_1.13.2\STM32CubeIDE\plugins\com.st.stm32cube.common.mx_6.9.2.202309101412
2025-01-25 15:19:54,295 [INFO] MainUpdater:2868 - connection check result : 10
2025-01-25 15:19:54,295 [INFO] MainUpdater:285 - Updater Check For Update Now.
2025-01-25 15:19:54,297 [INFO] MicroXplorer:498 - Change Database Version : DB.6.0.92
2025-01-25 15:19:54,302 [INFO] McuFinderGlobals:63 - Set McuFinder mode to 2 (CubeIDE integrated)
2025-01-25 15:19:54,525 [INFO] CheckServerUpdateThread:120 - End of CheckServer Thread
2025-01-25 15:19:55,038 [ERROR] LogOutputStream:75 - [STDERR_REDIRECT] Jan 25, 2025 3:19:55 PM org.glassfish.grizzly.http.server.NetworkListener start
2025-01-25 15:19:55,039 [ERROR] LogOutputStream:75 - [STDERR_REDIRECT] INFO: Started listener bound to [localhost:1597]
2025-01-25 15:19:55,039 [ERROR] LogOutputStream:75 - [STDERR_REDIRECT] 
2025-01-25 15:19:55,041 [ERROR] LogOutputStream:75 - [STDERR_REDIRECT] Jan 25, 2025 3:19:55 PM org.glassfish.grizzly.http.server.HttpServer start
2025-01-25 15:19:55,042 [ERROR] LogOutputStream:75 - [STDERR_REDIRECT] INFO: [HttpServer] Started.
2025-01-25 15:19:55,042 [ERROR] LogOutputStream:75 - [STDERR_REDIRECT] 
2025-01-25 15:19:55,399 [WARN] PackLoader:240 - Cannot read IP mode file for STMicroelectronics.FP-SNS-MOTENVWB1.1.4.0
2025-01-25 15:19:55,414 [WARN] PackLoader:240 - Cannot read IP mode file for STMicroelectronics.FP-ATR-ASTRA1.2.0.1
2025-01-25 15:19:55,428 [WARN] PackLoader:240 - Cannot read IP mode file for STMicroelectronics.X-CUBE-SMBUS.2.1.0
2025-01-25 15:19:55,442 [WARN] PackLoader:240 - Cannot read IP mode file for STMicroelectronics.X-CUBE-WB05N.1.1.0
2025-01-25 15:19:55,455 [WARN] PackLoader:240 - Cannot read IP mode file for STMicroelectronics.X-CUBE-TOUCHGFX.4.23.0
2025-01-25 15:19:55,464 [WARN] PackLoader:240 - Cannot read IP mode file for STMicroelectronics.X-CUBE-TOUCHGFX.4.23.2
2025-01-25 15:19:55,500 [WARN] PackLoader:240 - Cannot read IP mode file for STMicroelectronics.X-CUBE-AZRTOS-F7.1.1.0
2025-01-25 15:19:55,522 [WARN] PackLoader:240 - Cannot read IP mode file for STMicroelectronics.FP-SNS-MOTENV1.4.3.2
2025-01-25 15:19:55,589 [WARN] PackLoader:240 - Cannot read IP mode file for STMicroelectronics.X-CUBE-MEMS1.11.0.0
2025-01-25 15:19:55,745 [WARN] PackLoader:240 - Cannot read IP mode file for STMicroelectronics.FP-SNS-FLIGHT1.5.0.2
2025-01-25 15:19:55,767 [WARN] PackLoader:240 - Cannot read IP mode file for STMicroelectronics.X-CUBE-DISPLAY.3.0.0
2025-01-25 15:19:55,793 [WARN] PackLoader:240 - Cannot read IP mode file for STMicroelectronics.X-CUBE-BLE1.7.0.0
2025-01-25 15:19:55,813 [WARN] PackLoader:240 - Cannot read IP mode file for STMicroelectronics.X-CUBE-NFC10.1.0.0
2025-01-25 15:19:55,832 [ERROR] Engine:466 - C:\Users\KkangJun\.stm32cubemx\thirdparties\pdsc\STMicroelectronics.X-CUBE-BLEMGR.4.0.0.pdsc: PDSC version is not supported
2025-01-25 15:19:55,849 [WARN] PackLoader:240 - Cannot read IP mode file for emotas.I-CUBE-CANOPEN.1.3.0
2025-01-25 15:19:55,867 [WARN] PackLoader:240 - Cannot read IP mode file for STMicroelectronics.X-CUBE-BLEMGR.3.1.0
2025-01-25 15:19:55,884 [WARN] PackLoader:240 - Cannot read IP mode file for STMicroelectronics.FP-SNS-SMARTAG2.1.2.0
2025-01-25 15:19:55,957 [WARN] PackLoader:240 - Cannot read IP mode file for STMicroelectronics.X-CUBE-MEMS1.11.1.0
2025-01-25 15:19:56,105 [INFO] LogOutputStream:77 - [STDOUT_REDIRECT] 1 : Invalid condition id : UX_CORESTACK_Condition cause : null
2025-01-25 15:19:56,106 [INFO] LogOutputStream:77 - [STDOUT_REDIRECT] 1 : Invalid condition id : UX_CORESTACK_Condition cause : null
2025-01-25 15:19:56,106 [INFO] LogOutputStream:77 - [STDOUT_REDIRECT] 1 : Invalid condition id : UX_CORESTACK_Condition cause : null
2025-01-25 15:19:56,108 [INFO] LogOutputStream:77 - [STDOUT_REDIRECT] 1 : Invalid condition id : UX_CORESTACK_Condition cause : null
2025-01-25 15:19:56,109 [INFO] LogOutputStream:77 - [STDOUT_REDIRECT] 1 : Invalid condition id : UX_CORESTACK_Condition cause : null
2025-01-25 15:19:56,112 [WARN] PackLoader:240 - Cannot read IP mode file for STMicroelectronics.X-CUBE-AZRTOS-WL.2.0.0
2025-01-25 15:19:56,126 [WARN] PackLoader:240 - Cannot read IP mode file for STMicroelectronics.FP-SNS-MOTENV1.5.0.0
2025-01-25 15:19:56,139 [WARN] PackLoader:240 - Cannot read IP mode file for wolfSSL.I-CUBE-wolfMQTT.1.19.0
2025-01-25 15:19:56,153 [WARN] PackLoader:240 - Cannot read IP mode file for WES.I-CUBE-Cesium.1.3.0
2025-01-25 15:19:56,170 [WARN] PackLoader:240 - Cannot read IP mode file for STMicroelectronics.X-CUBE-BLE2.3.3.0
2025-01-25 15:19:56,188 [WARN] PackLoader:240 - Cannot read IP mode file for STMicroelectronics.X-CUBE-NFC9.1.0.0
2025-01-25 15:19:56,203 [WARN] PackLoader:240 - Cannot read IP mode file for STMicroelectronics.X-CUBE-TCPP.4.1.0
2025-01-25 15:19:56,220 [WARN] PackLoader:240 - Cannot read IP mode file for STMicroelectronics.X-CUBE-ALGOBUILD.1.3.0
2025-01-25 15:19:56,246 [WARN] PackLoader:240 - Cannot read IP mode file for STMicroelectronics.X-CUBE-AZRTOS-G0.1.1.0
2025-01-25 15:19:56,265 [WARN] PackLoader:240 - Cannot read IP mode file for STMicroelectronics.X-CUBE-SAFEA1.1.2.2
2025-01-25 15:19:56,281 [WARN] PackLoader:240 - Cannot read IP mode file for STMicroelectronics.X-CUBE-NFC4.3.0.0
2025-01-25 15:19:56,296 [ERROR] Engine:466 - C:\Users\KkangJun\.stm32cubemx\thirdparties\pdsc\EmbeddedOffice.I-CUBE-FS-RTOS.1.0.1.pdsc: PDSC version is not supported
2025-01-25 15:19:56,313 [WARN] PackLoader:240 - Cannot read IP mode file for STMicroelectronics.X-CUBE-BLEMGR.3.0.0
2025-01-25 15:19:56,328 [ERROR] Engine:466 - C:\Users\KkangJun\.stm32cubemx\thirdparties\pdsc\STMicroelectronics.X-CUBE-TCPP.4.2.0.pdsc: PDSC version is not supported
2025-01-25 15:19:56,344 [ERROR] Engine:466 - C:\Users\KkangJun\.stm32cubemx\thirdparties\pdsc\RealThread.X-CUBE-RT-Thread_Nano.4.1.1.pdsc: PDSC version is not supported
2025-01-25 15:19:56,355 [WARN] PackLoader:240 - Cannot read IP mode file for STMicroelectronics.FP-ATR-SIGFOX1.3.2.0
2025-01-25 15:19:56,365 [ERROR] Engine:466 - C:\Users\KkangJun\.stm32cubemx\thirdparties\pdsc\quantropi.X-CUBE-qispace-sdk-base.1.9.3.pdsc: PDSC version is not supported
2025-01-25 15:19:56,377 [WARN] PackLoader:240 - Cannot read IP mode file for STMicroelectronics.X-CUBE-EEPRMA1.5.1.0
2025-01-25 15:19:56,411 [WARN] PackLoader:240 - Cannot read IP mode file for SEGGER.I-CUBE-embOS.1.3.1
2025-01-25 15:19:56,446 [WARN] PackLoader:240 - Cannot read IP mode file for STMicroelectronics.X-CUBE-ALGOBUILD.1.4.0
2025-01-25 15:19:56,463 [WARN] PackLoader:240 - Cannot read IP mode file for STMicroelectronics.X-CUBE-AI.9.1.0
2025-01-25 15:19:56,480 [WARN] PackLoader:240 - Cannot read IP mode file for STMicroelectronics.X-CUBE-GNSS1.6.0.0
2025-01-25 15:19:56,505 [WARN] PackLoader:240 - Cannot read IP mode file for STMicroelectronics.X-CUBE-AZRTOS-F4.1.1.0
2025-01-25 15:19:56,519 [WARN] PackLoader:240 - Cannot read IP mode file for STMicroelectronics.X-CUBE-ISPU.2.1.0
2025-01-25 15:19:56,531 [WARN] PackLoader:240 - Cannot read IP mode file for STMicroelectronics.X-CUBE-FREERTOS.1.2.0
2025-01-25 15:19:56,543 [WARN] PackLoader:240 - Cannot read IP mode file for wolfSSL.I-CUBE-wolfSSL.5.6.6
2025-01-25 15:19:56,567 [WARN] PackLoader:240 - Cannot read IP mode file for STMicroelectronics.X-CUBE-AZRTOS-L5.2.0.0
2025-01-25 15:19:56,584 [WARN] PackLoader:240 - Cannot read IP mode file for STMicroelectronics.X-CUBE-EEPRMA1.4.2.0
2025-01-25 15:19:56,598 [WARN] PackLoader:240 - Cannot read IP mode file for STMicroelectronics.X-CUBE-NFC6.3.1.0
2025-01-25 15:19:56,614 [WARN] PackLoader:240 - Cannot read IP mode file for ITTIA_DB.I-CUBE-ITTIADB.8.8.0
2025-01-25 15:19:56,625 [ERROR] Engine:466 - C:\Users\KkangJun\.stm32cubemx\thirdparties\pdsc\STMicroelectronics.X-CUBE-DPower.1.2.0.pdsc: PDSC version is not supported
2025-01-25 15:19:56,639 [WARN] PackLoader:240 - Cannot read IP mode file for STMicroelectronics.X-CUBE-AI.9.0.0
2025-01-25 15:19:56,651 [WARN] PackLoader:240 - Cannot read IP mode file for STMicroelectronics.X-CUBE-FREERTOS.1.3.0
2025-01-25 15:19:56,667 [WARN] PackLoader:240 - Cannot read IP mode file for STMicroelectronics.X-CUBE-NFC7.1.0.1
2025-01-25 15:19:56,679 [WARN] PackLoader:240 - Cannot read IP mode file for wolfSSL.I-CUBE-wolfTPM.3.2.0
2025-01-25 15:19:56,693 [WARN] PackLoader:240 - Cannot read IP mode file for STMicroelectronics.X-CUBE-NFC6.3.0.0
2025-01-25 15:19:56,705 [WARN] PackLoader:240 - Cannot read IP mode file for STMicroelectronics.X-CUBE-AI.8.1.0
2025-01-25 15:19:56,728 [WARN] ConditionMgr:438 - getConditionDescription Invalid condition id : LAN8742 Phy interface Condition cause : null
2025-01-25 15:19:56,728 [WARN] PackLoader:240 - Cannot read IP mode file for STMicroelectronics.X-CUBE-AZRTOS-L4.2.0.0
2025-01-25 15:19:56,729 [WARN] ConditionMgr:1039 - genDependencies : Invalid condition id : LAN8742 Phy interface Condition cause : null
2025-01-25 15:19:56,729 [WARN] ConditionMgr:1039 - genDependencies : Invalid condition id : LAN8742 Phy interface Condition cause : null
2025-01-25 15:19:56,731 [WARN] ConditionMgr:1039 - genDependencies : Invalid condition id : LAN8742 Phy interface Condition cause : null
2025-01-25 15:19:56,747 [WARN] PackLoader:240 - Cannot read IP mode file for STMicroelectronics.X-CUBE-SFXS2LP1.4.0.0
2025-01-25 15:19:56,778 [WARN] PackLoader:240 - Cannot read IP mode file for STMicroelectronics.X-CUBE-AZRTOS-H7.3.3.0
2025-01-25 15:19:56,792 [ERROR] Engine:466 - C:\Users\KkangJun\.stm32cubemx\thirdparties\pdsc\STMicroelectronics.X-CUBE-IPS.3.0.0.pdsc: PDSC version is not supported
2025-01-25 15:19:56,811 [WARN] ConditionMgr:438 - getConditionDescription Invalid condition id : UX DEVICE CLASS RTOS Condition cause : null
2025-01-25 15:19:56,811 [WARN] ConditionMgr:438 - getConditionDescription Invalid condition id : UX DEVICE CLASS RTOS Condition cause : null
2025-01-25 15:19:56,812 [WARN] PackLoader:240 - Cannot read IP mode file for STMicroelectronics.X-CUBE-AZRTOS-WB.2.0.0
2025-01-25 15:19:56,813 [WARN] ConditionMgr:1039 - genDependencies : Invalid condition id : UX DEVICE CLASS RTOS Condition cause : null
2025-01-25 15:19:56,813 [WARN] ConditionMgr:1039 - genDependencies : Invalid condition id : UX DEVICE CLASS RTOS Condition cause : null
2025-01-25 15:19:56,813 [WARN] ConditionMgr:1039 - genDependencies : Invalid condition id : UX DEVICE CLASS RTOS Condition cause : null
2025-01-25 15:19:56,813 [WARN] ConditionMgr:1039 - genDependencies : Invalid condition id : UX DEVICE CLASS RTOS Condition cause : null
2025-01-25 15:19:56,813 [WARN] ConditionMgr:1039 - genDependencies : Invalid condition id : UX DEVICE CLASS RTOS Condition cause : null
2025-01-25 15:19:56,825 [WARN] PackLoader:240 - Cannot read IP mode file for STMicroelectronics.X-CUBE-GNSS1.7.0.0
2025-01-25 15:19:56,841 [WARN] PackLoader:240 - Cannot read IP mode file for STMicroelectronics.X-CUBE-GNSS1.7.0.1
2025-01-25 15:19:56,851 [ERROR] Engine:466 - C:\Users\KkangJun\.stm32cubemx\thirdparties\pdsc\STMicroelectronics.FP-SNS-STBOX1.2.0.0.pdsc: PDSC version is not supported
2025-01-25 15:19:56,867 [WARN] PackLoader:240 - Cannot read IP mode file for STMicroelectronics.X-CUBE-SUBG2.5.0.0
2025-01-25 15:19:56,880 [WARN] PackLoader:240 - Cannot read IP mode file for Cesanta.I-CUBE-Mongoose.7.13.0
2025-01-25 15:19:56,899 [WARN] PackLoader:240 - Cannot read IP mode file for STMicroelectronics.X-CUBE-AZRTOS-G4.2.0.0
2025-01-25 15:19:56,922 [WARN] PackLoader:240 - Cannot read IP mode file for Infineon.AIROC-Wi-Fi-Bluetooth-STM32.1.5.1
2025-01-25 15:19:56,935 [WARN] PackLoader:240 - Cannot read IP mode file for STMicroelectronics.FP-SNS-MOTENVWB1.1.3.1
2025-01-25 15:19:56,947 [WARN] PackLoader:240 - Cannot read IP mode file for STMicroelectronics.X-CUBE-ISPU.2.0.0
2025-01-25 15:19:56,959 [ERROR] Engine:466 - C:\Users\KkangJun\.stm32cubemx\thirdparties\pdsc\STMicroelectronics.X-CUBE-IPS.3.1.0.pdsc: PDSC version is not supported
2025-01-25 15:19:56,970 [WARN] PackLoader:240 - Cannot read IP mode file for STMicroelectronics.X-CUBE-ALS.1.0.2
2025-01-25 15:19:57,007 [WARN] PackLoader:240 - Cannot read IP mode file for STMicroelectronics.X-CUBE-MEMS1.10.0.0
2025-01-25 15:19:57,098 [WARN] PackLoader:240 - Cannot read IP mode file for STMicroelectronics.X-CUBE-FREERTOS.1.1.0
2025-01-25 15:19:57,110 [WARN] PackLoader:240 - Cannot read IP mode file for STMicroelectronics.X-CUBE-TOUCHGFX.4.24.0
2025-01-25 15:19:57,124 [WARN] PackLoader:240 - Cannot read IP mode file for STMicroelectronics.X-CUBE-TOUCHGFX.4.24.2
2025-01-25 15:19:57,137 [WARN] PackLoader:240 - Cannot read IP mode file for STMicroelectronics.X-CUBE-TOUCHGFX.4.24.1
2025-01-25 15:19:57,151 [WARN] PackLoader:240 - Cannot read IP mode file for portGmbH.I-Cube-SoM-uGOAL.1.1.0
2025-01-25 15:19:57,162 [WARN] PackLoader:240 - Cannot read IP mode file for STMicroelectronics.X-CUBE-ALS.1.0.1
2025-01-25 15:19:57,188 [WARN] PackLoader:240 - Cannot read IP mode file for STMicroelectronics.X-CUBE-AZRTOS-H7RS.1.0.0
2025-01-25 15:19:57,202 [WARN] PackLoader:240 - Cannot read IP mode file for STMicroelectronics.FP-ATR-ASTRA1.2.0.0
2025-01-25 15:19:57,217 [ERROR] Engine:466 - C:\Users\KkangJun\.stm32cubemx\thirdparties\pdsc\STMicroelectronics.X-CUBE-TOF1.3.4.2.pdsc: PDSC version is not supported
2025-01-25 15:19:57,237 [WARN] PackLoader:240 - Cannot read IP mode file for STMicroelectronics.X-CUBE-TOF1.3.4.0
2025-01-25 15:19:57,262 [WARN] PackLoader:240 - Cannot read IP mode file for STMicroelectronics.X-CUBE-TOF1.3.4.1
2025-01-25 15:19:57,294 [WARN] PackLoader:240 - Cannot read IP mode file for STMicroelectronics.X-CUBE-AZRTOS-H7.3.2.0
2025-01-25 15:19:57,308 [WARN] PackLoader:240 - Cannot read IP mode file for wolfSSL.I-CUBE-wolfSSH.1.4.17
2025-01-25 15:19:57,308 [INFO] ThirdParty:978 - Integrity check success = true
2025-01-25 15:19:57,308 [INFO] IntegrityCheckThread:100 - exiting critical section [integrity check]
2025-01-25 15:19:57,309 [INFO] IntegrityCheckThread:103 - End integrity checks thread
2025-01-25 16:01:42,221 [INFO] McuFinderGlobals:63 - Set McuFinder mode to 2 (CubeIDE integrated)
2025-01-25 16:01:42,227 [INFO] MainUpdater:2868 - connection check result : 10
2025-01-25 16:01:42,228 [INFO] MainUpdater:2868 - connection check result : 10
2025-01-25 16:01:42,260 [INFO] MicroXplorer:468 - Change Database Path : 
2025-01-25 16:01:42,260 [INFO] MicroXplorer:498 - Change Database Version : DB.6.0.92
2025-01-25 16:01:42,263 [WARN] ThirdParty:871 - waiting for thirdparty lock release [close project]
2025-01-25 16:01:42,263 [INFO] ThirdParty:873 - entering critical section [close project]
2025-01-25 16:01:42,264 [INFO] ThirdParty:883 - exiting critical section [close project]
2025-01-25 16:01:42,265 [INFO] PinOutPanel:1499 - setPackage(No Configuration,No Configuration)
2025-01-25 16:01:42,269 [INFO] UtilMem:75 - Begin LoadConfig() Used Memory: 834803864 Bytes (1073741824)
2025-01-25 16:01:42,270 [INFO] MicroXplorer:468 - Change Database Path : 
2025-01-25 16:01:42,270 [INFO] MicroXplorer:498 - Change Database Version : DB.6.0.92
2025-01-25 16:01:42,270 [INFO] OpenFileManager:308 - Change cursor
2025-01-25 16:01:42,293 [INFO] Mcu:1946 - Initializing MCU STM32F407V(E-G)Tx STM32F407VETx STM32F407VET6
2025-01-25 16:01:43,178 [INFO] Context:659 - Trying to add GPIOservice into a context  which must be forbidden
2025-01-25 16:01:43,525 [INFO] RtosManager:555 - Registered RTOS mode: class=CMSIS, group=RTOS, mode=CMSIS_V1, owner=FREERTOS
2025-01-25 16:01:43,525 [INFO] RtosManager:555 - Registered RTOS mode: class=CMSIS, group=RTOS2, mode=CMSIS_V2, owner=FREERTOS
2025-01-25 16:01:43,526 [INFO] RtosManager:555 - Registered RTOS mode: class=RTOS, group=Core, mode=CMSIS_V1, owner=FREERTOS
2025-01-25 16:01:43,526 [INFO] RtosManager:555 - Registered RTOS mode: class=RTOS, group=Core, mode=CMSIS_V2, owner=FREERTOS
2025-01-25 16:01:43,526 [WARN] ModelIntegratedComponent:184 - Missing modes for component STMicroelectronics:FreeRTOS:0.0.1:STMicroelectronics:RTOS:FreeRTOS:Core:::10.2.0:
2025-01-25 16:01:43,532 [WARN] ModelIntegratedComponent:63 - No mode defined for component null
2025-01-25 16:01:43,532 [WARN] ModelIntegratedComponent:63 - No mode defined for component null
2025-01-25 16:01:43,532 [WARN] ModelIntegratedComponent:63 - No mode defined for component null
2025-01-25 16:01:43,532 [WARN] ModelIntegratedComponent:63 - No mode defined for component null
2025-01-25 16:01:43,532 [WARN] ModelIntegratedComponent:63 - No mode defined for component null
2025-01-25 16:01:43,532 [WARN] ModelIntegratedComponent:63 - No mode defined for component null
2025-01-25 16:01:43,532 [WARN] ModelIntegratedComponent:63 - No mode defined for component null
2025-01-25 16:01:43,532 [WARN] ModelIntegratedComponent:63 - No mode defined for component null
2025-01-25 16:01:43,532 [WARN] ModelIntegratedComponent:63 - No mode defined for component null
2025-01-25 16:01:43,532 [WARN] ModelIntegratedComponent:63 - No mode defined for component null
2025-01-25 16:01:43,532 [WARN] ModelIntegratedComponent:63 - No mode defined for component null
2025-01-25 16:01:43,532 [WARN] ModelIntegratedComponent:63 - No mode defined for component null
2025-01-25 16:01:43,532 [WARN] ModelIntegratedComponent:63 - No mode defined for component null
2025-01-25 16:01:43,532 [WARN] ModelIntegratedComponent:63 - No mode defined for component null
2025-01-25 16:01:43,532 [WARN] ModelIntegratedComponent:63 - No mode defined for component null
2025-01-25 16:01:43,532 [WARN] ModelIntegratedComponent:63 - No mode defined for component null
2025-01-25 16:01:43,532 [WARN] ModelIntegratedComponent:63 - No mode defined for component null
2025-01-25 16:01:43,532 [WARN] ModelIntegratedComponent:63 - No mode defined for component null
2025-01-25 16:01:43,532 [WARN] ModelIntegratedComponent:63 - No mode defined for component null
2025-01-25 16:01:43,532 [WARN] ModelIntegratedComponent:63 - No mode defined for component null
2025-01-25 16:01:43,532 [WARN] ModelIntegratedComponent:63 - No mode defined for component null
2025-01-25 16:01:43,532 [WARN] ModelIntegratedComponent:63 - No mode defined for component null
2025-01-25 16:01:43,532 [WARN] ModelIntegratedComponent:63 - No mode defined for component null
2025-01-25 16:01:43,532 [WARN] ModelIntegratedComponent:63 - No mode defined for component null
2025-01-25 16:01:43,533 [WARN] ModelIntegratedComponent:63 - No mode defined for component null
2025-01-25 16:01:43,533 [WARN] ModelIntegratedComponent:63 - No mode defined for component null
2025-01-25 16:01:43,533 [WARN] ModelIntegratedComponent:63 - No mode defined for component null
2025-01-25 16:01:43,533 [WARN] ModelIntegratedComponent:63 - No mode defined for component null
2025-01-25 16:01:43,533 [WARN] ModelIntegratedComponent:63 - No mode defined for component null
2025-01-25 16:01:43,533 [WARN] ModelIntegratedComponent:63 - No mode defined for component null
2025-01-25 16:01:43,533 [WARN] ModelIntegratedComponent:63 - No mode defined for component null
2025-01-25 16:01:43,533 [WARN] ModelIntegratedComponent:63 - No mode defined for component null
2025-01-25 16:01:43,533 [WARN] ModelIntegratedComponent:63 - No mode defined for component null
2025-01-25 16:01:43,640 [INFO] ThirdPartyModel:298 - Start build external matchings
2025-01-25 16:01:44,257 [INFO] ThirdPartyModel:316 - End build external matchings
2025-01-25 16:01:44,275 [INFO] RtosManager:919 - Current active RTOS is FREERTOS [Cortex-M4NS]
2025-01-25 16:01:44,280 [INFO] ImportTextPane:194 - (OptionalMessage_ERROR) IP (FREERTOS) : Invalid parameter (Events01)
2025-01-25 16:01:44,281 [WARN] IP:2114 - I2C_Coeff_DF not found: check if there is a RefParameter without a condition.
2025-01-25 16:01:44,281 [WARN] IP:2114 - Analog_Filter not found: check if there is a RefParameter without a condition.
2025-01-25 16:01:44,281 [INFO] ImportTextPane:194 - (OptionalMessage_ERROR) IP (RCC) : Parameter (48MHZClocksFreq_Value) has invalid value (84000000)
2025-01-25 16:01:44,282 [INFO] ImportTextPane:194 - (OptionalMessage_ERROR) IP (RCC) : Parameter (RTCHSEDivFreq_Value) has invalid value (4000000)
2025-01-25 16:01:44,516 [INFO] UtilMem:75 - End LoadConfig() Used Memory: 631884096 Bytes (1073741824)
2025-01-25 16:01:44,630 [INFO] ApiDb:581 - Connected to CubeFinder SQLite database (C:\Users\KkangJun\.stmcufinder\plugins\mcufinder\mcu\cube-finder-db.db)
2025-01-25 16:01:44,698 [INFO] ApiDb:668 - CubeFinder database Data Model version=2.1
2025-01-25 16:01:44,698 [INFO] ApiDb:669 - CubeFinder database Configuration version=3.0.39
2025-01-25 16:01:44,699 [INFO] ApiDb:670 - CubeFinder database generation date=2024-12-10 (1733817889)
2025-01-25 16:01:44,699 [INFO] ApiDb:671 - CubeFinder database FW Pack versions=[FP-ATR-ASTRA1_V2.0.0, FP-SNS-FLIGHT1_V5.0.2, FP-SNS-MOTENV1_V5.0.0, FP-SNS-MOTENVWB1_V1.4.0, FP-SNS-SMARTAG2_V1.2.0, FP-SNS-STBOX1_V2.0.0, STM32Cube_FW_C0_V1.3.0, STM32Cube_FW_F4_V1.28.1, STM32Cube_FW_F7_V1.17.2, STM32Cube_FW_G0_V1.6.2, STM32Cube_FW_G4_V1.6.1, STM32Cube_FW_H5_V1.4.0, STM32Cube_FW_H7RS_V1.1.0, STM32Cube_FW_H7_V1.12.0, STM32Cube_FW_L0_V1.12.2, STM32Cube_FW_L4_V1.18.1, STM32Cube_FW_L5_V1.5.1, STM32Cube_FW_N6_V1.0.0, STM32Cube_FW_U0_V1.2.0, STM32Cube_FW_U3_V1.0.0, STM32Cube_FW_U5_V1.7.0, STM32Cube_FW_WB0_V1.1.0, STM32Cube_FW_WBA_V1.5.0, STM32Cube_FW_WB_V1.21.0, STM32Cube_FW_WL3_V1.0.0, STM32Cube_FW_WL_V1.3.0, X-CUBE-ALGOBUILD_V1.4.0, X-CUBE-ALS_V1.0.2, X-CUBE-AZRTOS-F4_V1.1.0, X-CUBE-AZRTOS-F7_V1.1.0, X-CUBE-AZRTOS-G0_V1.1.0, X-CUBE-AZRTOS-G4_V2.0.0, X-CUBE-AZRTOS-H7RS_V1.0.0, X-CUBE-AZRTOS-H7_V3.3.0, X-CUBE-AZRTOS-L4_V2.0.0, X-CUBE-AZRTOS-L5_V2.0.0, X-CUBE-AZRTOS-WB_V2.0.0, X-CUBE-AZRTOS-WL_V2.0.0, X-CUBE-BLE1_V7.0.0, X-CUBE-BLE2_V3.3.0, X-CUBE-BLEMGR_V3.1.0, X-CUBE-EEPRMA1_V5.1.0, X-CUBE-FREERTOS_V1.2.0, X-CUBE-GNSS1_V6.0.0, X-CUBE-MEMS1_V11.0.0, X-CUBE-NFC4_V3.0.0, X-CUBE-NFC7_V1.0.1, X-CUBE-SFXS2LP1_V4.0.0, X-CUBE-SUBG2_V5.0.0, X-CUBE-TOF1_V3.4.2]
2025-01-25 16:01:46,889 [INFO] ApiDb:240 - Found 323 in-development CPN: [B-G473E-ZEST1S, B-WB1M-WPAN1, B-WL5M-SUBG1, NUCLEO-C031C6, NUCLEO-H503RB, NUCLEO-H563ZI, NUCLEO-U545RE-Q, NUCLEO-U5A5ZJ-Q, NUCLEO-WBA52CG, STEVAL-PROTEUS1, STEVAL-SMARTAG2, STEVAL-STWINBX1, STM320518-EVAL, STM32C0116-DK, STM32C011D6Y3TR, STM32C011D6Y6TR, STM32C011F4P3, STM32C011F4P6, STM32C011F4U3, STM32C011F4U6TR, STM32C011F6P3, STM32C011F6P6, STM32C011F6U3, STM32C011F6U6TR, STM32C011J4M3, STM32C011J4M6, STM32C011J6M3, STM32C011J6M6, STM32C0316-DK, STM32C031C4T3, STM32C031C4T6, STM32C031C4U3, STM32C031C4U6, STM32C031C6T3, STM32C031C6T6, STM32C031C6U3, STM32C031C6U6, STM32C031F4P3, STM32C031F4P6, STM32C031F6P3, STM32C031F6P6, STM32C031G4U3, STM32C031G4U6, STM32C031G6U3, STM32C031G6U6, STM32C031K4T3, STM32C031K4T6, STM32C031K4U3, STM32C031K4U6, STM32C031K6T3, STM32C031K6T6, STM32C031K6U3, STM32C031K6U6, STM32G071K8TXN, STM32G071K8UXN, STM32G081GBU6N, STM32G081KBT6N, STM32G081KBUXN, STM32G0B1CCT6N, STM32G0B1KCT6, STM32G0B1NEY6TR, STM32G0B1RCT6N, STM32G0C1CCT6, STM32G0C1CCT6N, STM32G0C1CCU6N, STM32G0C1CET6N, STM32G0C1CEU6N, STM32G0C1KCT6, STM32G0C1NEY6TR, STM32G0C1RCI6N, STM32G0C1RCT6N, STM32G0C1REI6N, STM32G0C1RET6N, STM32G0C1VCI6, STM32G0C1VEI6, STM32G471CCT6, STM32G471CCU6, STM32G471CET3, STM32G471CET6, STM32G471CEU3, STM32G471CEU6, STM32G471MCT6, STM32G471MET3, STM32G471MET6, STM32G471MEY6TR, STM32G471QCT6, STM32G471QET3, STM32G471RCT6, STM32G471RET3, STM32G471RET6, STM32G471VCH6, STM32G471VCI6, STM32G471VCT6, STM32G471VEH3, STM32G471VEH6, STM32G471VEI3, STM32G471VEI6, STM32G471VET3, STM32G471VET6, STM32G474CCT6, STM32H503CBT6, STM32H503CBU6, STM32H503EBY6TR, STM32H503KBU6, STM32H503RBT6, STM32H562AGI6, STM32H562AII6, STM32H562IGK6, STM32H562IGT6, STM32H562IIK6, STM32H562IIT6, STM32H562RGT6, STM32H562RGV6, STM32H562RIT6, STM32H562RIV6, STM32H562VGT6, STM32H562VIT6, STM32H562ZGT6, STM32H562ZIT6, STM32H563AGI6, STM32H563AII3Q, STM32H563AII6, STM32H563IGK6, STM32H563IGT6, STM32H563IIK3Q, STM32H563IIK6, STM32H563IIT3Q, STM32H563IIT6, STM32H563MIY3QTR, STM32H563RGT6, STM32H563RGV6, STM32H563RIT6, STM32H563RIV6, STM32H563VGT6, STM32H563VIT3Q, STM32H563VIT6, STM32H563ZGT6, STM32H563ZIT3Q, STM32H563ZIT6, STM32H573AII3Q, STM32H573AII6, STM32H573I-DK, STM32H573IIK3Q, STM32H573IIK6, STM32H573IIT3Q, STM32H573IIT6, STM32H573MIY3QTR, STM32H573RIT6, STM32H573RIV6, STM32H573VIT3Q, STM32H573VIT6, STM32H573ZIT3Q, STM32H573ZIT6, STM32L4R5QGI6STR, STM32MP131AAE3, STM32MP131AAF3, STM32MP131AAG3, STM32MP131CAE3, STM32MP131CAF3, STM32MP131CAG3, STM32MP131DAE7, STM32MP131DAF7, STM32MP131DAG7, STM32MP131FAE7, STM32MP131FAF7, STM32MP131FAG7, STM32MP133AAE3, STM32MP133AAF3, STM32MP133AAG3, STM32MP133CAE3, STM32MP133CAF3, STM32MP133CAG3, STM32MP133DAE7, STM32MP133DAF7, STM32MP133DAG7, STM32MP133FAE7, STM32MP133FAF7, STM32MP133FAG7, STM32MP135AAE3, STM32MP135AAF3, STM32MP135AAG3, STM32MP135CAE3, STM32MP135CAF3, STM32MP135CAG3, STM32MP135DAE7, STM32MP135DAF7, STM32MP135DAG7, STM32MP135F-DK, STM32MP135FAE7, STM32MP135FAF7, STM32MP135FAF7T, STM32MP135FAF7U, STM32MP135FAG7, STM32U535CBT6, STM32U535CBT6Q, STM32U535CBU6, STM32U535CBU6Q, STM32U535CCT6, STM32U535CCT6Q, STM32U535CCU6, STM32U535CCU6Q, STM32U535CET6, STM32U535CET6Q, STM32U535CEU6, STM32U535CEU6Q, STM32U535JEY6QTR, STM32U535NCY6QTR, STM32U535NEY6QTR, STM32U535RBI6, STM32U535RBI6Q, STM32U535RBT6, STM32U535RBT6Q, STM32U535RCI6, STM32U535RCI6Q, STM32U535RCT6, STM32U535RCT6Q, STM32U535REI6, STM32U535REI6Q, STM32U535RET6, STM32U535RET6Q, STM32U535VCI6, STM32U535VCI6Q, STM32U535VCT6, STM32U535VCT6Q, STM32U535VEI6, STM32U535VEI6Q, STM32U535VET6, STM32U535VET6Q, STM32U545CET6, STM32U545CET6Q, STM32U545CEU6, STM32U545CEU6Q, STM32U545JEY6QTR, STM32U545NEY6QTR, STM32U545REI6, STM32U545REI6Q, STM32U545RET6, STM32U545RET6Q, STM32U545VEI6, STM32U545VEI6Q, STM32U545VET6, STM32U545VET6Q, STM32U595AIH6, STM32U595AIH6Q, STM32U595AJH6, STM32U595AJH6Q, STM32U595QII6, STM32U595QII6Q, STM32U595QJI6, STM32U595QJI6Q, STM32U595RIT6, STM32U595RIT6Q, STM32U595RJT6, STM32U595RJT6Q, STM32U595VIT6, STM32U595VIT6Q, STM32U595VJT6, STM32U595VJT6Q, STM32U595ZIT6, STM32U595ZIT6Q, STM32U595ZIY6QTR, STM32U595ZJT6, STM32U595ZJT6Q, STM32U595ZJY6QTR, STM32U599BJY6QTR, STM32U599NIH6Q, STM32U599NJH6Q, STM32U599VIT6Q, STM32U599VJT6, STM32U599VJT6Q, STM32U599ZIT6Q, STM32U599ZIY6QTR, STM32U599ZJT6Q, STM32U599ZJY6QTR, STM32U5A5AJH6, STM32U5A5AJH6Q, STM32U5A5QJI6, STM32U5A5QJI6Q, STM32U5A5RJT6, STM32U5A5RJT6Q, STM32U5A5VJT6, STM32U5A5VJT6Q, STM32U5A5ZJT6, STM32U5A5ZJT6Q, STM32U5A5ZJY6QTR, STM32U5A9BJY6QTR, STM32U5A9J-DK, STM32U5A9NJH6Q, STM32U5A9VJT6Q, STM32U5A9ZJT6Q, STM32U5A9ZJY6QTR, STM32U5F7VIT6, STM32U5F7VIT6Q, STM32U5F7VJT6, STM32U5F7VJT6Q, STM32U5F9BJY6QTR, STM32U5F9NJH6Q, STM32U5F9VIT6Q, STM32U5F9VJT6Q, STM32U5F9ZIJ6QTR, STM32U5F9ZIT6Q, STM32U5F9ZJJ6QTR, STM32U5F9ZJT6Q, STM32U5G7VJT6, STM32U5G7VJT6Q, STM32U5G9BJY6QTR, STM32U5G9J-DK1, STM32U5G9J-DK2, STM32U5G9NJH6Q, STM32U5G9VJT6Q, STM32U5G9ZJJ6QTR, STM32U5G9ZJT6Q, STM32WB1MMCH6, STM32WBA52CEU6, STM32WBA52CEU6T, STM32WBA52CGU6, STM32WBA52CGU6T, STM32WBA52KEU6, STM32WBA52KEU6T, STM32WBA52KGU6, STM32WBA52KGU6T, STM32WL5MOCH6, STM32WL5MOCH6TR]
2025-01-25 16:01:46,892 [INFO] DbMcus:217 - Found 4388 MCUs, 4388 are supported
2025-01-25 16:01:46,893 [INFO] ApiDb:423 - Load user favorites file C:\Users\KkangJun/.stm32cubeide/favorites.mcus.txt: 0 item(s)
2025-01-25 16:01:46,893 [INFO] ApiDb:427 - User favorites MCUs=[]
2025-01-25 16:01:46,893 [INFO] DbMcus:223 - Set 0 / 0 favorites MCUs
2025-01-25 16:01:47,167 [WARN] ThirdParty:833 - waiting for thirdparty lock release [change project]
2025-01-25 16:01:47,167 [INFO] ThirdParty:835 - entering critical section [change project]
2025-01-25 16:01:47,167 [INFO] ThirdParty:1030 - CMSIS Pack Vendor :STMicroelectronics USBPD 4.1
2025-01-25 16:01:47,167 [INFO] ThirdParty:1030 - CMSIS Pack Vendor :STMicroelectronics X-CUBE-AZRTOS-H7 3.3.0
2025-01-25 16:01:47,167 [INFO] ThirdParty:1030 - CMSIS Pack Vendor :STMicroelectronics X-CUBE-NFC9 1.0.0
2025-01-25 16:01:47,167 [INFO] ThirdParty:1030 - CMSIS Pack Vendor :STMicroelectronics X-CUBE-GNSS1 6.0.0
2025-01-25 16:01:47,167 [INFO] ThirdParty:1030 - CMSIS Pack Vendor :STMicroelectronics USB_HOST 2.0.0
2025-01-25 16:01:47,167 [INFO] ThirdParty:1030 - CMSIS Pack Vendor :STMicroelectronics FP-SNS-MOTENVWB1 1.4.0
2025-01-25 16:01:47,167 [INFO] ThirdParty:1030 - CMSIS Pack Vendor :STMicroelectronics X-CUBE-AZRTOS-F4 1.1.0
2025-01-25 16:01:47,167 [INFO] ThirdParty:1030 - CMSIS Pack Vendor :STMicroelectronics LIBJPEG 8.0.0
2025-01-25 16:01:47,167 [INFO] ThirdParty:1030 - CMSIS Pack Vendor :STMicroelectronics FP-ATR-ASTRA1 2.0.1
2025-01-25 16:01:47,167 [INFO] ThirdParty:1030 - CMSIS Pack Vendor :STMicroelectronics X-CUBE-SMBUS 2.1.0
2025-01-25 16:01:47,167 [INFO] ThirdParty:1030 - CMSIS Pack Vendor :STMicroelectronics X-CUBE-WB05N 1.1.0
2025-01-25 16:01:47,167 [INFO] ThirdParty:1030 - CMSIS Pack Vendor :STMicroelectronics USB_DEVICE 3.0.0
2025-01-25 16:01:47,167 [INFO] ThirdParty:1030 - CMSIS Pack Vendor :STMicroelectronics X-CUBE-TCPP 4.1.0
2025-01-25 16:01:47,167 [INFO] ThirdParty:1030 - CMSIS Pack Vendor :STMicroelectronics X-CUBE-ISPU 2.1.0
2025-01-25 16:01:47,167 [INFO] ThirdParty:1030 - CMSIS Pack Vendor :STMicroelectronics X-CUBE-FREERTOS 1.2.0
2025-01-25 16:01:47,167 [INFO] ThirdParty:1030 - CMSIS Pack Vendor :STMicroelectronics X-CUBE-AZRTOS-WB 2.0.0
2025-01-25 16:01:47,167 [INFO] ThirdParty:1030 - CMSIS Pack Vendor :wolfSSL I-CUBE-wolfSSL 5.6.6
2025-01-25 16:01:47,167 [INFO] ThirdParty:1030 - CMSIS Pack Vendor :STMicroelectronics X-CUBE-GNSS1 7.0.0
2025-01-25 16:01:47,167 [INFO] ThirdParty:1030 - CMSIS Pack Vendor :STMicroelectronics X-CUBE-GNSS1 7.0.1
2025-01-25 16:01:47,167 [INFO] ThirdParty:1030 - CMSIS Pack Vendor :STMicroelectronics X-CUBE-TOUCHGFX 4.23.0
2025-01-25 16:01:47,167 [INFO] ThirdParty:1030 - CMSIS Pack Vendor :STMicroelectronics X-CUBE-TOUCHGFX 4.23.2
2025-01-25 16:01:47,167 [INFO] ThirdParty:1030 - CMSIS Pack Vendor :STMicroelectronics X-CUBE-AZRTOS-F7 1.1.0
2025-01-25 16:01:47,167 [INFO] ThirdParty:1030 - CMSIS Pack Vendor :STMicroelectronics X-CUBE-AZRTOS-L5 2.0.0
2025-01-25 16:01:47,167 [INFO] ThirdParty:1030 - CMSIS Pack Vendor :STMicroelectronics USB_DEVICE 2.0.0
2025-01-25 16:01:47,167 [INFO] ThirdParty:1030 - CMSIS Pack Vendor :STMicroelectronics X-CUBE-EEPRMA1 4.2.0
2025-01-25 16:01:47,168 [INFO] ThirdParty:1030 - CMSIS Pack Vendor :STMicroelectronics X-CUBE-NFC6 3.1.0
2025-01-25 16:01:47,168 [INFO] ThirdParty:1030 - CMSIS Pack Vendor :ITTIA_DB I-CUBE-ITTIADB 8.8.0
2025-01-25 16:01:47,168 [INFO] ThirdParty:1030 - CMSIS Pack Vendor :STMicroelectronics FP-SNS-MOTENV1 4.3.2
2025-01-25 16:01:47,168 [INFO] ThirdParty:1030 - CMSIS Pack Vendor :STMicroelectronics X-CUBE-ALGOBUILD 1.3.0
2025-01-25 16:01:47,168 [INFO] ThirdParty:1030 - CMSIS Pack Vendor :STMicroelectronics X-CUBE-MEMS1 11.0.0
2025-01-25 16:01:47,168 [INFO] ThirdParty:1030 - CMSIS Pack Vendor :STMicroelectronics FreeRTOS 0.0.1
2025-01-25 16:01:47,168 [INFO] ThirdParty:1030 - CMSIS Pack Vendor :STMicroelectronics X-CUBE-AZRTOS-G0 1.1.0
2025-01-25 16:01:47,168 [INFO] ThirdParty:1030 - CMSIS Pack Vendor :STMicroelectronics X-CUBE-SAFEA1 1.2.2
2025-01-25 16:01:47,168 [INFO] ThirdParty:1030 - CMSIS Pack Vendor :STMicroelectronics X-CUBE-NFC4 3.0.0
2025-01-25 16:01:47,168 [INFO] ThirdParty:1030 - CMSIS Pack Vendor :STMicroelectronics X-CUBE-SUBG2 5.0.0
2025-01-25 16:01:47,168 [INFO] ThirdParty:1030 - CMSIS Pack Vendor :STMicroelectronics STM32_WPAN 1.0.0
2025-01-25 16:01:47,168 [INFO] ThirdParty:1030 - CMSIS Pack Vendor :STMicroelectronics lwIP 2.0.3
2025-01-25 16:01:47,168 [INFO] ThirdParty:1030 - CMSIS Pack Vendor :STMicroelectronics FP-SNS-FLIGHT1 5.0.2
2025-01-25 16:01:47,168 [INFO] ThirdParty:1030 - CMSIS Pack Vendor :Cesanta I-CUBE-Mongoose 7.13.0
2025-01-25 16:01:47,168 [INFO] ThirdParty:1030 - CMSIS Pack Vendor :STMicroelectronics USB_HOST 1.0.0
2025-01-25 16:01:47,168 [INFO] ThirdParty:1030 - CMSIS Pack Vendor :STMicroelectronics X-CUBE-AI 9.0.0
2025-01-25 16:01:47,168 [INFO] ThirdParty:1030 - CMSIS Pack Vendor :STMicroelectronics X-CUBE-AZRTOS-G4 2.0.0
2025-01-25 16:01:47,168 [INFO] ThirdParty:1030 - CMSIS Pack Vendor :STMicroelectronics PDM2PCM 3.1.0
2025-01-25 16:01:47,168 [INFO] ThirdParty:1030 - CMSIS Pack Vendor :Infineon AIROC-Wi-Fi-Bluetooth-STM32 1.5.1
2025-01-25 16:01:47,168 [INFO] ThirdParty:1030 - CMSIS Pack Vendor :STMicroelectronics X-CUBE-BLEMGR 3.0.0
2025-01-25 16:01:47,168 [INFO] ThirdParty:1030 - CMSIS Pack Vendor :STMicroelectronics PDM2PCM 3.3.0
2025-01-25 16:01:47,168 [INFO] ThirdParty:1030 - CMSIS Pack Vendor :STMicroelectronics X-CUBE-DISPLAY 3.0.0
2025-01-25 16:01:47,168 [INFO] ThirdParty:1030 - CMSIS Pack Vendor :STMicroelectronics FP-SNS-MOTENVWB1 1.3.1
2025-01-25 16:01:47,168 [INFO] ThirdParty:1030 - CMSIS Pack Vendor :STMicroelectronics X-CUBE-BLE1 7.0.0
2025-01-25 16:01:47,168 [INFO] ThirdParty:1030 - CMSIS Pack Vendor :STMicroelectronics FP-ATR-SIGFOX1 3.2.0
2025-01-25 16:01:47,168 [INFO] ThirdParty:1030 - CMSIS Pack Vendor :STMicroelectronics X-CUBE-NFC10 1.0.0
2025-01-25 16:01:47,168 [INFO] ThirdParty:1030 - CMSIS Pack Vendor :STMicroelectronics X-CUBE-ISPU 2.0.0
2025-01-25 16:01:47,168 [INFO] ThirdParty:1030 - CMSIS Pack Vendor :STMicroelectronics X-CUBE-EEPRMA1 5.1.0
2025-01-25 16:01:47,168 [INFO] ThirdParty:1030 - CMSIS Pack Vendor :STMicroelectronics HAL Drivers 0.0.0
2025-01-25 16:01:47,168 [INFO] ThirdParty:1030 - CMSIS Pack Vendor :STMicroelectronics MBEDTLS 2.16.2
2025-01-25 16:01:47,168 [INFO] ThirdParty:1030 - CMSIS Pack Vendor :STMicroelectronics X-CUBE-ALS 1.0.2
2025-01-25 16:01:47,168 [INFO] ThirdParty:1030 - CMSIS Pack Vendor :emotas I-CUBE-CANOPEN 1.3.0
2025-01-25 16:01:47,168 [INFO] ThirdParty:1030 - CMSIS Pack Vendor :STMicroelectronics X-CUBE-FREERTOS 1.3.0
2025-01-25 16:01:47,168 [INFO] ThirdParty:1030 - CMSIS Pack Vendor :STMicroelectronics X-CUBE-MEMS1 10.0.0
2025-01-25 16:01:47,168 [INFO] ThirdParty:1030 - CMSIS Pack Vendor :STMicroelectronics X-CUBE-FREERTOS 1.1.0
2025-01-25 16:01:47,168 [INFO] ThirdParty:1030 - CMSIS Pack Vendor :STMicroelectronics X-CUBE-NFC7 1.0.1
2025-01-25 16:01:47,168 [INFO] ThirdParty:1030 - CMSIS Pack Vendor :STMicroelectronics MBEDTLS 2.14.1
2025-01-25 16:01:47,168 [INFO] ThirdParty:1030 - CMSIS Pack Vendor :STMicroelectronics X-CUBE-TOUCHGFX 4.24.0
2025-01-25 16:01:47,168 [INFO] ThirdParty:1030 - CMSIS Pack Vendor :wolfSSL I-CUBE-wolfTPM 3.2.0
2025-01-25 16:01:47,168 [INFO] ThirdParty:1030 - CMSIS Pack Vendor :STMicroelectronics X-CUBE-TOUCHGFX 4.24.2
2025-01-25 16:01:47,168 [INFO] ThirdParty:1030 - CMSIS Pack Vendor :STMicroelectronics X-CUBE-TOUCHGFX 4.24.1
2025-01-25 16:01:47,168 [INFO] ThirdParty:1030 - CMSIS Pack Vendor :STMicroelectronics X-CUBE-NFC6 3.0.0
2025-01-25 16:01:47,168 [INFO] ThirdParty:1030 - CMSIS Pack Vendor :portGmbH I-Cube-SoM-uGOAL 1.1.0
2025-01-25 16:01:47,168 [INFO] ThirdParty:1030 - CMSIS Pack Vendor :STMicroelectronics X-CUBE-ALS 1.0.1
2025-01-25 16:01:47,168 [INFO] ThirdParty:1030 - CMSIS Pack Vendor :STMicroelectronics X-CUBE-BLEMGR 3.1.0
2025-01-25 16:01:47,168 [INFO] ThirdParty:1030 - CMSIS Pack Vendor :STMicroelectronics ThreadX 1.0.0
2025-01-25 16:01:47,168 [INFO] ThirdParty:1030 - CMSIS Pack Vendor :STMicroelectronics FP-SNS-SMARTAG2 1.2.0
2025-01-25 16:01:47,168 [INFO] ThirdParty:1030 - CMSIS Pack Vendor :STMicroelectronics X-CUBE-MEMS1 11.1.0
2025-01-25 16:01:47,168 [INFO] ThirdParty:1030 - CMSIS Pack Vendor :STMicroelectronics X-CUBE-AZRTOS-WL 2.0.0
2025-01-25 16:01:47,168 [INFO] ThirdParty:1030 - CMSIS Pack Vendor :SEGGER I-CUBE-embOS 1.3.1
2025-01-25 16:01:47,168 [INFO] ThirdParty:1030 - CMSIS Pack Vendor :STMicroelectronics X-CUBE-ALGOBUILD 1.4.0
2025-01-25 16:01:47,168 [INFO] ThirdParty:1030 - CMSIS Pack Vendor :STMicroelectronics FP-SNS-MOTENV1 5.0.0
2025-01-25 16:01:47,168 [INFO] ThirdParty:1030 - CMSIS Pack Vendor :STMicroelectronics USB_DEVICE 1.0.0
2025-01-25 16:01:47,168 [INFO] ThirdParty:1030 - CMSIS Pack Vendor :STMicroelectronics X-CUBE-AI 8.1.0
2025-01-25 16:01:47,168 [INFO] ThirdParty:1030 - CMSIS Pack Vendor :STMicroelectronics X-CUBE-AZRTOS-H7RS 1.0.0
2025-01-25 16:01:47,168 [INFO] ThirdParty:1030 - CMSIS Pack Vendor :wolfSSL I-CUBE-wolfMQTT 1.19.0
2025-01-25 16:01:47,168 [INFO] ThirdParty:1030 - CMSIS Pack Vendor :STMicroelectronics X-CUBE-AZRTOS-L4 2.0.0
2025-01-25 16:01:47,168 [INFO] ThirdParty:1030 - CMSIS Pack Vendor :STMicroelectronics ThreadX 0.0.2
2025-01-25 16:01:47,168 [INFO] ThirdParty:1030 - CMSIS Pack Vendor :WES I-CUBE-Cesium 1.3.0
2025-01-25 16:01:47,168 [INFO] ThirdParty:1030 - CMSIS Pack Vendor :STMicroelectronics FP-ATR-ASTRA1 2.0.0
2025-01-25 16:01:47,168 [INFO] ThirdParty:1030 - CMSIS Pack Vendor :STMicroelectronics lwIP 2.1.2
2025-01-25 16:01:47,168 [INFO] ThirdParty:1030 - CMSIS Pack Vendor :STMicroelectronics X-CUBE-SFXS2LP1 4.0.0
2025-01-25 16:01:47,168 [INFO] ThirdParty:1030 - CMSIS Pack Vendor :STMicroelectronics X-CUBE-BLE2 3.3.0
2025-01-25 16:01:47,168 [INFO] ThirdParty:1030 - CMSIS Pack Vendor :STMicroelectronics X-CUBE-AI 9.1.0
2025-01-25 16:01:47,168 [INFO] ThirdParty:1030 - CMSIS Pack Vendor :STMicroelectronics X-CUBE-TOF1 3.4.0
2025-01-25 16:01:47,168 [INFO] ThirdParty:1030 - CMSIS Pack Vendor :STMicroelectronics X-CUBE-TOF1 3.4.1
2025-01-25 16:01:47,168 [INFO] ThirdParty:1030 - CMSIS Pack Vendor :STMicroelectronics X-CUBE-AZRTOS-H7 3.2.0
2025-01-25 16:01:47,168 [INFO] ThirdParty:1030 - CMSIS Pack Vendor :STMicroelectronics PDM2PCM 3.2.0
2025-01-25 16:01:47,168 [INFO] ThirdParty:1030 - CMSIS Pack Vendor :wolfSSL I-CUBE-wolfSSH 1.4.17
2025-01-25 16:01:47,168 [INFO] ThirdParty:841 - exiting critical section [change project]
2025-01-25 16:01:47,406 [INFO] PinOutPanel:1499 - setPackage(No Configuration,No Configuration)
2025-01-25 16:01:47,406 [INFO] PinOutPanel:1499 - setPackage(STM32F407VETx,LQFP100)
2025-01-25 16:01:47,712 [INFO] UtilMem:75 - Before build in PCC Used Memory: 679039216 Bytes (1073741824)
2025-01-25 16:01:48,365 [INFO] UtilMem:75 - After build in PCC Used Memory: 691521984 Bytes (1073741824)
2025-01-25 16:01:48,443 [INFO] ApiDbMcu:507 - Load IP Config File for FREERTOS
2025-01-25 16:01:48,467 [INFO] IPUIPlugin:80 - create IPUIPlugin
2025-01-25 16:01:48,467 [INFO] IPUIPlugin:80 - create IPUIPlugin
2025-01-25 16:01:48,467 [INFO] IPUIPlugin:80 - create IPUIPlugin
2025-01-25 16:01:48,467 [INFO] IPUIPlugin:80 - create IPUIPlugin
2025-01-25 16:01:48,467 [INFO] IPUIPlugin:80 - create IPUIPlugin
2025-01-25 16:01:48,468 [INFO] IPUIPlugin:80 - create IPUIPlugin
2025-01-25 16:01:48,468 [INFO] IPUIPlugin:80 - create IPUIPlugin
2025-01-25 16:01:48,468 [INFO] IPUIPlugin:80 - create IPUIPlugin
2025-01-25 16:01:48,468 [INFO] IPUIPlugin:80 - create IPUIPlugin
2025-01-25 16:01:48,468 [INFO] IPUIPlugin:80 - create IPUIPlugin
2025-01-25 16:01:48,468 [INFO] IPUIPlugin:80 - create IPUIPlugin
2025-01-25 16:01:48,468 [INFO] IPUIPlugin:80 - create IPUIPlugin
2025-01-25 16:01:48,468 [INFO] IPUIPlugin:80 - create IPUIPlugin
2025-01-25 16:01:48,468 [INFO] IPUIPlugin:80 - create IPUIPlugin
2025-01-25 16:01:48,468 [INFO] IPUIPlugin:80 - create IPUIPlugin
2025-01-25 16:01:48,468 [INFO] IPUIPlugin:80 - create IPUIPlugin
2025-01-25 16:01:48,468 [INFO] IPUIPlugin:80 - create IPUIPlugin
2025-01-25 16:01:48,469 [INFO] IPUIPlugin:80 - create IPUIPlugin
2025-01-25 16:01:48,469 [INFO] IPUIPlugin:80 - create IPUIPlugin
2025-01-25 16:01:48,469 [INFO] IPUIPlugin:80 - create IPUIPlugin
2025-01-25 16:01:48,469 [INFO] IPUIPlugin:80 - create IPUIPlugin
2025-01-25 16:01:48,469 [INFO] IPUIPlugin:80 - create IPUIPlugin
2025-01-25 16:01:48,469 [INFO] IPUIPlugin:80 - create IPUIPlugin
2025-01-25 16:01:48,469 [INFO] IPUIPlugin:80 - create IPUIPlugin
2025-01-25 16:01:48,470 [INFO] IPUIPlugin:80 - create IPUIPlugin
2025-01-25 16:01:48,470 [INFO] IPUIPlugin:80 - create IPUIPlugin
2025-01-25 16:01:48,470 [INFO] IPUIPlugin:80 - create IPUIPlugin
2025-01-25 16:01:48,470 [INFO] IPUIPlugin:80 - create IPUIPlugin
2025-01-25 16:01:48,470 [INFO] IPUIPlugin:80 - create IPUIPlugin
2025-01-25 16:01:48,470 [INFO] IPUIPlugin:80 - create IPUIPlugin
2025-01-25 16:01:48,470 [INFO] IPUIPlugin:80 - create IPUIPlugin
2025-01-25 16:01:48,470 [INFO] IPUIPlugin:80 - create IPUIPlugin
2025-01-25 16:01:48,471 [INFO] IPUIPlugin:80 - create IPUIPlugin
2025-01-25 16:01:48,471 [INFO] IPUIPlugin:80 - create IPUIPlugin
2025-01-25 16:01:48,471 [INFO] IPUIPlugin:80 - create IPUIPlugin
2025-01-25 16:01:48,471 [INFO] IPUIPlugin:80 - create IPUIPlugin
2025-01-25 16:01:48,471 [INFO] IPUIPlugin:80 - create IPUIPlugin
2025-01-25 16:01:48,471 [INFO] IPUIPlugin:80 - create IPUIPlugin
2025-01-25 16:01:48,471 [INFO] IPUIPlugin:80 - create IPUIPlugin
2025-01-25 16:01:48,471 [INFO] IPUIPlugin:80 - create IPUIPlugin
2025-01-25 16:01:48,471 [INFO] IPUIPlugin:80 - create IPUIPlugin
2025-01-25 16:01:48,472 [INFO] IPUIPlugin:80 - create IPUIPlugin
2025-01-25 16:01:48,472 [INFO] IPUIPlugin:80 - create IPUIPlugin
2025-01-25 16:01:48,472 [INFO] IPUIPlugin:80 - create IPUIPlugin
2025-01-25 16:01:48,472 [INFO] IPUIPlugin:80 - create IPUIPlugin
2025-01-25 16:01:48,472 [INFO] IPUIPlugin:80 - create IPUIPlugin
2025-01-25 16:01:48,472 [INFO] IPUIPlugin:80 - create IPUIPlugin
2025-01-25 16:01:48,472 [INFO] IPUIPlugin:80 - create IPUIPlugin
2025-01-25 16:01:48,472 [INFO] IPUIPlugin:80 - create IPUIPlugin
2025-01-25 16:01:48,473 [INFO] IPUIPlugin:80 - create IPUIPlugin
2025-01-25 16:01:48,473 [INFO] IPUIPlugin:80 - create IPUIPlugin
2025-01-25 16:01:48,474 [INFO] IPUIPlugin:80 - create IPUIPlugin
2025-01-25 16:01:48,474 [INFO] IPUIPlugin:80 - create IPUIPlugin
2025-01-25 16:01:48,474 [INFO] IPUIPlugin:80 - create IPUIPlugin
2025-01-25 16:01:48,474 [INFO] IPUIPlugin:80 - create IPUIPlugin
2025-01-25 16:01:48,475 [INFO] IPUIPlugin:80 - create IPUIPlugin
2025-01-25 16:01:48,476 [INFO] IPUIPlugin:80 - create IPUIPlugin
2025-01-25 16:01:48,476 [INFO] IPUIPlugin:80 - create IPUIPlugin
2025-01-25 16:01:48,486 [INFO] ApiDbMcu:507 - Load IP Config File for PDM2PCM
2025-01-25 16:01:48,495 [INFO] Can:71 - Can Add PropertyChangeListener com.st.microxplorer.plugins.ip.can.Can@41c6d986
2025-01-25 16:01:48,496 [WARN] IP:2114 - I2C_Coeff_DF not found: check if there is a RefParameter without a condition.
2025-01-25 16:01:48,496 [WARN] IP:2114 - Analog_Filter not found: check if there is a RefParameter without a condition.
2025-01-25 16:01:48,497 [WARN] IP:2114 - I2C_Coeff_DF not found: check if there is a RefParameter without a condition.
2025-01-25 16:01:48,497 [WARN] IP:2114 - Analog_Filter not found: check if there is a RefParameter without a condition.
2025-01-25 16:01:48,522 [WARN] FreeRTOS:1023 - Null or empty value: should not occur! (nothing added to the table)
2025-01-25 16:01:48,683 [INFO] CADModel:165 - CPN selected for project levelSTM32F407VET6
2025-01-25 16:01:48,683 [INFO] CADModel:114 - Register for checkConnection events
2025-01-25 16:01:48,684 [INFO] RtosManager:697 - Active RTOS found at IOC load: FREERTOS [Cortex-M4NS]
2025-01-25 16:01:48,731 [INFO] OpenFileManager:328 - Restore cursor
2025-01-25 16:01:48,838 [WARN] IP:2114 - I2C_Coeff_DF not found: check if there is a RefParameter without a condition.
2025-01-25 16:01:48,838 [WARN] IP:2114 - Analog_Filter not found: check if there is a RefParameter without a condition.
2025-01-25 16:01:48,838 [WARN] IP:2114 - I2C_Coeff_DF not found: check if there is a RefParameter without a condition.
2025-01-25 16:01:48,838 [WARN] IP:2114 - Analog_Filter not found: check if there is a RefParameter without a condition.
2025-01-25 16:01:48,842 [WARN] IP:2114 - I2C_Coeff_DF not found: check if there is a RefParameter without a condition.
2025-01-25 16:01:48,842 [WARN] IP:2114 - Analog_Filter not found: check if there is a RefParameter without a condition.
2025-01-25 16:01:48,842 [WARN] IP:2114 - I2C_Coeff_DF not found: check if there is a RefParameter without a condition.
2025-01-25 16:01:48,843 [WARN] IP:2114 - Analog_Filter not found: check if there is a RefParameter without a condition.
2025-01-25 16:04:09,697 [ERROR] RtosPanel:558 - Can not restore the selected Tab for FREERTOS(A reason can be that the tab is no more available.)
2025-01-25 16:04:11,529 [INFO] TasksAndQueuesTab:757 - Dynamic
2025-01-25 16:04:11,529 [WARN] TasksAndQueuesTab:763 - 128 128
2025-01-25 16:04:11,529 [WARN] TasksAndQueuesTab:775 - max value is: 3840.0
2025-01-25 16:04:11,529 [INFO] TasksAndQueuesTab:757 - Dynamic
2025-01-25 16:04:11,529 [WARN] TasksAndQueuesTab:763 - 128 128
2025-01-25 16:04:11,529 [WARN] TasksAndQueuesTab:775 - max value is: 3840.0
2025-01-25 16:04:11,529 [INFO] TasksAndQueuesTab:757 - Dynamic
2025-01-25 16:04:11,529 [WARN] TasksAndQueuesTab:763 - 128 128
2025-01-25 16:04:11,529 [WARN] TasksAndQueuesTab:775 - max value is: 3840.0
2025-01-25 16:04:11,529 [INFO] TasksAndQueuesTab:757 - Dynamic
2025-01-25 16:04:11,529 [WARN] TasksAndQueuesTab:763 - 128 128
2025-01-25 16:04:11,529 [WARN] TasksAndQueuesTab:775 - max value is: 3840.0
2025-01-25 16:04:11,529 [INFO] TasksAndQueuesTab:757 - Dynamic
2025-01-25 16:04:11,529 [WARN] TasksAndQueuesTab:763 - 128 128
2025-01-25 16:04:11,529 [WARN] TasksAndQueuesTab:775 - max value is: 3840.0
2025-01-25 16:04:11,529 [INFO] TasksAndQueuesTab:757 - Dynamic
2025-01-25 16:04:11,529 [WARN] TasksAndQueuesTab:763 - 128 128
2025-01-25 16:04:11,529 [WARN] TasksAndQueuesTab:775 - max value is: 3840.0
2025-01-25 16:05:59,381 [INFO] TasksAndQueuesTab:757 - Dynamic
2025-01-25 16:05:59,381 [WARN] TasksAndQueuesTab:763 - 128 128
2025-01-25 16:05:59,381 [WARN] TasksAndQueuesTab:775 - max value is: 3840.0
2025-01-25 16:05:59,381 [INFO] TasksAndQueuesTab:757 - Dynamic
2025-01-25 16:05:59,381 [WARN] TasksAndQueuesTab:763 - 128 128
2025-01-25 16:05:59,381 [WARN] TasksAndQueuesTab:775 - max value is: 3840.0
2025-01-25 16:05:59,381 [INFO] TasksAndQueuesTab:757 - Dynamic
2025-01-25 16:05:59,381 [WARN] TasksAndQueuesTab:763 - 128 128
2025-01-25 16:05:59,381 [WARN] TasksAndQueuesTab:775 - max value is: 3840.0
2025-01-25 16:05:59,381 [INFO] TasksAndQueuesTab:757 - Dynamic
2025-01-25 16:05:59,381 [WARN] TasksAndQueuesTab:763 - 128 128
2025-01-25 16:05:59,381 [WARN] TasksAndQueuesTab:775 - max value is: 3840.0
2025-01-25 16:05:59,381 [INFO] TasksAndQueuesTab:757 - Dynamic
2025-01-25 16:05:59,381 [WARN] TasksAndQueuesTab:763 - 128 128
2025-01-25 16:05:59,381 [WARN] TasksAndQueuesTab:775 - max value is: 3840.0
2025-01-25 16:05:59,381 [INFO] TasksAndQueuesTab:757 - Dynamic
2025-01-25 16:05:59,381 [WARN] TasksAndQueuesTab:763 - 128 128
2025-01-25 16:05:59,381 [WARN] TasksAndQueuesTab:775 - max value is: 3840.0
2025-01-25 16:06:04,604 [INFO] UtilMem:75 - End SaveConfig() Used Memory: 760051904 Bytes (1073741824)
2025-01-25 16:06:06,262 [INFO] UtilMem:75 - End SaveConfig() Used Memory: 788885696 Bytes (1073741824)
2025-01-25 16:06:07,893 [INFO] UtilMem:75 - End SaveConfig() Used Memory: 848132288 Bytes (1073741824)
2025-01-25 16:06:08,186 [INFO] BlockDiagram:2759 - set Specific Code input for plugin: FREERTOS
2025-01-25 16:06:08,188 [INFO] BlockDiagram:2759 - set Specific Code input for plugin: CAN
2025-01-25 16:06:08,188 [INFO] BlockDiagram:2759 - set Specific Code input for plugin: SYS
2025-01-25 16:06:08,188 [INFO] BlockDiagram:2759 - set Specific Code input for plugin: RCC
2025-01-25 16:06:08,188 [INFO] BlockDiagram:2759 - set Specific Code input for plugin: I2C
2025-01-25 16:06:08,188 [INFO] BlockDiagram:2759 - set Specific Code input for plugin: I2C
2025-01-25 16:06:08,188 [INFO] BlockDiagram:2759 - set Specific Code input for plugin: NVIC
2025-01-25 16:06:08,188 [INFO] BlockDiagram:2759 - set Specific Code input for plugin: USART
2025-01-25 16:06:08,188 [INFO] BlockDiagram:2759 - set Specific Code input for plugin: USART
2025-01-25 16:06:08,188 [INFO] BlockDiagram:2759 - set Specific Code input for plugin: GPIO
2025-01-25 16:06:08,189 [INFO] CodeGenerator:799 - code generatio: config db path: C:\ST\STM32CubeIDE_1.13.2\STM32CubeIDE\plugins\com.st.stm32cube.common.mx_6.9.2.202309101412\\db\
2025-01-25 16:06:08,198 [WARN] IP:2114 - I2C_Coeff_DF not found: check if there is a RefParameter without a condition.
2025-01-25 16:06:08,198 [WARN] IP:2114 - Analog_Filter not found: check if there is a RefParameter without a condition.
2025-01-25 16:06:08,199 [WARN] IP:2114 - I2C_Coeff_DF not found: check if there is a RefParameter without a condition.
2025-01-25 16:06:08,199 [WARN] IP:2114 - Analog_Filter not found: check if there is a RefParameter without a condition.
2025-01-25 16:06:08,380 [INFO] CodeEngine:255 - oldGeneratedFile, C:\Users\KkangJun\Desktop\Project\6_Axis_Robot\Program\6_Axis_Firmware\MXTmpFiles\license.tmp_save
2025-01-25 16:06:08,620 [INFO] CodeEngine:279 - Generated code: C:\Users\KkangJun\Desktop\Project\6_Axis_Robot\Program\6_Axis_Firmware\MXTmpFiles\license.tmp
2025-01-25 16:06:08,658 [INFO] CodeEngine:255 - oldGeneratedFile, C:\Users\KkangJun\Desktop\Project\6_Axis_Robot\Program\6_Axis_Firmware\MXTmpFiles\gpio.tmp_save
2025-01-25 16:06:08,744 [INFO] CodeEngine:279 - Generated code: C:\Users\KkangJun\Desktop\Project\6_Axis_Robot\Program\6_Axis_Firmware\MXTmpFiles\gpio.tmp
2025-01-25 16:06:08,920 [INFO] Middleware:1439 - No code input for Bsp Dependency
2025-01-25 16:06:08,930 [INFO] CodeEngine:255 - oldGeneratedFile, C:\Users\KkangJun\Desktop\Project\6_Axis_Robot\Program\6_Axis_Firmware\MXTmpFiles\rtos_inc.tmp_save
2025-01-25 16:06:08,993 [INFO] CodeEngine:279 - Generated code: C:\Users\KkangJun\Desktop\Project\6_Axis_Robot\Program\6_Axis_Firmware\MXTmpFiles\rtos_inc.tmp
2025-01-25 16:06:08,998 [INFO] CodeEngine:255 - oldGeneratedFile, C:\Users\KkangJun\Desktop\Project\6_Axis_Robot\Program\6_Axis_Firmware\MXTmpFiles\rtos_kernelInit.tmp_save
2025-01-25 16:06:09,058 [INFO] CodeEngine:279 - Generated code: C:\Users\KkangJun\Desktop\Project\6_Axis_Robot\Program\6_Axis_Firmware\MXTmpFiles\rtos_kernelInit.tmp
2025-01-25 16:06:09,064 [INFO] CodeEngine:255 - oldGeneratedFile, C:\Users\KkangJun\Desktop\Project\6_Axis_Robot\Program\6_Axis_Firmware\MXTmpFiles\rtos_kernelStart.tmp_save
2025-01-25 16:06:09,108 [INFO] CodeEngine:279 - Generated code: C:\Users\KkangJun\Desktop\Project\6_Axis_Robot\Program\6_Axis_Firmware\MXTmpFiles\rtos_kernelStart.tmp
2025-01-25 16:06:09,112 [INFO] CodeEngine:255 - oldGeneratedFile, C:\Users\KkangJun\Desktop\Project\6_Axis_Robot\Program\6_Axis_Firmware\MXTmpFiles\rtos_typedefs.tmp_save
2025-01-25 16:06:09,154 [INFO] CodeEngine:279 - Generated code: C:\Users\KkangJun\Desktop\Project\6_Axis_Robot\Program\6_Axis_Firmware\MXTmpFiles\rtos_typedefs.tmp
2025-01-25 16:06:09,160 [INFO] CodeEngine:255 - oldGeneratedFile, C:\Users\KkangJun\Desktop\Project\6_Axis_Robot\Program\6_Axis_Firmware\MXTmpFiles\rtos_vars.tmp_save
2025-01-25 16:06:09,201 [INFO] CodeEngine:279 - Generated code: C:\Users\KkangJun\Desktop\Project\6_Axis_Robot\Program\6_Axis_Firmware\MXTmpFiles\rtos_vars.tmp
2025-01-25 16:06:09,205 [INFO] CodeEngine:255 - oldGeneratedFile, C:\Users\KkangJun\Desktop\Project\6_Axis_Robot\Program\6_Axis_Firmware\MXTmpFiles\rtos_pfp.tmp_save
2025-01-25 16:06:09,243 [INFO] CodeEngine:279 - Generated code: C:\Users\KkangJun\Desktop\Project\6_Axis_Robot\Program\6_Axis_Firmware\MXTmpFiles\rtos_pfp.tmp
2025-01-25 16:06:09,246 [INFO] CodeEngine:255 - oldGeneratedFile, C:\Users\KkangJun\Desktop\Project\6_Axis_Robot\Program\6_Axis_Firmware\MXTmpFiles\rtos_obj_creat.tmp_save
2025-01-25 16:06:09,284 [INFO] CodeEngine:279 - Generated code: C:\Users\KkangJun\Desktop\Project\6_Axis_Robot\Program\6_Axis_Firmware\MXTmpFiles\rtos_obj_creat.tmp
2025-01-25 16:06:09,288 [INFO] CodeEngine:255 - oldGeneratedFile, C:\Users\KkangJun\Desktop\Project\6_Axis_Robot\Program\6_Axis_Firmware\MXTmpFiles\rtos_default_thread.tmp_save
2025-01-25 16:06:09,323 [INFO] CodeEngine:279 - Generated code: C:\Users\KkangJun\Desktop\Project\6_Axis_Robot\Program\6_Axis_Firmware\MXTmpFiles\rtos_default_thread.tmp
2025-01-25 16:06:09,327 [INFO] CodeEngine:255 - oldGeneratedFile, C:\Users\KkangJun\Desktop\Project\6_Axis_Robot\Program\6_Axis_Firmware\MXTmpFiles\rtos_threads.tmp_save
2025-01-25 16:06:09,363 [INFO] CodeEngine:279 - Generated code: C:\Users\KkangJun\Desktop\Project\6_Axis_Robot\Program\6_Axis_Firmware\MXTmpFiles\rtos_threads.tmp
2025-01-25 16:06:09,374 [INFO] Middleware:1439 - No code input for Bsp Dependency
2025-01-25 16:06:09,380 [INFO] CodeEngine:255 - oldGeneratedFile, C:\Users\KkangJun\Desktop\Project\6_Axis_Robot\Program\6_Axis_Firmware\MXTmpFiles\rtos_inc.tmp_save
2025-01-25 16:06:09,416 [INFO] CodeEngine:279 - Generated code: C:\Users\KkangJun\Desktop\Project\6_Axis_Robot\Program\6_Axis_Firmware\MXTmpFiles\rtos_inc.tmp
2025-01-25 16:06:09,420 [INFO] CodeEngine:255 - oldGeneratedFile, C:\Users\KkangJun\Desktop\Project\6_Axis_Robot\Program\6_Axis_Firmware\MXTmpFiles\rtos_kernelInit.tmp_save
2025-01-25 16:06:09,456 [INFO] CodeEngine:279 - Generated code: C:\Users\KkangJun\Desktop\Project\6_Axis_Robot\Program\6_Axis_Firmware\MXTmpFiles\rtos_kernelInit.tmp
2025-01-25 16:06:09,460 [INFO] CodeEngine:255 - oldGeneratedFile, C:\Users\KkangJun\Desktop\Project\6_Axis_Robot\Program\6_Axis_Firmware\MXTmpFiles\rtos_kernelStart.tmp_save
2025-01-25 16:06:09,494 [INFO] CodeEngine:279 - Generated code: C:\Users\KkangJun\Desktop\Project\6_Axis_Robot\Program\6_Axis_Firmware\MXTmpFiles\rtos_kernelStart.tmp
2025-01-25 16:06:09,498 [INFO] CodeEngine:255 - oldGeneratedFile, C:\Users\KkangJun\Desktop\Project\6_Axis_Robot\Program\6_Axis_Firmware\MXTmpFiles\rtos_typedefs.tmp_save
2025-01-25 16:06:09,533 [INFO] CodeEngine:279 - Generated code: C:\Users\KkangJun\Desktop\Project\6_Axis_Robot\Program\6_Axis_Firmware\MXTmpFiles\rtos_typedefs.tmp
2025-01-25 16:06:09,537 [INFO] CodeEngine:255 - oldGeneratedFile, C:\Users\KkangJun\Desktop\Project\6_Axis_Robot\Program\6_Axis_Firmware\MXTmpFiles\rtos_vars.tmp_save
2025-01-25 16:06:09,573 [INFO] CodeEngine:279 - Generated code: C:\Users\KkangJun\Desktop\Project\6_Axis_Robot\Program\6_Axis_Firmware\MXTmpFiles\rtos_vars.tmp
2025-01-25 16:06:09,577 [INFO] CodeEngine:255 - oldGeneratedFile, C:\Users\KkangJun\Desktop\Project\6_Axis_Robot\Program\6_Axis_Firmware\MXTmpFiles\rtos_pfp.tmp_save
2025-01-25 16:06:09,613 [INFO] CodeEngine:279 - Generated code: C:\Users\KkangJun\Desktop\Project\6_Axis_Robot\Program\6_Axis_Firmware\MXTmpFiles\rtos_pfp.tmp
2025-01-25 16:06:09,617 [INFO] CodeEngine:255 - oldGeneratedFile, C:\Users\KkangJun\Desktop\Project\6_Axis_Robot\Program\6_Axis_Firmware\MXTmpFiles\rtos_obj_creat.tmp_save
2025-01-25 16:06:09,654 [INFO] CodeEngine:279 - Generated code: C:\Users\KkangJun\Desktop\Project\6_Axis_Robot\Program\6_Axis_Firmware\MXTmpFiles\rtos_obj_creat.tmp
2025-01-25 16:06:09,659 [INFO] CodeEngine:255 - oldGeneratedFile, C:\Users\KkangJun\Desktop\Project\6_Axis_Robot\Program\6_Axis_Firmware\MXTmpFiles\rtos_default_thread.tmp_save
2025-01-25 16:06:09,696 [INFO] CodeEngine:279 - Generated code: C:\Users\KkangJun\Desktop\Project\6_Axis_Robot\Program\6_Axis_Firmware\MXTmpFiles\rtos_default_thread.tmp
2025-01-25 16:06:09,700 [INFO] CodeEngine:255 - oldGeneratedFile, C:\Users\KkangJun\Desktop\Project\6_Axis_Robot\Program\6_Axis_Firmware\MXTmpFiles\rtos_threads.tmp_save
2025-01-25 16:06:09,735 [INFO] CodeEngine:279 - Generated code: C:\Users\KkangJun\Desktop\Project\6_Axis_Robot\Program\6_Axis_Firmware\MXTmpFiles\rtos_threads.tmp
2025-01-25 16:06:09,740 [INFO] CodeEngine:255 - oldGeneratedFile, C:\Users\KkangJun\Desktop\Project\6_Axis_Robot\Program\6_Axis_Firmware\Core\Inc\FreeRTOSConfig.h_save
2025-01-25 16:06:09,786 [INFO] CodeEngine:279 - Generated code: C:\Users\KkangJun\Desktop\Project\6_Axis_Robot\Program\6_Axis_Firmware\Core\Inc\FreeRTOSConfig.h
2025-01-25 16:06:09,790 [INFO] CodeEngine:255 - oldGeneratedFile, C:\Users\KkangJun\Desktop\Project\6_Axis_Robot\Program\6_Axis_Firmware\Core\Src\freertos.c_save
2025-01-25 16:06:09,843 [INFO] CodeEngine:279 - Generated code: C:\Users\KkangJun\Desktop\Project\6_Axis_Robot\Program\6_Axis_Firmware\Core\Src\freertos.c
2025-01-25 16:06:09,857 [INFO] CodeEngine:255 - oldGeneratedFile, C:\Users\KkangJun\Desktop\Project\6_Axis_Robot\Program\6_Axis_Firmware\Core\Src\stm32f4xx_it.c_save
2025-01-25 16:06:09,930 [INFO] CodeEngine:279 - Generated code: C:\Users\KkangJun\Desktop\Project\6_Axis_Robot\Program\6_Axis_Firmware\Core\Src\stm32f4xx_it.c
2025-01-25 16:06:09,936 [INFO] CodeEngine:255 - oldGeneratedFile, C:\Users\KkangJun\Desktop\Project\6_Axis_Robot\Program\6_Axis_Firmware\Core\Inc\stm32f4xx_it.h_save
2025-01-25 16:06:09,986 [INFO] CodeEngine:279 - Generated code: C:\Users\KkangJun\Desktop\Project\6_Axis_Robot\Program\6_Axis_Firmware\Core\Inc\stm32f4xx_it.h
2025-01-25 16:06:09,998 [INFO] CodeEngine:255 - oldGeneratedFile, C:\Users\KkangJun\Desktop\Project\6_Axis_Robot\Program\6_Axis_Firmware\Core\Src\stm32f4xx_hal_msp.c_save
2025-01-25 16:06:10,097 [INFO] CodeEngine:279 - Generated code: C:\Users\KkangJun\Desktop\Project\6_Axis_Robot\Program\6_Axis_Firmware\Core\Src\stm32f4xx_hal_msp.c
2025-01-25 16:06:10,103 [INFO] CodeEngine:255 - oldGeneratedFile, C:\Users\KkangJun\Desktop\Project\6_Axis_Robot\Program\6_Axis_Firmware\MXTmpFiles\system.tmp_save
2025-01-25 16:06:10,155 [INFO] CodeEngine:279 - Generated code: C:\Users\KkangJun\Desktop\Project\6_Axis_Robot\Program\6_Axis_Firmware\MXTmpFiles\system.tmp
2025-01-25 16:06:10,162 [INFO] CodeEngine:255 - oldGeneratedFile, C:\Users\KkangJun\Desktop\Project\6_Axis_Robot\Program\6_Axis_Firmware\Core\Src\stm32f4xx_hal_timebase_tim.c_save
2025-01-25 16:06:10,211 [INFO] CodeEngine:279 - Generated code: C:\Users\KkangJun\Desktop\Project\6_Axis_Robot\Program\6_Axis_Firmware\Core\Src\stm32f4xx_hal_timebase_tim.c
2025-01-25 16:06:10,221 [INFO] CodeEngine:311 - oldGeneratedFile, C:\Users\KkangJun\Desktop\Project\6_Axis_Robot\Program\6_Axis_Firmware\Core\Inc\stm32f4xx_hal_conf.h_save
2025-01-25 16:06:10,269 [INFO] CodeEngine:335 - Generated code: C:\Users\KkangJun\Desktop\Project\6_Axis_Robot\Program\6_Axis_Firmware\Core\Inc\stm32f4xx_hal_conf.h
2025-01-25 16:06:10,294 [INFO] CodeEngine:255 - oldGeneratedFile, C:\Users\KkangJun\Desktop\Project\6_Axis_Robot\Program\6_Axis_Firmware\Core\Inc\main.h_save
2025-01-25 16:06:10,343 [INFO] CodeEngine:279 - Generated code: C:\Users\KkangJun\Desktop\Project\6_Axis_Robot\Program\6_Axis_Firmware\Core\Inc\main.h
2025-01-25 16:06:10,348 [INFO] CodeEngine:255 - oldGeneratedFile, C:\Users\KkangJun\Desktop\Project\6_Axis_Robot\Program\6_Axis_Firmware\Core\Src\main.c_save
2025-01-25 16:06:10,463 [INFO] CodeEngine:279 - Generated code: C:\Users\KkangJun\Desktop\Project\6_Axis_Robot\Program\6_Axis_Firmware\Core\Src\main.c
2025-01-25 16:06:10,940 [INFO] ProjectBuilder:3064 - Time for Copy HAL[1] : 247mS.
2025-01-25 16:06:10,945 [INFO] ProjectBuilder:4404 - Project Generator version: 4.1.0
2025-01-25 16:06:11,074 [INFO] ConfigFileManager:1457 - The Die is : DIE413
2025-01-25 16:06:11,078 [INFO] ApiDbMcu:507 - Load IP Config File for FATFS
2025-01-25 16:06:11,081 [INFO] ApiDbMcu:507 - Load IP Config File for LIBJPEG
2025-01-25 16:06:11,085 [INFO] ApiDbMcu:507 - Load IP Config File for LWIP
2025-01-25 16:06:11,092 [INFO] ApiDbMcu:507 - Load IP Config File for MBEDTLS
2025-01-25 16:06:11,097 [INFO] ApiDbMcu:507 - Load IP Config File for USB_DEVICE
2025-01-25 16:06:11,101 [INFO] ApiDbMcu:507 - Load IP Config File for USB_HOST
2025-01-25 16:06:11,526 [INFO] LogOutputStream:77 - [STDOUT_REDIRECT] 
2025-01-25 16:06:12,255 [INFO] ProjectBuilder:4626 - Time for Generating toolchain IDE Files: 1310mS.
2025-01-25 16:06:12,256 [INFO] ProjectBuilder:2935 - Time for Copy CMSIS : 1mS.
2025-01-25 16:06:12,262 [INFO] ProjectBuilder:2935 - Time for Copy CMSIS : 0mS.
2025-01-25 18:09:03,281 [ERROR] LogOutputStream:75 - [STDERR_REDIRECT] 
