#
# There is insufficient memory for the Java Runtime Environment to continue.
# Native memory allocation (mmap) failed to map 524288000 bytes. Error detail: G1 virtual space
# Possible reasons:
#   The system is out of physical RAM or swap space
#   This process is running with CompressedOops enabled, and the Java Heap may be blocking the growth of the native heap
# Possible solutions:
#   Reduce memory load on the system
#   Increase physical memory or swap space
#   Check if swap backing store is full
#   Decrease Java heap size (-Xmx/-Xms)
#   Decrease number of Java threads
#   Decrease Java thread stack sizes (-Xss)
#   Set larger code cache with -XX:ReservedCodeCacheSize=
#   JVM is running with Zero Based Compressed Oops mode in which the Java heap is
#     placed in the first 32GB address space. The Java Heap base address is the
#     maximum limit for the native heap growth. Please use -XX:HeapBaseMinAddress
#     to set the Java Heap base and to place the Java Heap above 32GB virtual address.
# This output file may be truncated or incomplete.
#
#  Out of Memory Error (os_windows.cpp:3815), pid=12796, tid=9512
#
# JRE version:  (21.0.3) (build )
# Java VM: OpenJDK 64-Bit Server VM (21.0.3+-12282718-b509.11, mixed mode, sharing, tiered, compressed oops, compressed class ptrs, g1 gc, windows-amd64)
# No core dump will be written. Minidumps are not enabled by default on client versions of Windows
#

---------------  S U M M A R Y ------------

Command Line: org.jetbrains.kotlin.cli.jvm.K2JVMCompiler @C:\Users\KkangJun\Desktop\Project\6_Axis_Robot\Program\6_Axis_App\app\build\20241230_16136049611926466297.compiler.options

Host: AMD Ryzen 9 7940HS w/ Radeon 780M Graphics     , 16 cores, 31G,  Windows 11 , 64 bit Build 22621 (10.0.22621.4391)
Time: Mon Dec 30 15:57:58 2024  Windows 11 , 64 bit Build 22621 (10.0.22621.4391) elapsed time: 0.008253 seconds (0d 0h 0m 0s)

---------------  T H R E A D  ---------------

Current thread (0x000002729b62ba70):  JavaThread "Unknown thread" [_thread_in_vm, id=9512, stack(0x000000f707e00000,0x000000f707f00000) (1024K)]

Stack: [0x000000f707e00000,0x000000f707f00000]
Native frames: (J=compiled Java code, j=interpreted, Vv=VM code, C=native code)
V  [jvm.dll+0x6cafb9]
V  [jvm.dll+0x858523]
V  [jvm.dll+0x85aa7e]
V  [jvm.dll+0x85b163]
V  [jvm.dll+0x27d356]
V  [jvm.dll+0x6c7865]
V  [jvm.dll+0x6bbd3a]
V  [jvm.dll+0x35199b]
V  [jvm.dll+0x3595d6]
V  [jvm.dll+0x3aa826]
V  [jvm.dll+0x3aaaf8]
V  [jvm.dll+0x3240bc]
V  [jvm.dll+0x324dab]
V  [jvm.dll+0x81fd89]
V  [jvm.dll+0x3b7c08]
V  [jvm.dll+0x80921d]
V  [jvm.dll+0x44c05e]
V  [jvm.dll+0x44d6b1]
C  [jli.dll+0x52ab]
C  [ucrtbase.dll+0x29333]
C  [KERNEL32.DLL+0x1259d]
C  [ntdll.dll+0x5af38]


---------------  P R O C E S S  ---------------

Threads class SMR info:
_java_thread_list=0x00007ff801ba57c8, length=0, elements={
}

Java Threads: ( => current thread )
Total: 0

Other Threads:
  0x000002729dabad10 WorkerThread "GC Thread#0"                     [id=6948, stack(0x000000f707f00000,0x000000f708000000) (1024K)]
  0x000002729dacb820 ConcurrentGCThread "G1 Main Marker"            [id=46464, stack(0x000000f708000000,0x000000f708100000) (1024K)]
  0x000002729dacc320 WorkerThread "G1 Conc#0"                       [id=19724, stack(0x000000f708100000,0x000000f708200000) (1024K)]

[error occurred during error reporting (printing all threads), id 0xc0000005, EXCEPTION_ACCESS_VIOLATION (0xc0000005) at pc=0x00007ff8013a7197]
VM state: not at safepoint (not fully initialized)

VM Mutex/Monitor currently owned by a thread:  ([mutex/lock_event])
[0x00007ff801c121c8] Heap_lock - owner thread: 0x000002729b62ba70

Heap address: 0x000000060c800000, size: 7992 MB, Compressed Oops mode: Zero based, Oop shift amount: 3

CDS archive(s) mapped at: [0x0000000000000000-0x0000000000000000-0x0000000000000000), size 0, SharedBaseAddress: 0x0000000800000000, ArchiveRelocationMode: 1.
Narrow klass base: 0x0000000000000000, Narrow klass shift: 0, Narrow klass range: 0x0

GC Precious Log:
 CardTable entry size: 512
 Card Set container configuration: InlinePtr #cards 4 size 8 Array Of Cards #cards 32 size 80 Howl #buckets 8 coarsen threshold 7372 Howl Bitmap #cards 1024 size 144 coarsen threshold 921 Card regions per heap region 1 cards per card region 8192

Heap:
 garbage-first heap   total 0K, used 0K [0x000000060c800000, 0x0000000800000000)
  region size 4096K, 0 young (0K), 0 survivors (0K)
 Metaspace       used 0K, committed 0K, reserved 0K
  class space    used 0K, committed 0K, reserved 0K

Heap Regions: E=young(eden), S=young(survivor), O=old, HS=humongous(starts), HC=humongous(continues), CS=collection set, F=free, TAMS=top-at-mark-start, PB=parsable bottom

Card table byte_map: [0x00000272b1390000,0x00000272b2330000] _byte_map_base: 0x00000272ae32c000

Marking Bits: (CMBitMap*) 0x000002729dabb410
 Bits: [0x00000272b2330000, 0x00000272ba010000)

GC Heap History (0 events):
No events

Dll operation events (1 events):
Event: 0.006 Loaded shared library C:\Program Files\Android\Android Studio\jbr\bin\java.dll

Deoptimization events (0 events):
No events

Classes loaded (0 events):
No events

Classes unloaded (0 events):
No events

Classes redefined (0 events):
No events

Internal exceptions (0 events):
No events

ZGC Phase Switch (0 events):
No events

VM Operations (0 events):
No events

Events (0 events):
No events


Dynamic libraries:
0x00007ff6b80b0000 - 0x00007ff6b80ba000 	C:\Program Files\Android\Android Studio\jbr\bin\java.exe
0x00007ff89c8d0000 - 0x00007ff89cae7000 	C:\Windows\SYSTEM32\ntdll.dll
0x00007ff89c2e0000 - 0x00007ff89c3a4000 	C:\Windows\System32\KERNEL32.DLL
0x00007ff899f10000 - 0x00007ff89a2ca000 	C:\Windows\System32\KERNELBASE.dll
0x00007ff89a4b0000 - 0x00007ff89a5c1000 	C:\Windows\System32\ucrtbase.dll
0x00007ff894f50000 - 0x00007ff894f6b000 	C:\Program Files\Android\Android Studio\jbr\bin\VCRUNTIME140.dll
0x00007ff8597e0000 - 0x00007ff8597f8000 	C:\Program Files\Android\Android Studio\jbr\bin\jli.dll
0x00007ff89c670000 - 0x00007ff89c81e000 	C:\Windows\System32\USER32.dll
0x00007ff899ee0000 - 0x00007ff899f06000 	C:\Windows\System32\win32u.dll
0x00007ff89c010000 - 0x00007ff89c039000 	C:\Windows\System32\GDI32.dll
0x00007ff899d90000 - 0x00007ff899eab000 	C:\Windows\System32\gdi32full.dll
0x00007ff887e20000 - 0x00007ff8880b2000 	C:\Windows\WinSxS\amd64_microsoft.windows.common-controls_6595b64144ccf1df_6.0.22621.4541_none_2710d1c57384c085\COMCTL32.dll
0x00007ff89a390000 - 0x00007ff89a42a000 	C:\Windows\System32\msvcp_win.dll
0x00007ff89bb70000 - 0x00007ff89bc17000 	C:\Windows\System32\msvcrt.dll
0x00007ff89bb00000 - 0x00007ff89bb31000 	C:\Windows\System32\IMM32.DLL
0x00007ff8969a0000 - 0x00007ff8969ac000 	C:\Program Files\Android\Android Studio\jbr\bin\vcruntime140_1.dll
0x00007ff8337b0000 - 0x00007ff83383d000 	C:\Program Files\Android\Android Studio\jbr\bin\msvcp140.dll
0x00007ff801070000 - 0x00007ff801ced000 	C:\Program Files\Android\Android Studio\jbr\bin\server\jvm.dll
0x00007ff89c410000 - 0x00007ff89c4c2000 	C:\Windows\System32\ADVAPI32.dll
0x00007ff89b8a0000 - 0x00007ff89b947000 	C:\Windows\System32\sechost.dll
0x00007ff899eb0000 - 0x00007ff899ed8000 	C:\Windows\System32\bcrypt.dll
0x00007ff89b950000 - 0x00007ff89ba64000 	C:\Windows\System32\RPCRT4.dll
0x00007ff89b820000 - 0x00007ff89b891000 	C:\Windows\System32\WS2_32.dll
0x00007ff893be0000 - 0x00007ff893c14000 	C:\Windows\SYSTEM32\WINMM.dll
0x00007ff898a30000 - 0x00007ff898a7d000 	C:\Windows\SYSTEM32\POWRPROF.dll
0x00007ff893060000 - 0x00007ff89306a000 	C:\Windows\SYSTEM32\VERSION.dll
0x00007ff898a10000 - 0x00007ff898a23000 	C:\Windows\SYSTEM32\UMPDC.dll
0x00007ff898cd0000 - 0x00007ff898ce8000 	C:\Windows\SYSTEM32\kernel.appcore.dll
0x00007ff894b70000 - 0x00007ff894b7a000 	C:\Program Files\Android\Android Studio\jbr\bin\jimage.dll
0x00007ff897590000 - 0x00007ff8977c2000 	C:\Windows\SYSTEM32\DBGHELP.DLL
0x00007ff89bc20000 - 0x00007ff89bfaf000 	C:\Windows\System32\combase.dll
0x00007ff89c200000 - 0x00007ff89c2d7000 	C:\Windows\System32\OLEAUT32.dll
0x00007ff889b10000 - 0x00007ff889b42000 	C:\Windows\SYSTEM32\dbgcore.DLL
0x00007ff899ba0000 - 0x00007ff899c1b000 	C:\Windows\System32\bcryptPrimitives.dll
0x00007ff893220000 - 0x00007ff89323f000 	C:\Program Files\Android\Android Studio\jbr\bin\java.dll

dbghelp: loaded successfully - version: 4.0.5 - missing functions: none
symbol engine: initialized successfully - sym options: 0x614 - pdb path: .;C:\Program Files\Android\Android Studio\jbr\bin;C:\Windows\SYSTEM32;C:\Windows\WinSxS\amd64_microsoft.windows.common-controls_6595b64144ccf1df_6.0.22621.4541_none_2710d1c57384c085;C:\Program Files\Android\Android Studio\jbr\bin\server

VM Arguments:
java_command: org.jetbrains.kotlin.cli.jvm.K2JVMCompiler @C:\Users\KkangJun\Desktop\Project\6_Axis_Robot\Program\6_Axis_App\app\build\20241230_16136049611926466297.compiler.options
java_class_path (initial): C:\Users\KkangJun\.gradle\caches\modules-2\files-2.1\org.jetbrains.kotlin\kotlin-compiler-embeddable\1.9.24\78dab849090e6c5e2eadb6e59a11cdc28fb67a08\kotlin-compiler-embeddable-1.9.24.jar;C:\Users\KkangJun\.gradle\caches\modules-2\files-2.1\org.jetbrains.kotlin\kotlin-stdlib\1.9.24\9928532f12c66ad816a625b3f9984f8368ca6d2b\kotlin-stdlib-1.9.24.jar;C:\Users\KkangJun\.gradle\caches\modules-2\files-2.1\org.jetbrains.kotlin\kotlin-script-runtime\1.9.24\96771497da90fbc5af1c90fce148db2595a62502\kotlin-script-runtime-1.9.24.jar;C:\Users\KkangJun\.gradle\caches\modules-2\files-2.1\org.jetbrains.kotlin\kotlin-reflect\1.6.10\1cbe9c92c12a94eea200d23c2bbaedaf3daf5132\kotlin-reflect-1.6.10.jar;C:\Users\KkangJun\.gradle\caches\modules-2\files-2.1\org.jetbrains.kotlin\kotlin-daemon-embeddable\1.9.24\86685b9c5e8d170925bd9ddbdc263374a6a73281\kotlin-daemon-embeddable-1.9.24.jar;C:\Users\KkangJun\.gradle\caches\modules-2\files-2.1\org.jetbrains.intellij.deps\trove4j\1.0.20200330\3afb14d5f9ceb459d724e907a21145e8ff394f02\trove4j-1.0.20200330.jar;C:\Users\KkangJun\.gradle\caches\modules-2\files-2.1\org.jetbrains\annotations\13.0\919f0dfe192fb4e063e7dacadee7f8bb9a2672a9\annotations-13.0.jar
Launcher Type: SUN_STANDARD

[Global flags]
     intx CICompilerCount                          = 12                                        {product} {ergonomic}
     uint ConcGCThreads                            = 3                                         {product} {ergonomic}
     uint G1ConcRefinementThreads                  = 13                                        {product} {ergonomic}
   size_t G1HeapRegionSize                         = 4194304                                   {product} {ergonomic}
    uintx GCDrainStackTargetSize                   = 64                                        {product} {ergonomic}
   size_t InitialHeapSize                          = 524288000                                 {product} {ergonomic}
   size_t MarkStackSize                            = 4194304                                   {product} {ergonomic}
   size_t MaxHeapSize                              = 8380219392                                {product} {ergonomic}
   size_t MinHeapDeltaBytes                        = 4194304                                   {product} {ergonomic}
   size_t MinHeapSize                              = 8388608                                   {product} {ergonomic}
    uintx NonNMethodCodeHeapSize                   = 7602480                                {pd product} {ergonomic}
    uintx NonProfiledCodeHeapSize                  = 122027880                              {pd product} {ergonomic}
    uintx ProfiledCodeHeapSize                     = 122027880                              {pd product} {ergonomic}
    uintx ReservedCodeCacheSize                    = 251658240                              {pd product} {ergonomic}
     bool SegmentedCodeCache                       = true                                      {product} {ergonomic}
   size_t SoftMaxHeapSize                          = 8380219392                             {manageable} {ergonomic}
     bool UseCompressedOops                        = true                           {product lp64_product} {ergonomic}
     bool UseG1GC                                  = true                                      {product} {ergonomic}
     bool UseLargePagesIndividualAllocation        = false                                  {pd product} {ergonomic}

Logging:
Log output configuration:
 #0: stdout all=warning uptime,level,tags foldmultilines=false
 #1: stderr all=off uptime,level,tags foldmultilines=false

Environment Variables:
PATH=C:\Program Files (x86)\STMicroelectronics\stlink_server;C:\ST\STM32CubeCLT_1.16.0;C:\ST\STM32CubeCLT_1.16.0\CMake\bin;C:\ST\STM32CubeCLT_1.16.0\Ninja\bin;C:\ST\STM32CubeCLT_1.16.0\GNU-tools-for-STM32\bin;C:\ST\STM32CubeCLT_1.16.0\STLink-gdb-server\bin;C:\ST\STM32CubeCLT_1.16.0\STM32CubeProgrammer\bin;C:\Windows\system32;C:\Windows;C:\Windows\System32\Wbem;C:\Windows\System32\WindowsPowerShell\v1.0\;C:\Windows\System32\OpenSSH\;C:\Program Files (x86)\NVIDIA Corporation\PhysX\Common;C:\Program Files\dotnet\;C:\Program Files\Bandizip\;C:\MinGW\bin;C:\Program Files\Git\cmd;C:\Program Files\NVIDIA Corporation\NVIDIA app\NvDLISR;C:\Users\KkangJun\AppData\Local\Programs\Python\Python313\Scripts\;C:\Users\KkangJun\AppData\Local\Programs\Python\Python313\;C:\Users\KkangJun\AppData\Local\Programs\Python\Launcher\;C:\Users\KkangJun\AppData\Local\Microsoft\WindowsApps;;C:\Users\KkangJun\AppData\Local\Programs\Microsoft VS Code\bin
USERNAME=KkangJun
OS=Windows_NT
PROCESSOR_IDENTIFIER=AMD64 Family 25 Model 116 Stepping 1, AuthenticAMD
TMP=C:\Users\KkangJun\AppData\Local\Temp
TEMP=C:\Users\KkangJun\AppData\Local\Temp




Periodic native trim disabled

JNI global refs:
JNI global refs: 0, weak refs: 0

JNI global refs memory usage: 0, weak refs: 0

Process memory usage:
Resident Set Size: 12064K (0% of 32730308K total physical memory with 14032228K free physical memory)

OOME stack traces (most recent first):
Classloader memory used:

---------------  S Y S T E M  ---------------

OS:
 Windows 11 , 64 bit Build 22621 (10.0.22621.4391)
OS uptime: 18 days 6:19 hours

CPU: total 16 (initial active 16) (16 cores per cpu, 2 threads per core) family 25 model 116 stepping 1 microcode 0x0, cx8, cmov, fxsr, ht, mmx, 3dnowpref, sse, sse2, sse3, ssse3, sse4a, sse4.1, sse4.2, popcnt, lzcnt, tsc, tscinvbit, avx, avx2, aes, erms, clmul, bmi1, bmi2, adx, avx512f, avx512dq, avx512cd, avx512bw, avx512vl, sha, fma, vzeroupper, avx512_vpopcntdq, avx512_vpclmulqdq, avx512_vaes, avx512_vnni, clflush, clflushopt, avx512_vbmi2, avx512_vbmi, rdtscp, rdpid, gfni, avx512_bitalg, f16c, pku, cet_ss, avx512_ifma
Processor Information for all 16 processors :
  Max Mhz: 4001, Current Mhz: 4001, Mhz Limit: 4001

Memory: 4k page, system-wide physical 31963M (13703M free)
TotalPageFile size 130267M (AvailPageFile size 395M)
current process WorkingSet (physical memory assigned to process): 11M, peak: 11M
current process commit charge ("private bytes"): 70M, peak: 570M

vm_info: OpenJDK 64-Bit Server VM (21.0.3+-12282718-b509.11) for windows-amd64 JRE (21.0.3+-12282718-b509.11), built on 2024-08-27T17:34:15Z by "builder" with MS VC++ 16.10 / 16.11 (VS2019)

END.
